<?xml version="1.0" encoding="UTF-8"?>
<!-- Generated by org.testng.reporters.JUnitReportReporter -->
<testsuite skipped="0" hostname="Pitiass-MBP.fios-router.home" name="Scripts.login_Success" tests="1" failures="0" timestamp="2020-09-17T12:08:48 EDT" time="7.220" errors="0">
  <testcase name="logger" time="7.220" classname="Scripts.login_Success"/>
  <system-out/>
</testsuite> <!-- Scripts.login_Success -->
