<?xml version="1.0" encoding="UTF-8"?>
<!-- Generated by org.testng.reporters.JUnitReportReporter -->
<testsuite skipped="0" hostname="Pitiass-MBP.fios-router.home" name="Scripts.JavaScript_Error" tests="1" failures="0" timestamp="2020-09-17T12:06:38 EDT" time="7.745" errors="0">
  <testcase name="logger" time="7.745" classname="Scripts.JavaScript_Error"/>
  <system-out/>
</testsuite> <!-- Scripts.JavaScript_Error -->
