<?xml version="1.0" encoding="UTF-8"?>
<!-- Generated by org.testng.reporters.JUnitReportReporter -->
<testsuite skipped="0" hostname="Pitiass-MBP.fios-router.home" name="Scripts.dynamicControls" tests="1" failures="0" timestamp="2020-09-17T12:00:01 EDT" time="25.122" errors="0">
  <testcase name="logger" time="25.122" classname="Scripts.dynamicControls"/>
  <system-out/>
</testsuite> <!-- Scripts.dynamicControls -->
