<?xml version="1.0" encoding="UTF-8"?>
<!-- Generated by org.testng.reporters.JUnitReportReporter -->
<testsuite skipped="0" hostname="Pitiass-MBP.fios-router.home" name="Scripts.dynamicLoading" tests="1" failures="0" timestamp="2020-09-17T12:01:38 EDT" time="12.992" errors="0">
  <testcase name="logger" time="12.992" classname="Scripts.dynamicLoading"/>
  <system-out/>
</testsuite> <!-- Scripts.dynamicLoading -->
