<?xml version="1.0" encoding="UTF-8"?>
<!-- Generated by org.testng.reporters.JUnitReportReporter -->
<testsuite skipped="0" hostname="Pitiass-MBP.fios-router.home" name="Scripts.CheckBox" tests="1" failures="0" timestamp="2020-09-17T11:52:25 EDT" time="4.911" errors="0">
  <testcase name="logger" time="4.911" classname="Scripts.CheckBox"/>
  <system-out/>
</testsuite> <!-- Scripts.CheckBox -->
