<?xml version="1.0" encoding="UTF-8"?>
<!-- Generated by org.testng.reporters.JUnitReportReporter -->
<testsuite hostname="CDXN-IT024186" failures="0" tests="19" name="webdriver.SDemo101" time="164.756" errors="0" timestamp="2020-09-13T19:26:33 PDT" skipped="0">
  <testcase classname="webdriver.SDemo101" name="getTitleTest" time="6.836"/>
  <system-out/>
  <testcase classname="webdriver.SDemo101" name="loginTest" time="6.649"/>
  <system-out/>
  <testcase classname="webdriver.SDemo101" name="loginFailure" time="16.594"/>
  <system-out/>
  <testcase classname="webdriver.SDemo101" name="checkBoxesTest" time="6.140"/>
  <system-out/>
  <testcase classname="webdriver.SDemo101" name="contextMenu" time="6.195"/>
  <system-out/>
  <testcase classname="webdriver.SDemo101" name="dragDrop" time="7.926"/>
  <system-out/>
  <testcase classname="webdriver.SDemo101" name="dropDown" time="6.668"/>
  <system-out/>
  <testcase classname="webdriver.SDemo101" name="dynamicContent" time="8.070"/>
  <system-out/>
  <testcase classname="webdriver.SDemo101" name="dynamicControls" time="12.618"/>
  <system-out/>
  <testcase classname="webdriver.SDemo101" name="dynamicLoading" time="12.228"/>
  <system-out/>
  <testcase classname="webdriver.SDemo101" name="fileDownload" time="9.018"/>
  <system-out/>
  <testcase classname="webdriver.SDemo101" name="fileUpload" time="9.279"/>
  <system-out/>
  <testcase classname="webdriver.SDemo101" name="floatMenu" time="6.665"/>
  <system-out/>
  <testcase classname="webdriver.SDemo101" name="iFrameTest" time="17.548"/>
  <system-out/>
  <testcase classname="webdriver.SDemo101" name="mouseHoverTest" time="6.156"/>
  <system-out/>
  <testcase classname="webdriver.SDemo101" name="javaScriptAlerts" time="6.990"/>
  <system-out/>
  <testcase classname="webdriver.SDemo101" name="javaScriptError" time="3.803"/>
  <system-out/>
  <testcase classname="webdriver.SDemo101" name="newTabTest" time="7.722"/>
  <system-out/>
  <testcase classname="webdriver.SDemo101" name="notificationMessageTest" time="7.651"/>
  <system-out/>
</testsuite> <!-- webdriver.SDemo101 -->
