<?xml version="1.0" encoding="UTF-8"?>
<!-- Generated by org.testng.reporters.JUnitReportReporter -->
<testsuite skipped="0" hostname="DESKTOP-3R6EUE5" name="testSet.TestCases" tests="1" failures="0" timestamp="2021-04-01T02:00:39 EDT" time="3.184" errors="0">
  <testcase name="Notification_message" time="3.184" classname="testSet.TestCases"/>
  <system-out/>
</testsuite> <!-- testSet.TestCases -->
