<?xml version="1.0" encoding="UTF-8"?>
<!-- Generated by org.testng.reporters.JUnitReportReporter -->
<testsuite hostname="Patrickniyibizi" failures="0" tests="1" name="mousever.mousehover" time="0.409" errors="0" timestamp="2023-01-17T15:08:53 CST" skipped="0">
  <testcase classname="mousever.mousehover" name="maouseHover" time="0.409"/>
  <system-out/>
</testsuite> <!-- mousever.mousehover -->
