<?xml version="1.0" encoding="UTF-8"?>
<!-- Generated by org.testng.reporters.JUnitReportReporter -->
<testsuite hostname="Patrickniyibizi" failures="0" tests="1" name="newtab.NewTap" time="0.311" errors="0" timestamp="2023-01-17T23:07:15 CST" skipped="0">
  <testcase classname="newtab.NewTap" name="Newtap" time="0.311"/>
  <system-out/>
</testsuite> <!-- newtab.NewTap -->
