<?xml version="1.0" encoding="UTF-8"?>
<!-- Generated by org.testng.reporters.JUnitReportReporter -->
<testsuite hostname="Patrickniyibizi" failures="0" tests="1" name="contextMenu.ContextMenu" time="0.158" errors="0" timestamp="2023-01-12T19:32:13 CST" skipped="0">
  <testcase classname="contextMenu.ContextMenu" name="contextMenu" time="0.158"/>
  <system-out/>
</testsuite> <!-- contextMenu.ContextMenu -->
