<?xml version="1.0" encoding="UTF-8"?>
<!-- Generated by org.testng.reporters.JUnitReportReporter -->
<testsuite hostname="Patrickniyibizi" failures="0" tests="1" name="notification.Notification" time="25.212" errors="0" timestamp="2023-01-18T00:04:29 CST" skipped="0">
  <testcase classname="notification.Notification" name="noitfication" time="25.212"/>
  <system-out/>
</testsuite> <!-- notification.Notification -->
