<?xml version="1.0" encoding="UTF-8"?>
<!-- Generated by org.testng.reporters.JUnitReportReporter -->
<testsuite hostname="Ganesha-11" failures="0" tests="16" name="com.testing.Home_Test" time="79.698" errors="0" timestamp="4 Jan 2023 19:26:00 GMT">
  <testcase classname="com.testing.Home_Test" name="dynamicControl" time="18.463"/>
  <testcase classname="com.testing.Home_Test" name="javaScriptError" time="3.716"/>
  <testcase classname="com.testing.Home_Test" name="openInNewtab" time="7.577"/>
  <testcase classname="com.testing.Home_Test" name="checkBox" time="1.718"/>
  <testcase classname="com.testing.Home_Test" name="notificationMessage" time="5.400"/>
  <testcase classname="com.testing.Home_Test" name="fileDownload" time="1.651"/>
  <testcase classname="com.testing.Home_Test" name="frame" time="6.371"/>
  <testcase classname="com.testing.Home_Test" name="dynamicLoading" time="7.038"/>
  <testcase classname="com.testing.Home_Test" name="contextMenu" time="1.801"/>
  <testcase classname="com.testing.Home_Test" name="dynamicContent" time="1.667"/>
  <testcase classname="com.testing.Home_Test" name="floatingMenu" time="2.993"/>
  <testcase classname="com.testing.Home_Test" name="javaScriptAlert" time="2.845"/>
  <testcase classname="com.testing.Home_Test" name="dragAndDrop" time="4.203"/>
  <testcase classname="com.testing.Home_Test" name="mouseHover" time="2.349"/>
  <testcase classname="com.testing.Home_Test" name="dropDownOptions" time="7.849"/>
  <testcase classname="com.testing.Home_Test" name="fileUpload" time="4.057"/>
</testsuite> <!-- com.testing.Home_Test -->
