<?xml version="1.0" encoding="UTF-8"?>
<!-- Generated by org.testng.reporters.JUnitReportReporter -->
<testsuite hostname="Ganesha-11" failures="0" tests="2" name="com.testing.Login_Test" time="4.797" errors="0" timestamp="4 Jan 2023 19:26:00 GMT">
  <testcase classname="com.testing.Login_Test" name="loginFailed" time="2.712"/>
  <testcase classname="com.testing.Login_Test" name="loginSuccess" time="2.085"/>
</testsuite> <!-- com.testing.Login_Test -->
