<?xml version="1.0" encoding="UTF-8"?>
<!-- Generated by org.testng.reporters.JUnitReportReporter -->
<testsuite hostname="Patrickniyibizi" failures="0" tests="1" name="draganddrop.DragAndDrop" time="240.906" errors="0" timestamp="2023-01-17T14:19:04 CST" skipped="0">
  <testcase classname="draganddrop.DragAndDrop" name="dragAndDrop" time="240.906"/>
  <system-out/>
</testsuite> <!-- draganddrop.DragAndDrop -->
