<?xml version="1.0" encoding="UTF-8"?>
<!-- Generated by org.testng.reporters.JUnitReportReporter -->
<testsuite hostname="Swaminarayan" name="com.testing.TestFile" tests="1" failures="0" timestamp="1 Oct 2020 03:31:07 GMT" time="17.450" errors="0">
  <testcase name="fileUploadTest" time="17.450" classname="com.testing.TestFile"/>
</testsuite> <!-- com.testing.TestFile -->
