<?xml version="1.0" encoding="UTF-8"?>
<!-- Generated by org.testng.reporters.JUnitReportReporter -->
<testsuite skipped="0" hostname="DESKTOP-QGVDP2Q" name="TestSteps.ChechboxesTest" tests="1" failures="0" timestamp="2020-09-14T11:39:02 CDT" time="15.902" errors="0">
  <testcase name="checkbox_and_incheckbox" time="15.902" classname="TestSteps.ChechboxesTest"/>
</testsuite> <!-- TestSteps.ChechboxesTest -->
