<?xml version="1.0" encoding="UTF-8"?>
<!-- Generated by org.testng.reporters.JUnitReportReporter -->
<testsuite skipped="0" hostname="DESKTOP-QGVDP2Q" name="TestSteps.Content" tests="1" failures="0" timestamp="2020-09-12T20:54:57 CDT" time="8.025" errors="0">
  <testcase name="dynamic_content" time="8.025" classname="TestSteps.Content"/>
</testsuite> <!-- TestSteps.Content -->
