<?xml version="1.0" encoding="UTF-8"?>
<!-- Generated by org.testng.reporters.JUnitReportReporter -->
<testsuite hostname="gavantes-air.lan" failures="0" tests="1" name="tests.dotDashTests" time="1.669" errors="0" timestamp="2022-10-08T09:59:34 EDT" skipped="0">
  <testcase classname="tests.dotDashTests" name="userCanLogin" time="1.669"/>
  <system-out/>
</testsuite> <!-- tests.dotDashTests -->
