<?xml version="1.0" encoding="UTF-8"?>
<!-- Generated by org.testng.reporters.JUnitReportReporter -->
<testsuite hostname="Patrickniyibizi" failures="0" tests="1" name="floating_menu.FloatingMenu" time="0.069" errors="0" timestamp="2023-01-17T22:35:26 CST" skipped="0">
  <testcase classname="floating_menu.FloatingMenu" name="floatingMenu" time="0.069"/>
  <system-out/>
</testsuite> <!-- floating_menu.FloatingMenu -->
