<?xml version="1.0" encoding="UTF-8"?>
<!-- Generated by org.testng.reporters.JUnitReportReporter -->
<testsuite hostname="LAPTOP-14R4TEHJ" failures="0" tests="1" name="test.JavaScriptErrorTest" time="1.596" errors="0" timestamp="2022-11-17T22:38:35 EST" skipped="0">
  <testcase classname="test.JavaScriptErrorTest" name="JavaScriptErrorTestCase" time="1.596"/>
  <system-out/>
</testsuite> <!-- test.JavaScriptErrorTest -->
