<?xml version="1.0" encoding="UTF-8"?>
<!-- Generated by org.testng.reporters.JUnitReportReporter -->
<testsuite hostname="LAPTOP-14R4TEHJ" failures="0" tests="1" name="test.NotificationMessageTest" time="7.360" errors="0" timestamp="2022-11-17T22:38:35 EST" skipped="0">
  <testcase classname="test.NotificationMessageTest" name="NotificationMessageTestCase" time="7.360"/>
  <system-out/>
</testsuite> <!-- test.NotificationMessageTest -->
