<?xml version="1.0" encoding="UTF-8"?>
<!-- Generated by org.testng.reporters.JUnitReportReporter -->
<testsuite hostname="LAPTOP-14R4TEHJ" failures="0" tests="1" name="test.DynamicContentTest" time="3.602" errors="0" timestamp="2022-11-17T22:38:35 EST" skipped="0">
  <testcase classname="test.DynamicContentTest" name="RefreshPageAndAssertContentTestCase" time="3.602"/>
  <system-out/>
</testsuite> <!-- test.DynamicContentTest -->
