<?xml version="1.0" encoding="UTF-8"?>
<!-- Generated by org.testng.reporters.JUnitReportReporter -->
<testsuite hostname="LAPTOP-14R4TEHJ" failures="0" tests="2" name="test.DynamicControlsTest" time="38.932" errors="0" timestamp="2022-11-17T22:38:35 EST" skipped="0">
  <testcase classname="test.DynamicControlsTest" name="RemoveButtonAndExplicitWaitTestCase" time="29.980"/>
  <system-out/>
  <testcase classname="test.DynamicControlsTest" name="EnableDisableAndExplicitWaitTestCase" time="8.952"/>
  <system-out/>
</testsuite> <!-- test.DynamicControlsTest -->
