<?xml version="1.0" encoding="UTF-8"?>
<!-- Generated by org.testng.reporters.JUnitReportReporter -->
<testsuite hostname="LAPTOP-14R4TEHJ" failures="0" tests="2" name="test.CheckBoxTest" time="5.256" errors="0" timestamp="2022-11-17T22:38:35 EST" skipped="0">
  <testcase classname="test.CheckBoxTest" name="CheckBoxFirstIsCheckedSecondIsUnCheckedTestCase" time="3.084"/>
  <system-out/>
  <testcase classname="test.CheckBoxTest" name="CheckBoxFirstIsUncheckedSecondIsCheckedTestCase" time="2.172"/>
  <system-out/>
</testsuite> <!-- test.CheckBoxTest -->
