<?xml version="1.0" encoding="UTF-8"?>
<!-- Generated by org.testng.reporters.JUnitReportReporter -->
<testsuite hostname="LAPTOP-14R4TEHJ" name="test.LoginSuccessTest" tests="1" failures="0" timestamp="15 Nov 2022 21:16:51 GMT" time="6.265" errors="0">
  <testcase name="loginTestCase" time="6.265" classname="test.LoginSuccessTest"/>
</testsuite> <!-- test.LoginSuccessTest -->
