<?xml version="1.0" encoding="UTF-8"?>
<!-- Generated by org.testng.reporters.JUnitReportReporter -->
<testsuite hostname="LAPTOP-14R4TEHJ" failures="0" tests="3" name="test.LoginTest" time="15.189" errors="0" timestamp="2022-11-17T22:38:35 EST" skipped="0">
  <testcase classname="test.LoginTest" name="loginFailureInvalidUsernameCase" time="7.119"/>
  <system-out/>
  <testcase classname="test.LoginTest" name="loginSuccessTestCase" time="2.642"/>
  <system-out/>
  <testcase classname="test.LoginTest" name="loginFailureInvalidPasswordCase" time="5.428"/>
  <system-out/>
</testsuite> <!-- test.LoginTest -->
