<?xml version="1.0" encoding="UTF-8"?>
<testsuite xmlns:xsi="http://www.w3.org/2001/XMLSchema-instance" xsi:noNamespaceSchemaLocation="https://maven.apache.org/surefire/maven-surefire-plugin/xsd/surefire-test-report.xsd" name="com.E2E.runner.TestRunner" time="47.039" tests="17" errors="0" skipped="0" failures="2">
  <properties>
    <property name="gopherProxySet" value="false"/>
    <property name="awt.toolkit" value="sun.lwawt.macosx.LWCToolkit"/>
    <property name="file.encoding.pkg" value="sun.io"/>
    <property name="java.specification.version" value="1.8"/>
    <property name="sun.cpu.isalist" value=""/>
    <property name="sun.jnu.encoding" value="UTF-8"/>
    <property name="java.class.path" value="/Users/cameronhauser/Desktop/GitHub/DotDash/take-home-webdriver-test/Quiz/target/test-classes:/Users/cameronhauser/Desktop/GitHub/DotDash/take-home-webdriver-test/Quiz/target/classes:/Users/cameronhauser/.m2/repository/io/cucumber/cucumber-java/6.1.1/cucumber-java-6.1.1.jar:/Users/cameronhauser/.m2/repository/io/cucumber/cucumber-core/6.1.1/cucumber-core-6.1.1.jar:/Users/cameronhauser/.m2/repository/io/cucumber/cucumber-gherkin/6.1.1/cucumber-gherkin-6.1.1.jar:/Users/cameronhauser/.m2/repository/io/cucumber/cucumber-gherkin-messages/6.1.1/cucumber-gherkin-messages-6.1.1.jar:/Users/cameronhauser/.m2/repository/io/cucumber/messages/12.1.1/messages-12.1.1.jar:/Users/cameronhauser/.m2/repository/io/cucumber/tag-expressions/3.0.0/tag-expressions-3.0.0.jar:/Users/cameronhauser/.m2/repository/io/cucumber/cucumber-expressions/10.2.0/cucumber-expressions-10.2.0.jar:/Users/cameronhauser/.m2/repository/io/cucumber/datatable/3.3.1/datatable-3.3.1.jar:/Users/cameronhauser/.m2/repository/io/cucumber/cucumber-plugin/6.1.1/cucumber-plugin-6.1.1.jar:/Users/cameronhauser/.m2/repository/io/cucumber/docstring/6.1.1/docstring-6.1.1.jar:/Users/cameronhauser/.m2/repository/io/cucumber/html-formatter/6.0.3/html-formatter-6.0.3.jar:/Users/cameronhauser/.m2/repository/org/apiguardian/apiguardian-api/1.1.0/apiguardian-api-1.1.0.jar:/Users/cameronhauser/.m2/repository/io/cucumber/cucumber-junit/6.1.1/cucumber-junit-6.1.1.jar:/Users/cameronhauser/.m2/repository/org/seleniumhq/selenium/selenium-java/3.141.59/selenium-java-3.141.59.jar:/Users/cameronhauser/.m2/repository/org/seleniumhq/selenium/selenium-api/3.141.59/selenium-api-3.141.59.jar:/Users/cameronhauser/.m2/repository/org/seleniumhq/selenium/selenium-chrome-driver/3.141.59/selenium-chrome-driver-3.141.59.jar:/Users/cameronhauser/.m2/repository/org/seleniumhq/selenium/selenium-edge-driver/3.141.59/selenium-edge-driver-3.141.59.jar:/Users/cameronhauser/.m2/repository/org/seleniumhq/selenium/selenium-firefox-driver/3.141.59/selenium-firefox-driver-3.141.59.jar:/Users/cameronhauser/.m2/repository/org/seleniumhq/selenium/selenium-ie-driver/3.141.59/selenium-ie-driver-3.141.59.jar:/Users/cameronhauser/.m2/repository/org/seleniumhq/selenium/selenium-opera-driver/3.141.59/selenium-opera-driver-3.141.59.jar:/Users/cameronhauser/.m2/repository/org/seleniumhq/selenium/selenium-remote-driver/3.141.59/selenium-remote-driver-3.141.59.jar:/Users/cameronhauser/.m2/repository/org/seleniumhq/selenium/selenium-safari-driver/3.141.59/selenium-safari-driver-3.141.59.jar:/Users/cameronhauser/.m2/repository/org/seleniumhq/selenium/selenium-support/3.141.59/selenium-support-3.141.59.jar:/Users/cameronhauser/.m2/repository/net/bytebuddy/byte-buddy/1.8.15/byte-buddy-1.8.15.jar:/Users/cameronhauser/.m2/repository/org/apache/commons/commons-exec/1.3/commons-exec-1.3.jar:/Users/cameronhauser/.m2/repository/com/google/guava/guava/25.0-jre/guava-25.0-jre.jar:/Users/cameronhauser/.m2/repository/com/google/code/findbugs/jsr305/1.3.9/jsr305-1.3.9.jar:/Users/cameronhauser/.m2/repository/org/checkerframework/checker-compat-qual/2.0.0/checker-compat-qual-2.0.0.jar:/Users/cameronhauser/.m2/repository/com/google/errorprone/error_prone_annotations/2.1.3/error_prone_annotations-2.1.3.jar:/Users/cameronhauser/.m2/repository/com/google/j2objc/j2objc-annotations/1.1/j2objc-annotations-1.1.jar:/Users/cameronhauser/.m2/repository/org/codehaus/mojo/animal-sniffer-annotations/1.14/animal-sniffer-annotations-1.14.jar:/Users/cameronhauser/.m2/repository/com/squareup/okhttp3/okhttp/3.11.0/okhttp-3.11.0.jar:/Users/cameronhauser/.m2/repository/com/squareup/okio/okio/1.14.0/okio-1.14.0.jar:/Users/cameronhauser/.m2/repository/org/mockito/mockito-all/2.0.2-beta/mockito-all-2.0.2-beta.jar:/Users/cameronhauser/.m2/repository/com/google/code/gson/gson/2.9.0/gson-2.9.0.jar:/Users/cameronhauser/.m2/repository/io/javalin/javalin-bundle/4.6.4/javalin-bundle-4.6.4.jar:/Users/cameronhauser/.m2/repository/io/javalin/javalin/4.6.4/javalin-4.6.4.jar:/Users/cameronhauser/.m2/repository/org/slf4j/slf4j-api/1.7.36/slf4j-api-1.7.36.jar:/Users/cameronhauser/.m2/repository/org/eclipse/jetty/jetty-server/9.4.48.v20220622/jetty-server-9.4.48.v20220622.jar:/Users/cameronhauser/.m2/repository/javax/servlet/javax.servlet-api/3.1.0/javax.servlet-api-3.1.0.jar:/Users/cameronhauser/.m2/repository/org/eclipse/jetty/jetty-http/9.4.48.v20220622/jetty-http-9.4.48.v20220622.jar:/Users/cameronhauser/.m2/repository/org/eclipse/jetty/jetty-webapp/9.4.48.v20220622/jetty-webapp-9.4.48.v20220622.jar:/Users/cameronhauser/.m2/repository/org/eclipse/jetty/jetty-xml/9.4.48.v20220622/jetty-xml-9.4.48.v20220622.jar:/Users/cameronhauser/.m2/repository/org/eclipse/jetty/jetty-servlet/9.4.48.v20220622/jetty-servlet-9.4.48.v20220622.jar:/Users/cameronhauser/.m2/repository/org/eclipse/jetty/jetty-security/9.4.48.v20220622/jetty-security-9.4.48.v20220622.jar:/Users/cameronhauser/.m2/repository/org/eclipse/jetty/jetty-util-ajax/9.4.48.v20220622/jetty-util-ajax-9.4.48.v20220622.jar:/Users/cameronhauser/.m2/repository/org/eclipse/jetty/websocket/websocket-server/9.4.48.v20220622/websocket-server-9.4.48.v20220622.jar:/Users/cameronhauser/.m2/repository/org/eclipse/jetty/websocket/websocket-common/9.4.48.v20220622/websocket-common-9.4.48.v20220622.jar:/Users/cameronhauser/.m2/repository/org/eclipse/jetty/websocket/websocket-api/9.4.48.v20220622/websocket-api-9.4.48.v20220622.jar:/Users/cameronhauser/.m2/repository/org/eclipse/jetty/websocket/websocket-client/9.4.48.v20220622/websocket-client-9.4.48.v20220622.jar:/Users/cameronhauser/.m2/repository/org/eclipse/jetty/jetty-client/9.4.48.v20220622/jetty-client-9.4.48.v20220622.jar:/Users/cameronhauser/.m2/repository/org/eclipse/jetty/websocket/websocket-servlet/9.4.48.v20220622/websocket-servlet-9.4.48.v20220622.jar:/Users/cameronhauser/.m2/repository/io/javalin/javalin-openapi/4.6.4/javalin-openapi-4.6.4.jar:/Users/cameronhauser/.m2/repository/io/swagger/core/v3/swagger-models/2.1.10/swagger-models-2.1.10.jar:/Users/cameronhauser/.m2/repository/io/swagger/parser/v3/swagger-parser/2.0.27/swagger-parser-2.0.27.jar:/Users/cameronhauser/.m2/repository/io/swagger/parser/v3/swagger-parser-v2-converter/2.0.27/swagger-parser-v2-converter-2.0.27.jar:/Users/cameronhauser/.m2/repository/io/swagger/swagger-core/1.6.2/swagger-core-1.6.2.jar:/Users/cameronhauser/.m2/repository/io/swagger/swagger-models/1.6.2/swagger-models-1.6.2.jar:/Users/cameronhauser/.m2/repository/io/swagger/swagger-annotations/1.6.2/swagger-annotations-1.6.2.jar:/Users/cameronhauser/.m2/repository/io/swagger/swagger-parser/1.0.55/swagger-parser-1.0.55.jar:/Users/cameronhauser/.m2/repository/io/swagger/swagger-compat-spec-parser/1.0.55/swagger-compat-spec-parser-1.0.55.jar:/Users/cameronhauser/.m2/repository/com/github/java-json-tools/json-schema-validator/2.2.14/json-schema-validator-2.2.14.jar:/Users/cameronhauser/.m2/repository/com/github/java-json-tools/jackson-coreutils-equivalence/1.0/jackson-coreutils-equivalence-1.0.jar:/Users/cameronhauser/.m2/repository/com/github/java-json-tools/json-schema-core/1.2.14/json-schema-core-1.2.14.jar:/Users/cameronhauser/.m2/repository/com/github/java-json-tools/uri-template/0.10/uri-template-0.10.jar:/Users/cameronhauser/.m2/repository/org/mozilla/rhino/1.7.7.2/rhino-1.7.7.2.jar:/Users/cameronhauser/.m2/repository/com/sun/mail/mailapi/1.6.2/mailapi-1.6.2.jar:/Users/cameronhauser/.m2/repository/joda-time/joda-time/2.10.5/joda-time-2.10.5.jar:/Users/cameronhauser/.m2/repository/com/googlecode/libphonenumber/libphonenumber/8.11.1/libphonenumber-8.11.1.jar:/Users/cameronhauser/.m2/repository/net/sf/jopt-simple/jopt-simple/5.0.4/jopt-simple-5.0.4.jar:/Users/cameronhauser/.m2/repository/com/github/java-json-tools/json-patch/1.13/json-patch-1.13.jar:/Users/cameronhauser/.m2/repository/com/github/java-json-tools/msg-simple/1.2/msg-simple-1.2.jar:/Users/cameronhauser/.m2/repository/com/github/java-json-tools/btf/1.3/btf-1.3.jar:/Users/cameronhauser/.m2/repository/com/github/java-json-tools/jackson-coreutils/2.0/jackson-coreutils-2.0.jar:/Users/cameronhauser/.m2/repository/org/apache/httpcomponents/httpclient/4.5.2/httpclient-4.5.2.jar:/Users/cameronhauser/.m2/repository/org/apache/httpcomponents/httpcore/4.4.4/httpcore-4.4.4.jar:/Users/cameronhauser/.m2/repository/commons-logging/commons-logging/1.2/commons-logging-1.2.jar:/Users/cameronhauser/.m2/repository/commons-codec/commons-codec/1.9/commons-codec-1.9.jar:/Users/cameronhauser/.m2/repository/io/swagger/parser/v3/swagger-parser-core/2.0.27/swagger-parser-core-2.0.27.jar:/Users/cameronhauser/.m2/repository/io/swagger/parser/v3/swagger-parser-v3/2.0.27/swagger-parser-v3-2.0.27.jar:/Users/cameronhauser/.m2/repository/com/fasterxml/jackson/dataformat/jackson-dataformat-yaml/2.12.1/jackson-dataformat-yaml-2.12.1.jar:/Users/cameronhauser/.m2/repository/org/yaml/snakeyaml/1.27/snakeyaml-1.27.jar:/Users/cameronhauser/.m2/repository/commons-io/commons-io/2.6/commons-io-2.6.jar:/Users/cameronhauser/.m2/repository/org/webjars/npm/redoc/2.0.0-rc.45/redoc-2.0.0-rc.45.jar:/Users/cameronhauser/.m2/repository/org/webjars/swagger-ui/4.10.3/swagger-ui-4.10.3.jar:/Users/cameronhauser/.m2/repository/io/github/classgraph/classgraph/4.8.102/classgraph-4.8.102.jar:/Users/cameronhauser/.m2/repository/cc/vileda/kotlin-openapi3-dsl/1.0.0/kotlin-openapi3-dsl-1.0.0.jar:/Users/cameronhauser/.m2/repository/io/swagger/core/v3/swagger-core/2.1.4/swagger-core-2.1.4.jar:/Users/cameronhauser/.m2/repository/jakarta/xml/bind/jakarta.xml.bind-api/2.3.2/jakarta.xml.bind-api-2.3.2.jar:/Users/cameronhauser/.m2/repository/jakarta/activation/jakarta.activation-api/1.2.1/jakarta.activation-api-1.2.1.jar:/Users/cameronhauser/.m2/repository/org/apache/commons/commons-lang3/3.7/commons-lang3-3.7.jar:/Users/cameronhauser/.m2/repository/io/swagger/core/v3/swagger-annotations/2.1.4/swagger-annotations-2.1.4.jar:/Users/cameronhauser/.m2/repository/jakarta/validation/jakarta.validation-api/2.0.2/jakarta.validation-api-2.0.2.jar:/Users/cameronhauser/.m2/repository/com/fasterxml/jackson/module/jackson-module-jsonSchema/2.11.2/jackson-module-jsonSchema-2.11.2.jar:/Users/cameronhauser/.m2/repository/javax/validation/validation-api/1.1.0.Final/validation-api-1.1.0.Final.jar:/Users/cameronhauser/.m2/repository/com/fasterxml/jackson/datatype/jackson-datatype-json-org/2.11.2/jackson-datatype-json-org-2.11.2.jar:/Users/cameronhauser/.m2/repository/org/json/json/20190722/json-20190722.jar:/Users/cameronhauser/.m2/repository/com/reprezen/kaizen/openapi-parser/4.0.4/openapi-parser-4.0.4.jar:/Users/cameronhauser/.m2/repository/com/reprezen/jsonoverlay/jsonoverlay/4.0.4/jsonoverlay-4.0.4.jar:/Users/cameronhauser/.m2/repository/javax/mail/javax.mail-api/1.6.1/javax.mail-api-1.6.1.jar:/Users/cameronhauser/.m2/repository/javax/activation/activation/1.1/activation-1.1.jar:/Users/cameronhauser/.m2/repository/com/sun/mail/javax.mail/1.6.1/javax.mail-1.6.1.jar:/Users/cameronhauser/.m2/repository/io/javalin/javalin-testtools/4.6.4/javalin-testtools-4.6.4.jar:/Users/cameronhauser/.m2/repository/com/fasterxml/jackson/core/jackson-databind/2.13.3/jackson-databind-2.13.3.jar:/Users/cameronhauser/.m2/repository/com/fasterxml/jackson/core/jackson-annotations/2.13.3/jackson-annotations-2.13.3.jar:/Users/cameronhauser/.m2/repository/com/fasterxml/jackson/core/jackson-core/2.13.3/jackson-core-2.13.3.jar:/Users/cameronhauser/.m2/repository/com/fasterxml/jackson/module/jackson-module-kotlin/2.13.3/jackson-module-kotlin-2.13.3.jar:/Users/cameronhauser/.m2/repository/org/jetbrains/kotlin/kotlin-reflect/1.5.30/kotlin-reflect-1.5.30.jar:/Users/cameronhauser/.m2/repository/com/fasterxml/jackson/datatype/jackson-datatype-jsr310/2.13.3/jackson-datatype-jsr310-2.13.3.jar:/Users/cameronhauser/.m2/repository/org/eclipse/jetty/http2/http2-server/9.4.48.v20220622/http2-server-9.4.48.v20220622.jar:/Users/cameronhauser/.m2/repository/org/eclipse/jetty/http2/http2-common/9.4.48.v20220622/http2-common-9.4.48.v20220622.jar:/Users/cameronhauser/.m2/repository/org/eclipse/jetty/http2/http2-hpack/9.4.48.v20220622/http2-hpack-9.4.48.v20220622.jar:/Users/cameronhauser/.m2/repository/org/eclipse/jetty/jetty-alpn-conscrypt-server/9.4.48.v20220622/jetty-alpn-conscrypt-server-9.4.48.v20220622.jar:/Users/cameronhauser/.m2/repository/org/conscrypt/conscrypt-openjdk-uber/2.5.2/conscrypt-openjdk-uber-2.5.2.jar:/Users/cameronhauser/.m2/repository/org/eclipse/jetty/jetty-alpn-server/9.4.48.v20220622/jetty-alpn-server-9.4.48.v20220622.jar:/Users/cameronhauser/.m2/repository/org/eclipse/jetty/jetty-io/9.4.48.v20220622/jetty-io-9.4.48.v20220622.jar:/Users/cameronhauser/.m2/repository/org/eclipse/jetty/jetty-util/9.4.48.v20220622/jetty-util-9.4.48.v20220622.jar:/Users/cameronhauser/.m2/repository/ch/qos/logback/logback-classic/1.2.11/logback-classic-1.2.11.jar:/Users/cameronhauser/.m2/repository/ch/qos/logback/logback-core/1.2.11/logback-core-1.2.11.jar:/Users/cameronhauser/.m2/repository/org/jetbrains/kotlin/kotlin-stdlib-jdk8/1.5.32/kotlin-stdlib-jdk8-1.5.32.jar:/Users/cameronhauser/.m2/repository/org/jetbrains/kotlin/kotlin-stdlib/1.5.32/kotlin-stdlib-1.5.32.jar:/Users/cameronhauser/.m2/repository/org/jetbrains/annotations/13.0/annotations-13.0.jar:/Users/cameronhauser/.m2/repository/org/jetbrains/kotlin/kotlin-stdlib-common/1.5.32/kotlin-stdlib-common-1.5.32.jar:/Users/cameronhauser/.m2/repository/org/jetbrains/kotlin/kotlin-stdlib-jdk7/1.5.32/kotlin-stdlib-jdk7-1.5.32.jar:/Users/cameronhauser/.m2/repository/org/postgresql/postgresql/42.4.0/postgresql-42.4.0.jar:/Users/cameronhauser/.m2/repository/org/checkerframework/checker-qual/3.5.0/checker-qual-3.5.0.jar:/Users/cameronhauser/.m2/repository/org/hibernate/hibernate-core/5.6.1.Final/hibernate-core-5.6.1.Final.jar:/Users/cameronhauser/.m2/repository/org/jboss/logging/jboss-logging/3.4.2.Final/jboss-logging-3.4.2.Final.jar:/Users/cameronhauser/.m2/repository/javax/persistence/javax.persistence-api/2.2/javax.persistence-api-2.2.jar:/Users/cameronhauser/.m2/repository/antlr/antlr/2.7.7/antlr-2.7.7.jar:/Users/cameronhauser/.m2/repository/org/jboss/spec/javax/transaction/jboss-transaction-api_1.2_spec/1.1.1.Final/jboss-transaction-api_1.2_spec-1.1.1.Final.jar:/Users/cameronhauser/.m2/repository/org/jboss/jandex/2.2.3.Final/jandex-2.2.3.Final.jar:/Users/cameronhauser/.m2/repository/com/fasterxml/classmate/1.5.1/classmate-1.5.1.jar:/Users/cameronhauser/.m2/repository/javax/activation/javax.activation-api/1.2.0/javax.activation-api-1.2.0.jar:/Users/cameronhauser/.m2/repository/org/hibernate/common/hibernate-commons-annotations/5.1.2.Final/hibernate-commons-annotations-5.1.2.Final.jar:/Users/cameronhauser/.m2/repository/javax/xml/bind/jaxb-api/2.3.1/jaxb-api-2.3.1.jar:/Users/cameronhauser/.m2/repository/org/glassfish/jaxb/jaxb-runtime/2.3.1/jaxb-runtime-2.3.1.jar:/Users/cameronhauser/.m2/repository/org/glassfish/jaxb/txw2/2.3.1/txw2-2.3.1.jar:/Users/cameronhauser/.m2/repository/com/sun/istack/istack-commons-runtime/3.0.7/istack-commons-runtime-3.0.7.jar:/Users/cameronhauser/.m2/repository/org/jvnet/staxex/stax-ex/1.8/stax-ex-1.8.jar:/Users/cameronhauser/.m2/repository/com/sun/xml/fastinfoset/FastInfoset/1.2.15/FastInfoset-1.2.15.jar:/Users/cameronhauser/.m2/repository/junit/junit/4.11/junit-4.11.jar:/Users/cameronhauser/.m2/repository/org/hamcrest/hamcrest-core/1.3/hamcrest-core-1.3.jar:"/>
    <property name="java.vm.vendor" value="Temurin"/>
    <property name="sun.arch.data.model" value="64"/>
    <property name="java.vendor.url" value="https://adoptium.net/"/>
    <property name="user.timezone" value=""/>
    <property name="java.vm.specification.version" value="1.8"/>
    <property name="os.name" value="Mac OS X"/>
    <property name="user.country" value="US"/>
    <property name="sun.java.launcher" value="SUN_STANDARD"/>
    <property name="sun.boot.library.path" value="/Library/Java/JavaVirtualMachines/temurin-8.jdk/Contents/Home/jre/lib"/>
    <property name="sun.java.command" value="/Users/cameronhauser/Desktop/GitHub/DotDash/take-home-webdriver-test/Quiz/target/surefire/surefirebooter5115158119136615941.jar /Users/cameronhauser/Desktop/GitHub/DotDash/take-home-webdriver-test/Quiz/target/surefire 2022-08-26T09-09-09_395-jvmRun1 surefire5702291051827528703tmp surefire_04969676858881160141tmp"/>
    <property name="http.nonProxyHosts" value="local|*.local|169.254/16|*.169.254/16"/>
    <property name="surefire.test.class.path" value="/Users/cameronhauser/Desktop/GitHub/DotDash/take-home-webdriver-test/Quiz/target/test-classes:/Users/cameronhauser/Desktop/GitHub/DotDash/take-home-webdriver-test/Quiz/target/classes:/Users/cameronhauser/.m2/repository/io/cucumber/cucumber-java/6.1.1/cucumber-java-6.1.1.jar:/Users/cameronhauser/.m2/repository/io/cucumber/cucumber-core/6.1.1/cucumber-core-6.1.1.jar:/Users/cameronhauser/.m2/repository/io/cucumber/cucumber-gherkin/6.1.1/cucumber-gherkin-6.1.1.jar:/Users/cameronhauser/.m2/repository/io/cucumber/cucumber-gherkin-messages/6.1.1/cucumber-gherkin-messages-6.1.1.jar:/Users/cameronhauser/.m2/repository/io/cucumber/messages/12.1.1/messages-12.1.1.jar:/Users/cameronhauser/.m2/repository/io/cucumber/tag-expressions/3.0.0/tag-expressions-3.0.0.jar:/Users/cameronhauser/.m2/repository/io/cucumber/cucumber-expressions/10.2.0/cucumber-expressions-10.2.0.jar:/Users/cameronhauser/.m2/repository/io/cucumber/datatable/3.3.1/datatable-3.3.1.jar:/Users/cameronhauser/.m2/repository/io/cucumber/cucumber-plugin/6.1.1/cucumber-plugin-6.1.1.jar:/Users/cameronhauser/.m2/repository/io/cucumber/docstring/6.1.1/docstring-6.1.1.jar:/Users/cameronhauser/.m2/repository/io/cucumber/html-formatter/6.0.3/html-formatter-6.0.3.jar:/Users/cameronhauser/.m2/repository/org/apiguardian/apiguardian-api/1.1.0/apiguardian-api-1.1.0.jar:/Users/cameronhauser/.m2/repository/io/cucumber/cucumber-junit/6.1.1/cucumber-junit-6.1.1.jar:/Users/cameronhauser/.m2/repository/org/seleniumhq/selenium/selenium-java/3.141.59/selenium-java-3.141.59.jar:/Users/cameronhauser/.m2/repository/org/seleniumhq/selenium/selenium-api/3.141.59/selenium-api-3.141.59.jar:/Users/cameronhauser/.m2/repository/org/seleniumhq/selenium/selenium-chrome-driver/3.141.59/selenium-chrome-driver-3.141.59.jar:/Users/cameronhauser/.m2/repository/org/seleniumhq/selenium/selenium-edge-driver/3.141.59/selenium-edge-driver-3.141.59.jar:/Users/cameronhauser/.m2/repository/org/seleniumhq/selenium/selenium-firefox-driver/3.141.59/selenium-firefox-driver-3.141.59.jar:/Users/cameronhauser/.m2/repository/org/seleniumhq/selenium/selenium-ie-driver/3.141.59/selenium-ie-driver-3.141.59.jar:/Users/cameronhauser/.m2/repository/org/seleniumhq/selenium/selenium-opera-driver/3.141.59/selenium-opera-driver-3.141.59.jar:/Users/cameronhauser/.m2/repository/org/seleniumhq/selenium/selenium-remote-driver/3.141.59/selenium-remote-driver-3.141.59.jar:/Users/cameronhauser/.m2/repository/org/seleniumhq/selenium/selenium-safari-driver/3.141.59/selenium-safari-driver-3.141.59.jar:/Users/cameronhauser/.m2/repository/org/seleniumhq/selenium/selenium-support/3.141.59/selenium-support-3.141.59.jar:/Users/cameronhauser/.m2/repository/net/bytebuddy/byte-buddy/1.8.15/byte-buddy-1.8.15.jar:/Users/cameronhauser/.m2/repository/org/apache/commons/commons-exec/1.3/commons-exec-1.3.jar:/Users/cameronhauser/.m2/repository/com/google/guava/guava/25.0-jre/guava-25.0-jre.jar:/Users/cameronhauser/.m2/repository/com/google/code/findbugs/jsr305/1.3.9/jsr305-1.3.9.jar:/Users/cameronhauser/.m2/repository/org/checkerframework/checker-compat-qual/2.0.0/checker-compat-qual-2.0.0.jar:/Users/cameronhauser/.m2/repository/com/google/errorprone/error_prone_annotations/2.1.3/error_prone_annotations-2.1.3.jar:/Users/cameronhauser/.m2/repository/com/google/j2objc/j2objc-annotations/1.1/j2objc-annotations-1.1.jar:/Users/cameronhauser/.m2/repository/org/codehaus/mojo/animal-sniffer-annotations/1.14/animal-sniffer-annotations-1.14.jar:/Users/cameronhauser/.m2/repository/com/squareup/okhttp3/okhttp/3.11.0/okhttp-3.11.0.jar:/Users/cameronhauser/.m2/repository/com/squareup/okio/okio/1.14.0/okio-1.14.0.jar:/Users/cameronhauser/.m2/repository/org/mockito/mockito-all/2.0.2-beta/mockito-all-2.0.2-beta.jar:/Users/cameronhauser/.m2/repository/com/google/code/gson/gson/2.9.0/gson-2.9.0.jar:/Users/cameronhauser/.m2/repository/io/javalin/javalin-bundle/4.6.4/javalin-bundle-4.6.4.jar:/Users/cameronhauser/.m2/repository/io/javalin/javalin/4.6.4/javalin-4.6.4.jar:/Users/cameronhauser/.m2/repository/org/slf4j/slf4j-api/1.7.36/slf4j-api-1.7.36.jar:/Users/cameronhauser/.m2/repository/org/eclipse/jetty/jetty-server/9.4.48.v20220622/jetty-server-9.4.48.v20220622.jar:/Users/cameronhauser/.m2/repository/javax/servlet/javax.servlet-api/3.1.0/javax.servlet-api-3.1.0.jar:/Users/cameronhauser/.m2/repository/org/eclipse/jetty/jetty-http/9.4.48.v20220622/jetty-http-9.4.48.v20220622.jar:/Users/cameronhauser/.m2/repository/org/eclipse/jetty/jetty-webapp/9.4.48.v20220622/jetty-webapp-9.4.48.v20220622.jar:/Users/cameronhauser/.m2/repository/org/eclipse/jetty/jetty-xml/9.4.48.v20220622/jetty-xml-9.4.48.v20220622.jar:/Users/cameronhauser/.m2/repository/org/eclipse/jetty/jetty-servlet/9.4.48.v20220622/jetty-servlet-9.4.48.v20220622.jar:/Users/cameronhauser/.m2/repository/org/eclipse/jetty/jetty-security/9.4.48.v20220622/jetty-security-9.4.48.v20220622.jar:/Users/cameronhauser/.m2/repository/org/eclipse/jetty/jetty-util-ajax/9.4.48.v20220622/jetty-util-ajax-9.4.48.v20220622.jar:/Users/cameronhauser/.m2/repository/org/eclipse/jetty/websocket/websocket-server/9.4.48.v20220622/websocket-server-9.4.48.v20220622.jar:/Users/cameronhauser/.m2/repository/org/eclipse/jetty/websocket/websocket-common/9.4.48.v20220622/websocket-common-9.4.48.v20220622.jar:/Users/cameronhauser/.m2/repository/org/eclipse/jetty/websocket/websocket-api/9.4.48.v20220622/websocket-api-9.4.48.v20220622.jar:/Users/cameronhauser/.m2/repository/org/eclipse/jetty/websocket/websocket-client/9.4.48.v20220622/websocket-client-9.4.48.v20220622.jar:/Users/cameronhauser/.m2/repository/org/eclipse/jetty/jetty-client/9.4.48.v20220622/jetty-client-9.4.48.v20220622.jar:/Users/cameronhauser/.m2/repository/org/eclipse/jetty/websocket/websocket-servlet/9.4.48.v20220622/websocket-servlet-9.4.48.v20220622.jar:/Users/cameronhauser/.m2/repository/io/javalin/javalin-openapi/4.6.4/javalin-openapi-4.6.4.jar:/Users/cameronhauser/.m2/repository/io/swagger/core/v3/swagger-models/2.1.10/swagger-models-2.1.10.jar:/Users/cameronhauser/.m2/repository/io/swagger/parser/v3/swagger-parser/2.0.27/swagger-parser-2.0.27.jar:/Users/cameronhauser/.m2/repository/io/swagger/parser/v3/swagger-parser-v2-converter/2.0.27/swagger-parser-v2-converter-2.0.27.jar:/Users/cameronhauser/.m2/repository/io/swagger/swagger-core/1.6.2/swagger-core-1.6.2.jar:/Users/cameronhauser/.m2/repository/io/swagger/swagger-models/1.6.2/swagger-models-1.6.2.jar:/Users/cameronhauser/.m2/repository/io/swagger/swagger-annotations/1.6.2/swagger-annotations-1.6.2.jar:/Users/cameronhauser/.m2/repository/io/swagger/swagger-parser/1.0.55/swagger-parser-1.0.55.jar:/Users/cameronhauser/.m2/repository/io/swagger/swagger-compat-spec-parser/1.0.55/swagger-compat-spec-parser-1.0.55.jar:/Users/cameronhauser/.m2/repository/com/github/java-json-tools/json-schema-validator/2.2.14/json-schema-validator-2.2.14.jar:/Users/cameronhauser/.m2/repository/com/github/java-json-tools/jackson-coreutils-equivalence/1.0/jackson-coreutils-equivalence-1.0.jar:/Users/cameronhauser/.m2/repository/com/github/java-json-tools/json-schema-core/1.2.14/json-schema-core-1.2.14.jar:/Users/cameronhauser/.m2/repository/com/github/java-json-tools/uri-template/0.10/uri-template-0.10.jar:/Users/cameronhauser/.m2/repository/org/mozilla/rhino/1.7.7.2/rhino-1.7.7.2.jar:/Users/cameronhauser/.m2/repository/com/sun/mail/mailapi/1.6.2/mailapi-1.6.2.jar:/Users/cameronhauser/.m2/repository/joda-time/joda-time/2.10.5/joda-time-2.10.5.jar:/Users/cameronhauser/.m2/repository/com/googlecode/libphonenumber/libphonenumber/8.11.1/libphonenumber-8.11.1.jar:/Users/cameronhauser/.m2/repository/net/sf/jopt-simple/jopt-simple/5.0.4/jopt-simple-5.0.4.jar:/Users/cameronhauser/.m2/repository/com/github/java-json-tools/json-patch/1.13/json-patch-1.13.jar:/Users/cameronhauser/.m2/repository/com/github/java-json-tools/msg-simple/1.2/msg-simple-1.2.jar:/Users/cameronhauser/.m2/repository/com/github/java-json-tools/btf/1.3/btf-1.3.jar:/Users/cameronhauser/.m2/repository/com/github/java-json-tools/jackson-coreutils/2.0/jackson-coreutils-2.0.jar:/Users/cameronhauser/.m2/repository/org/apache/httpcomponents/httpclient/4.5.2/httpclient-4.5.2.jar:/Users/cameronhauser/.m2/repository/org/apache/httpcomponents/httpcore/4.4.4/httpcore-4.4.4.jar:/Users/cameronhauser/.m2/repository/commons-logging/commons-logging/1.2/commons-logging-1.2.jar:/Users/cameronhauser/.m2/repository/commons-codec/commons-codec/1.9/commons-codec-1.9.jar:/Users/cameronhauser/.m2/repository/io/swagger/parser/v3/swagger-parser-core/2.0.27/swagger-parser-core-2.0.27.jar:/Users/cameronhauser/.m2/repository/io/swagger/parser/v3/swagger-parser-v3/2.0.27/swagger-parser-v3-2.0.27.jar:/Users/cameronhauser/.m2/repository/com/fasterxml/jackson/dataformat/jackson-dataformat-yaml/2.12.1/jackson-dataformat-yaml-2.12.1.jar:/Users/cameronhauser/.m2/repository/org/yaml/snakeyaml/1.27/snakeyaml-1.27.jar:/Users/cameronhauser/.m2/repository/commons-io/commons-io/2.6/commons-io-2.6.jar:/Users/cameronhauser/.m2/repository/org/webjars/npm/redoc/2.0.0-rc.45/redoc-2.0.0-rc.45.jar:/Users/cameronhauser/.m2/repository/org/webjars/swagger-ui/4.10.3/swagger-ui-4.10.3.jar:/Users/cameronhauser/.m2/repository/io/github/classgraph/classgraph/4.8.102/classgraph-4.8.102.jar:/Users/cameronhauser/.m2/repository/cc/vileda/kotlin-openapi3-dsl/1.0.0/kotlin-openapi3-dsl-1.0.0.jar:/Users/cameronhauser/.m2/repository/io/swagger/core/v3/swagger-core/2.1.4/swagger-core-2.1.4.jar:/Users/cameronhauser/.m2/repository/jakarta/xml/bind/jakarta.xml.bind-api/2.3.2/jakarta.xml.bind-api-2.3.2.jar:/Users/cameronhauser/.m2/repository/jakarta/activation/jakarta.activation-api/1.2.1/jakarta.activation-api-1.2.1.jar:/Users/cameronhauser/.m2/repository/org/apache/commons/commons-lang3/3.7/commons-lang3-3.7.jar:/Users/cameronhauser/.m2/repository/io/swagger/core/v3/swagger-annotations/2.1.4/swagger-annotations-2.1.4.jar:/Users/cameronhauser/.m2/repository/jakarta/validation/jakarta.validation-api/2.0.2/jakarta.validation-api-2.0.2.jar:/Users/cameronhauser/.m2/repository/com/fasterxml/jackson/module/jackson-module-jsonSchema/2.11.2/jackson-module-jsonSchema-2.11.2.jar:/Users/cameronhauser/.m2/repository/javax/validation/validation-api/1.1.0.Final/validation-api-1.1.0.Final.jar:/Users/cameronhauser/.m2/repository/com/fasterxml/jackson/datatype/jackson-datatype-json-org/2.11.2/jackson-datatype-json-org-2.11.2.jar:/Users/cameronhauser/.m2/repository/org/json/json/20190722/json-20190722.jar:/Users/cameronhauser/.m2/repository/com/reprezen/kaizen/openapi-parser/4.0.4/openapi-parser-4.0.4.jar:/Users/cameronhauser/.m2/repository/com/reprezen/jsonoverlay/jsonoverlay/4.0.4/jsonoverlay-4.0.4.jar:/Users/cameronhauser/.m2/repository/javax/mail/javax.mail-api/1.6.1/javax.mail-api-1.6.1.jar:/Users/cameronhauser/.m2/repository/javax/activation/activation/1.1/activation-1.1.jar:/Users/cameronhauser/.m2/repository/com/sun/mail/javax.mail/1.6.1/javax.mail-1.6.1.jar:/Users/cameronhauser/.m2/repository/io/javalin/javalin-testtools/4.6.4/javalin-testtools-4.6.4.jar:/Users/cameronhauser/.m2/repository/com/fasterxml/jackson/core/jackson-databind/2.13.3/jackson-databind-2.13.3.jar:/Users/cameronhauser/.m2/repository/com/fasterxml/jackson/core/jackson-annotations/2.13.3/jackson-annotations-2.13.3.jar:/Users/cameronhauser/.m2/repository/com/fasterxml/jackson/core/jackson-core/2.13.3/jackson-core-2.13.3.jar:/Users/cameronhauser/.m2/repository/com/fasterxml/jackson/module/jackson-module-kotlin/2.13.3/jackson-module-kotlin-2.13.3.jar:/Users/cameronhauser/.m2/repository/org/jetbrains/kotlin/kotlin-reflect/1.5.30/kotlin-reflect-1.5.30.jar:/Users/cameronhauser/.m2/repository/com/fasterxml/jackson/datatype/jackson-datatype-jsr310/2.13.3/jackson-datatype-jsr310-2.13.3.jar:/Users/cameronhauser/.m2/repository/org/eclipse/jetty/http2/http2-server/9.4.48.v20220622/http2-server-9.4.48.v20220622.jar:/Users/cameronhauser/.m2/repository/org/eclipse/jetty/http2/http2-common/9.4.48.v20220622/http2-common-9.4.48.v20220622.jar:/Users/cameronhauser/.m2/repository/org/eclipse/jetty/http2/http2-hpack/9.4.48.v20220622/http2-hpack-9.4.48.v20220622.jar:/Users/cameronhauser/.m2/repository/org/eclipse/jetty/jetty-alpn-conscrypt-server/9.4.48.v20220622/jetty-alpn-conscrypt-server-9.4.48.v20220622.jar:/Users/cameronhauser/.m2/repository/org/conscrypt/conscrypt-openjdk-uber/2.5.2/conscrypt-openjdk-uber-2.5.2.jar:/Users/cameronhauser/.m2/repository/org/eclipse/jetty/jetty-alpn-server/9.4.48.v20220622/jetty-alpn-server-9.4.48.v20220622.jar:/Users/cameronhauser/.m2/repository/org/eclipse/jetty/jetty-io/9.4.48.v20220622/jetty-io-9.4.48.v20220622.jar:/Users/cameronhauser/.m2/repository/org/eclipse/jetty/jetty-util/9.4.48.v20220622/jetty-util-9.4.48.v20220622.jar:/Users/cameronhauser/.m2/repository/ch/qos/logback/logback-classic/1.2.11/logback-classic-1.2.11.jar:/Users/cameronhauser/.m2/repository/ch/qos/logback/logback-core/1.2.11/logback-core-1.2.11.jar:/Users/cameronhauser/.m2/repository/org/jetbrains/kotlin/kotlin-stdlib-jdk8/1.5.32/kotlin-stdlib-jdk8-1.5.32.jar:/Users/cameronhauser/.m2/repository/org/jetbrains/kotlin/kotlin-stdlib/1.5.32/kotlin-stdlib-1.5.32.jar:/Users/cameronhauser/.m2/repository/org/jetbrains/annotations/13.0/annotations-13.0.jar:/Users/cameronhauser/.m2/repository/org/jetbrains/kotlin/kotlin-stdlib-common/1.5.32/kotlin-stdlib-common-1.5.32.jar:/Users/cameronhauser/.m2/repository/org/jetbrains/kotlin/kotlin-stdlib-jdk7/1.5.32/kotlin-stdlib-jdk7-1.5.32.jar:/Users/cameronhauser/.m2/repository/org/postgresql/postgresql/42.4.0/postgresql-42.4.0.jar:/Users/cameronhauser/.m2/repository/org/checkerframework/checker-qual/3.5.0/checker-qual-3.5.0.jar:/Users/cameronhauser/.m2/repository/org/hibernate/hibernate-core/5.6.1.Final/hibernate-core-5.6.1.Final.jar:/Users/cameronhauser/.m2/repository/org/jboss/logging/jboss-logging/3.4.2.Final/jboss-logging-3.4.2.Final.jar:/Users/cameronhauser/.m2/repository/javax/persistence/javax.persistence-api/2.2/javax.persistence-api-2.2.jar:/Users/cameronhauser/.m2/repository/antlr/antlr/2.7.7/antlr-2.7.7.jar:/Users/cameronhauser/.m2/repository/org/jboss/spec/javax/transaction/jboss-transaction-api_1.2_spec/1.1.1.Final/jboss-transaction-api_1.2_spec-1.1.1.Final.jar:/Users/cameronhauser/.m2/repository/org/jboss/jandex/2.2.3.Final/jandex-2.2.3.Final.jar:/Users/cameronhauser/.m2/repository/com/fasterxml/classmate/1.5.1/classmate-1.5.1.jar:/Users/cameronhauser/.m2/repository/javax/activation/javax.activation-api/1.2.0/javax.activation-api-1.2.0.jar:/Users/cameronhauser/.m2/repository/org/hibernate/common/hibernate-commons-annotations/5.1.2.Final/hibernate-commons-annotations-5.1.2.Final.jar:/Users/cameronhauser/.m2/repository/javax/xml/bind/jaxb-api/2.3.1/jaxb-api-2.3.1.jar:/Users/cameronhauser/.m2/repository/org/glassfish/jaxb/jaxb-runtime/2.3.1/jaxb-runtime-2.3.1.jar:/Users/cameronhauser/.m2/repository/org/glassfish/jaxb/txw2/2.3.1/txw2-2.3.1.jar:/Users/cameronhauser/.m2/repository/com/sun/istack/istack-commons-runtime/3.0.7/istack-commons-runtime-3.0.7.jar:/Users/cameronhauser/.m2/repository/org/jvnet/staxex/stax-ex/1.8/stax-ex-1.8.jar:/Users/cameronhauser/.m2/repository/com/sun/xml/fastinfoset/FastInfoset/1.2.15/FastInfoset-1.2.15.jar:/Users/cameronhauser/.m2/repository/junit/junit/4.11/junit-4.11.jar:/Users/cameronhauser/.m2/repository/org/hamcrest/hamcrest-core/1.3/hamcrest-core-1.3.jar:"/>
    <property name="sun.cpu.endian" value="little"/>
    <property name="user.home" value="/Users/cameronhauser"/>
    <property name="user.language" value="en"/>
    <property name="java.specification.vendor" value="Oracle Corporation"/>
    <property name="java.home" value="/Library/Java/JavaVirtualMachines/temurin-8.jdk/Contents/Home/jre"/>
    <property name="basedir" value="/Users/cameronhauser/Desktop/GitHub/DotDash/take-home-webdriver-test/Quiz"/>
    <property name="file.separator" value="/"/>
    <property name="line.separator" value="&#10;"/>
    <property name="java.vm.specification.vendor" value="Oracle Corporation"/>
    <property name="java.specification.name" value="Java Platform API Specification"/>
    <property name="java.awt.graphicsenv" value="sun.awt.CGraphicsEnvironment"/>
    <property name="surefire.real.class.path" value="/Users/cameronhauser/Desktop/GitHub/DotDash/take-home-webdriver-test/Quiz/target/surefire/surefirebooter5115158119136615941.jar"/>
    <property name="sun.boot.class.path" value="/Library/Java/JavaVirtualMachines/temurin-8.jdk/Contents/Home/jre/lib/resources.jar:/Library/Java/JavaVirtualMachines/temurin-8.jdk/Contents/Home/jre/lib/rt.jar:/Library/Java/JavaVirtualMachines/temurin-8.jdk/Contents/Home/jre/lib/sunrsasign.jar:/Library/Java/JavaVirtualMachines/temurin-8.jdk/Contents/Home/jre/lib/jsse.jar:/Library/Java/JavaVirtualMachines/temurin-8.jdk/Contents/Home/jre/lib/jce.jar:/Library/Java/JavaVirtualMachines/temurin-8.jdk/Contents/Home/jre/lib/charsets.jar:/Library/Java/JavaVirtualMachines/temurin-8.jdk/Contents/Home/jre/lib/jfr.jar:/Library/Java/JavaVirtualMachines/temurin-8.jdk/Contents/Home/jre/classes"/>
    <property name="sun.management.compiler" value="HotSpot 64-Bit Tiered Compilers"/>
    <property name="ftp.nonProxyHosts" value="local|*.local|169.254/16|*.169.254/16"/>
    <property name="java.runtime.version" value="1.8.0_332-b09"/>
    <property name="user.name" value="cameronhauser"/>
    <property name="path.separator" value=":"/>
    <property name="os.version" value="10.16"/>
    <property name="java.endorsed.dirs" value="/Library/Java/JavaVirtualMachines/temurin-8.jdk/Contents/Home/jre/lib/endorsed"/>
    <property name="java.runtime.name" value="OpenJDK Runtime Environment"/>
    <property name="file.encoding" value="UTF-8"/>
    <property name="java.vm.name" value="OpenJDK 64-Bit Server VM"/>
    <property name="localRepository" value="/Users/cameronhauser/.m2/repository"/>
    <property name="java.vendor.url.bug" value="https://github.com/adoptium/adoptium-support/issues"/>
    <property name="java.io.tmpdir" value="/var/folders/2t/7q783w_145jcmb3_s5q5g5s00000gn/T/"/>
    <property name="java.version" value="1.8.0_332"/>
    <property name="user.dir" value="/Users/cameronhauser/Desktop/GitHub/DotDash/take-home-webdriver-test/Quiz"/>
    <property name="os.arch" value="x86_64"/>
    <property name="java.vm.specification.name" value="Java Virtual Machine Specification"/>
    <property name="java.awt.printerjob" value="sun.lwawt.macosx.CPrinterJob"/>
    <property name="sun.os.patch.level" value="unknown"/>
    <property name="java.library.path" value="/Users/cameronhauser/Library/Java/Extensions:/Library/Java/Extensions:/Network/Library/Java/Extensions:/System/Library/Java/Extensions:/usr/lib/java:."/>
    <property name="java.vm.info" value="mixed mode"/>
    <property name="java.vendor" value="Temurin"/>
    <property name="java.vm.version" value="25.332-b09"/>
    <property name="java.ext.dirs" value="/Users/cameronhauser/Library/Java/Extensions:/Library/Java/JavaVirtualMachines/temurin-8.jdk/Contents/Home/jre/lib/ext:/Library/Java/Extensions:/Network/Library/Java/Extensions:/System/Library/Java/Extensions:/usr/lib/java"/>
    <property name="sun.io.unicode.encoding" value="UnicodeBig"/>
    <property name="java.class.version" value="52.0"/>
    <property name="socksNonProxyHosts" value="local|*.local|169.254/16|*.169.254/16"/>
  </properties>
  <testcase name="User clicks box to open context menu" classname="User is going to right click to open context menu" time="3.328"/>
  <testcase name="User clicks button downloads file" classname="User wants to be able to download a file" time="0.977">
    <failure type="java.lang.AssertionError">java.lang.AssertionError
</failure>
    <system-out><![CDATA[
Scenario: User clicks button downloads file       &amp#27;[90m# src/test/java/com/resources/features/DownloadFile.feature:2&amp#27;[0m
  &amp#27;[32mGiven &amp#27;[0m&amp#27;[32mthe user is on the file download page&amp#27;[0m     &amp#27;[90m# com.E2E.steps.DownloadFile.the_user_is_on_the_file_download_page()&amp#27;[0m
  &amp#27;[32mWhen &amp#27;[0m&amp#27;[32mthe user clicks the download file button&amp#27;[0m   &amp#27;[90m# com.E2E.steps.DownloadFile.the_user_clicks_the_download_file_button()&amp#27;[0m
  &amp#27;[31mThen &amp#27;[0m&amp#27;[31mthen it asserts we the page was downloaded&amp#27;[0m &amp#27;[90m# com.E2E.steps.DownloadFile.then_it_asserts_we_the_page_was_downloaded()&amp#27;[0m
      &amp#27;[31mjava.lang.AssertionError
	at org.junit.Assert.fail(Assert.java:86)
	at org.junit.Assert.assertTrue(Assert.java:41)
	at org.junit.Assert.assertTrue(Assert.java:52)
	at com.E2E.steps.DownloadFile.then_it_asserts_we_the_page_was_downloaded(DownloadFile.java:33)
	at ✽.then it asserts we the page was downloaded(file:///Users/cameronhauser/Desktop/GitHub/DotDash/take-home-webdriver-test/Quiz/src/test/java/com/resources/features/DownloadFile.feature:5)
&amp#27;[0m
]]></system-out>
  </testcase>
  <testcase name="User is going to dropdown and select both" classname="User is going to dropdown and select both" time="1.181"/>
  <testcase name="User is going to be looking for dynamic content" classname="User is going to be looking for dynamic content" time="1.016"/>
  <testcase name="User is going to use differnt dynamic controls with explict waits" classname="User is going to use differnt dynamic controls with explict waits" time="13.75"/>
  <testcase name="User is going load a dynamic page" classname="User is going load a dynamic page" time="6.63"/>
  <testcase name="User is going scroll through page" classname="User is going scroll through page" time="0.316"/>
  <testcase name="User wants to be able type in iframe" classname="User wants to be able type in iframe" time="6.793"/>
  <testcase name="User is going to use differnt js alerts to test page" classname="User is going to use differnt js alerts to test page" time="2.078"/>
  <testcase name="User wants to be able check for js error" classname="User wants to be able check for js error" time="0.309"/>
  <testcase name="User wants hover over picture to see additional information" classname="User wants hover over picture to see additional information" time="0.323">
    <failure type="java.lang.AssertionError">java.lang.AssertionError
</failure>
    <system-out><![CDATA[
Scenario: User wants hover over picture to see additional information       &amp#27;[90m# src/test/java/com/resources/features/MouseHover.feature:2&amp#27;[0m
  &amp#27;[32mGiven &amp#27;[0m&amp#27;[32mthe user is on the file MouserHover page&amp#27;[0m                            &amp#27;[90m# com.E2E.steps.MouseHover.the_user_is_on_the_file_MouserHover_page()&amp#27;[0m
  &amp#27;[31mWhen &amp#27;[0m&amp#27;[31mTest does a mouse hover on each image&amp#27;[0m                                &amp#27;[90m# com.E2E.steps.MouseHover.test_does_a_mouse_hover_on_each_image()&amp#27;[0m
      &amp#27;[31mjava.lang.AssertionError
	at org.junit.Assert.fail(Assert.java:86)
	at org.junit.Assert.assertTrue(Assert.java:41)
	at org.junit.Assert.assertTrue(Assert.java:52)
	at com.E2E.steps.MouseHover.test_does_a_mouse_hover_on_each_image(MouseHover.java:29)
	at ✽.Test does a mouse hover on each image(file:///Users/cameronhauser/Desktop/GitHub/DotDash/take-home-webdriver-test/Quiz/src/test/java/com/resources/features/MouseHover.feature:4)
&amp#27;[0m
  &amp#27;[36mThen &amp#27;[0m&amp#27;[36mTest asserts that additional information is displayed for each image&amp#27;[0m &amp#27;[90m# com.E2E.steps.MouseHover.test_asserts_that_additional_information_is_displayed_for_each_image()&amp#27;[0m
]]></system-out>
  </testcase>
  <testcase name="User wants to test if notifaction is displayed" classname="User wants to test if notifaction is displayed" time="0.942"/>
  <testcase name="User wants to make sure the redirect opens new tab" classname="User wants to make sure the redirect opens new tab" time="0.599"/>
  <testcase name="User clicks button upload file" classname="User wants to be able to upload a file" time="0.709"/>
  <testcase name="User is going to check and uncheck the check boxes" classname="User is going to check and uncheck the check boxes" time="0.228"/>
  <testcase name="As a user I want to log in so I can use the service" classname="User is able to login with given credentials" time="0.656"/>
  <testcase name="As system I want to validate log-in credentials" classname="User is able to login with given credentials" time="0.525"/>
</testsuite>