<?xml version="1.0" encoding="UTF-8"?>
<!-- Generated by org.testng.reporters.JUnitReportReporter -->
<testsuite hostname="DESKTOP-MR7MOEK" failures="0" tests="4" name="com.tjank.SeleniumTests.Rev2Force" time="5.611" errors="0" timestamp="18 Nov 2019 16:06:41 GMT" skipped="0">
  <testcase classname="com.tjank.SeleniumTests.Rev2Force" name="checkPage" time="0.716"/>
  <testcase classname="com.tjank.SeleniumTests.Rev2Force" name="userLogin" time="1.171"/>
  <testcase classname="com.tjank.SeleniumTests.Rev2Force" name="clickTimesheetButton" time="3.722"/>
  <testcase classname="com.tjank.SeleniumTests.Rev2Force" name="submitTimeSheet" time="0.002"/>
</testsuite> <!-- com.tjank.SeleniumTests.Rev2Force -->
