<?xml version="1.0" encoding="UTF-8"?>
<!-- Generated by org.testng.reporters.JUnitReportReporter -->
<testsuite hostname="Patrickniyibizi" failures="0" tests="1" name="fileUpload.FileUpload" time="0.275" errors="0" timestamp="2023-01-13T10:10:58 CST" skipped="0">
  <testcase classname="fileUpload.FileUpload" name="fileUpload" time="0.275"/>
  <system-out/>
</testsuite> <!-- fileUpload.FileUpload -->
