<?xml version="1.0" encoding="UTF-8"?>
<!-- Generated by org.testng.reporters.JUnitReportReporter -->
<testsuite hostname="Patrickniyibizi" failures="0" tests="1" name="js_error.Js_error" time="0.034" errors="0" timestamp="2023-01-17T22:58:47 CST" skipped="0">
  <testcase classname="js_error.Js_error" name="js_erros" time="0.034"/>
  <system-out/>
</testsuite> <!-- js_error.Js_error -->
