<?xml version="1.0" encoding="UTF-8"?>
<!-- Generated by org.testng.reporters.JUnitReportReporter -->
<testsuite hostname="DESKTOP-B0MIEE5" failures="0" tests="1" name="PageObjects.Iframe" time="6.513" errors="0" timestamp="2023-01-20T12:46:43 EST" skipped="0">
  <testcase classname="PageObjects.Iframe" name="iframe" time="6.513"/>
  <system-out/>
</testsuite> <!-- PageObjects.Iframe -->
