<?xml version="1.0" encoding="UTF-8"?>
<!-- Generated by org.testng.reporters.JUnitReportReporter -->
<testsuite hostname="LAPTOP-D5U2QDP8" failures="0" tests="1" name="tests.DynamicLoadingTest" time="9.285" errors="0" timestamp="2022-12-27T17:13:53 EST" skipped="0">
  <testcase classname="tests.DynamicLoadingTest" name="tcDynamicLoading" time="9.285"/>
  <system-out/>
</testsuite> <!-- tests.DynamicLoadingTest -->
