<?xml version="1.0" encoding="UTF-8"?>
<!-- Generated by org.testng.reporters.JUnitReportReporter -->
<testsuite hostname="DESKTOP-B0MIEE5" failures="0" tests="1" name="RamanpreetSinghtest.SeleniumTest.OpenInnewtab" time="8.596" errors="0" timestamp="2023-01-20T01:02:37 EST" skipped="0">
  <testcase classname="RamanpreetSinghtest.SeleniumTest.OpenInnewtab" name="openinnewtab" time="8.596"/>
  <system-out/>
</testsuite> <!-- RamanpreetSinghtest.SeleniumTest.OpenInnewtab -->
