<?xml version="1.0" encoding="UTF-8"?>
<!-- Generated by org.testng.reporters.JUnitReportReporter -->
<testsuite hostname="LAPTOP-D5U2QDP8" failures="0" tests="1" name="tests.DynamicControlsTest" time="15.022" errors="0" timestamp="2022-12-27T16:50:40 EST" skipped="0">
  <testcase classname="tests.DynamicControlsTest" name="tcDynamicControls" time="15.022"/>
  <system-out/>
</testsuite> <!-- tests.DynamicControlsTest -->
