<?xml version="1.0" encoding="UTF-8"?>
<!-- Generated by org.testng.reporters.JUnitReportReporter -->
<testsuite hostname="LAPTOP-D5U2QDP8" failures="0" tests="2" name="tests.LoginTest" time="7.641" errors="0" timestamp="2022-12-26T17:05:54 EST" skipped="0">
  <testcase classname="tests.LoginTest" name="tc1LoginSuccess" time="4.276"/>
  <system-out/>
  <testcase classname="tests.LoginTest" name="tc2LoginFailure" time="3.365"/>
  <system-out/>
</testsuite> <!-- tests.LoginTest -->
