<?xml version="1.0" encoding="UTF-8"?>
<!-- Generated by org.testng.reporters.JUnitReportReporter -->
<testsuite hostname="LAPTOP-PGUIMR2B" failures="0" tests="1" name="staffitsolution.qa.wlctointernet.test.DropDownTest" time="8.006" errors="0" timestamp="12 Jan 2023 20:28:44 GMT" skipped="0">
  <testcase classname="staffitsolution.qa.wlctointernet.test.DropDownTest" name="selDropDownTest" time="8.006"/>
</testsuite> <!-- staffitsolution.qa.wlctointernet.test.DropDownTest -->
