<?xml version="1.0" encoding="UTF-8"?>
<!-- Generated by org.testng.reporters.JUnitReportReporter -->
<testsuite hostname="LAPTOP-D5U2QDP8" failures="0" tests="1" name="tests.DownloadTest" time="7.224" errors="0" timestamp="2022-12-27T17:41:57 EST" skipped="0">
  <testcase classname="tests.DownloadTest" name="tcDownload" time="7.224"/>
  <system-out/>
</testsuite> <!-- tests.DownloadTest -->
