<?xml version="1.0" encoding="UTF-8"?>
<!-- Generated by org.testng.reporters.JUnitReportReporter -->
<testsuite hostname="DESKTOP-B0MIEE5" failures="0" tests="1" name="RamanpreetSinghtest.SeleniumTest.JavaScriptAlerts" time="7.057" errors="0" timestamp="2023-01-20T00:53:59 EST" skipped="0">
  <testcase classname="RamanpreetSinghtest.SeleniumTest.JavaScriptAlerts" name="javascriptalerts" time="7.057"/>
  <system-out/>
</testsuite> <!-- RamanpreetSinghtest.SeleniumTest.JavaScriptAlerts -->
