<?xml version="1.0" encoding="UTF-8"?>
<!-- Generated by org.testng.reporters.JUnitReportReporter -->
<testsuite hostname="LAPTOP-PGUIMR2B" failures="0" tests="1" name="staffitsolution.qa.wlctointernet.test.LoginPage_ValidTest" time="87.778" errors="0" timestamp="12 Jan 2023 20:28:44 GMT" skipped="0">
  <testcase classname="staffitsolution.qa.wlctointernet.test.LoginPage_ValidTest" name="loginTest" time="87.778"/>
</testsuite> <!-- staffitsolution.qa.wlctointernet.test.LoginPage_ValidTest -->
