<?xml version="1.0" encoding="UTF-8"?>
<!-- Generated by org.testng.reporters.JUnitReportReporter -->
<testsuite hostname="LAPTOP-D5U2QDP8" failures="0" tests="1" name="tests.DropDownTest" time="6.263" errors="0" timestamp="2022-12-26T17:01:03 EST" skipped="0">
  <testcase classname="tests.DropDownTest" name="tcDropDown" time="6.263"/>
  <system-out/>
</testsuite> <!-- tests.DropDownTest -->
