<?xml version="1.0" encoding="UTF-8"?>
<!-- Generated by org.testng.reporters.JUnitReportReporter -->
<testsuite hostname="LAPTOP-PGUIMR2B" failures="0" tests="2" name="staffitsolution.qa.wlctointernet.test.LoginPage_InvalidTest" time="86.040" errors="0" timestamp="12 Jan 2023 20:28:44 GMT" skipped="0">
  <testcase classname="staffitsolution.qa.wlctointernet.test.LoginPage_InvalidTest" name="loginPageTitleTest" time="0.026"/>
  <testcase classname="staffitsolution.qa.wlctointernet.test.LoginPage_InvalidTest" name="InValidloginTest" time="86.014"/>
</testsuite> <!-- staffitsolution.qa.wlctointernet.test.LoginPage_InvalidTest -->
