<?xml version="1.0" encoding="UTF-8"?>
<!-- Generated by org.testng.reporters.JUnitReportReporter -->
<testsuite hostname="DESKTOP-B0MIEE5" failures="0" tests="1" name="RamanpreetSinghtest.SeleniumTest.OpenNewWidowTest" time="6.661" errors="0" timestamp="2023-01-22T16:10:56 EST" skipped="0">
  <testcase classname="RamanpreetSinghtest.SeleniumTest.OpenNewWidowTest" name="newWindow" time="6.661"/>
  <system-out/>
</testsuite> <!-- RamanpreetSinghtest.SeleniumTest.OpenNewWidowTest -->
