<?xml version="1.0" encoding="UTF-8"?>
<!-- Generated by org.testng.reporters.JUnitReportReporter -->
<testsuite hostname="DESKTOP-B0MIEE5" failures="0" tests="1" name="RamanpreetSinghtest.SeleniumTest.DynamicControls" time="20.468" errors="0" timestamp="2023-01-19T23:19:17 EST" skipped="0">
  <testcase classname="RamanpreetSinghtest.SeleniumTest.DynamicControls" name="dynamicControl" time="20.468"/>
  <system-out/>
</testsuite> <!-- RamanpreetSinghtest.SeleniumTest.DynamicControls -->
