<?xml version="1.0" encoding="UTF-8"?>
<!-- Generated by org.testng.reporters.JUnitReportReporter -->
<testsuite hostname="DESKTOP-B0MIEE5" failures="0" tests="1" name="PageObjects.NotificationMessage" time="6.269" errors="0" timestamp="2023-01-20T13:52:48 EST" skipped="0">
  <testcase classname="PageObjects.NotificationMessage" name="notificationMessage" time="6.269"/>
  <system-out/>
</testsuite> <!-- PageObjects.NotificationMessage -->
