<?xml version="1.0" encoding="UTF-8"?>
<!-- Generated by org.testng.reporters.JUnitReportReporter -->
<testsuite hostname="DESKTOP-B0MIEE5" failures="0" tests="1" name="PageObjects.FileDownload" time="11.257" errors="0" timestamp="2023-01-20T12:07:52 EST" skipped="0">
  <testcase classname="PageObjects.FileDownload" name="filedownload" time="11.257"/>
  <system-out/>
</testsuite> <!-- PageObjects.FileDownload -->
