<?xml version="1.0" encoding="UTF-8"?>
<!-- Generated by org.testng.reporters.JUnitReportReporter -->
<testsuite hostname="DESKTOP-B0MIEE5" failures="0" tests="1" name="RamanpreetSinghtest.SeleniumTest.DropDown" time="6.811" errors="0" timestamp="2023-01-19T22:24:08 EST" skipped="0">
  <testcase classname="RamanpreetSinghtest.SeleniumTest.DropDown" name="dropdown" time="6.811"/>
  <system-out/>
</testsuite> <!-- RamanpreetSinghtest.SeleniumTest.DropDown -->
