<?xml version="1.0" encoding="UTF-8"?>
<!-- Generated by org.testng.reporters.JUnitReportReporter -->
<testsuite hostname="DESKTOP-B0MIEE5" failures="0" tests="1" name="RamanpreetSinghtest.SeleniumTest.Iframe" time="7.318" errors="0" timestamp="2023-01-20T00:10:50 EST" skipped="0">
  <testcase classname="RamanpreetSinghtest.SeleniumTest.Iframe" name="contextMenu" time="7.318"/>
  <system-out/>
</testsuite> <!-- RamanpreetSinghtest.SeleniumTest.Iframe -->
