<?xml version="1.0" encoding="UTF-8"?>
<!-- Generated by org.testng.reporters.JUnitReportReporter -->
<testsuite hostname="LAPTOP-D5U2QDP8" failures="0" tests="1" name="tests.UploadTest" time="5.154" errors="0" timestamp="2022-12-28T10:40:47 EST" skipped="0">
  <testcase classname="tests.UploadTest" name="upload" time="5.154"/>
  <system-out/>
</testsuite> <!-- tests.UploadTest -->
