<?xml version="1.0" encoding="UTF-8"?>
<!-- Generated by org.testng.reporters.JUnitReportReporter -->
<testsuite hostname="LAPTOP-D5U2QDP8" failures="0" tests="1" name="tests.HoversTest" time="8.533" errors="0" timestamp="2022-12-28T12:41:19 EST" skipped="0">
  <testcase classname="tests.HoversTest" name="tcHovers" time="8.533"/>
  <system-out/>
</testsuite> <!-- tests.HoversTest -->
