<?xml version="1.0" encoding="UTF-8"?>
<!-- Generated by org.testng.reporters.JUnitReportReporter -->
<testsuite hostname="DESKTOP-B0MIEE5" failures="0" tests="1" name="RamanpreetSinghtest.SeleniumTest.LoginTest" time="6.591" errors="0" timestamp="2023-01-19T19:52:44 EST" skipped="0">
  <testcase classname="RamanpreetSinghtest.SeleniumTest.LoginTest" name="LoginFail" time="6.591"/>
  <system-out/>
</testsuite> <!-- RamanpreetSinghtest.SeleniumTest.LoginTest -->
