<?xml version="1.0" encoding="UTF-8"?>
<!-- Generated by org.testng.reporters.JUnitReportReporter -->
<testsuite hostname="LAPTOP-D5U2QDP8" failures="0" tests="1" name="tests.FloatingMenuTest" time="8.099" errors="0" timestamp="2022-12-28T10:55:43 EST" skipped="0">
  <testcase classname="tests.FloatingMenuTest" name="tcFloatingMenu" time="8.099"/>
  <system-out/>
</testsuite> <!-- tests.FloatingMenuTest -->
