<?xml version="1.0" encoding="UTF-8"?>
<!-- Generated by org.testng.reporters.JUnitReportReporter -->
<testsuite hostname="DESKTOP-B0MIEE5" failures="0" tests="1" name="RamanpreetSinghtest.SeleniumTest.ContextMenu" time="6.215" errors="0" timestamp="2023-01-19T21:31:53 EST" skipped="0">
  <testcase classname="RamanpreetSinghtest.SeleniumTest.ContextMenu" name="contextMenu" time="6.215"/>
  <system-out/>
</testsuite> <!-- RamanpreetSinghtest.SeleniumTest.ContextMenu -->
