<?xml version="1.0" encoding="UTF-8"?>
<!-- Generated by org.testng.reporters.JUnitReportReporter -->
<testsuite hostname="DESKTOP-B0MIEE5" failures="0" tests="1" name="PageObjects.MouseOver" time="5.889" errors="0" timestamp="2023-01-20T13:17:31 EST" skipped="0">
  <testcase classname="PageObjects.MouseOver" name="mouseover" time="5.889"/>
  <system-out/>
</testsuite> <!-- PageObjects.MouseOver -->
