<?xml version="1.0" encoding="UTF-8"?>
<!-- Generated by org.testng.reporters.JUnitReportReporter -->
<testsuite hostname="LAPTOP-D5U2QDP8" failures="0" tests="1" name="tests.NotificationMsgTest" time="4.239" errors="0" timestamp="2022-12-28T14:26:51 EST" skipped="0">
  <testcase classname="tests.NotificationMsgTest" name="tcNotificationMsg" time="4.239"/>
  <system-out/>
</testsuite> <!-- tests.NotificationMsgTest -->
