<?xml version="1.0" encoding="UTF-8"?>
<!-- Generated by org.testng.reporters.JUnitReportReporter -->
<testsuite hostname="LAPTOP-D5U2QDP8" failures="0" tests="1" name="tests.IframeTest" time="4.429" errors="0" timestamp="2022-12-28T11:15:33 EST" skipped="0">
  <testcase classname="tests.IframeTest" name="tcIframe" time="4.429"/>
  <system-out/>
</testsuite> <!-- tests.IframeTest -->
