<?xml version="1.0" encoding="UTF-8"?>
<!-- Generated by org.testng.reporters.JUnitReportReporter -->
<testsuite hostname="LAPTOP-D5U2QDP8" failures="0" tests="1" name="tests.ContextMenuTest" time="4.122" errors="0" timestamp="2022-12-26T15:13:02 EST" skipped="0">
  <testcase classname="tests.ContextMenuTest" name="tcContextMenu" time="4.122"/>
  <system-out/>
</testsuite> <!-- tests.ContextMenuTest -->
