<?xml version="1.0" encoding="UTF-8"?>
<!-- Generated by org.testng.reporters.JUnitReportReporter -->
<testsuite hostname="DESKTOP-B0MIEE5" failures="0" tests="1" name="RamanpreetSinghtest.SeleniumTest.DynamicLoading" time="12.046" errors="0" timestamp="2023-01-19T23:28:21 EST" skipped="0">
  <testcase classname="RamanpreetSinghtest.SeleniumTest.DynamicLoading" name="dynamicloading" time="12.046"/>
  <system-out/>
</testsuite> <!-- RamanpreetSinghtest.SeleniumTest.DynamicLoading -->
