<?xml version="1.0" encoding="UTF-8"?>
<!-- Generated by org.testng.reporters.JUnitReportReporter -->
<testsuite hostname="DESKTOP-B0MIEE5" failures="0" tests="1" name="RamanpreetSinghtest.SeleniumTest.CheckBoxTest" time="9.631" errors="0" timestamp="2023-01-22T16:10:56 EST" skipped="0">
  <testcase classname="RamanpreetSinghtest.SeleniumTest.CheckBoxTest" name="checkboxtest" time="9.631"/>
  <system-out/>
</testsuite> <!-- RamanpreetSinghtest.SeleniumTest.CheckBoxTest -->
