<?xml version="1.0" encoding="UTF-8"?>
<!-- Generated by org.testng.reporters.JUnitReportReporter -->
<testsuite hostname="DESKTOP-B0MIEE5" failures="0" tests="1" name="RamanpreetSinghtest.SeleniumTest.FloatingMenu" time="6.762" errors="0" timestamp="2023-01-20T00:01:57 EST" skipped="0">
  <testcase classname="RamanpreetSinghtest.SeleniumTest.FloatingMenu" name="floatingmenu" time="6.762"/>
  <system-out/>
</testsuite> <!-- RamanpreetSinghtest.SeleniumTest.FloatingMenu -->
