<?xml version="1.0" encoding="UTF-8"?>
<!-- Generated by org.testng.reporters.JUnitReportReporter -->
<testsuite hostname="LAPTOP-D5U2QDP8" failures="0" tests="1" name="tests.JSAlertTest" time="8.215" errors="0" timestamp="2022-12-28T13:15:36 EST" skipped="0">
  <testcase classname="tests.JSAlertTest" name="tcJSAlert" time="8.215"/>
  <system-out/>
</testsuite> <!-- tests.JSAlertTest -->
