<?xml version="1.0" encoding="UTF-8"?>
<!-- Generated by org.testng.reporters.JUnitReportReporter -->
<testsuite hostname="Roshan" failures="0" tests="1" name="webDriverTest.InvalidLoginCredentialTest" time="4.327" errors="0" timestamp="2023-01-21T21:33:01 EST" skipped="0">
  <testcase classname="webDriverTest.InvalidLoginCredentialTest" name="TestInvalidLogin" time="4.327"/>
  <system-out/>
</testsuite> <!-- webDriverTest.InvalidLoginCredentialTest -->
