<?xml version="1.0" encoding="UTF-8"?>
<!-- Generated by org.testng.reporters.JUnitReportReporter -->
<testsuite hostname="Roshan" failures="0" tests="3" name="webDriverTest.DynamicControlsTest" time="17.163" errors="0" timestamp="2023-01-22T14:35:28 EST" skipped="0">
  <testcase classname="webDriverTest.DynamicControlsTest" name="varifycheckboxtest" time="4.668"/>
  <system-out/>
  <testcase classname="webDriverTest.DynamicControlsTest" name="varifyenablebuttonTest" time="4.501"/>
  <system-out/>
  <testcase classname="webDriverTest.DynamicControlsTest" name="varifydisablebuttonTest" time="7.994"/>
  <system-out/>
</testsuite> <!-- webDriverTest.DynamicControlsTest -->
