<?xml version="1.0" encoding="UTF-8"?>
<!-- Generated by org.testng.reporters.JUnitReportReporter -->
<testsuite hostname="Roshan" failures="0" tests="1" name="webDriverTest.DropdownTest" time="11.659" errors="0" timestamp="2023-01-22T11:40:49 EST" skipped="0">
  <testcase classname="webDriverTest.DropdownTest" name="varifydropdownTest" time="11.659"/>
  <system-out/>
</testsuite> <!-- webDriverTest.DropdownTest -->
