<?xml version="1.0" encoding="UTF-8"?>
<!-- Generated by org.testng.reporters.JUnitReportReporter -->
<testsuite hostname="Roshan" failures="0" tests="1" name="webDriverTest.DynamicLoadingTest" time="7.734" errors="0" timestamp="2023-01-24T20:49:37 EST" skipped="0">
  <testcase classname="webDriverTest.DynamicLoadingTest" name="verifyDaynamicloadingTest" time="7.734"/>
  <system-out/>
</testsuite> <!-- webDriverTest.DynamicLoadingTest -->
