<?xml version="1.0" encoding="UTF-8"?>
<!-- Generated by org.testng.reporters.JUnitReportReporter -->
<testsuite hostname="Roshan" failures="0" tests="1" name="webDriverTest.CheckboxTest" time="14.573" errors="0" timestamp="2023-01-21T22:15:53 EST" skipped="0">
  <testcase classname="webDriverTest.CheckboxTest" name="Testchechboxes" time="14.573"/>
  <system-out/>
</testsuite> <!-- webDriverTest.CheckboxTest -->
