<?xml version="1.0" encoding="UTF-8"?>
<!-- Generated by org.testng.reporters.JUnitReportReporter -->
<testsuite hostname="Roshan" failures="0" tests="1" name="webDriverTest.DyanamicContentTest" time="11.763" errors="0" timestamp="2023-01-22T13:19:51 EST" skipped="0">
  <testcase classname="webDriverTest.DyanamicContentTest" name="varifyDynamictextTest" time="11.763"/>
  <system-out/>
</testsuite> <!-- webDriverTest.DyanamicContentTest -->
