<?xml version="1.0" encoding="UTF-8"?>
<!-- Generated by org.testng.reporters.JUnitReportReporter -->
<testsuite hostname="Roshan" failures="0" tests="1" name="webDriverTest.ContextMenuTest" time="6.968" errors="0" timestamp="2023-01-22T07:01:34 EST" skipped="0">
  <testcase classname="webDriverTest.ContextMenuTest" name="righclickonbox" time="6.968"/>
  <system-out/>
</testsuite> <!-- webDriverTest.ContextMenuTest -->
