<?xml version="1.0" encoding="UTF-8"?>
<!-- Generated by org.testng.reporters.JUnitReportReporter -->
<testsuite hostname="Roshan" failures="0" tests="1" name="webDriverTest.ValidLoginCredential" time="2.023" errors="0" timestamp="2023-01-21T20:24:18 EST" skipped="0">
  <testcase classname="webDriverTest.ValidLoginCredential" name="TestLogin" time="2.023"/>
  <system-out/>
</testsuite> <!-- webDriverTest.ValidLoginCredential -->
