<?xml version="1.0" encoding="UTF-8"?>
<!-- Generated by org.testng.reporters.JUnitReportReporter -->
<testsuite hostname="Roshan" failures="0" tests="1" name="webDriverTest.DropdownTest" time="12.164" errors="0" timestamp="2023-01-24T20:11:06 EST" skipped="0">
  <testcase classname="webDriverTest.DropdownTest" name="varifydropdownTest" time="12.164"/>
  <system-out/>
</testsuite> <!-- webDriverTest.DropdownTest -->
