<?xml version="1.0" encoding="UTF-8"?>
<!-- Generated by org.testng.reporters.JUnitReportReporter -->
<testsuite hostname="DESKTOP-AE8KGQC" failures="0" tests="1" name="com.tjank.SeleniumTests.LoginTest" time="7.953" errors="0" timestamp="2022-10-07T08:39:04 PDT" skipped="0">
  <testcase classname="com.tjank.SeleniumTests.LoginTest" name="happyPathLogin" time="7.953"/>
  <system-out/>
</testsuite> <!-- com.tjank.SeleniumTests.LoginTest -->
