<?xml version="1.0" encoding="UTF-8"?>
<!-- Generated by org.testng.reporters.JUnitReportReporter -->
<testsuite hostname="DESKTOP-AE8KGQC" failures="0" tests="1" name="com.tjank.SeleniumTests.DynamicControlsTest" time="32.309" errors="0" timestamp="2022-10-07T08:39:04 PDT" skipped="0">
  <testcase classname="com.tjank.SeleniumTests.DynamicControlsTest" name="dynamicControlsTest" time="32.309"/>
  <system-out/>
</testsuite> <!-- com.tjank.SeleniumTests.DynamicControlsTest -->
