<?xml version="1.0" encoding="UTF-8"?>
<!-- Generated by org.testng.reporters.JUnitReportReporter -->
<testsuite hostname="Patrickniyibizi" failures="0" tests="1" name="dropdown.dropdown" time="4.207" errors="0" timestamp="2023-01-12T23:06:00 CST" skipped="0">
  <testcase classname="dropdown.dropdown" name="dropdown" time="4.207"/>
  <system-out/>
</testsuite> <!-- dropdown.dropdown -->
