<?xml version="1.0" encoding="UTF-8"?>
<!-- Generated by org.testng.reporters.JUnitReportReporter -->
<testsuite skipped="0" hostname="Ismails-MBP" name="com.Test.FloatingMenuTest" tests="1" failures="0" timestamp="2020-09-16T14:22:59 EDT" time="0.076" errors="0">
  <testcase name="menu" time="0.076" classname="com.Test.FloatingMenuTest"/>
  <system-out/>
</testsuite> <!-- com.Test.FloatingMenuTest -->
