<?xml version="1.0" encoding="UTF-8"?>
<!-- Generated by org.testng.reporters.JUnitReportReporter -->
<testsuite skipped="0" hostname="Ismails-MacBook-Pro.local" name="DragAndDrop" tests="1" failures="0" timestamp="2020-09-10T22:30:25 EDT" time="3.026" errors="0">
  <testcase name="DragDrop" time="3.026" classname="DragAndDrop"/>
  <system-out/>
</testsuite> <!-- DragAndDrop -->
