<?xml version="1.0" encoding="UTF-8"?>
<!-- Generated by org.testng.reporters.JUnitReportReporter -->
<testsuite skipped="1" hostname="Ismails-MBP" name="LoginSuccess" tests="1" failures="0" timestamp="2020-09-15T03:42:20 EDT" time="0.000" errors="0">
  <testcase name="LoginSuccess" time="0.000" classname="LoginSuccess">
    <skipped/>
  </testcase> <!-- LoginSuccess -->
  <system-out/>
</testsuite> <!-- LoginSuccess -->
