<?xml version="1.0" encoding="UTF-8"?>
<!-- Generated by org.testng.reporters.JUnitReportReporter -->
<testsuite skipped="0" hostname="Ismails-MacBook-Pro.local" name="FileDownload" tests="1" failures="0" timestamp="2020-09-10T21:38:45 EDT" time="3.794" errors="0">
  <testcase name="Download" time="3.794" classname="FileDownload"/>
  <system-out/>
</testsuite> <!-- FileDownload -->
