<?xml version="1.0" encoding="UTF-8"?>
<!-- Generated by org.testng.reporters.JUnitReportReporter -->
<testsuite skipped="0" hostname="Ismails-MBP" name="com.Test.Tests$DragAndDrop" tests="1" failures="0" timestamp="2020-09-15T12:54:24 EDT" time="1.870" errors="0">
  <testcase name="DragDrop" time="1.870" classname="com.Test.Tests$DragAndDrop"/>
  <system-out/>
</testsuite> <!-- com.Test.Tests$DragAndDrop -->
