<?xml version="1.0" encoding="UTF-8"?>
<!-- Generated by org.testng.reporters.JUnitReportReporter -->
<testsuite skipped="0" hostname="Ismails-MBP" name="com.Test.MouseHoverTest" tests="1" failures="0" timestamp="2020-09-16T16:40:44 EDT" time="0.277" errors="0">
  <testcase name="MouseHover" time="0.277" classname="com.Test.MouseHoverTest"/>
  <system-out/>
</testsuite> <!-- com.Test.MouseHoverTest -->
