<?xml version="1.0" encoding="UTF-8"?>
<!-- Generated by org.testng.reporters.JUnitReportReporter -->
<testsuite skipped="0" hostname="Ismails-MBP" name="com.Test.DynamicControlsTest" tests="1" failures="0" timestamp="2020-09-16T13:22:25 EDT" time="0.224" errors="0">
  <testcase name="dynamicControls" time="0.224" classname="com.Test.DynamicControlsTest"/>
  <system-out/>
</testsuite> <!-- com.Test.DynamicControlsTest -->
