<?xml version="1.0" encoding="UTF-8"?>
<!-- Generated by org.testng.reporters.JUnitReportReporter -->
<testsuite skipped="0" hostname="Ismails-MBP" name="com.Test.NewTabTest" tests="1" failures="0" timestamp="2020-09-16T17:47:41 EDT" time="0.017" errors="0">
  <testcase name="tab" time="0.017" classname="com.Test.NewTabTest"/>
  <system-out/>
</testsuite> <!-- com.Test.NewTabTest -->
