<?xml version="1.0" encoding="UTF-8"?>
<!-- Generated by org.testng.reporters.JUnitReportReporter -->
<testsuite skipped="0" hostname="Ismails-MacBook-Pro.local" name="JavaScriptAlert" tests="1" failures="0" timestamp="2020-09-11T00:24:09 EDT" time="12.412" errors="0">
  <testcase name="Alert" time="12.412" classname="JavaScriptAlert"/>
  <system-out/>
</testsuite> <!-- JavaScriptAlert -->
