<?xml version="1.0" encoding="UTF-8"?>
<!-- Generated by org.testng.reporters.JUnitReportReporter -->
<testsuite skipped="0" hostname="Ismails-MBP" name="com.Test.FileUploadTest" tests="1" failures="0" timestamp="2020-09-16T14:07:44 EDT" time="0.185" errors="0">
  <testcase name="upload" time="0.185" classname="com.Test.FileUploadTest"/>
  <system-out/>
</testsuite> <!-- com.Test.FileUploadTest -->
