<?xml version="1.0" encoding="UTF-8"?>
<!-- Generated by org.testng.reporters.JUnitReportReporter -->
<testsuite skipped="0" hostname="Ismails-MacBook-Pro.local" name="LoginFailures" tests="1" failures="0" timestamp="2020-09-10T20:34:01 EDT" time="4.250" errors="0">
  <testcase name="LoginFailures" time="4.250" classname="LoginFailures"/>
  <system-out/>
</testsuite> <!-- LoginFailures -->
