<?xml version="1.0" encoding="UTF-8"?>
<!-- Generated by org.testng.reporters.JUnitReportReporter -->
<testsuite skipped="0" hostname="Ismails-MacBook-Pro.local" name="DynamicControls" tests="1" failures="0" timestamp="2020-09-10T23:20:21 EDT" time="4.240" errors="0">
  <testcase name="Controls" time="4.240" classname="DynamicControls"/>
  <system-out/>
</testsuite> <!-- DynamicControls -->
