<?xml version="1.0" encoding="UTF-8"?>
<!-- Generated by org.testng.reporters.JUnitReportReporter -->
<testsuite skipped="0" hostname="Ismails-MacBook-Pro.local" name="LoginSuccess" tests="1" failures="0" timestamp="2020-09-10T20:31:51 EDT" time="4.041" errors="0">
  <testcase name="LoginSuccess" time="4.041" classname="LoginSuccess"/>
  <system-out/>
</testsuite> <!-- LoginSuccess -->
