<?xml version="1.0" encoding="UTF-8"?>
<!-- Generated by org.testng.reporters.JUnitReportReporter -->
<testsuite skipped="0" hostname="Ismails-MBP" name="com.Test.JSAlertTests" tests="1" failures="0" timestamp="2020-09-16T15:24:33 EDT" time="2.619" errors="0">
  <testcase name="alert" time="2.619" classname="com.Test.JSAlertTests"/>
  <system-out/>
</testsuite> <!-- com.Test.JSAlertTests -->
