<?xml version="1.0" encoding="UTF-8"?>
<!-- Generated by org.testng.reporters.JUnitReportReporter -->
<testsuite skipped="0" hostname="Ismails-MacBook-Pro.local" name="FloatingMenu" tests="1" failures="0" timestamp="2020-09-11T02:02:05 EDT" time="3.394" errors="0">
  <testcase name="Floating" time="3.394" classname="FloatingMenu"/>
  <system-out/>
</testsuite> <!-- FloatingMenu -->
