<?xml version="1.0" encoding="UTF-8"?>
<!-- Generated by org.testng.reporters.JUnitReportReporter -->
<testsuite skipped="0" hostname="Ismails-MacBook-Pro.local" name="Checkbox" tests="1" failures="0" timestamp="2020-09-10T21:58:27 EDT" time="4.734" errors="0">
  <testcase name="checkBox" time="4.734" classname="Checkbox"/>
  <system-out/>
</testsuite> <!-- Checkbox -->
