<?xml version="1.0" encoding="UTF-8"?>
<!-- Generated by org.testng.reporters.JUnitReportReporter -->
<testsuite skipped="0" hostname="Ismails-MacBook-Pro.local" name="ContextClick" tests="1" failures="0" timestamp="2020-09-10T21:56:20 EDT" time="4.621" errors="0">
  <testcase name="ContextClick" time="4.621" classname="ContextClick"/>
  <system-out/>
</testsuite> <!-- ContextClick -->
