<?xml version="1.0" encoding="UTF-8"?>
<!-- Generated by org.testng.reporters.JUnitReportReporter -->
<testsuite skipped="0" hostname="Ismails-MacBook-Pro.local" name="DynamicLoadings" tests="1" failures="0" timestamp="2020-09-10T23:40:36 EDT" time="7.541" errors="0">
  <testcase name="Loading" time="7.541" classname="DynamicLoadings"/>
  <system-out/>
</testsuite> <!-- DynamicLoadings -->
