<?xml version="1.0" encoding="UTF-8"?>
<!-- Generated by org.testng.reporters.JUnitReportReporter -->
<testsuite skipped="0" hostname="Ismails-MBP" name="com.Test.DynamicContentTest" tests="1" failures="0" timestamp="2020-09-16T18:29:41 EDT" time="0.030" errors="0">
  <testcase name="dropDownTest" time="0.030" classname="com.Test.DynamicContentTest"/>
  <system-out/>
</testsuite> <!-- com.Test.DynamicContentTest -->
