<?xml version="1.0" encoding="UTF-8"?>
<!-- Generated by org.testng.reporters.JUnitReportReporter -->
<testsuite skipped="0" hostname="Ismails-MBP" name="com.Test.LoginSucessTest" tests="1" failures="0" timestamp="2020-09-16T10:49:41 EDT" time="0.276" errors="0">
  <testcase name="LoginCheck" time="0.276" classname="com.Test.LoginSucessTest"/>
  <system-out/>
</testsuite> <!-- com.Test.LoginSucessTest -->
