<?xml version="1.0" encoding="UTF-8"?>
<!-- Generated by org.testng.reporters.JUnitReportReporter -->
<testsuite skipped="0" hostname="Ismails-MBP" name="com.Test.IFrameTest" tests="1" failures="0" timestamp="2020-09-16T15:22:53 EDT" time="0.061" errors="0">
  <testcase name="menu" time="0.061" classname="com.Test.IFrameTest"/>
  <system-out/>
</testsuite> <!-- com.Test.IFrameTest -->
