<?xml version="1.0" encoding="UTF-8"?>
<!-- Generated by org.testng.reporters.JUnitReportReporter -->
<testsuite skipped="0" hostname="Ismails-MBP" name="com.testNgrunner.runnerClass" tests="1" failures="0" timestamp="2020-09-15T03:53:05 EDT" time="0.008" errors="0">
  <testcase name="feature" time="0.008" classname="com.testNgrunner.runnerClass"/>
  <system-out/>
</testsuite> <!-- com.testNgrunner.runnerClass -->
