<?xml version="1.0" encoding="UTF-8"?>
<!-- Generated by org.testng.reporters.JUnitReportReporter -->
<testsuite skipped="0" hostname="Ismails-MacBook-Pro.local" name="FloatingMenu$NewTab" tests="1" failures="0" timestamp="2020-09-11T01:07:24 EDT" time="3.581" errors="0">
  <testcase name="NewTab" time="3.581" classname="FloatingMenu$NewTab"/>
  <system-out/>
</testsuite> <!-- FloatingMenu$NewTab -->
