<?xml version="1.0" encoding="UTF-8"?>
<!-- Generated by org.testng.reporters.JUnitReportReporter -->
<testsuite skipped="0" hostname="Ismails-MBP" name="com.Test.DropDownTest" tests="1" failures="0" timestamp="2020-09-16T12:36:33 EDT" time="0.237" errors="0">
  <testcase name="dropDownTest" time="0.237" classname="com.Test.DropDownTest"/>
  <system-out/>
</testsuite> <!-- com.Test.DropDownTest -->
