<?xml version="1.0" encoding="UTF-8"?>
<!-- Generated by org.testng.reporters.JUnitReportReporter -->
<testsuite skipped="0" hostname="Ismails-MacBook-Pro.local" name="FileUpload" tests="1" failures="0" timestamp="2020-09-10T21:31:55 EDT" time="4.098" errors="0">
  <testcase name="Upload" time="4.098" classname="FileUpload"/>
  <system-out/>
</testsuite> <!-- FileUpload -->
