<?xml version="1.0" encoding="UTF-8"?>
<!-- Generated by org.testng.reporters.JUnitReportReporter -->
<testsuite skipped="0" hostname="Ismails-MacBook-Pro.local" name="NewTab" tests="1" failures="0" timestamp="2020-09-11T01:32:22 EDT" time="3.730" errors="0">
  <testcase name="NewTab" time="3.730" classname="NewTab"/>
  <system-out/>
</testsuite> <!-- NewTab -->
