<?xml version="1.0" encoding="UTF-8"?>
<!-- Generated by org.testng.reporters.JUnitReportReporter -->
<testsuite skipped="0" hostname="Ismails-MBP" name="com.Test.LoginFailTest" tests="1" failures="0" timestamp="2020-09-16T10:55:43 EDT" time="0.270" errors="0">
  <testcase name="LoginCheck" time="0.270" classname="com.Test.LoginFailTest"/>
  <system-out/>
</testsuite> <!-- com.Test.LoginFailTest -->
