<?xml version="1.0" encoding="UTF-8"?>
<!-- Generated by org.testng.reporters.JUnitReportReporter -->
<testsuite skipped="1" hostname="Ismails-MBP" name="JavaScriptErrors" tests="1" failures="0" timestamp="2020-09-15T03:42:20 EDT" time="0.000" errors="0">
  <testcase name="JSErrors" time="0.000" classname="JavaScriptErrors">
    <skipped/>
  </testcase> <!-- JSErrors -->
  <system-out/>
</testsuite> <!-- JavaScriptErrors -->
