<?xml version="1.0" encoding="UTF-8"?>
<!-- Generated by org.testng.reporters.JUnitReportReporter -->
<testsuite skipped="0" hostname="Ismails-MacBook-Pro.local" name="MouseHover" tests="1" failures="0" timestamp="2020-09-10T20:46:56 EDT" time="4.029" errors="0">
  <testcase name="MouseHover" time="4.029" classname="MouseHover"/>
  <system-out/>
</testsuite> <!-- MouseHover -->
