<?xml version="1.0" encoding="UTF-8"?>
<!-- Generated by org.testng.reporters.JUnitReportReporter -->
<testsuite skipped="0" hostname="Ismails-MBP" name="com.Test.DynamicLoadingTest" tests="1" failures="0" timestamp="2020-09-16T13:46:26 EDT" time="0.051" errors="0">
  <testcase name="dynamicControls" time="0.051" classname="com.Test.DynamicLoadingTest"/>
  <system-out/>
</testsuite> <!-- com.Test.DynamicLoadingTest -->
