<?xml version="1.0" encoding="UTF-8"?>
<!-- Generated by org.testng.reporters.JUnitReportReporter -->
<testsuite hostname="Patrickniyibizi" failures="0" tests="1" name="checkbox.CheckBoxes" time="0.153" errors="0" timestamp="2023-01-12T18:57:11 CST" skipped="0">
  <testcase classname="checkbox.CheckBoxes" name="checkTheBoxes" time="0.153"/>
  <system-out/>
</testsuite> <!-- checkbox.CheckBoxes -->
