<?xml version="1.0" encoding="UTF-8"?>
<!-- Generated by org.testng.reporters.JUnitReportReporter -->
<testsuite hostname="Patrickniyibizi" failures="0" tests="1" name="test.LoginTest" time="2.463" errors="0" timestamp="2023-01-12T17:42:41 CST" skipped="0">
  <testcase classname="test.LoginTest" name="userShouldBeAbleToLogin" time="2.463"/>
  <system-out/>
</testsuite> <!-- test.LoginTest -->
