<?xml version="1.0" encoding="UTF-8" ?>
<testsuite tests="34" failures="2" name="TestSuite" time="554.725" errors="0" skipped="15">
  <properties>
    <property name="java.runtime.name" value="Java(TM) SE Runtime Environment"/>
    <property name="java.vm.version" value="11.0.5+10-LTS"/>
    <property name="sun.boot.library.path" value="/Library/Java/JavaVirtualMachines/jdk-11.0.5.jdk/Contents/Home/lib"/>
    <property name="gopherProxySet" value="false"/>
    <property name="maven.multiModuleProjectDirectory" value="/Users/arunkumarhariharan/Desktop/FebClass/Feb Class/Class/com.qa.beartax/com.takehome"/>
    <property name="java.vm.vendor" value="Oracle Corporation"/>
    <property name="java.vendor.url" value="http://java.oracle.com/"/>
    <property name="guice.disable.misplaced.annotation.check" value="true"/>
    <property name="path.separator" value=":"/>
    <property name="java.vm.name" value="Java HotSpot(TM) 64-Bit Server VM"/>
    <property name="sun.os.patch.level" value="unknown"/>
    <property name="user.country" value="US"/>
    <property name="sun.java.launcher" value="SUN_STANDARD"/>
    <property name="java.vm.specification.name" value="Java Virtual Machine Specification"/>
    <property name="user.dir" value="/Users/arunkumarhariharan/Desktop/FebClass/Feb Class/Class/com.qa.beartax/com.takehome"/>
    <property name="java.vm.compressedOopsMode" value="Zero based"/>
    <property name="java.runtime.version" value="11.0.5+10-LTS"/>
    <property name="java.awt.graphicsenv" value="sun.awt.CGraphicsEnvironment"/>
    <property name="os.arch" value="x86_64"/>
    <property name="java.io.tmpdir" value="/var/folders/kb/c1xsqgqs113d_745_4397xzr0000gn/T/"/>
    <property name="line.separator" value="
"/>
    <property name="java.vm.specification.vendor" value="Oracle Corporation"/>
    <property name="os.name" value="Mac OS X"/>
    <property name="classworlds.conf" value="/Users/arunkumarhariharan/apache-maven-3.8.6/bin/m2.conf"/>
    <property name="sun.jnu.encoding" value="UTF-8"/>
    <property name="java.library.path" value="/Users/arunkumarhariharan/Library/Java/Extensions:/Library/Java/Extensions:/Network/Library/Java/Extensions:/System/Library/Java/Extensions:/usr/lib/java:."/>
    <property name="maven.conf" value="/Users/arunkumarhariharan/apache-maven-3.8.6/conf"/>
    <property name="jdk.debug" value="release"/>
    <property name="java.class.version" value="55.0"/>
    <property name="java.specification.name" value="Java Platform API Specification"/>
    <property name="sun.management.compiler" value="HotSpot 64-Bit Tiered Compilers"/>
    <property name="os.version" value="10.16"/>
    <property name="library.jansi.path" value="/Users/arunkumarhariharan/apache-maven-3.8.6/lib/jansi-native"/>
    <property name="user.home" value="/Users/arunkumarhariharan"/>
    <property name="user.timezone" value="America/New_York"/>
    <property name="java.awt.printerjob" value="sun.lwawt.macosx.CPrinterJob"/>
    <property name="file.encoding" value="UTF-8"/>
    <property name="java.specification.version" value="11"/>
    <property name="user.name" value="arunkumarhariharan"/>
    <property name="java.class.path" value="/Users/arunkumarhariharan/apache-maven-3.8.6/boot/plexus-classworlds-2.6.0.jar"/>
    <property name="java.vm.specification.version" value="11"/>
    <property name="sun.arch.data.model" value="64"/>
    <property name="sun.java.command" value="org.codehaus.plexus.classworlds.launcher.Launcher test"/>
    <property name="java.home" value="/Library/Java/JavaVirtualMachines/jdk-11.0.5.jdk/Contents/Home"/>
    <property name="user.language" value="en"/>
    <property name="java.specification.vendor" value="Oracle Corporation"/>
    <property name="awt.toolkit" value="sun.lwawt.macosx.LWCToolkit"/>
    <property name="java.vm.info" value="mixed mode"/>
    <property name="java.version" value="11.0.5"/>
    <property name="java.vendor" value="Oracle Corporation"/>
    <property name="maven.home" value="/Users/arunkumarhariharan/apache-maven-3.8.6"/>
    <property name="file.separator" value="/"/>
    <property name="java.version.date" value="2019-10-15"/>
    <property name="java.vendor.url.bug" value="http://bugreport.java.com/bugreport/"/>
    <property name="sun.io.unicode.encoding" value="UnicodeBig"/>
    <property name="sun.cpu.endian" value="little"/>
    <property name="java.vendor.version" value="18.9"/>
    <property name="sun.cpu.isalist" value=""/>
  </properties>
  <testcase classname="com.takehome.testcases.LoginSuccessTest" name="loginSuccess" time="1.653"/>
  <testcase classname="com.takehome.testcases.DropdownTest" name="dropdown" time="1.01"/>
  <testcase classname="com.takehome.testcases.LoginFailureTest" name="loginFailure" time="1.864"/>
  <testcase classname="com.takehome.testcases.OpenNewWindowTest" name="opennewwindow" time="0.869"/>
  <testcase classname="com.takehome.testcases.IFramesTest" name="iframes" time="2.122"/>
  <testcase classname="com.takehome.testcases.NotificationMessageTest" name="notificationmessage" time="12.074"/>
  <testcase classname="com.takehome.testcases.DynamicControlTest" name="dynamiccontrol" time="13.35"/>
  <testcase classname="com.takehome.testcases.FloatingMenuTest" name="floatingmenu" time="0.236"/>
  <testcase classname="com.takehome.testcases.DynamicloadingTest" name="dynamicloading" time="5.319"/>
  <testcase classname="com.takehome.testcases.DynamicContentTest" name="dynamiccontent" time="0.488"/>
  <testcase classname="com.takehome.testcases.DragandDropTest" name="draganddrop" time="0.517">
    <failure message=" Failed to Drag and Drop expected [B] but found [A]" type="java.lang.AssertionError">java.lang.AssertionError:  Failed to Drag and Drop expected [B] but found [A]
	at org.testng.Assert.fail(Assert.java:110)
	at org.testng.Assert.failNotEquals(Assert.java:1413)
	at org.testng.Assert.assertEqualsImpl(Assert.java:149)
	at org.testng.Assert.assertEquals(Assert.java:131)
	at org.testng.Assert.assertEquals(Assert.java:655)
	at com.takehome.testcases.DragandDropTest.draganddrop(DragandDropTest.java:31)
</failure>
  </testcase>
  <testcase classname="com.takehome.testcases.JavaScriptAlertTest" name="javascriptalert" time="1.054"/>
  <testcase classname="com.takehome.testcases.CheckBoxesTest" name="checkboxes" time="0.309"/>
  <testcase classname="com.takehome.testcases.FileUploadTest" name="fileupload" time="0.424"/>
  <testcase classname="com.takehome.testcases.JavaScriptErrorTest" name="javascripterrorsolution2" time="0.078"/>
  <testcase classname="com.takehome.testcases.FileDownloadsTest" name="filedownload" time="0.338"/>
  <testcase classname="com.takehome.testcases.ContextMenuTest" name="contextmenu" time="0.569"/>
  <testcase classname="com.takehome.testcases.MouseHoverTest" name="mousehover" time="0.651"/>
  <testcase classname="com.takehome.testcases.DragandDropTest" name="teardown" time="31.986">
    <failure message="unknown error: failed to close window in 20 seconds
  (Session info: chrome=108.0.5359.124)
Build info: version: &apos;3.141.59&apos;, revision: &apos;e82be7d358&apos;, time: &apos;2018-11-14T08:17:03&apos;
System info: host: &apos;Arunkumars-MacBook-Pro.local&apos;, ip: &apos;fe80:0:0:0:8b0:763b:a9a4:627f%en0&apos;, os.name: &apos;Mac OS X&apos;, os.arch: &apos;x86_64&apos;, os.version: &apos;10.16&apos;, java.version: &apos;11.0.5&apos;
Driver info: org.openqa.selenium.chrome.ChromeDriver
Capabilities {acceptInsecureCerts: false, browserName: chrome, browserVersion: 108.0.5359.124, chrome: {chromedriverVersion: 108.0.5359.71 (1e0e3868ee06..., userDataDir: /var/folders/kb/c1xsqgqs113...}, goog:chromeOptions: {debuggerAddress: localhost:62672}, javascriptEnabled: true, networkConnectionEnabled: false, pageLoadStrategy: normal, platform: MAC, platformName: MAC, proxy: Proxy(), setWindowRect: true, strictFileInteractability: false, timeouts: {implicit: 0, pageLoad: 300000, script: 30000}, unhandledPromptBehavior: dismiss and notify, webauthn:extension:credBlob: true, webauthn:extension:largeBlob: true, webauthn:virtualAuthenticators: true}
Session ID: 7664065e7dd4dcca7c61786636d508a8" type="org.openqa.selenium.WebDriverException">org.openqa.selenium.WebDriverException: unknown error: failed to close window in 20 seconds
  (Session info: chrome=108.0.5359.124)
Build info: version: &apos;3.141.59&apos;, revision: &apos;e82be7d358&apos;, time: &apos;2018-11-14T08:17:03&apos;
System info: host: &apos;Arunkumars-MacBook-Pro.local&apos;, ip: &apos;fe80:0:0:0:8b0:763b:a9a4:627f%en0&apos;, os.name: &apos;Mac OS X&apos;, os.arch: &apos;x86_64&apos;, os.version: &apos;10.16&apos;, java.version: &apos;11.0.5&apos;
Driver info: org.openqa.selenium.chrome.ChromeDriver
Capabilities {acceptInsecureCerts: false, browserName: chrome, browserVersion: 108.0.5359.124, chrome: {chromedriverVersion: 108.0.5359.71 (1e0e3868ee06..., userDataDir: /var/folders/kb/c1xsqgqs113...}, goog:chromeOptions: {debuggerAddress: localhost:62672}, javascriptEnabled: true, networkConnectionEnabled: false, pageLoadStrategy: normal, platform: MAC, platformName: MAC, proxy: Proxy(), setWindowRect: true, strictFileInteractability: false, timeouts: {implicit: 0, pageLoad: 300000, script: 30000}, unhandledPromptBehavior: dismiss and notify, webauthn:extension:credBlob: true, webauthn:extension:largeBlob: true, webauthn:virtualAuthenticators: true}
Session ID: 7664065e7dd4dcca7c61786636d508a8
	at java.base/jdk.internal.reflect.NativeConstructorAccessorImpl.newInstance0(Native Method)
	at java.base/jdk.internal.reflect.NativeConstructorAccessorImpl.newInstance(NativeConstructorAccessorImpl.java:62)
	at java.base/jdk.internal.reflect.DelegatingConstructorAccessorImpl.newInstance(DelegatingConstructorAccessorImpl.java:45)
	at java.base/java.lang.reflect.Constructor.newInstance(Constructor.java:490)
	at org.openqa.selenium.remote.http.W3CHttpResponseCodec.createException(W3CHttpResponseCodec.java:187)
	at org.openqa.selenium.remote.http.W3CHttpResponseCodec.decode(W3CHttpResponseCodec.java:122)
	at org.openqa.selenium.remote.http.W3CHttpResponseCodec.decode(W3CHttpResponseCodec.java:49)
	at org.openqa.selenium.remote.HttpCommandExecutor.execute(HttpCommandExecutor.java:158)
	at org.openqa.selenium.remote.service.DriverCommandExecutor.execute(DriverCommandExecutor.java:83)
	at org.openqa.selenium.remote.RemoteWebDriver.execute(RemoteWebDriver.java:552)
	at org.openqa.selenium.remote.RemoteWebDriver.execute(RemoteWebDriver.java:609)
	at org.openqa.selenium.remote.RemoteWebDriver.close(RemoteWebDriver.java:442)
	at com.takehome.testcases.DragandDropTest.teardown(DragandDropTest.java:46)
</failure>
  </testcase>
  <testcase classname="com.takehome.testcases.DropdownTest" name="teardown" time="31.986">
    <skipped/>
  </testcase>
  <testcase classname="com.takehome.testcases.DynamicContentTest" name="teardown" time="31.986">
    <skipped/>
  </testcase>
  <testcase classname="com.takehome.testcases.DynamicControlTest" name="teardown" time="31.987">
    <skipped/>
  </testcase>
  <testcase classname="com.takehome.testcases.DynamicloadingTest" name="teardown" time="31.987">
    <skipped/>
  </testcase>
  <testcase classname="com.takehome.testcases.FileDownloadsTest" name="teardown" time="31.987">
    <skipped/>
  </testcase>
  <testcase classname="com.takehome.testcases.FileUploadTest" name="teardown" time="31.987">
    <skipped/>
  </testcase>
  <testcase classname="com.takehome.testcases.FloatingMenuTest" name="teardown" time="31.987">
    <skipped/>
  </testcase>
  <testcase classname="com.takehome.testcases.IFramesTest" name="teardown" time="31.988">
    <skipped/>
  </testcase>
  <testcase classname="com.takehome.testcases.JavaScriptAlertTest" name="teardown" time="31.988">
    <skipped/>
  </testcase>
  <testcase classname="com.takehome.testcases.JavaScriptErrorTest" name="teardown" time="31.988">
    <skipped/>
  </testcase>
  <testcase classname="com.takehome.testcases.LoginFailureTest" name="teardown" time="31.988">
    <skipped/>
  </testcase>
  <testcase classname="com.takehome.testcases.LoginSuccessTest" name="teardown" time="31.988">
    <skipped/>
  </testcase>
  <testcase classname="com.takehome.testcases.MouseHoverTest" name="teardown" time="31.989">
    <skipped/>
  </testcase>
  <testcase classname="com.takehome.testcases.NotificationMessageTest" name="teardown" time="31.989">
    <skipped/>
  </testcase>
  <testcase classname="com.takehome.testcases.OpenNewWindowTest" name="teardown" time="31.989">
    <skipped/>
  </testcase>
</testsuite>