<?xml version="1.0" encoding="UTF-8"?>
<testsuite xmlns:xsi="http://www.w3.org/2001/XMLSchema-instance" xsi:noNamespaceSchemaLocation="https://maven.apache.org/surefire/maven-surefire-plugin/xsd/surefire-test-report-3.0.xsd" version="3.0" name="TestSuite" time="87.52" tests="25" errors="0" skipped="0" failures="0">
  <properties>
    <property name="java.specification.version" value="18"/>
    <property name="webdriver.chrome.driver" value="C:\Users\lwiss\.cache\selenium\chromedriver\win32\107.0.5304.62\chromedriver.exe"/>
    <property name="sun.cpu.isalist" value="amd64"/>
    <property name="sun.jnu.encoding" value="Cp1252"/>
    <property name="java.class.path" value="C:\Users\lwiss\IdeaProjects\take-home-webdriver-test\target\test-classes;C:\Users\lwiss\IdeaProjects\take-home-webdriver-test\target\classes;C:\Users\lwiss\.m2\repository\org\seleniumhq\selenium\selenium-java\4.5.2\selenium-java-4.5.2.jar;C:\Users\lwiss\.m2\repository\org\seleniumhq\selenium\selenium-api\4.5.2\selenium-api-4.5.2.jar;C:\Users\lwiss\.m2\repository\org\seleniumhq\selenium\selenium-chrome-driver\4.5.2\selenium-chrome-driver-4.5.2.jar;C:\Users\lwiss\.m2\repository\org\seleniumhq\selenium\selenium-chromium-driver\4.5.2\selenium-chromium-driver-4.5.2.jar;C:\Users\lwiss\.m2\repository\org\seleniumhq\selenium\selenium-devtools-v104\4.5.2\selenium-devtools-v104-4.5.2.jar;C:\Users\lwiss\.m2\repository\org\seleniumhq\selenium\selenium-devtools-v105\4.5.2\selenium-devtools-v105-4.5.2.jar;C:\Users\lwiss\.m2\repository\org\seleniumhq\selenium\selenium-devtools-v106\4.5.2\selenium-devtools-v106-4.5.2.jar;C:\Users\lwiss\.m2\repository\org\seleniumhq\selenium\selenium-devtools-v85\4.5.2\selenium-devtools-v85-4.5.2.jar;C:\Users\lwiss\.m2\repository\org\seleniumhq\selenium\selenium-edge-driver\4.5.2\selenium-edge-driver-4.5.2.jar;C:\Users\lwiss\.m2\repository\org\seleniumhq\selenium\selenium-firefox-driver\4.5.2\selenium-firefox-driver-4.5.2.jar;C:\Users\lwiss\.m2\repository\org\seleniumhq\selenium\selenium-ie-driver\4.5.2\selenium-ie-driver-4.5.2.jar;C:\Users\lwiss\.m2\repository\org\seleniumhq\selenium\selenium-remote-driver\4.5.2\selenium-remote-driver-4.5.2.jar;C:\Users\lwiss\.m2\repository\io\netty\netty-buffer\4.1.84.Final\netty-buffer-4.1.84.Final.jar;C:\Users\lwiss\.m2\repository\io\netty\netty-codec-http\4.1.84.Final\netty-codec-http-4.1.84.Final.jar;C:\Users\lwiss\.m2\repository\io\netty\netty-codec\4.1.84.Final\netty-codec-4.1.84.Final.jar;C:\Users\lwiss\.m2\repository\io\netty\netty-handler\4.1.84.Final\netty-handler-4.1.84.Final.jar;C:\Users\lwiss\.m2\repository\io\netty\netty-common\4.1.84.Final\netty-common-4.1.84.Final.jar;C:\Users\lwiss\.m2\repository\io\netty\netty-transport-classes-epoll\4.1.84.Final\netty-transport-classes-epoll-4.1.84.Final.jar;C:\Users\lwiss\.m2\repository\io\netty\netty-transport-classes-kqueue\4.1.84.Final\netty-transport-classes-kqueue-4.1.84.Final.jar;C:\Users\lwiss\.m2\repository\io\netty\netty-transport-native-epoll\4.1.84.Final\netty-transport-native-epoll-4.1.84.Final.jar;C:\Users\lwiss\.m2\repository\io\netty\netty-transport-native-kqueue\4.1.84.Final\netty-transport-native-kqueue-4.1.84.Final.jar;C:\Users\lwiss\.m2\repository\io\netty\netty-transport-native-unix-common\4.1.84.Final\netty-transport-native-unix-common-4.1.84.Final.jar;C:\Users\lwiss\.m2\repository\io\netty\netty-transport\4.1.84.Final\netty-transport-4.1.84.Final.jar;C:\Users\lwiss\.m2\repository\io\netty\netty-resolver\4.1.84.Final\netty-resolver-4.1.84.Final.jar;C:\Users\lwiss\.m2\repository\io\opentelemetry\opentelemetry-api\1.19.0\opentelemetry-api-1.19.0.jar;C:\Users\lwiss\.m2\repository\io\opentelemetry\opentelemetry-context\1.19.0\opentelemetry-context-1.19.0.jar;C:\Users\lwiss\.m2\repository\io\opentelemetry\opentelemetry-exporter-logging\1.19.0\opentelemetry-exporter-logging-1.19.0.jar;C:\Users\lwiss\.m2\repository\io\opentelemetry\opentelemetry-sdk-metrics\1.19.0\opentelemetry-sdk-metrics-1.19.0.jar;C:\Users\lwiss\.m2\repository\io\opentelemetry\opentelemetry-sdk-logs\1.19.0-alpha\opentelemetry-sdk-logs-1.19.0-alpha.jar;C:\Users\lwiss\.m2\repository\io\opentelemetry\opentelemetry-api-logs\1.19.0-alpha\opentelemetry-api-logs-1.19.0-alpha.jar;C:\Users\lwiss\.m2\repository\io\opentelemetry\opentelemetry-sdk-common\1.19.0\opentelemetry-sdk-common-1.19.0.jar;C:\Users\lwiss\.m2\repository\io\opentelemetry\opentelemetry-sdk-extension-autoconfigure-spi\1.19.0\opentelemetry-sdk-extension-autoconfigure-spi-1.19.0.jar;C:\Users\lwiss\.m2\repository\io\opentelemetry\opentelemetry-sdk-extension-autoconfigure\1.19.0-alpha\opentelemetry-sdk-extension-autoconfigure-1.19.0-alpha.jar;C:\Users\lwiss\.m2\repository\io\opentelemetry\opentelemetry-exporter-common\1.19.0\opentelemetry-exporter-common-1.19.0.jar;C:\Users\lwiss\.m2\repository\io\opentelemetry\opentelemetry-sdk-trace\1.19.0\opentelemetry-sdk-trace-1.19.0.jar;C:\Users\lwiss\.m2\repository\io\opentelemetry\opentelemetry-sdk\1.19.0\opentelemetry-sdk-1.19.0.jar;C:\Users\lwiss\.m2\repository\io\opentelemetry\opentelemetry-semconv\1.19.0-alpha\opentelemetry-semconv-1.19.0-alpha.jar;C:\Users\lwiss\.m2\repository\io\ous\jtoml\2.0.0\jtoml-2.0.0.jar;C:\Users\lwiss\.m2\repository\org\apache\commons\commons-exec\1.3\commons-exec-1.3.jar;C:\Users\lwiss\.m2\repository\org\asynchttpclient\async-http-client\2.12.3\async-http-client-2.12.3.jar;C:\Users\lwiss\.m2\repository\org\asynchttpclient\async-http-client-netty-utils\2.12.3\async-http-client-netty-utils-2.12.3.jar;C:\Users\lwiss\.m2\repository\io\netty\netty-codec-socks\4.1.60.Final\netty-codec-socks-4.1.60.Final.jar;C:\Users\lwiss\.m2\repository\io\netty\netty-handler-proxy\4.1.60.Final\netty-handler-proxy-4.1.60.Final.jar;C:\Users\lwiss\.m2\repository\io\netty\netty-transport-native-epoll\4.1.60.Final\netty-transport-native-epoll-4.1.60.Final-linux-x86_64.jar;C:\Users\lwiss\.m2\repository\io\netty\netty-transport-native-kqueue\4.1.60.Final\netty-transport-native-kqueue-4.1.60.Final-osx-x86_64.jar;C:\Users\lwiss\.m2\repository\org\reactivestreams\reactive-streams\1.0.3\reactive-streams-1.0.3.jar;C:\Users\lwiss\.m2\repository\com\typesafe\netty\netty-reactive-streams\2.0.4\netty-reactive-streams-2.0.4.jar;C:\Users\lwiss\.m2\repository\com\sun\activation\jakarta.activation\1.2.2\jakarta.activation-1.2.2.jar;C:\Users\lwiss\.m2\repository\org\seleniumhq\selenium\selenium-http\4.5.2\selenium-http-4.5.2.jar;C:\Users\lwiss\.m2\repository\dev\failsafe\failsafe\3.3.0\failsafe-3.3.0.jar;C:\Users\lwiss\.m2\repository\org\seleniumhq\selenium\selenium-safari-driver\4.5.2\selenium-safari-driver-4.5.2.jar;C:\Users\lwiss\.m2\repository\org\seleniumhq\selenium\selenium-support\4.5.2\selenium-support-4.5.2.jar;C:\Users\lwiss\.m2\repository\com\google\auto\service\auto-service-annotations\1.0.1\auto-service-annotations-1.0.1.jar;C:\Users\lwiss\.m2\repository\com\google\auto\service\auto-service\1.0.1\auto-service-1.0.1.jar;C:\Users\lwiss\.m2\repository\com\google\auto\auto-common\1.2\auto-common-1.2.jar;C:\Users\lwiss\.m2\repository\com\google\guava\guava\31.1-jre\guava-31.1-jre.jar;C:\Users\lwiss\.m2\repository\com\google\guava\failureaccess\1.0.1\failureaccess-1.0.1.jar;C:\Users\lwiss\.m2\repository\com\google\guava\listenablefuture\9999.0-empty-to-avoid-conflict-with-guava\listenablefuture-9999.0-empty-to-avoid-conflict-with-guava.jar;C:\Users\lwiss\.m2\repository\org\checkerframework\checker-qual\3.12.0\checker-qual-3.12.0.jar;C:\Users\lwiss\.m2\repository\com\google\errorprone\error_prone_annotations\2.11.0\error_prone_annotations-2.11.0.jar;C:\Users\lwiss\.m2\repository\com\google\j2objc\j2objc-annotations\1.3\j2objc-annotations-1.3.jar;C:\Users\lwiss\.m2\repository\net\bytebuddy\byte-buddy\1.12.18\byte-buddy-1.12.18.jar;C:\Users\lwiss\.m2\repository\org\seleniumhq\selenium\selenium-json\4.5.2\selenium-json-4.5.2.jar;C:\Users\lwiss\.m2\repository\org\testng\testng\7.6.1\testng-7.6.1.jar;C:\Users\lwiss\.m2\repository\com\google\code\findbugs\jsr305\3.0.2\jsr305-3.0.2.jar;C:\Users\lwiss\.m2\repository\org\slf4j\slf4j-api\1.7.36\slf4j-api-1.7.36.jar;C:\Users\lwiss\.m2\repository\com\beust\jcommander\1.82\jcommander-1.82.jar;C:\Users\lwiss\.m2\repository\org\webjars\jquery\3.6.0\jquery-3.6.0.jar;C:\Users\lwiss\.m2\repository\io\github\bonigarcia\webdrivermanager\5.3.0\webdrivermanager-5.3.0.jar;C:\Users\lwiss\.m2\repository\com\google\code\gson\gson\2.9.1\gson-2.9.1.jar;C:\Users\lwiss\.m2\repository\com\github\docker-java\docker-java\3.2.13\docker-java-3.2.13.jar;C:\Users\lwiss\.m2\repository\com\github\docker-java\docker-java-core\3.2.13\docker-java-core-3.2.13.jar;C:\Users\lwiss\.m2\repository\com\github\docker-java\docker-java-api\3.2.13\docker-java-api-3.2.13.jar;C:\Users\lwiss\.m2\repository\com\fasterxml\jackson\core\jackson-annotations\2.10.3\jackson-annotations-2.10.3.jar;C:\Users\lwiss\.m2\repository\commons-io\commons-io\2.6\commons-io-2.6.jar;C:\Users\lwiss\.m2\repository\org\apache\commons\commons-compress\1.21\commons-compress-1.21.jar;C:\Users\lwiss\.m2\repository\com\fasterxml\jackson\core\jackson-databind\2.10.3\jackson-databind-2.10.3.jar;C:\Users\lwiss\.m2\repository\com\fasterxml\jackson\core\jackson-core\2.10.3\jackson-core-2.10.3.jar;C:\Users\lwiss\.m2\repository\org\bouncycastle\bcpkix-jdk15on\1.64\bcpkix-jdk15on-1.64.jar;C:\Users\lwiss\.m2\repository\org\bouncycastle\bcprov-jdk15on\1.64\bcprov-jdk15on-1.64.jar;C:\Users\lwiss\.m2\repository\org\slf4j\jcl-over-slf4j\1.7.30\jcl-over-slf4j-1.7.30.jar;C:\Users\lwiss\.m2\repository\com\github\docker-java\docker-java-transport-httpclient5\3.2.13\docker-java-transport-httpclient5-3.2.13.jar;C:\Users\lwiss\.m2\repository\com\github\docker-java\docker-java-transport\3.2.13\docker-java-transport-3.2.13.jar;C:\Users\lwiss\.m2\repository\net\java\dev\jna\jna\5.8.0\jna-5.8.0.jar;C:\Users\lwiss\.m2\repository\org\brotli\dec\0.1.2\dec-0.1.2.jar;C:\Users\lwiss\.m2\repository\org\apache\commons\commons-lang3\3.12.0\commons-lang3-3.12.0.jar;C:\Users\lwiss\.m2\repository\org\apache\httpcomponents\client5\httpclient5\5.1.3\httpclient5-5.1.3.jar;C:\Users\lwiss\.m2\repository\org\apache\httpcomponents\core5\httpcore5\5.1.3\httpcore5-5.1.3.jar;C:\Users\lwiss\.m2\repository\org\apache\httpcomponents\core5\httpcore5-h2\5.1.3\httpcore5-h2-5.1.3.jar;C:\Users\lwiss\.m2\repository\commons-codec\commons-codec\1.15\commons-codec-1.15.jar;"/>
    <property name="java.vm.vendor" value="Oracle Corporation"/>
    <property name="sun.arch.data.model" value="64"/>
    <property name="user.variant" value=""/>
    <property name="java.vendor.url" value="https://java.oracle.com/"/>
    <property name="user.timezone" value="America/La_Paz"/>
    <property name="os.name" value="Windows 11"/>
    <property name="java.vm.specification.version" value="18"/>
    <property name="sun.java.launcher" value="SUN_STANDARD"/>
    <property name="user.country" value="US"/>
    <property name="sun.boot.library.path" value="C:\Program Files\Java\jdk-18.0.2\bin"/>
    <property name="sun.java.command" value="C:\Users\lwiss\AppData\Local\Temp\surefire11511904448393361504\surefirebooter-20221107005853538_3.jar C:\Users\lwiss\AppData\Local\Temp\surefire11511904448393361504 2022-11-07T00-58-53_352-jvmRun1 surefire-20221107005853538_1tmp surefire_0-20221107005853538_2tmp"/>
    <property name="jdk.debug" value="release"/>
    <property name="surefire.test.class.path" value="C:\Users\lwiss\IdeaProjects\take-home-webdriver-test\target\test-classes;C:\Users\lwiss\IdeaProjects\take-home-webdriver-test\target\classes;C:\Users\lwiss\.m2\repository\org\seleniumhq\selenium\selenium-java\4.5.2\selenium-java-4.5.2.jar;C:\Users\lwiss\.m2\repository\org\seleniumhq\selenium\selenium-api\4.5.2\selenium-api-4.5.2.jar;C:\Users\lwiss\.m2\repository\org\seleniumhq\selenium\selenium-chrome-driver\4.5.2\selenium-chrome-driver-4.5.2.jar;C:\Users\lwiss\.m2\repository\org\seleniumhq\selenium\selenium-chromium-driver\4.5.2\selenium-chromium-driver-4.5.2.jar;C:\Users\lwiss\.m2\repository\org\seleniumhq\selenium\selenium-devtools-v104\4.5.2\selenium-devtools-v104-4.5.2.jar;C:\Users\lwiss\.m2\repository\org\seleniumhq\selenium\selenium-devtools-v105\4.5.2\selenium-devtools-v105-4.5.2.jar;C:\Users\lwiss\.m2\repository\org\seleniumhq\selenium\selenium-devtools-v106\4.5.2\selenium-devtools-v106-4.5.2.jar;C:\Users\lwiss\.m2\repository\org\seleniumhq\selenium\selenium-devtools-v85\4.5.2\selenium-devtools-v85-4.5.2.jar;C:\Users\lwiss\.m2\repository\org\seleniumhq\selenium\selenium-edge-driver\4.5.2\selenium-edge-driver-4.5.2.jar;C:\Users\lwiss\.m2\repository\org\seleniumhq\selenium\selenium-firefox-driver\4.5.2\selenium-firefox-driver-4.5.2.jar;C:\Users\lwiss\.m2\repository\org\seleniumhq\selenium\selenium-ie-driver\4.5.2\selenium-ie-driver-4.5.2.jar;C:\Users\lwiss\.m2\repository\org\seleniumhq\selenium\selenium-remote-driver\4.5.2\selenium-remote-driver-4.5.2.jar;C:\Users\lwiss\.m2\repository\io\netty\netty-buffer\4.1.84.Final\netty-buffer-4.1.84.Final.jar;C:\Users\lwiss\.m2\repository\io\netty\netty-codec-http\4.1.84.Final\netty-codec-http-4.1.84.Final.jar;C:\Users\lwiss\.m2\repository\io\netty\netty-codec\4.1.84.Final\netty-codec-4.1.84.Final.jar;C:\Users\lwiss\.m2\repository\io\netty\netty-handler\4.1.84.Final\netty-handler-4.1.84.Final.jar;C:\Users\lwiss\.m2\repository\io\netty\netty-common\4.1.84.Final\netty-common-4.1.84.Final.jar;C:\Users\lwiss\.m2\repository\io\netty\netty-transport-classes-epoll\4.1.84.Final\netty-transport-classes-epoll-4.1.84.Final.jar;C:\Users\lwiss\.m2\repository\io\netty\netty-transport-classes-kqueue\4.1.84.Final\netty-transport-classes-kqueue-4.1.84.Final.jar;C:\Users\lwiss\.m2\repository\io\netty\netty-transport-native-epoll\4.1.84.Final\netty-transport-native-epoll-4.1.84.Final.jar;C:\Users\lwiss\.m2\repository\io\netty\netty-transport-native-kqueue\4.1.84.Final\netty-transport-native-kqueue-4.1.84.Final.jar;C:\Users\lwiss\.m2\repository\io\netty\netty-transport-native-unix-common\4.1.84.Final\netty-transport-native-unix-common-4.1.84.Final.jar;C:\Users\lwiss\.m2\repository\io\netty\netty-transport\4.1.84.Final\netty-transport-4.1.84.Final.jar;C:\Users\lwiss\.m2\repository\io\netty\netty-resolver\4.1.84.Final\netty-resolver-4.1.84.Final.jar;C:\Users\lwiss\.m2\repository\io\opentelemetry\opentelemetry-api\1.19.0\opentelemetry-api-1.19.0.jar;C:\Users\lwiss\.m2\repository\io\opentelemetry\opentelemetry-context\1.19.0\opentelemetry-context-1.19.0.jar;C:\Users\lwiss\.m2\repository\io\opentelemetry\opentelemetry-exporter-logging\1.19.0\opentelemetry-exporter-logging-1.19.0.jar;C:\Users\lwiss\.m2\repository\io\opentelemetry\opentelemetry-sdk-metrics\1.19.0\opentelemetry-sdk-metrics-1.19.0.jar;C:\Users\lwiss\.m2\repository\io\opentelemetry\opentelemetry-sdk-logs\1.19.0-alpha\opentelemetry-sdk-logs-1.19.0-alpha.jar;C:\Users\lwiss\.m2\repository\io\opentelemetry\opentelemetry-api-logs\1.19.0-alpha\opentelemetry-api-logs-1.19.0-alpha.jar;C:\Users\lwiss\.m2\repository\io\opentelemetry\opentelemetry-sdk-common\1.19.0\opentelemetry-sdk-common-1.19.0.jar;C:\Users\lwiss\.m2\repository\io\opentelemetry\opentelemetry-sdk-extension-autoconfigure-spi\1.19.0\opentelemetry-sdk-extension-autoconfigure-spi-1.19.0.jar;C:\Users\lwiss\.m2\repository\io\opentelemetry\opentelemetry-sdk-extension-autoconfigure\1.19.0-alpha\opentelemetry-sdk-extension-autoconfigure-1.19.0-alpha.jar;C:\Users\lwiss\.m2\repository\io\opentelemetry\opentelemetry-exporter-common\1.19.0\opentelemetry-exporter-common-1.19.0.jar;C:\Users\lwiss\.m2\repository\io\opentelemetry\opentelemetry-sdk-trace\1.19.0\opentelemetry-sdk-trace-1.19.0.jar;C:\Users\lwiss\.m2\repository\io\opentelemetry\opentelemetry-sdk\1.19.0\opentelemetry-sdk-1.19.0.jar;C:\Users\lwiss\.m2\repository\io\opentelemetry\opentelemetry-semconv\1.19.0-alpha\opentelemetry-semconv-1.19.0-alpha.jar;C:\Users\lwiss\.m2\repository\io\ous\jtoml\2.0.0\jtoml-2.0.0.jar;C:\Users\lwiss\.m2\repository\org\apache\commons\commons-exec\1.3\commons-exec-1.3.jar;C:\Users\lwiss\.m2\repository\org\asynchttpclient\async-http-client\2.12.3\async-http-client-2.12.3.jar;C:\Users\lwiss\.m2\repository\org\asynchttpclient\async-http-client-netty-utils\2.12.3\async-http-client-netty-utils-2.12.3.jar;C:\Users\lwiss\.m2\repository\io\netty\netty-codec-socks\4.1.60.Final\netty-codec-socks-4.1.60.Final.jar;C:\Users\lwiss\.m2\repository\io\netty\netty-handler-proxy\4.1.60.Final\netty-handler-proxy-4.1.60.Final.jar;C:\Users\lwiss\.m2\repository\io\netty\netty-transport-native-epoll\4.1.60.Final\netty-transport-native-epoll-4.1.60.Final-linux-x86_64.jar;C:\Users\lwiss\.m2\repository\io\netty\netty-transport-native-kqueue\4.1.60.Final\netty-transport-native-kqueue-4.1.60.Final-osx-x86_64.jar;C:\Users\lwiss\.m2\repository\org\reactivestreams\reactive-streams\1.0.3\reactive-streams-1.0.3.jar;C:\Users\lwiss\.m2\repository\com\typesafe\netty\netty-reactive-streams\2.0.4\netty-reactive-streams-2.0.4.jar;C:\Users\lwiss\.m2\repository\com\sun\activation\jakarta.activation\1.2.2\jakarta.activation-1.2.2.jar;C:\Users\lwiss\.m2\repository\org\seleniumhq\selenium\selenium-http\4.5.2\selenium-http-4.5.2.jar;C:\Users\lwiss\.m2\repository\dev\failsafe\failsafe\3.3.0\failsafe-3.3.0.jar;C:\Users\lwiss\.m2\repository\org\seleniumhq\selenium\selenium-safari-driver\4.5.2\selenium-safari-driver-4.5.2.jar;C:\Users\lwiss\.m2\repository\org\seleniumhq\selenium\selenium-support\4.5.2\selenium-support-4.5.2.jar;C:\Users\lwiss\.m2\repository\com\google\auto\service\auto-service-annotations\1.0.1\auto-service-annotations-1.0.1.jar;C:\Users\lwiss\.m2\repository\com\google\auto\service\auto-service\1.0.1\auto-service-1.0.1.jar;C:\Users\lwiss\.m2\repository\com\google\auto\auto-common\1.2\auto-common-1.2.jar;C:\Users\lwiss\.m2\repository\com\google\guava\guava\31.1-jre\guava-31.1-jre.jar;C:\Users\lwiss\.m2\repository\com\google\guava\failureaccess\1.0.1\failureaccess-1.0.1.jar;C:\Users\lwiss\.m2\repository\com\google\guava\listenablefuture\9999.0-empty-to-avoid-conflict-with-guava\listenablefuture-9999.0-empty-to-avoid-conflict-with-guava.jar;C:\Users\lwiss\.m2\repository\org\checkerframework\checker-qual\3.12.0\checker-qual-3.12.0.jar;C:\Users\lwiss\.m2\repository\com\google\errorprone\error_prone_annotations\2.11.0\error_prone_annotations-2.11.0.jar;C:\Users\lwiss\.m2\repository\com\google\j2objc\j2objc-annotations\1.3\j2objc-annotations-1.3.jar;C:\Users\lwiss\.m2\repository\net\bytebuddy\byte-buddy\1.12.18\byte-buddy-1.12.18.jar;C:\Users\lwiss\.m2\repository\org\seleniumhq\selenium\selenium-json\4.5.2\selenium-json-4.5.2.jar;C:\Users\lwiss\.m2\repository\org\testng\testng\7.6.1\testng-7.6.1.jar;C:\Users\lwiss\.m2\repository\com\google\code\findbugs\jsr305\3.0.2\jsr305-3.0.2.jar;C:\Users\lwiss\.m2\repository\org\slf4j\slf4j-api\1.7.36\slf4j-api-1.7.36.jar;C:\Users\lwiss\.m2\repository\com\beust\jcommander\1.82\jcommander-1.82.jar;C:\Users\lwiss\.m2\repository\org\webjars\jquery\3.6.0\jquery-3.6.0.jar;C:\Users\lwiss\.m2\repository\io\github\bonigarcia\webdrivermanager\5.3.0\webdrivermanager-5.3.0.jar;C:\Users\lwiss\.m2\repository\com\google\code\gson\gson\2.9.1\gson-2.9.1.jar;C:\Users\lwiss\.m2\repository\com\github\docker-java\docker-java\3.2.13\docker-java-3.2.13.jar;C:\Users\lwiss\.m2\repository\com\github\docker-java\docker-java-core\3.2.13\docker-java-core-3.2.13.jar;C:\Users\lwiss\.m2\repository\com\github\docker-java\docker-java-api\3.2.13\docker-java-api-3.2.13.jar;C:\Users\lwiss\.m2\repository\com\fasterxml\jackson\core\jackson-annotations\2.10.3\jackson-annotations-2.10.3.jar;C:\Users\lwiss\.m2\repository\commons-io\commons-io\2.6\commons-io-2.6.jar;C:\Users\lwiss\.m2\repository\org\apache\commons\commons-compress\1.21\commons-compress-1.21.jar;C:\Users\lwiss\.m2\repository\com\fasterxml\jackson\core\jackson-databind\2.10.3\jackson-databind-2.10.3.jar;C:\Users\lwiss\.m2\repository\com\fasterxml\jackson\core\jackson-core\2.10.3\jackson-core-2.10.3.jar;C:\Users\lwiss\.m2\repository\org\bouncycastle\bcpkix-jdk15on\1.64\bcpkix-jdk15on-1.64.jar;C:\Users\lwiss\.m2\repository\org\bouncycastle\bcprov-jdk15on\1.64\bcprov-jdk15on-1.64.jar;C:\Users\lwiss\.m2\repository\org\slf4j\jcl-over-slf4j\1.7.30\jcl-over-slf4j-1.7.30.jar;C:\Users\lwiss\.m2\repository\com\github\docker-java\docker-java-transport-httpclient5\3.2.13\docker-java-transport-httpclient5-3.2.13.jar;C:\Users\lwiss\.m2\repository\com\github\docker-java\docker-java-transport\3.2.13\docker-java-transport-3.2.13.jar;C:\Users\lwiss\.m2\repository\net\java\dev\jna\jna\5.8.0\jna-5.8.0.jar;C:\Users\lwiss\.m2\repository\org\brotli\dec\0.1.2\dec-0.1.2.jar;C:\Users\lwiss\.m2\repository\org\apache\commons\commons-lang3\3.12.0\commons-lang3-3.12.0.jar;C:\Users\lwiss\.m2\repository\org\apache\httpcomponents\client5\httpclient5\5.1.3\httpclient5-5.1.3.jar;C:\Users\lwiss\.m2\repository\org\apache\httpcomponents\core5\httpcore5\5.1.3\httpcore5-5.1.3.jar;C:\Users\lwiss\.m2\repository\org\apache\httpcomponents\core5\httpcore5-h2\5.1.3\httpcore5-h2-5.1.3.jar;C:\Users\lwiss\.m2\repository\commons-codec\commons-codec\1.15\commons-codec-1.15.jar;"/>
    <property name="sun.cpu.endian" value="little"/>
    <property name="user.home" value="C:\Users\lwiss"/>
    <property name="user.language" value="en"/>
    <property name="java.specification.vendor" value="Oracle Corporation"/>
    <property name="java.version.date" value="2022-07-19"/>
    <property name="java.home" value="C:\Program Files\Java\jdk-18.0.2"/>
    <property name="file.separator" value="\"/>
    <property name="basedir" value="C:\Users\lwiss\IdeaProjects\take-home-webdriver-test"/>
    <property name="java.vm.compressedOopsMode" value="Zero based"/>
    <property name="line.separator" value="&#10;"/>
    <property name="java.vm.specification.vendor" value="Oracle Corporation"/>
    <property name="java.specification.name" value="Java Platform API Specification"/>
    <property name="surefire.real.class.path" value="C:\Users\lwiss\AppData\Local\Temp\surefire11511904448393361504\surefirebooter-20221107005853538_3.jar"/>
    <property name="user.script" value=""/>
    <property name="sun.management.compiler" value="HotSpot 64-Bit Tiered Compilers"/>
    <property name="java.runtime.version" value="18.0.2+9-61"/>
    <property name="user.name" value="lwiss"/>
    <property name="path.separator" value=";"/>
    <property name="os.version" value="10.0"/>
    <property name="java.runtime.name" value="Java(TM) SE Runtime Environment"/>
    <property name="file.encoding" value="UTF-8"/>
    <property name="java.vm.name" value="Java HotSpot(TM) 64-Bit Server VM"/>
    <property name="localRepository" value="C:\Users\lwiss\.m2\repository"/>
    <property name="java.vendor.url.bug" value="https://bugreport.java.com/bugreport/"/>
    <property name="java.io.tmpdir" value="C:\Users\lwiss\AppData\Local\Temp\"/>
    <property name="idea.version" value="2022.2.3"/>
    <property name="java.version" value="18.0.2"/>
    <property name="user.dir" value="C:\Users\lwiss\IdeaProjects\take-home-webdriver-test"/>
    <property name="os.arch" value="amd64"/>
    <property name="java.vm.specification.name" value="Java Virtual Machine Specification"/>
    <property name="sun.os.patch.level" value=""/>
    <property name="native.encoding" value="Cp1252"/>
    <property name="java.library.path" value="C:\Program Files\Java\jdk-18.0.2\bin;C:\Windows\Sun\Java\bin;C:\Windows\system32;C:\Windows;C:\Program Files\Microsoft\jdk-11.0.12.7-hotspot\bin;C:\Program Files\Common Files\Oracle\Java\javapath;C:\Program Files (x86)\Common Files\Oracle\Java\javapath;C:\Windows\system32;C:\Windows;C:\Windows\System32\Wbem;C:\Windows\System32\WindowsPowerShell\v1.0\;C:\Windows\System32\OpenSSH\;C:\Program Files (x86)\NVIDIA Corporation\PhysX\Common;C:\Program Files\NVIDIA Corporation\NVIDIA NvDLISR;C:\Program Files\dotnet\;C:\Program Files\nodejs\;C:\ProgramData\chocolatey\bin;C:\Program Files\Git\cmd;C:\Program Files\Docker\Docker\resources\bin;C:\Users\lwiss\AppData\Local\Programs\Python\Python310\Scripts\;C:\Users\lwiss\AppData\Local\Programs\Python\Python310\;C:\Users\lwiss\AppData\Local\Programs\Python\Python39\Scripts\;C:\Users\lwiss\AppData\Local\Programs\Python\Python39\;C:\Users\lwiss\AppData\Local\Microsoft\WindowsApps;C:\Users\lwiss\AppData\Local\Programs\Microsoft VS Code\bin;C:\Users\lwiss\AppData\Roaming\npm;C:\drivers\;C:\Users\lwiss\.dotnet\tools;C:\Users\lwiss\AppData\Local\Android\cmdline-tools\bin;;."/>
    <property name="java.vm.info" value="mixed mode, sharing"/>
    <property name="java.vendor" value="Oracle Corporation"/>
    <property name="java.vm.version" value="18.0.2+9-61"/>
    <property name="sun.io.unicode.encoding" value="UnicodeLittle"/>
    <property name="java.class.version" value="62.0"/>
  </properties>
  <testcase name="Login[tomsmith, SuperSecretPassword!, You logged into a secure area!](1)" classname="LoginCases" time="0.774">
    <system-out><![CDATA[Navigate to http://localhost:7080/
Validating next element is present Form Authentication
Clicking Form Authentication
Validating next element is present Username
Writing ** [Ljava.lang.CharSequence;@45f756e6 ** into Username
Validating next element is present Password
Writing ** [Ljava.lang.CharSequence;@2a53f215 ** into Password
Validating next element is present  Login
Clicking  Login
Validating next element is present 
]]></system-out>
    <system-err><![CDATA[SLF4J: Failed to load class "org.slf4j.impl.StaticLoggerBinder".
SLF4J: Defaulting to no-operation (NOP) logger implementation
SLF4J: See http://www.slf4j.org/codes.html#StaticLoggerBinder for further details.
Starting ChromeDriver 107.0.5304.62 (1eec40d3a5764881c92085aaee66d25075c159aa-refs/branch-heads/5304@{#942}) on port 35432
Only local connections are allowed.
Please see https://chromedriver.chromium.org/security-considerations for suggestions on keeping ChromeDriver safe.
ChromeDriver was started successfully.
Nov 07, 2022 12:58:55 AM org.openqa.selenium.devtools.CdpVersionFinder findNearestMatch
WARNING: Unable to find an exact match for CDP version 107, so returning the closest version found: 106
]]></system-err>
  </testcase>
  <testcase name="Login[wrong, wrongpaas, Your username is invalid!](2)" classname="LoginCases" time="0.646">
    <system-out><![CDATA[Navigate to http://localhost:7080/
Validating next element is present Form Authentication
Clicking Form Authentication
Validating next element is present Username
Writing ** [Ljava.lang.CharSequence;@18a19e ** into Username
Validating next element is present Password
Writing ** [Ljava.lang.CharSequence;@343e225a ** into Password
Validating next element is present  Login
Clicking  Login
Validating next element is present 
]]></system-out>
    <system-err><![CDATA[Starting ChromeDriver 107.0.5304.62 (1eec40d3a5764881c92085aaee66d25075c159aa-refs/branch-heads/5304@{#942}) on port 34289
Only local connections are allowed.
Please see https://chromedriver.chromium.org/security-considerations for suggestions on keeping ChromeDriver safe.
ChromeDriver was started successfully.
Nov 07, 2022 12:58:57 AM org.openqa.selenium.devtools.CdpVersionFinder findNearestMatch
WARNING: Unable to find an exact match for CDP version 107, so returning the closest version found: 106
]]></system-err>
  </testcase>
  <testcase name="Checkbox[0, false](1)" classname="CheckboxCases" time="0.247">
    <system-out><![CDATA[Navigate to http://localhost:7080/
Validating next element is present Checkboxes
Clicking Checkboxes
]]></system-out>
    <system-err><![CDATA[Starting ChromeDriver 107.0.5304.62 (1eec40d3a5764881c92085aaee66d25075c159aa-refs/branch-heads/5304@{#942}) on port 37647
Only local connections are allowed.
Please see https://chromedriver.chromium.org/security-considerations for suggestions on keeping ChromeDriver safe.
ChromeDriver was started successfully.
Nov 07, 2022 12:58:59 AM org.openqa.selenium.devtools.CdpVersionFinder findNearestMatch
WARNING: Unable to find an exact match for CDP version 107, so returning the closest version found: 106
]]></system-err>
  </testcase>
  <testcase name="Checkbox[1, true](2)" classname="CheckboxCases" time="0.271">
    <system-out><![CDATA[Navigate to http://localhost:7080/
Validating next element is present Checkboxes
Clicking Checkboxes
]]></system-out>
    <system-err><![CDATA[Starting ChromeDriver 107.0.5304.62 (1eec40d3a5764881c92085aaee66d25075c159aa-refs/branch-heads/5304@{#942}) on port 30574
Only local connections are allowed.
Please see https://chromedriver.chromium.org/security-considerations for suggestions on keeping ChromeDriver safe.
ChromeDriver was started successfully.
Nov 07, 2022 12:59:00 AM org.openqa.selenium.devtools.CdpVersionFinder findNearestMatch
WARNING: Unable to find an exact match for CDP version 107, so returning the closest version found: 106
]]></system-err>
  </testcase>
  <testcase name="Checkbox[You selected a context menu](1)" classname="ContextMenuCases" time="0.402">
    <system-out><![CDATA[Navigate to http://localhost:7080/
Validating next element is present Context Menu
Clicking Context Menu
Validating next element is present 
Scroll to element 
]]></system-out>
    <system-err><![CDATA[Starting ChromeDriver 107.0.5304.62 (1eec40d3a5764881c92085aaee66d25075c159aa-refs/branch-heads/5304@{#942}) on port 38146
Only local connections are allowed.
Please see https://chromedriver.chromium.org/security-considerations for suggestions on keeping ChromeDriver safe.
ChromeDriver was started successfully.
Nov 07, 2022 12:59:01 AM org.openqa.selenium.devtools.CdpVersionFinder findNearestMatch
WARNING: Unable to find an exact match for CDP version 107, so returning the closest version found: 106
]]></system-err>
  </testcase>
  <testcase name="DragDrop[0, 1](1)" classname="DragDropCases" time="2.581">
    <system-out><![CDATA[Navigate to http://localhost:7080/
Validating next element is present Drag and Drop
Clicking Drag and Drop
Validating next element is present 
Validating next element is present 
Scroll to element 
]]></system-out>
    <system-err><![CDATA[Starting ChromeDriver 107.0.5304.62 (1eec40d3a5764881c92085aaee66d25075c159aa-refs/branch-heads/5304@{#942}) on port 47369
Only local connections are allowed.
Please see https://chromedriver.chromium.org/security-considerations for suggestions on keeping ChromeDriver safe.
ChromeDriver was started successfully.
Nov 07, 2022 12:59:03 AM org.openqa.selenium.devtools.CdpVersionFinder findNearestMatch
WARNING: Unable to find an exact match for CDP version 107, so returning the closest version found: 106
]]></system-err>
  </testcase>
  <testcase name="Dropdown[Option 1](1)" classname="DropDownCases" time="0.331">
    <system-out><![CDATA[Navigate to http://localhost:7080/
Validating next element is present Dropdown
Clicking Dropdown
Clicking Option 1
]]></system-out>
    <system-err><![CDATA[Starting ChromeDriver 107.0.5304.62 (1eec40d3a5764881c92085aaee66d25075c159aa-refs/branch-heads/5304@{#942}) on port 43907
Only local connections are allowed.
Please see https://chromedriver.chromium.org/security-considerations for suggestions on keeping ChromeDriver safe.
ChromeDriver was started successfully.
Nov 07, 2022 12:59:07 AM org.openqa.selenium.devtools.CdpVersionFinder findNearestMatch
WARNING: Unable to find an exact match for CDP version 107, so returning the closest version found: 106
]]></system-err>
  </testcase>
  <testcase name="Dropdown[Option 2](2)" classname="DropDownCases" time="0.338">
    <system-out><![CDATA[Navigate to http://localhost:7080/
Validating next element is present Dropdown
Clicking Dropdown
Clicking Option 2
]]></system-out>
    <system-err><![CDATA[Starting ChromeDriver 107.0.5304.62 (1eec40d3a5764881c92085aaee66d25075c159aa-refs/branch-heads/5304@{#942}) on port 48128
Only local connections are allowed.
Please see https://chromedriver.chromium.org/security-considerations for suggestions on keeping ChromeDriver safe.
ChromeDriver was started successfully.
Nov 07, 2022 12:59:08 AM org.openqa.selenium.devtools.CdpVersionFinder findNearestMatch
WARNING: Unable to find an exact match for CDP version 107, so returning the closest version found: 106
]]></system-err>
  </testcase>
  <testcase name="DynamicContent[5](1)" classname="DynamicContentCases" time="5.452">
    <system-out><![CDATA[Navigate to http://localhost:7080/
Validating next element is present Dynamic Content
Clicking Dynamic Content
]]></system-out>
    <system-err><![CDATA[Starting ChromeDriver 107.0.5304.62 (1eec40d3a5764881c92085aaee66d25075c159aa-refs/branch-heads/5304@{#942}) on port 28325
Only local connections are allowed.
Please see https://chromedriver.chromium.org/security-considerations for suggestions on keeping ChromeDriver safe.
ChromeDriver was started successfully.
Nov 07, 2022 12:59:09 AM org.openqa.selenium.devtools.CdpVersionFinder findNearestMatch
WARNING: Unable to find an exact match for CDP version 107, so returning the closest version found: 106
]]></system-err>
  </testcase>
  <testcase name="DynamicControl" classname="DynamicControlCases" time="16.793">
    <system-out><![CDATA[Navigate to http://localhost:7080/
Validating next element is present Dynamic Controls
Clicking Dynamic Controls
Validating next element is present Remove
Clicking Remove
Validating next element is present Add
Clicking Add
Validating next element is present 
Validating next element is present Enable
Clicking Enable
Validating next element is present Disable
Clicking Disable
]]></system-out>
    <system-err><![CDATA[Starting ChromeDriver 107.0.5304.62 (1eec40d3a5764881c92085aaee66d25075c159aa-refs/branch-heads/5304@{#942}) on port 45792
Only local connections are allowed.
Please see https://chromedriver.chromium.org/security-considerations for suggestions on keeping ChromeDriver safe.
ChromeDriver was started successfully.
Nov 07, 2022 12:59:16 AM org.openqa.selenium.devtools.CdpVersionFinder findNearestMatch
WARNING: Unable to find an exact match for CDP version 107, so returning the closest version found: 106
]]></system-err>
  </testcase>
  <testcase name="DynamicLoadingExaple1[Hello World!](1)" classname="DynamicLoadingCases" time="5.775">
    <system-out><![CDATA[Navigate to http://localhost:7080/
Validating next element is present Dynamic Loading
Clicking Dynamic Loading
Validating next element is present Example 1: Element on page that is hidden
Clicking Example 1: Element on page that is hidden
Validating next element is present Start
Clicking Start
Validating next element is present 
Validating next element is present 
Validating next element is present 
Validating next element is present 
Validating next element is present 
Validating next element is present 
Validating next element is present 
Validating next element is present 
Validating next element is present 
Validating next element is present 
Validating next element is present Hello World!
]]></system-out>
    <system-err><![CDATA[Starting ChromeDriver 107.0.5304.62 (1eec40d3a5764881c92085aaee66d25075c159aa-refs/branch-heads/5304@{#942}) on port 36386
Only local connections are allowed.
Please see https://chromedriver.chromium.org/security-considerations for suggestions on keeping ChromeDriver safe.
ChromeDriver was started successfully.
Nov 07, 2022 12:59:34 AM org.openqa.selenium.devtools.CdpVersionFinder findNearestMatch
WARNING: Unable to find an exact match for CDP version 107, so returning the closest version found: 106
]]></system-err>
  </testcase>
  <testcase name="DynamicLoadingExaple2[Hello World!](1)" classname="DynamicLoadingCases" time="5.6">
    <system-out><![CDATA[Navigate to http://localhost:7080/
Validating next element is present Dynamic Loading
Clicking Dynamic Loading
Validating next element is present Example 2: Element rendered after the fact
Clicking Example 2: Element rendered after the fact
Validating next element is present Start
Clicking Start
Validating next element is present Hello World!
]]></system-out>
    <system-err><![CDATA[Starting ChromeDriver 107.0.5304.62 (1eec40d3a5764881c92085aaee66d25075c159aa-refs/branch-heads/5304@{#942}) on port 29835
Only local connections are allowed.
Please see https://chromedriver.chromium.org/security-considerations for suggestions on keeping ChromeDriver safe.
ChromeDriver was started successfully.
Nov 07, 2022 12:59:41 AM org.openqa.selenium.devtools.CdpVersionFinder findNearestMatch
WARNING: Unable to find an exact match for CDP version 107, so returning the closest version found: 106
]]></system-err>
  </testcase>
  <testcase name="FileDownload[C:\Users\lwiss\Downloads, some-file.txt](1)" classname="FileDownloadCases" time="2.354">
    <system-out><![CDATA[Navigate to http://localhost:7080/
Validating next element is present File Download
Clicking File Download
Validating next element is present some-file.txt
Clicking some-file.txt
]]></system-out>
    <system-err><![CDATA[Starting ChromeDriver 107.0.5304.62 (1eec40d3a5764881c92085aaee66d25075c159aa-refs/branch-heads/5304@{#942}) on port 16480
Only local connections are allowed.
Please see https://chromedriver.chromium.org/security-considerations for suggestions on keeping ChromeDriver safe.
ChromeDriver was started successfully.
Nov 07, 2022 12:59:47 AM org.openqa.selenium.devtools.CdpVersionFinder findNearestMatch
WARNING: Unable to find an exact match for CDP version 107, so returning the closest version found: 106
]]></system-err>
  </testcase>
  <testcase name="FileDownload[C:\Users\lwiss\Downloads\DragdropTest.java](1)" classname="FileUploadCases" time="0.501">
    <system-out><![CDATA[Navigate to http://localhost:7080/
Validating next element is present File Upload
Clicking File Upload
Validating next element is present 
Writing ** [Ljava.lang.CharSequence;@69d021c1 ** into 
Validating next element is present Upload
Clicking Upload
]]></system-out>
    <system-err><![CDATA[Starting ChromeDriver 107.0.5304.62 (1eec40d3a5764881c92085aaee66d25075c159aa-refs/branch-heads/5304@{#942}) on port 28449
Only local connections are allowed.
Please see https://chromedriver.chromium.org/security-considerations for suggestions on keeping ChromeDriver safe.
ChromeDriver was started successfully.
Nov 07, 2022 12:59:51 AM org.openqa.selenium.devtools.CdpVersionFinder findNearestMatch
WARNING: Unable to find an exact match for CDP version 107, so returning the closest version found: 106
]]></system-err>
  </testcase>
  <testcase name="FloatingMenu" classname="FloatingMenuCases" time="0.34">
    <system-out><![CDATA[Navigate to http://localhost:7080/
Validating next element is present Floating Menu
Clicking Floating Menu
Validating next element is present 
]]></system-out>
    <system-err><![CDATA[Starting ChromeDriver 107.0.5304.62 (1eec40d3a5764881c92085aaee66d25075c159aa-refs/branch-heads/5304@{#942}) on port 36761
Only local connections are allowed.
Please see https://chromedriver.chromium.org/security-considerations for suggestions on keeping ChromeDriver safe.
ChromeDriver was started successfully.
Nov 07, 2022 12:59:52 AM org.openqa.selenium.devtools.CdpVersionFinder findNearestMatch
WARNING: Unable to find an exact match for CDP version 107, so returning the closest version found: 106
]]></system-err>
  </testcase>
  <testcase name="Iframe[1, Hello world](1)" classname="IFrameCases" time="1.165">
    <system-out><![CDATA[Navigate to http://localhost:7080/
Validating next element is present Frames
Clicking Frames
Validating next element is present iFrame
Clicking iFrame
Validating next element is present Rich Text Area
Validating next element is present Rich Text Area. Press ALT-0 for help.
Writing ** [Ljava.lang.CharSequence;@a2fb8a5 ** into Rich Text Area. Press ALT-0 for help.
]]></system-out>
    <system-err><![CDATA[Starting ChromeDriver 107.0.5304.62 (1eec40d3a5764881c92085aaee66d25075c159aa-refs/branch-heads/5304@{#942}) on port 26680
Only local connections are allowed.
Please see https://chromedriver.chromium.org/security-considerations for suggestions on keeping ChromeDriver safe.
ChromeDriver was started successfully.
Nov 07, 2022 12:59:54 AM org.openqa.selenium.devtools.CdpVersionFinder findNearestMatch
WARNING: Unable to find an exact match for CDP version 107, so returning the closest version found: 106
]]></system-err>
  </testcase>
  <testcase name="DynamicControl" classname="MouseHoverCases" time="0.792">
    <system-out><![CDATA[Navigate to http://localhost:7080/
Validating next element is present Hovers
Clicking Hovers
Scroll to element 
Validating next element is present 
Scroll to element 
Validating next element is present 
Scroll to element 
Validating next element is present 
]]></system-out>
    <system-err><![CDATA[Starting ChromeDriver 107.0.5304.62 (1eec40d3a5764881c92085aaee66d25075c159aa-refs/branch-heads/5304@{#942}) on port 15745
Only local connections are allowed.
Please see https://chromedriver.chromium.org/security-considerations for suggestions on keeping ChromeDriver safe.
ChromeDriver was started successfully.
Nov 07, 2022 12:59:56 AM org.openqa.selenium.devtools.CdpVersionFinder findNearestMatch
WARNING: Unable to find an exact match for CDP version 107, so returning the closest version found: 106
]]></system-err>
  </testcase>
  <testcase name="JSAlert[simple, accept, You successfuly clicked an alert](1)" classname="JSAlertsCases" time="0.419">
    <system-out><![CDATA[Navigate to http://localhost:7080/
Validating next element is present JavaScript Alerts
Clicking JavaScript Alerts
Validating next element is present Click for JS Alert
Clicking Click for JS Alert
]]></system-out>
    <system-err><![CDATA[Starting ChromeDriver 107.0.5304.62 (1eec40d3a5764881c92085aaee66d25075c159aa-refs/branch-heads/5304@{#942}) on port 7002
Only local connections are allowed.
Please see https://chromedriver.chromium.org/security-considerations for suggestions on keeping ChromeDriver safe.
ChromeDriver was started successfully.
Nov 07, 2022 12:59:58 AM org.openqa.selenium.devtools.CdpVersionFinder findNearestMatch
WARNING: Unable to find an exact match for CDP version 107, so returning the closest version found: 106
]]></system-err>
  </testcase>
  <testcase name="JSAlert[mixed, accept, You clicked: Ok](2)" classname="JSAlertsCases" time="0.427">
    <system-out><![CDATA[Navigate to http://localhost:7080/
Validating next element is present JavaScript Alerts
Clicking JavaScript Alerts
Validating next element is present Click for JS Confirm
Clicking Click for JS Confirm
]]></system-out>
    <system-err><![CDATA[Starting ChromeDriver 107.0.5304.62 (1eec40d3a5764881c92085aaee66d25075c159aa-refs/branch-heads/5304@{#942}) on port 5211
Only local connections are allowed.
Please see https://chromedriver.chromium.org/security-considerations for suggestions on keeping ChromeDriver safe.
ChromeDriver was started successfully.
Nov 07, 2022 12:59:59 AM org.openqa.selenium.devtools.CdpVersionFinder findNearestMatch
WARNING: Unable to find an exact match for CDP version 107, so returning the closest version found: 106
]]></system-err>
  </testcase>
  <testcase name="JSAlert[mixed, dismiss, You clicked: Cancel](3)" classname="JSAlertsCases" time="0.434">
    <system-out><![CDATA[Navigate to http://localhost:7080/
Validating next element is present JavaScript Alerts
Clicking JavaScript Alerts
Validating next element is present Click for JS Confirm
Clicking Click for JS Confirm
]]></system-out>
    <system-err><![CDATA[Starting ChromeDriver 107.0.5304.62 (1eec40d3a5764881c92085aaee66d25075c159aa-refs/branch-heads/5304@{#942}) on port 22820
Only local connections are allowed.
Please see https://chromedriver.chromium.org/security-considerations for suggestions on keeping ChromeDriver safe.
ChromeDriver was started successfully.
Nov 07, 2022 1:00:01 AM org.openqa.selenium.devtools.CdpVersionFinder findNearestMatch
WARNING: Unable to find an exact match for CDP version 107, so returning the closest version found: 106
]]></system-err>
  </testcase>
  <testcase name="JSAlert[prompt, accept, sample](4)" classname="JSAlertsCases" time="0.482">
    <system-out><![CDATA[Navigate to http://localhost:7080/
Validating next element is present JavaScript Alerts
Clicking JavaScript Alerts
Validating next element is present Click for JS Prompt
Clicking Click for JS Prompt
]]></system-out>
    <system-err><![CDATA[Starting ChromeDriver 107.0.5304.62 (1eec40d3a5764881c92085aaee66d25075c159aa-refs/branch-heads/5304@{#942}) on port 4383
Only local connections are allowed.
Please see https://chromedriver.chromium.org/security-considerations for suggestions on keeping ChromeDriver safe.
ChromeDriver was started successfully.
Nov 07, 2022 1:00:02 AM org.openqa.selenium.devtools.CdpVersionFinder findNearestMatch
WARNING: Unable to find an exact match for CDP version 107, so returning the closest version found: 106
]]></system-err>
  </testcase>
  <testcase name="JSLoad[This page has a JavaScript error in the onload event](1)" classname="JSLoadCases" time="0.345">
    <system-out><![CDATA[Navigate to http://localhost:7080/
Validating next element is present JavaScript onload event error
Clicking JavaScript onload event error
]]></system-out>
    <system-err><![CDATA[Starting ChromeDriver 107.0.5304.62 (1eec40d3a5764881c92085aaee66d25075c159aa-refs/branch-heads/5304@{#942}) on port 45224
Only local connections are allowed.
Please see https://chromedriver.chromium.org/security-considerations for suggestions on keeping ChromeDriver safe.
ChromeDriver was started successfully.
Nov 07, 2022 1:00:04 AM org.openqa.selenium.devtools.CdpVersionFinder findNearestMatch
WARNING: Unable to find an exact match for CDP version 107, so returning the closest version found: 106
]]></system-err>
  </testcase>
  <testcase name="NewWindows[1, New Window](1)" classname="MultiWindowsCases" time="0.465">
    <system-out><![CDATA[Navigate to http://localhost:7080/
Validating next element is present Multiple Windows
Clicking Multiple Windows
Validating next element is present Click Here
Clicking Click Here
]]></system-out>
    <system-err><![CDATA[Starting ChromeDriver 107.0.5304.62 (1eec40d3a5764881c92085aaee66d25075c159aa-refs/branch-heads/5304@{#942}) on port 28711
Only local connections are allowed.
Please see https://chromedriver.chromium.org/security-considerations for suggestions on keeping ChromeDriver safe.
ChromeDriver was started successfully.
Nov 07, 2022 1:00:05 AM org.openqa.selenium.devtools.CdpVersionFinder findNearestMatch
WARNING: Unable to find an exact match for CDP version 107, so returning the closest version found: 106
]]></system-err>
  </testcase>
  <testcase name="NewNotification[Action successful](1)" classname="NotificationCases" time="7.729">
    <system-out><![CDATA[Navigate to http://localhost:7080/
Validating next element is present Notification Messages
Clicking Notification Messages
Validating next element is present 
Clicking 
Validating next element is present 
Clicking 
Validating next element is present 

            Action successful
            ×
          
]]></system-out>
    <system-err><![CDATA[Starting ChromeDriver 107.0.5304.62 (1eec40d3a5764881c92085aaee66d25075c159aa-refs/branch-heads/5304@{#942}) on port 13986
Only local connections are allowed.
Please see https://chromedriver.chromium.org/security-considerations for suggestions on keeping ChromeDriver safe.
ChromeDriver was started successfully.
Nov 07, 2022 1:00:07 AM org.openqa.selenium.devtools.CdpVersionFinder findNearestMatch
WARNING: Unable to find an exact match for CDP version 107, so returning the closest version found: 106
]]></system-err>
  </testcase>
  <testcase name="NewNotification[Action unsuccesful](2)" classname="NotificationCases" time="4.716">
    <system-out><![CDATA[Navigate to http://localhost:7080/
Validating next element is present Notification Messages
Clicking Notification Messages
Validating next element is present 
Clicking 
Validating next element is present 
Clicking 
Validating next element is present 
Clicking 
Validating next element is present 

            Action unsuccesful, please try again
            ×
          
]]></system-out>
    <system-err><![CDATA[Starting ChromeDriver 107.0.5304.62 (1eec40d3a5764881c92085aaee66d25075c159aa-refs/branch-heads/5304@{#942}) on port 4904
Only local connections are allowed.
Please see https://chromedriver.chromium.org/security-considerations for suggestions on keeping ChromeDriver safe.
ChromeDriver was started successfully.
Nov 07, 2022 1:00:15 AM org.openqa.selenium.devtools.CdpVersionFinder findNearestMatch
WARNING: Unable to find an exact match for CDP version 107, so returning the closest version found: 106
]]></system-err>
  </testcase>
</testsuite>