<?xml version="1.0" encoding="UTF-8"?>
<testsuite name="TestSuite" time="41.943" tests="26" errors="0" skipped="0" failures="0">
  <properties>
    <property name="java.runtime.name" value="OpenJDK Runtime Environment"/>
    <property name="sun.boot.library.path" value="/Library/Java/JavaVirtualMachines/adoptopenjdk-8.jdk/Contents/Home/jre/lib"/>
    <property name="java.vm.version" value="25.292-b10"/>
    <property name="gopherProxySet" value="false"/>
    <property name="java.vm.vendor" value="AdoptOpenJDK"/>
    <property name="maven.multiModuleProjectDirectory" value="/Users/sray36/Desktop/webdriver-test/take-home-webdriver-test"/>
    <property name="java.vendor.url" value="https://adoptopenjdk.net/"/>
    <property name="path.separator" value=":"/>
    <property name="guice.disable.misplaced.annotation.check" value="true"/>
    <property name="java.vm.name" value="OpenJDK 64-Bit Server VM"/>
    <property name="file.encoding.pkg" value="sun.io"/>
    <property name="user.country" value="US"/>
    <property name="sun.java.launcher" value="SUN_STANDARD"/>
    <property name="sun.os.patch.level" value="unknown"/>
    <property name="java.vm.specification.name" value="Java Virtual Machine Specification"/>
    <property name="user.dir" value="/Users/sray36/Desktop/webdriver-test/take-home-webdriver-test"/>
    <property name="java.runtime.version" value="1.8.0_292-b10"/>
    <property name="java.awt.graphicsenv" value="sun.awt.CGraphicsEnvironment"/>
    <property name="java.endorsed.dirs" value="/Library/Java/JavaVirtualMachines/adoptopenjdk-8.jdk/Contents/Home/jre/lib/endorsed"/>
    <property name="os.arch" value="x86_64"/>
    <property name="java.io.tmpdir" value="/var/folders/qh/nwp0tk2j2j71ktshbwrd6_m8y2qkr3/T/"/>
    <property name="line.separator" value="&#10;"/>
    <property name="java.vm.specification.vendor" value="Oracle Corporation"/>
    <property name="os.name" value="Mac OS X"/>
    <property name="classworlds.conf" value="/opt/maven/apache-maven-3.6.3/bin/m2.conf"/>
    <property name="sun.jnu.encoding" value="UTF-8"/>
    <property name="java.library.path" value="/Users/sray36/Library/Java/Extensions:/Library/Java/Extensions:/Network/Library/Java/Extensions:/System/Library/Java/Extensions:/usr/lib/java:."/>
    <property name="maven.conf" value="/opt/maven/apache-maven-3.6.3/conf"/>
    <property name="java.specification.name" value="Java Platform API Specification"/>
    <property name="java.class.version" value="52.0"/>
    <property name="sun.management.compiler" value="HotSpot 64-Bit Tiered Compilers"/>
    <property name="os.version" value="10.15.7"/>
    <property name="library.jansi.path" value="/opt/maven/apache-maven-3.6.3/lib/jansi-native"/>
    <property name="user.home" value="/Users/sray36"/>
    <property name="user.timezone" value="America/New_York"/>
    <property name="java.awt.printerjob" value="sun.lwawt.macosx.CPrinterJob"/>
    <property name="java.specification.version" value="1.8"/>
    <property name="file.encoding" value="UTF-8"/>
    <property name="user.name" value="sray36"/>
    <property name="java.class.path" value="/opt/maven/apache-maven-3.6.3/boot/plexus-classworlds-2.6.0.jar"/>
    <property name="java.vm.specification.version" value="1.8"/>
    <property name="sun.arch.data.model" value="64"/>
    <property name="java.home" value="/Library/Java/JavaVirtualMachines/adoptopenjdk-8.jdk/Contents/Home/jre"/>
    <property name="sun.java.command" value="org.codehaus.plexus.classworlds.launcher.Launcher test"/>
    <property name="java.specification.vendor" value="Oracle Corporation"/>
    <property name="user.language" value="en"/>
    <property name="awt.toolkit" value="sun.lwawt.macosx.LWCToolkit"/>
    <property name="java.vm.info" value="mixed mode"/>
    <property name="java.version" value="1.8.0_292"/>
    <property name="java.ext.dirs" value="/Users/sray36/Library/Java/Extensions:/Library/Java/JavaVirtualMachines/adoptopenjdk-8.jdk/Contents/Home/jre/lib/ext:/Library/Java/Extensions:/Network/Library/Java/Extensions:/System/Library/Java/Extensions:/usr/lib/java"/>
    <property name="sun.boot.class.path" value="/Library/Java/JavaVirtualMachines/adoptopenjdk-8.jdk/Contents/Home/jre/lib/resources.jar:/Library/Java/JavaVirtualMachines/adoptopenjdk-8.jdk/Contents/Home/jre/lib/rt.jar:/Library/Java/JavaVirtualMachines/adoptopenjdk-8.jdk/Contents/Home/jre/lib/sunrsasign.jar:/Library/Java/JavaVirtualMachines/adoptopenjdk-8.jdk/Contents/Home/jre/lib/jsse.jar:/Library/Java/JavaVirtualMachines/adoptopenjdk-8.jdk/Contents/Home/jre/lib/jce.jar:/Library/Java/JavaVirtualMachines/adoptopenjdk-8.jdk/Contents/Home/jre/lib/charsets.jar:/Library/Java/JavaVirtualMachines/adoptopenjdk-8.jdk/Contents/Home/jre/lib/jfr.jar:/Library/Java/JavaVirtualMachines/adoptopenjdk-8.jdk/Contents/Home/jre/classes"/>
    <property name="java.vendor" value="AdoptOpenJDK"/>
    <property name="maven.home" value="/opt/maven/apache-maven-3.6.3"/>
    <property name="file.separator" value="/"/>
    <property name="java.vendor.url.bug" value="https://github.com/AdoptOpenJDK/openjdk-support/issues"/>
    <property name="sun.cpu.endian" value="little"/>
    <property name="sun.io.unicode.encoding" value="UnicodeBig"/>
    <property name="sun.cpu.isalist" value=""/>
  </properties>
  <testcase name="LoginSuccess" classname="webdriver.test.TestCases.LogInTest" time="0.38"/>
  <testcase name="LoginFailurePassword" classname="webdriver.test.TestCases.InvalidLogInTest" time="0.28"/>
  <testcase name="LoginFailureUserName" classname="webdriver.test.TestCases.InvalidLogInTest" time="0.171"/>
  <testcase name="Checkboxes" classname="webdriver.test.TestCases.CheckBoxesTest" time="0.263"/>
  <testcase name="ContextMenuAlert" classname="webdriver.test.TestCases.ContextMenuTest" time="0.15"/>
  <testcase name="dragAndDropColumn" classname="webdriver.test.TestCases.DragAndDropTest" time="0.131"/>
  <testcase name="selectDropDownOptionTest" classname="webdriver.test.TestCases.DropDownTest" time="0.309"/>
  <testcase name="testDynamicContent" classname="webdriver.test.TestCases.DynamicContentTest" time="0.24"/>
  <testcase name="ClickDynamicControlButton" classname="webdriver.test.TestCases.DynamicControlTest" time="26.455"/>
  <testcase name="dynamicLoadingMessage" classname="webdriver.test.TestCases.DynamicLoadingTest" time="5.096"/>
  <testcase name="checkFileDownload" classname="webdriver.test.TestCases.FileDownloadTest" time="5.053"/>
  <testcase name="checkFileUploaded" classname="webdriver.test.TestCases.FileUploadTest" time="0.187"/>
  <testcase name="FloatingMenuValidation" classname="webdriver.test.TestCases.FloatingMenuTest" time="0.073"/>
  <testcase name="IframeTextValidation" classname="webdriver.test.TestCases.IframeTextTest" time="0.666"/>
  <testcase name="MouseHoverTextValidation" classname="webdriver.test.TestCases.MouseHoverTest" time="0.412"/>
  <testcase name="addTextInPromptDialog" classname="webdriver.test.TestCases.JsAlretTest" time="0.076"/>
  <testcase name="cancelDialogTest" classname="webdriver.test.TestCases.JsAlretTest" time="0.387"/>
  <testcase name="cancelPromptDialog" classname="webdriver.test.TestCases.JsAlretTest" time="0.203"/>
  <testcase name="clickJsAlertButton" classname="webdriver.test.TestCases.JsAlretTest" time="0.185"/>
  <testcase name="clickJsConfirmButton" classname="webdriver.test.TestCases.JsAlretTest" time="0.114"/>
  <testcase name="CheckJsError" classname="webdriver.test.TestCases.JsErrorTest" time="0.004"/>
  <testcase name="openInNewTab" classname="webdriver.test.TestCases.OpenNewWindowTest" time="0.136"/>
  <testcase name="MultipleNotificationMessageTest" classname="webdriver.test.TestCases.NotificationMessageTest" time="0.504"/>
  <testcase name="checkNotificationMessageSuccessful" classname="webdriver.test.TestCases.NotificationMessageTest" time="0.155"/>
  <testcase name="checkNotificationMessageUnsuccessful" classname="webdriver.test.TestCases.NotificationMessageTest" time="0.156"/>
  <testcase name="checkNotificationMessageUnsuccessfulTryAgain" classname="webdriver.test.TestCases.NotificationMessageTest" time="0.157"/>
</testsuite>