<?xml version="1.0" encoding="UTF-8"?>
<!-- Generated by org.testng.reporters.JUnitReportReporter -->
<testsuite skipped="0" hostname="TubaK" name="test.ContextMenuTest" tests="1" failures="0" timestamp="2022-08-25T21:55:47 CDT" time="4.832" errors="0">
  <testcase name="rightClickContextMenu" time="4.832" classname="test.ContextMenuTest"/>
  <system-out/>
</testsuite> <!-- test.ContextMenuTest -->
