<?xml version="1.0" encoding="UTF-8"?>
<!-- Generated by org.testng.reporters.JUnitReportReporter -->
<testsuite skipped="0" hostname="TubaK" name="test.DyanamicLoadingTest" tests="1" failures="0" timestamp="2022-08-29T17:14:01 CDT" time="13.282" errors="0">
  <testcase name="dynamicLoadingCheck" time="13.282" classname="test.DyanamicLoadingTest"/>
  <system-out/>
</testsuite> <!-- test.DyanamicLoadingTest -->
