<?xml version="1.0" encoding="UTF-8"?>
<!-- Generated by org.testng.reporters.JUnitReportReporter -->
<testsuite skipped="0" hostname="TubaK" name="test.DyanamicContentTest" tests="1" failures="0" timestamp="2022-08-25T09:05:28 CDT" time="2.025" errors="0">
  <testcase name="dynamicContentCheck" time="2.025" classname="test.DyanamicContentTest"/>
  <system-out/>
</testsuite> <!-- test.DyanamicContentTest -->
