<?xml version="1.0" encoding="UTF-8"?>
<!-- Generated by org.testng.reporters.JUnitReportReporter -->
<testsuite skipped="0" hostname="TubaK" name="test.DownloadFileTest" tests="1" failures="0" timestamp="24 Aug 2022 16:50:09 GMT" time="2.117" errors="0">
  <testcase name="downloadFile" time="2.117" classname="test.DownloadFileTest"/>
</testsuite> <!-- test.DownloadFileTest -->
