<?xml version="1.0" encoding="UTF-8"?>
<!-- Generated by org.testng.reporters.JUnitReportReporter -->
<testsuite skipped="0" hostname="TubaK" name="test.LoginTest" tests="1" failures="0" timestamp="24 Aug 2022 02:32:59 GMT" time="2.283" errors="0">
  <testcase name="validUserShouldBeAbleToLogin" time="2.283" classname="test.LoginTest"/>
</testsuite> <!-- test.LoginTest -->
