<?xml version="1.0" encoding="UTF-8"?>
<!-- Generated by org.testng.reporters.JUnitReportReporter -->
<testsuite skipped="0" hostname="TubaK" name="test.FloatingMenuTest" tests="1" failures="0" timestamp="2022-08-25T23:02:21 CDT" time="6.052" errors="0">
  <testcase name="flotingMenuCheck" time="6.052" classname="test.FloatingMenuTest"/>
  <system-out/>
</testsuite> <!-- test.FloatingMenuTest -->
