<?xml version="1.0" encoding="UTF-8"?>
<!-- Generated by org.testng.reporters.JUnitReportReporter -->
<testsuite skipped="0" hostname="TubaK" name="test.LoginTestSuccess" tests="1" failures="0" timestamp="2022-08-24T15:48:37 CDT" time="3.431" errors="0">
  <testcase name="validUserShouldBeAbleToLogin" time="3.431" classname="test.LoginTestSuccess"/>
  <system-out/>
</testsuite> <!-- test.LoginTestSuccess -->
