<?xml version="1.0" encoding="UTF-8"?>
<!-- Generated by org.testng.reporters.JUnitReportReporter -->
<testsuite skipped="0" hostname="TubaK" name="test.DragAndDropTest" tests="1" failures="0" timestamp="2022-08-25T22:22:10 CDT" time="5.057" errors="0">
  <testcase name="dragAndDrop" time="5.057" classname="test.DragAndDropTest"/>
  <system-out/>
</testsuite> <!-- test.DragAndDropTest -->
