<?xml version="1.0" encoding="UTF-8"?>
<!-- Generated by org.testng.reporters.JUnitReportReporter -->
<testsuite skipped="0" hostname="TubaK" name="test.DownloadNewFileTest" tests="1" failures="0" timestamp="2022-08-29T17:14:01 CDT" time="11.370" errors="0">
  <testcase name="downloadFilecheck" time="11.370" classname="test.DownloadNewFileTest"/>
  <system-out/>
</testsuite> <!-- test.DownloadNewFileTest -->
