<?xml version="1.0" encoding="UTF-8"?>
<!-- Generated by org.testng.reporters.JUnitReportReporter -->
<testsuite skipped="0" hostname="TubaK" name="test.LoginTestFailure" tests="1" failures="0" timestamp="2022-08-29T17:14:01 CDT" time="8.473" errors="0">
  <testcase name="validUserShouldNotBeAbleToLogin" time="8.473" classname="test.LoginTestFailure"/>
  <system-out/>
</testsuite> <!-- test.LoginTestFailure -->
