<?xml version="1.0" encoding="UTF-8"?>
<!-- Generated by org.testng.reporters.JUnitReportReporter -->
<testsuite skipped="0" hostname="TubaK" name="test.DyanamicLoadingTest" tests="1" failures="0" timestamp="2022-08-25T23:15:52 CDT" time="7.917" errors="0">
  <testcase name="dynamicLoadingCheck" time="7.917" classname="test.DyanamicLoadingTest"/>
  <system-out/>
</testsuite> <!-- test.DyanamicLoadingTest -->
