<?xml version="1.0" encoding="UTF-8"?>
<!-- Generated by org.testng.reporters.JUnitReportReporter -->
<testsuite skipped="0" hostname="TubaK" name="test.DownloadNewFileTest" tests="1" failures="0" timestamp="2022-08-25T21:56:21 CDT" time="7.037" errors="0">
  <testcase name="downloadFilecheck" time="7.037" classname="test.DownloadNewFileTest"/>
  <system-out/>
</testsuite> <!-- test.DownloadNewFileTest -->
