<?xml version="1.0" encoding="UTF-8"?>
<!-- Generated by org.testng.reporters.JUnitReportReporter -->
<testsuite skipped="0" hostname="TubaK" name="test.DyanamicControlsTest" tests="1" failures="0" timestamp="2022-08-29T17:14:01 CDT" time="20.037" errors="0">
  <testcase name="dynamicControlsCheck" time="20.037" classname="test.DyanamicControlsTest"/>
  <system-out/>
</testsuite> <!-- test.DyanamicControlsTest -->
