<?xml version="1.0" encoding="UTF-8"?>
<!-- Generated by org.testng.reporters.JUnitReportReporter -->
<testsuite skipped="0" hostname="TubaK" name="test.LoginTestFailure" tests="1" failures="0" timestamp="2022-08-25T23:09:15 CDT" time="2.924" errors="0">
  <testcase name="validUserShouldNotBeAbleToLogin" time="2.924" classname="test.LoginTestFailure"/>
  <system-out/>
</testsuite> <!-- test.LoginTestFailure -->
