<?xml version="1.0" encoding="UTF-8"?>
<!-- Generated by org.testng.reporters.JUnitReportReporter -->
<testsuite skipped="0" hostname="TubaK" name="test.IframeTest" tests="1" failures="0" timestamp="2022-08-25T23:05:40 CDT" time="3.615" errors="0">
  <testcase name="iframeCheck" time="3.615" classname="test.IframeTest"/>
  <system-out/>
</testsuite> <!-- test.IframeTest -->
