<?xml version="1.0" encoding="UTF-8"?>
<!-- Generated by org.testng.reporters.JUnitReportReporter -->
<testsuite skipped="0" hostname="TubaK" name="test.DyanamicControlsTest" tests="1" failures="0" timestamp="2022-08-25T22:53:34 CDT" time="15.615" errors="0">
  <testcase name="dynamicControlsCheck" time="15.615" classname="test.DyanamicControlsTest"/>
  <system-out/>
</testsuite> <!-- test.DyanamicControlsTest -->
