<?xml version="1.0" encoding="UTF-8"?>
<!-- Generated by org.testng.reporters.JUnitReportReporter -->
<testsuite skipped="0" hostname="TubaK" name="test.DropDownTest" tests="1" failures="0" timestamp="2022-08-29T17:14:01 CDT" time="8.577" errors="0">
  <testcase name="dropDown" time="8.577" classname="test.DropDownTest"/>
  <system-out/>
</testsuite> <!-- test.DropDownTest -->
