<?xml version="1.0" encoding="UTF-8"?>
<!-- Generated by org.testng.reporters.JUnitReportReporter -->
<testsuite skipped="0" hostname="TubaK" name="test.NewTabLinkTest" tests="1" failures="0" timestamp="2022-08-25T23:10:23 CDT" time="2.824" errors="0">
  <testcase name="newTabLinkCheck" time="2.824" classname="test.NewTabLinkTest"/>
  <system-out/>
</testsuite> <!-- test.NewTabLinkTest -->
