<?xml version="1.0" encoding="UTF-8"?>
<!-- Generated by org.testng.reporters.JUnitReportReporter -->
<testsuite skipped="0" hostname="TubaK" name="test.IframeTest" tests="1" failures="0" timestamp="2022-08-29T17:14:01 CDT" time="10.797" errors="0">
  <testcase name="iframeCheck" time="10.797" classname="test.IframeTest"/>
  <system-out/>
</testsuite> <!-- test.IframeTest -->
