<?xml version="1.0" encoding="UTF-8"?>
<!-- Generated by org.testng.reporters.JUnitReportReporter -->
<testsuite skipped="0" hostname="TubaK" name="test.JavaScriptAlertTest" tests="1" failures="0" timestamp="2022-08-29T17:14:01 CDT" time="13.628" errors="0">
  <testcase name="javaScriptAlertCheck" time="13.628" classname="test.JavaScriptAlertTest"/>
  <system-out/>
</testsuite> <!-- test.JavaScriptAlertTest -->
