<?xml version="1.0" encoding="UTF-8"?>
<!-- Generated by org.testng.reporters.JUnitReportReporter -->
<testsuite skipped="0" hostname="TubaK" name="test.JavaScriptAlertTest" tests="1" failures="0" timestamp="2022-08-25T23:07:01 CDT" time="8.953" errors="0">
  <testcase name="javaScriptAlertCheck" time="8.953" classname="test.JavaScriptAlertTest"/>
  <system-out/>
</testsuite> <!-- test.JavaScriptAlertTest -->
