<?xml version="1.0" encoding="UTF-8"?>
<!-- Generated by org.testng.reporters.JUnitReportReporter -->
<testsuite skipped="0" hostname="Pitiass-MBP.fios-router.home" name="Scripts.iframe" tests="1" failures="0" timestamp="2020-09-17T12:04:45 EDT" time="8.214" errors="0">
  <testcase name="logger" time="8.214" classname="Scripts.iframe"/>
  <system-out/>
</testsuite> <!-- Scripts.iframe -->
