<?xml version="1.0" encoding="UTF-8"?>
<!-- Generated by org.testng.reporters.JUnitReportReporter -->
<testsuite skipped="0" hostname="Pitiass-MBP.fios-router.home" name="Scripts.context_Menu" tests="1" failures="0" timestamp="2020-09-17T11:55:04 EDT" time="12.336" errors="0">
  <testcase name="logger" time="12.336" classname="Scripts.context_Menu"/>
  <system-out/>
</testsuite> <!-- Scripts.context_Menu -->
