<?xml version="1.0" encoding="UTF-8"?>
<!-- Generated by org.testng.reporters.JUnitReportReporter -->
<testsuite skipped="0" hostname="Pitiass-MBP.fios-router.home" name="gmail.pitias4work.com.Iframe" tests="1" failures="0" timestamp="2020-09-18T18:40:33 EDT" time="9.118" errors="0">
  <testcase name="frame" time="9.118" classname="gmail.pitias4work.com.Iframe"/>
  <system-out/>
</testsuite> <!-- gmail.pitias4work.com.Iframe -->
