<?xml version="1.0" encoding="UTF-8"?>
<!-- Generated by org.testng.reporters.JUnitReportReporter -->
<testsuite skipped="0" hostname="Pitiass-MBP.fios-router.home" name="gmail.pitias4work.com.CheckBox" tests="1" failures="0" timestamp="2020-09-17T18:18:13 EDT" time="6.898" errors="0">
  <testcase name="logger" time="6.898" classname="gmail.pitias4work.com.CheckBox"/>
  <system-out/>
</testsuite> <!-- gmail.pitias4work.com.CheckBox -->
