<?xml version="1.0" encoding="UTF-8"?>
<!-- Generated by org.testng.reporters.JUnitReportReporter -->
<<<<<<< HEAD
<testsuite skipped="0" hostname="Pitiass-MBP.fios-router.home" name="gmail.pitias4work.com.CheckBox" tests="1" failures="0" timestamp="2020-09-18T17:46:06 EDT" time="8.288" errors="0">
  <testcase name="box" time="8.288" classname="gmail.pitias4work.com.CheckBox"/>
=======
<testsuite skipped="0" hostname="Pitiass-MBP.fios-router.home" name="gmail.pitias4work.com.CheckBox" tests="1" failures="0" timestamp="2020-09-17T18:18:13 EDT" time="6.898" errors="0">
  <testcase name="logger" time="6.898" classname="gmail.pitias4work.com.CheckBox"/>
>>>>>>> branch 'master' of https://github.com/PitiasFessahaie/take-home-webdriver-test.git
  <system-out/>
</testsuite> <!-- gmail.pitias4work.com.CheckBox -->
