<?xml version="1.0" encoding="UTF-8"?>
<!-- Generated by org.testng.reporters.JUnitReportReporter -->
<testsuite skipped="0" hostname="Pitiass-MacBook-Pro.local" name="gmail.pitias4work.com.CheckBox" tests="1" failures="0" timestamp="2020-09-19T15:47:14 EDT" time="8.345" errors="0">
  <testcase name="box" time="8.345" classname="gmail.pitias4work.com.CheckBox"/>
  <system-out/>
</testsuite> <!-- gmail.pitias4work.com.CheckBox -->
