<?xml version="1.0" encoding="UTF-8"?>
<!-- Generated by org.testng.reporters.JUnitReportReporter -->
<testsuite skipped="0" hostname="Pitiass-MBP.fios-router.home" name="gmail.pitias4work.com.Notification_Msg" tests="1" failures="0" timestamp="2020-09-18T18:57:29 EDT" time="22.470" errors="0">
  <testcase name="notification_message" time="22.470" classname="gmail.pitias4work.com.Notification_Msg"/>
  <system-out/>
</testsuite> <!-- gmail.pitias4work.com.Notification_Msg -->
