<?xml version="1.0" encoding="UTF-8"?>
<!-- Generated by org.testng.reporters.JUnitReportReporter -->
<testsuite skipped="0" hostname="Pitiass-MBP.fios-router.home" name="Scripts.Notification_Msg" tests="1" failures="0" timestamp="2020-09-17T12:11:17 EDT" time="16.181" errors="0">
  <testcase name="logger" time="16.181" classname="Scripts.Notification_Msg"/>
  <system-out/>
</testsuite> <!-- Scripts.Notification_Msg -->
