<?xml version="1.0" encoding="UTF-8"?>
<!-- Generated by org.testng.reporters.JUnitReportReporter -->
<testsuite skipped="0" hostname="Pitiass-MBP.fios-router.home" name="take.homw.script.SmokeTest" tests="18" failures="0" timestamp="2020-10-01T15:22:09 EDT" time="287.150" errors="0">
  <testcase name="login_Success" time="8.520" classname="take.homw.script.SmokeTest"/>
  <system-out/>
  <testcase name="login_fail" time="8.265" classname="take.homw.script.SmokeTest"/>
  <system-out/>
  <testcase name="checkbox" time="7.251" classname="take.homw.script.SmokeTest"/>
  <system-out/>
  <testcase name="context_menu" time="8.439" classname="take.homw.script.SmokeTest"/>
  <system-out/>
  <testcase name="dragandDrop" time="11.623" classname="take.homw.script.SmokeTest"/>
  <system-out/>
  <testcase name="dropDown" time="9.298" classname="take.homw.script.SmokeTest"/>
  <system-out/>
  <testcase name="dynamic_Content" time="26.513" classname="take.homw.script.SmokeTest"/>
  <system-out/>
  <testcase name="dynamic_Control" time="26.663" classname="take.homw.script.SmokeTest"/>
  <system-out/>
  <testcase name="dynamic_Loading" time="31.148" classname="take.homw.script.SmokeTest"/>
  <system-out/>
  <testcase name="fileDownload" time="14.230" classname="take.homw.script.SmokeTest"/>
  <system-out/>
  <testcase name="fileUpload" time="12.336" classname="take.homw.script.SmokeTest"/>
  <system-out/>
  <testcase name="floating_Menu" time="8.249" classname="take.homw.script.SmokeTest"/>
  <system-out/>
  <testcase name="iframe" time="8.552" classname="take.homw.script.SmokeTest"/>
  <system-out/>
  <testcase name="mouse_Hover" time="15.558" classname="take.homw.script.SmokeTest"/>
  <system-out/>
  <testcase name="javaScriptAlerts" time="14.391" classname="take.homw.script.SmokeTest"/>
  <system-out/>
  <testcase name="JavaScriptError" time="6.052" classname="take.homw.script.SmokeTest"/>
  <system-out/>
  <testcase name="openNewTab" time="9.336" classname="take.homw.script.SmokeTest"/>
  <system-out/>
  <testcase name="notification_Msg" time="60.726" classname="take.homw.script.SmokeTest"/>
  <system-out/>
</testsuite> <!-- take.homw.script.SmokeTest -->
