<?xml version="1.0" encoding="UTF-8"?>
<!-- Generated by org.testng.reporters.JUnitReportReporter -->
<testsuite skipped="0" hostname="Pitiass-MBP.fios-router.home" name="gmail.pitias4work.com.MouseHover" tests="1" failures="0" timestamp="2020-09-18T18:55:33 EDT" time="16.364" errors="0">
  <testcase name="mouse" time="16.364" classname="gmail.pitias4work.com.MouseHover"/>
  <system-out/>
</testsuite> <!-- gmail.pitias4work.com.MouseHover -->
