<?xml version="1.0" encoding="UTF-8"?>
<!-- Generated by org.testng.reporters.JUnitReportReporter -->
<testsuite skipped="0" hostname="Pitiass-MBP.fios-router.home" name="take.homw.script.Script" tests="18" failures="1" timestamp="2020-09-17T20:50:56 EDT" time="262.094" errors="0">
  <testcase name="dynamic_Content" time="24.887" classname="take.homw.script.Script"/>
  <system-out/>
  <testcase name="JavaScriptError" time="6.155" classname="take.homw.script.Script"/>
  <system-out/>
  <testcase name="checkbox" time="6.314" classname="take.homw.script.Script"/>
  <system-out/>
  <testcase name="dragandDrop" time="11.613" classname="take.homw.script.Script"/>
  <system-out/>
  <testcase name="fileUpload" time="11.520" classname="take.homw.script.Script"/>
  <system-out/>
  <testcase name="floating_Menu" time="9.283" classname="take.homw.script.Script"/>
  <system-out/>
  <testcase name="login_Success" time="8.578" classname="take.homw.script.Script"/>
  <system-out/>
  <testcase name="openNewTab" time="9.315" classname="take.homw.script.Script"/>
  <system-out/>
  <testcase name="javaScriptAlerts" time="18.525" classname="take.homw.script.Script"/>
  <system-out/>
  <testcase name="notification_Msg" time="17.725" classname="take.homw.script.Script"/>
  <system-out/>
  <testcase name="dynamic_Control" time="36.218" classname="take.homw.script.Script"/>
  <system-out/>
  <testcase name="mouse_Hover" time="15.711" classname="take.homw.script.Script"/>
  <system-out/>
  <testcase name="fileDownload" time="9.357" classname="take.homw.script.Script"/>
  <system-out/>
  <testcase name="login_fail" time="9.192" classname="take.homw.script.Script">
    <failure type="java.lang.AssertionError" message="expected [http://localhost:7080/secure] but found [http://localhost:7080/login]">
      <![CDATA[java.lang.AssertionError: expected [http://localhost:7080/secure] but found [http://localhost:7080/login]
at org.testng.Assert.fail(Assert.java:97)
at org.testng.Assert.assertEqualsImpl(Assert.java:136)
at org.testng.Assert.assertEquals(Assert.java:118)
at org.testng.Assert.assertEquals(Assert.java:575)
at org.testng.Assert.assertEquals(Assert.java:585)
at gmail.pitias4work.com.Login_failer.login_fail(Login_failer.java:35)
at take.homw.script.Script.login_fail(Script.java:36)
at sun.reflect.NativeMethodAccessorImpl.invoke0(Native Method)
at sun.reflect.NativeMethodAccessorImpl.invoke(NativeMethodAccessorImpl.java:62)
at sun.reflect.DelegatingMethodAccessorImpl.invoke(DelegatingMethodAccessorImpl.java:43)
at java.lang.reflect.Method.invoke(Method.java:498)
at org.testng.internal.MethodInvocationHelper.invokeMethod(MethodInvocationHelper.java:134)
at org.testng.internal.TestInvoker.invokeMethod(TestInvoker.java:597)
at org.testng.internal.TestInvoker.invokeTestMethod(TestInvoker.java:173)
at org.testng.internal.MethodRunner.runInSequence(MethodRunner.java:46)
at org.testng.internal.TestInvoker$MethodInvocationAgent.invoke(TestInvoker.java:816)
at org.testng.internal.TestInvoker.invokeTestMethods(TestInvoker.java:146)
at org.testng.internal.TestMethodWorker.invokeTestMethods(TestMethodWorker.java:146)
at org.testng.internal.TestMethodWorker.run(TestMethodWorker.java:128)
at java.util.ArrayList.forEach(ArrayList.java:1257)
at org.testng.TestRunner.privateRun(TestRunner.java:766)
at org.testng.TestRunner.run(TestRunner.java:587)
at org.testng.SuiteRunner.runTest(SuiteRunner.java:384)
at org.testng.SuiteRunner.runSequentially(SuiteRunner.java:378)
at org.testng.SuiteRunner.privateRun(SuiteRunner.java:337)
at org.testng.SuiteRunner.run(SuiteRunner.java:286)
at org.testng.SuiteRunnerWorker.runSuite(SuiteRunnerWorker.java:53)
at org.testng.SuiteRunnerWorker.run(SuiteRunnerWorker.java:96)
at org.testng.TestNG.runSuitesSequentially(TestNG.java:1187)
at org.testng.TestNG.runSuitesLocally(TestNG.java:1109)
at org.testng.TestNG.runSuites(TestNG.java:1039)
at org.testng.TestNG.run(TestNG.java:1007)
at org.testng.remote.AbstractRemoteTestNG.run(AbstractRemoteTestNG.java:115)
at org.testng.remote.RemoteTestNG.initAndRun(RemoteTestNG.java:251)
at org.testng.remote.RemoteTestNG.main(RemoteTestNG.java:77)
]]>
    </failure>
  </testcase> <!-- login_fail -->
  <system-out/>
  <testcase name="iframe" time="9.505" classname="take.homw.script.Script"/>
  <system-out/>
  <testcase name="dropDown" time="28.359" classname="take.homw.script.Script"/>
  <system-out/>
  <testcase name="context_menu" time="15.508" classname="take.homw.script.Script"/>
  <system-out/>
  <testcase name="dynamic_Loading" time="14.329" classname="take.homw.script.Script"/>
  <system-out/>
</testsuite> <!-- take.homw.script.Script -->
