<?xml version="1.0" encoding="UTF-8"?>
<!-- Generated by org.testng.reporters.JUnitReportReporter -->
<testsuite skipped="0" hostname="Pitiass-MBP.fios-router.home" name="gmail.pitias4work.com.DynamicControls" tests="1" failures="0" timestamp="2020-09-18T18:31:27 EDT" time="31.977" errors="0">
  <testcase name="dynamic_Control" time="31.977" classname="gmail.pitias4work.com.DynamicControls"/>
  <system-out/>
</testsuite> <!-- gmail.pitias4work.com.DynamicControls -->
