<?xml version="1.0" encoding="UTF-8"?>
<!-- Generated by org.testng.reporters.JUnitReportReporter -->
<testsuite skipped="0" hostname="Pitiass-MBP.fios-router.home" name="gmail.pitias4work.com.Upload" tests="1" failures="0" timestamp="2020-09-18T19:02:49 EDT" time="9.956" errors="0">
  <testcase name="upload" time="9.956" classname="gmail.pitias4work.com.Upload"/>
  <system-out/>
</testsuite> <!-- gmail.pitias4work.com.Upload -->
