<?xml version="1.0" encoding="UTF-8"?>
<!-- Generated by org.testng.reporters.JUnitReportReporter -->
<testsuite skipped="0" hostname="Pitiass-MBP.fios-router.home" name="Scripts.dropDown" tests="1" failures="0" timestamp="2020-09-17T11:56:37 EDT" time="7.969" errors="0">
  <testcase name="logger" time="7.969" classname="Scripts.dropDown"/>
  <system-out/>
</testsuite> <!-- Scripts.dropDown -->
