<?xml version="1.0" encoding="UTF-8"?>
<!-- Generated by org.testng.reporters.JUnitReportReporter -->
<testsuite skipped="0" hostname="Pitiass-MBP.fios-router.home" name="gmail.pitias4work.com.DynamicLoading" tests="1" failures="0" timestamp="2020-10-01T13:01:51 EDT" time="17.046" errors="0">
  <testcase name="dynamic_Loading" time="17.046" classname="gmail.pitias4work.com.DynamicLoading"/>
  <system-out/>
</testsuite> <!-- gmail.pitias4work.com.DynamicLoading -->
