<?xml version="1.0" encoding="UTF-8"?>
<!-- Generated by org.testng.reporters.JUnitReportReporter -->
<testsuite skipped="0" hostname="Pitiass-MBP.fios-router.home" name="Scripts.floatingMenu" tests="1" failures="0" timestamp="2020-09-17T12:03:53 EDT" time="7.889" errors="0">
  <testcase name="logger" time="7.889" classname="Scripts.floatingMenu"/>
  <system-out/>
</testsuite> <!-- Scripts.floatingMenu -->
