<?xml version="1.0" encoding="UTF-8"?>
<!-- Generated by org.testng.reporters.JUnitReportReporter -->
<testsuite skipped="0" hostname="Pitiass-MBP.fios-router.home" name="gmail.pitias4work.com.DynamicLoading" tests="1" failures="0" timestamp="2020-09-18T18:32:44 EDT" time="16.887" errors="0">
  <testcase name="dynamic_Loading" time="16.887" classname="gmail.pitias4work.com.DynamicLoading"/>
  <system-out/>
</testsuite> <!-- gmail.pitias4work.com.DynamicLoading -->
