<?xml version="1.0" encoding="UTF-8"?>
<!-- Generated by org.testng.reporters.JUnitReportReporter -->
<testsuite skipped="0" hostname="Pitiass-MBP.fios-router.home" name="gmail.pitias4work.com.DynamicContent" tests="1" failures="0" timestamp="2020-09-19T12:28:45 EDT" time="28.235" errors="0">
  <testcase name="dynamic_Content" time="28.235" classname="gmail.pitias4work.com.DynamicContent"/>
  <system-out/>
</testsuite> <!-- gmail.pitias4work.com.DynamicContent -->
