<?xml version="1.0" encoding="UTF-8"?>
<!-- Generated by org.testng.reporters.JUnitReportReporter -->
<testsuite skipped="0" hostname="Pitiass-MBP.fios-router.home" name="gmail.pitias4work.com.Sample_login" tests="1" failures="0" timestamp="2020-09-19T02:36:17 EDT" time="11.840" errors="0">
  <testcase name="login" time="11.840" classname="gmail.pitias4work.com.Sample_login"/>
  <system-out/>
</testsuite> <!-- gmail.pitias4work.com.Sample_login -->
