<?xml version="1.0" encoding="UTF-8"?>
<!-- Generated by org.testng.reporters.JUnitReportReporter -->
<testsuite skipped="0" hostname="Pitiass-MBP.fios-router.home" name="Scripts.login" tests="1" failures="0" timestamp="2020-09-16T13:43:34 EDT" time="4.265" errors="0">
  <testcase name="logger" time="4.265" classname="Scripts.login"/>
  <system-out/>
</testsuite> <!-- Scripts.login -->
