<?xml version="1.0" encoding="UTF-8"?>
<!-- Generated by org.testng.reporters.JUnitReportReporter -->
<testsuite skipped="0" hostname="Pitiass-MBP.fios-router.home" name="Scripts.OpenNewTab" tests="1" failures="0" timestamp="2020-09-17T12:12:24 EDT" time="8.047" errors="0">
  <testcase name="logger" time="8.047" classname="Scripts.OpenNewTab"/>
  <system-out/>
</testsuite> <!-- Scripts.OpenNewTab -->
