<?xml version="1.0" encoding="UTF-8"?>
<!-- Generated by org.testng.reporters.JUnitReportReporter -->
<testsuite skipped="0" hostname="Pitiass-MBP.fios-router.home" name="Scripts.dragandDrop" tests="1" failures="0" timestamp="2020-09-17T17:44:35 EDT" time="10.336" errors="0">
  <testcase name="logger" time="10.336" classname="Scripts.dragandDrop"/>
  <system-out/>
</testsuite> <!-- Scripts.dragandDrop -->
