<?xml version="1.0" encoding="UTF-8"?>
<!-- Generated by org.testng.reporters.JUnitReportReporter -->
<testsuite skipped="0" hostname="Pitiass-MacBook-Pro.local" name="gmail.pitias4work.com.DynamicControls" tests="1" failures="0" timestamp="2020-09-25T15:20:31 EDT" time="27.223" errors="0">
  <testcase name="dynamic_Control" time="27.223" classname="gmail.pitias4work.com.DynamicControls"/>
  <system-out/>
</testsuite> <!-- gmail.pitias4work.com.DynamicControls -->
