<?xml version="1.0" encoding="UTF-8"?>
<!-- Generated by org.testng.reporters.JUnitReportReporter -->
<testsuite skipped="0" hostname="Pitiass-MBP.fios-router.home" name="gmail.pitias4work.com.JavaAlert" tests="1" failures="0" timestamp="2020-09-18T18:47:19 EDT" time="30.271" errors="0">
  <testcase name="alert" time="30.271" classname="gmail.pitias4work.com.JavaAlert"/>
  <system-out/>
</testsuite> <!-- gmail.pitias4work.com.JavaAlert -->
