<?xml version="1.0" encoding="UTF-8"?>
<!-- Generated by org.testng.reporters.JUnitReportReporter -->
<testsuite skipped="0" hostname="Pitiass-MBP.fios-router.home" name="Scripts.JavaAlert" tests="1" failures="0" timestamp="2020-09-17T12:05:46 EDT" time="17.053" errors="0">
  <testcase name="logger" time="17.053" classname="Scripts.JavaAlert"/>
  <system-out/>
</testsuite> <!-- Scripts.JavaAlert -->
