<?xml version="1.0" encoding="UTF-8"?>
<!-- Generated by org.testng.reporters.JUnitReportReporter -->
<testsuite skipped="0" hostname="Pitiass-MacBook-Pro.local" name="gmail.pitias4work.com.OpenNewTab" tests="1" failures="0" timestamp="2020-09-22T11:23:14 EDT" time="9.897" errors="0">
  <testcase name="newTab" time="9.897" classname="gmail.pitias4work.com.OpenNewTab"/>
  <system-out/>
</testsuite> <!-- gmail.pitias4work.com.OpenNewTab -->
