<?xml version="1.0" encoding="UTF-8"?>
<!-- Generated by org.testng.reporters.JUnitReportReporter -->
<testsuite skipped="0" hostname="Pitiass-MBP.fios-router.home" name="Scripts.mouseHover" tests="1" failures="0" timestamp="2020-09-17T12:10:15 EDT" time="14.256" errors="0">
  <testcase name="logger" time="14.256" classname="Scripts.mouseHover"/>
  <system-out/>
</testsuite> <!-- Scripts.mouseHover -->
