<?xml version="1.0" encoding="UTF-8"?>
<!-- Generated by org.testng.reporters.JUnitReportReporter -->
<testsuite skipped="0" hostname="Pitiass-MBP.fios-router.home" name="Scripts.dynamicControls" tests="1" failures="0" timestamp="2020-09-17T13:43:18 EDT" time="34.266" errors="0">
  <testcase name="logger" time="34.266" classname="Scripts.dynamicControls"/>
  <system-out/>
</testsuite> <!-- Scripts.dynamicControls -->
