<?xml version="1.0" encoding="UTF-8"?>
<!-- Generated by org.testng.reporters.JUnitReportReporter -->
<testsuite skipped="0" hostname="Pitiass-MBP.fios-router.home" name="Scripts.javaAlerts" tests="1" failures="0" timestamp="2020-09-17T08:57:41 EDT" time="1.839" errors="0">
  <testcase name="logger" time="1.839" classname="Scripts.javaAlerts"/>
  <system-out/>
</testsuite> <!-- Scripts.javaAlerts -->
