<?xml version="1.0" encoding="UTF-8"?>
<!-- Generated by org.testng.reporters.JUnitReportReporter -->
<testsuite skipped="0" hostname="Pitiass-MBP.fios-router.home" name="take.homw.script.Script" tests="1" failures="0" timestamp="2020-09-17T18:35:17 EDT" time="9.277" errors="0">
  <testcase name="login_Success" time="9.277" classname="take.homw.script.Script"/>
  <system-out/>
</testsuite> <!-- take.homw.script.Script -->
