<?xml version="1.0" encoding="UTF-8"?>
<!-- Generated by org.testng.reporters.JUnitReportReporter -->
<testsuite skipped="0" hostname="Pitiass-MBP.fios-router.home" name="gmail.pitias4work.com.Context_Menu" tests="1" failures="0" timestamp="2020-09-18T17:46:58 EDT" time="19.213" errors="0">
  <testcase name="context" time="19.213" classname="gmail.pitias4work.com.Context_Menu"/>
  <system-out/>
</testsuite> <!-- gmail.pitias4work.com.Context_Menu -->
