<?xml version="1.0" encoding="UTF-8"?>
<!-- Generated by org.testng.reporters.JUnitReportReporter -->
<testsuite skipped="0" hostname="Pitiass-MBP.fios-router.home" name="Scripts.fileDownload" tests="1" failures="0" timestamp="2020-09-17T12:02:53 EDT" time="8.050" errors="0">
  <testcase name="logger" time="8.050" classname="Scripts.fileDownload"/>
  <system-out/>
</testsuite> <!-- Scripts.fileDownload -->
