<?xml version="1.0" encoding="UTF-8"?>
<!-- Generated by org.testng.reporters.JUnitReportReporter -->
<testsuite skipped="0" hostname="Pitiass-MBP.fios-router.home" name="gmail.pitias4work.com.DropDown" tests="1" failures="0" timestamp="2020-09-18T17:57:38 EDT" time="9.892" errors="0">
  <testcase name="dropDown" time="9.892" classname="gmail.pitias4work.com.DropDown"/>
  <system-out/>
</testsuite> <!-- gmail.pitias4work.com.DropDown -->
