<?xml version="1.0" encoding="UTF-8"?>
<!-- Generated by org.testng.reporters.JUnitReportReporter -->
<testsuite skipped="0" hostname="Pitiass-MBP.fios-router.home" name="gmail.pitias4work.com.JavaScript_Error" tests="1" failures="0" timestamp="2020-09-18T18:49:13 EDT" time="6.723" errors="0">
  <testcase name="jse" time="6.723" classname="gmail.pitias4work.com.JavaScript_Error"/>
  <system-out/>
</testsuite> <!-- gmail.pitias4work.com.JavaScript_Error -->
