<?xml version="1.0" encoding="UTF-8"?>
<!-- Generated by org.testng.reporters.JUnitReportReporter -->
<testsuite skipped="0" hostname="Pitiass-MBP.fios-router.home" name="gmail.pitias4work.com.OpenNewTab" tests="1" failures="0" timestamp="2020-09-18T19:00:45 EDT" time="9.973" errors="0">
  <testcase name="newTab" time="9.973" classname="gmail.pitias4work.com.OpenNewTab"/>
  <system-out/>
</testsuite> <!-- gmail.pitias4work.com.OpenNewTab -->
