<?xml version="1.0" encoding="UTF-8"?>
<!-- Generated by org.testng.reporters.JUnitReportReporter -->
<testsuite skipped="0" hostname="Pitiass-MBP.fios-router.home" name="Scripts.upload" tests="1" failures="0" timestamp="2020-09-17T12:13:15 EDT" time="9.982" errors="0">
  <testcase name="logger" time="9.982" classname="Scripts.upload"/>
  <system-out/>
</testsuite> <!-- Scripts.upload -->
