<?xml version="1.0" encoding="UTF-8"?>
<!-- Generated by org.testng.reporters.JUnitReportReporter -->
<testsuite skipped="0" hostname="Pitiass-MBP.fios-router.home" name="gmail.pitias4work.com.DragandDrop" tests="1" failures="0" timestamp="2020-09-19T02:41:28 EDT" time="22.084" errors="0">
  <testcase name="dragandDrop" time="22.084" classname="gmail.pitias4work.com.DragandDrop"/>
  <system-out/>
</testsuite> <!-- gmail.pitias4work.com.DragandDrop -->
