<?xml version="1.0" encoding="UTF-8"?>
<!-- Generated by org.testng.reporters.JUnitReportReporter -->
<testsuite skipped="0" hostname="Pitiass-MBP.fios-router.home" name="gmail.pitias4work.com.FileDownload" tests="1" failures="0" timestamp="2020-09-18T18:35:31 EDT" time="11.908" errors="0">
  <testcase name="download" time="11.908" classname="gmail.pitias4work.com.FileDownload"/>
  <system-out/>
</testsuite> <!-- gmail.pitias4work.com.FileDownload -->
