<?xml version="1.0" encoding="UTF-8"?>
<!-- Generated by org.testng.reporters.JUnitReportReporter -->
<testsuite skipped="0" hostname="Pitiass-MBP.fios-router.home" name="gmail.pitias4work.com.DynamicControl" tests="1" failures="0" timestamp="2020-09-19T01:00:20 EDT" time="27.233" errors="0">
  <testcase name="checkBoxChecking" time="27.233" classname="gmail.pitias4work.com.DynamicControl"/>
  <system-out/>
</testsuite> <!-- gmail.pitias4work.com.DynamicControl -->
