<?xml version="1.0" encoding="UTF-8"?>
<!-- Generated by org.testng.reporters.JUnitReportReporter -->
<testsuite hostname="ARATHY" failures="0" tests="1" name="testcases.TC_DragDrop" time="3.005" errors="0" timestamp="2022-11-28T13:39:31 EST" skipped="0">
  <testcase classname="testcases.TC_DragDrop" name="Test" time="3.005"/>
  <system-out/>
</testsuite> <!-- testcases.TC_DragDrop -->
