<?xml version="1.0" encoding="UTF-8"?>
<!-- Generated by org.testng.reporters.JUnitReportReporter -->
<testsuite hostname="DESKTOP-OCNKDLE" failures="0" tests="1" name="Testing.AutomationTests.contextMenuTest" time="3.195" errors="0" timestamp="06 Apr 2023 02:02:45 GMT" skipped="0">
  <testcase classname="Testing.AutomationTests.contextMenuTest" name="contextMenu" time="3.195"/>
</testsuite> <!-- Testing.AutomationTests.contextMenuTest -->
