<?xml version="1.0" encoding="UTF-8"?>
<!-- Generated by org.testng.reporters.JUnitReportReporter -->
<testsuite hostname="DESKTOP-OCNKDLE" failures="0" tests="1" name="Testing.AutomationTests.MouseHoverTest" time="2.531" errors="0" timestamp="2023-04-05T22:19:13 GMT-06:00" skipped="0">
  <testcase classname="Testing.AutomationTests.MouseHoverTest" name="validateMouseHover" time="2.531"/>
  <system-out/>
</testsuite> <!-- Testing.AutomationTests.MouseHoverTest -->
