<?xml version="1.0" encoding="UTF-8"?>
<!-- Generated by org.testng.reporters.JUnitReportReporter -->
<testsuite hostname="DESKTOP-OCNKDLE" failures="0" tests="1" name="Testing.AutomationTests.NotificationMessageTest" time="3.011" errors="0" timestamp="2023-04-05T22:43:02 GMT-06:00" skipped="0">
  <testcase classname="Testing.AutomationTests.NotificationMessageTest" name="notificationMessage" time="3.011"/>
  <system-out/>
</testsuite> <!-- Testing.AutomationTests.NotificationMessageTest -->
