<?xml version="1.0" encoding="UTF-8"?>
<!-- Generated by org.testng.reporters.JUnitReportReporter -->
<testsuite hostname="DESKTOP-OCNKDLE" failures="0" tests="1" name="Testing.AutomationTests.DynamicLoadingTest" time="9.671" errors="0" timestamp="06 Apr 2023 03:03:18 GMT" skipped="0">
  <testcase classname="Testing.AutomationTests.DynamicLoadingTest" name="checkDynamicLoading" time="9.671"/>
</testsuite> <!-- Testing.AutomationTests.DynamicLoadingTest -->
