<?xml version="1.0" encoding="UTF-8"?>
<!-- Generated by org.testng.reporters.JUnitReportReporter -->
<testsuite hostname="DESKTOP-OCNKDLE" failures="0" tests="1" name="Testing.AutomationTests.FileDownloadTest" time="3.620" errors="0" timestamp="2023-04-05T22:05:19 GMT-06:00" skipped="0">
  <testcase classname="Testing.AutomationTests.FileDownloadTest" name="validateFileDownload" time="3.620"/>
  <system-out/>
</testsuite> <!-- Testing.AutomationTests.FileDownloadTest -->
