<?xml version="1.0" encoding="UTF-8"?>
<!-- Generated by org.testng.reporters.JUnitReportReporter -->
<testsuite hostname="DESKTOP-OCNKDLE" failures="0" tests="1" name="Testing.AutomationTests.ContentChangeTest" time="4.514" errors="0" timestamp="06 Apr 2023 02:42:30 GMT" skipped="0">
  <testcase classname="Testing.AutomationTests.ContentChangeTest" name="validateDynamicContent" time="4.514"/>
</testsuite> <!-- Testing.AutomationTests.ContentChangeTest -->
