<?xml version="1.0" encoding="UTF-8"?>
<!-- Generated by org.testng.reporters.JUnitReportReporter -->
<testsuite hostname="DESKTOP-OCNKDLE" failures="0" tests="1" name="Testing.AutomationTests.FloatingMenuTest" time="18.881" errors="0" timestamp="2023-04-05T22:09:54 GMT-06:00" skipped="0">
  <testcase classname="Testing.AutomationTests.FloatingMenuTest" name="checkFloatingMenu" time="18.881"/>
  <system-out/>
</testsuite> <!-- Testing.AutomationTests.FloatingMenuTest -->
