<?xml version="1.0" encoding="UTF-8"?>
<!-- Generated by org.testng.reporters.JUnitReportReporter -->
<testsuite hostname="DESKTOP-OCNKDLE" failures="0" tests="1" name="Testing.AutomationTests.checkBoxTest" time="3.295" errors="0" timestamp="06 Apr 2023 01:48:03 GMT" skipped="0">
  <testcase classname="Testing.AutomationTests.checkBoxTest" name="validateCheckboxes" time="3.295"/>
</testsuite> <!-- Testing.AutomationTests.checkBoxTest -->
