<?xml version="1.0" encoding="UTF-8"?>
<!-- Generated by org.testng.reporters.JUnitReportReporter -->
<testsuite hostname="DESKTOP-OCNKDLE" failures="0" tests="1" name="Testing.AutomationTests.FileUploadTest" time="3.119" errors="0" timestamp="2023-04-05T22:02:50 GMT-06:00" skipped="0">
  <testcase classname="Testing.AutomationTests.FileUploadTest" name="validateFileUpload" time="3.119"/>
  <system-out/>
</testsuite> <!-- Testing.AutomationTests.FileUploadTest -->
