<?xml version="1.0" encoding="UTF-8"?>
<!-- Generated by org.testng.reporters.JUnitReportReporter -->
<testsuite hostname="DESKTOP-OCNKDLE" failures="0" tests="1" name="Testing.AutomationTests.IFrameTest" time="3.321" errors="0" timestamp="2023-04-05T22:14:53 GMT-06:00" skipped="0">
  <testcase classname="Testing.AutomationTests.IFrameTest" name="switchAndCheckText" time="3.321"/>
  <system-out/>
</testsuite> <!-- Testing.AutomationTests.IFrameTest -->
