<?xml version="1.0" encoding="UTF-8"?>
<!-- Generated by org.testng.reporters.JUnitReportReporter -->
<testsuite hostname="DESKTOP-OCNKDLE" failures="0" tests="1" name="Testing.AutomationTests.NewTabTest" time="2.700" errors="0" timestamp="2023-04-05T22:38:48 GMT-06:00" skipped="0">
  <testcase classname="Testing.AutomationTests.NewTabTest" name="validateNewWindowText" time="2.700"/>
  <system-out/>
</testsuite> <!-- Testing.AutomationTests.NewTabTest -->
