<?xml version="1.0" encoding="UTF-8"?>
<!-- Generated by org.testng.reporters.JUnitReportReporter -->
<testsuite hostname="DESKTOP-OCNKDLE" failures="0" tests="1" name="Testing.AutomationTests.loginTest" time="18.980" errors="0" timestamp="06 Apr 2023 01:34:04 GMT" skipped="0">
  <testcase classname="Testing.AutomationTests.loginTest" name="validateInvalidlogin" time="18.980"/>
</testsuite> <!-- Testing.AutomationTests.loginTest -->
