<?xml version="1.0" encoding="UTF-8"?>
<!-- Generated by org.testng.reporters.JUnitReportReporter -->
<testsuite hostname="DESKTOP-OCNKDLE" failures="0" tests="1" name="Testing.AutomationTests.DropDownTest" time="18.551" errors="0" timestamp="06 Apr 2023 02:18:25 GMT" skipped="0">
  <testcase classname="Testing.AutomationTests.DropDownTest" name="dropDownOption2" time="18.551"/>
</testsuite> <!-- Testing.AutomationTests.DropDownTest -->
