<?xml version="1.0" encoding="UTF-8"?>
<!-- Generated by org.testng.reporters.JUnitReportReporter -->
<testsuite hostname="DESKTOP-OCNKDLE" failures="0" tests="1" name="Testing.AutomationTests.JavaScriptAlertsTest" time="3.066" errors="0" timestamp="2023-04-05T22:26:34 GMT-06:00" skipped="0">
  <testcase classname="Testing.AutomationTests.JavaScriptAlertsTest" name="validateAlerts" time="3.066"/>
  <system-out/>
</testsuite> <!-- Testing.AutomationTests.JavaScriptAlertsTest -->
