<?xml version="1.0" encoding="UTF-8"?>
<!-- Generated by org.testng.reporters.JUnitReportReporter -->
<testsuite hostname="DESKTOP-OCNKDLE" failures="0" tests="1" name="Testing.AutomationTests.JSErrorTest" time="2.440" errors="0" timestamp="2023-04-05T22:33:59 GMT-06:00" skipped="0">
  <testcase classname="Testing.AutomationTests.JSErrorTest" name="validateJsErrors" time="2.440"/>
  <system-out/>
</testsuite> <!-- Testing.AutomationTests.JSErrorTest -->
