<?xml version="1.0" encoding="UTF-8"?>
<!-- Generated by org.testng.reporters.JUnitReportReporter -->
<testsuite hostname="DESKTOP-OCNKDLE" failures="0" tests="1" name="Testing.AutomationTests.DragNdropTest" time="2.415" errors="0" timestamp="06 Apr 2023 02:08:59 GMT" skipped="0">
  <testcase classname="Testing.AutomationTests.DragNdropTest" name="validateDragNDrop" time="2.415"/>
</testsuite> <!-- Testing.AutomationTests.DragNdropTest -->
