<?xml version="1.0" encoding="UTF-8"?>
<!-- Generated by org.testng.reporters.JUnitReportReporter -->
<testsuite hostname="DESKTOP-OCNKDLE" failures="0" tests="1" name="Testing.AutomationTests.DynamicControlsTest" time="25.449" errors="0" timestamp="06 Apr 2023 02:55:24 GMT" skipped="0">
  <testcase classname="Testing.AutomationTests.DynamicControlsTest" name="checkEnableDisableButton" time="25.449"/>
</testsuite> <!-- Testing.AutomationTests.DynamicControlsTest -->
