<?xml version="1.0" encoding="UTF-8"?>
<!-- Generated by org.testng.reporters.JUnitReportReporter -->
<testsuite hostname="Patrickniyibizi" failures="0" tests="3" name="jst_alert.Alert" time="0.102" errors="0" timestamp="2023-01-17T17:44:29 CST" skipped="0">
  <testcase classname="jst_alert.Alert" name="checkToJsComfirm" time="0.005"/>
  <system-out/>
  <testcase classname="jst_alert.Alert" name="alert" time="0.095"/>
  <system-out/>
  <testcase classname="jst_alert.Alert" name="checkToJsPrompt" time="0.002"/>
  <system-out/>
</testsuite> <!-- jst_alert.Alert -->
