<?xml version="1.0" encoding="UTF-8"?>
<!-- Generated by org.testng.reporters.JUnitReportReporter -->
<testsuite hostname="Patrickniyibizi" failures="0" tests="3" name="jst_alert.Js_alert" time="6.713" errors="0" timestamp="2023-01-17T18:11:39 CST" skipped="0">
  <testcase classname="jst_alert.Js_alert" name="checkToJsComfirm" time="2.148"/>
  <system-out/>
  <testcase classname="jst_alert.Js_alert" name="checkAlert" time="2.307"/>
  <system-out/>
  <testcase classname="jst_alert.Js_alert" name="checkToJsPrompt" time="2.258"/>
  <system-out/>
</testsuite> <!-- jst_alert.Js_alert -->
