<?xml version="1.0" encoding="UTF-8"?>
<!-- Generated by org.testng.reporters.JUnitReportReporter -->
<testsuite hostname="LAPTOP-PD0G2153" failures="0" tests="1" name="tests.ContextTest" time="7.325" errors="0" timestamp="2022-12-16T17:09:37 EST" skipped="0">
  <testcase classname="tests.ContextTest" name="contextTest" time="7.325"/>
  <system-out/>
</testsuite> <!-- tests.ContextTest -->
