<?xml version="1.0" encoding="UTF-8"?>
<!-- Generated by org.testng.reporters.JUnitReportReporter -->
<testsuite hostname="LAPTOP-PD0G2153" failures="0" tests="3" name="webdrivertest.tests.LoginTest" time="30.540" errors="0" timestamp="2022-12-15T23:52:55 EST" skipped="0">
  <testcase classname="webdrivertest.tests.LoginTest" name="loginSucessTest" time="9.372"/>
  <system-out/>
  <testcase classname="webdrivertest.tests.LoginTest" name="loginFailUsername" time="8.730"/>
  <system-out/>
  <testcase classname="webdrivertest.tests.LoginTest" name="loginFailPassword" time="12.438"/>
  <system-out/>
</testsuite> <!-- webdrivertest.tests.LoginTest -->
