<?xml version="1.0" encoding="UTF-8"?>
<!-- Generated by org.testng.reporters.JUnitReportReporter -->
<testsuite hostname="LAPTOP-PD0G2153" failures="0" tests="1" name="tests.DynamicControlsTest" time="17.234" errors="0" timestamp="2022-12-16T17:09:37 EST" skipped="0">
  <testcase classname="tests.DynamicControlsTest" name="contextTest" time="17.234"/>
  <system-out/>
</testsuite> <!-- tests.DynamicControlsTest -->
