<?xml version="1.0" encoding="UTF-8"?>
<!-- Generated by org.testng.reporters.JUnitReportReporter -->
<testsuite hostname="LAPTOP-PD0G2153" failures="0" tests="1" name="tests.DragAndDropTest" time="15.019" errors="0" timestamp="2022-12-16T17:09:37 EST" skipped="0">
  <testcase classname="tests.DragAndDropTest" name="dragDrop" time="15.019"/>
  <system-out/>
</testsuite> <!-- tests.DragAndDropTest -->
