<?xml version="1.0" encoding="UTF-8"?>
<!-- Generated by org.testng.reporters.JUnitReportReporter -->
<testsuite hostname="LAPTOP-PD0G2153" failures="0" tests="2" name="tests.CheckboxTest" time="20.950" errors="0" timestamp="2022-12-16T17:09:37 EST" skipped="0">
  <testcase classname="tests.CheckboxTest" name="checkBoxCheck1" time="11.396"/>
  <system-out/>
  <testcase classname="tests.CheckboxTest" name="checkBoxCheck2" time="9.554"/>
  <system-out/>
</testsuite> <!-- tests.CheckboxTest -->
