<?xml version="1.0" encoding="UTF-8"?>
<!-- Generated by org.testng.reporters.JUnitReportReporter -->
<testsuite hostname="LAPTOP-PD0G2153" failures="0" tests="2" name="tests.DropDownTest" time="16.145" errors="0" timestamp="2022-12-16T17:09:37 EST" skipped="0">
  <testcase classname="tests.DropDownTest" name="dropDown1" time="7.912"/>
  <system-out/>
  <testcase classname="tests.DropDownTest" name="DropDownTest2" time="8.233"/>
  <system-out/>
</testsuite> <!-- tests.DropDownTest -->
