<?xml version="1.0" encoding="UTF-8"?>
<!-- Generated by org.testng.reporters.JUnitReportReporter -->
<testsuite hostname="LAPTOP-PD0G2153" failures="0" tests="1" name="com.tests.LoginTest" time="0.666" errors="0" timestamp="2022-12-15T20:20:37 EST" skipped="0">
  <testcase classname="com.tests.LoginTest" name="loginFailureWrongUsername" time="0.666"/>
  <system-out/>
</testsuite> <!-- com.tests.LoginTest -->
