<?xml version="1.0" encoding="UTF-8"?>
<!-- Generated by org.testng.reporters.JUnitReportReporter -->
<testsuite skipped="0" hostname="LAPTOP-9O6E1R3M" name="tests.DropdownTest" tests="1" failures="0" timestamp="2022-09-08T13:03:10 EDT" time="7.300" errors="0">
  <testcase name="testSelectsOption1FromDropdownMenuAndValidatesOption1IsSelected" time="7.300" classname="tests.DropdownTest"/>
  <system-out/>
</testsuite> <!-- tests.DropdownTest -->
