<?xml version="1.0" encoding="UTF-8"?>
<!-- Generated by org.testng.reporters.JUnitReportReporter -->
<testsuite hostname="Ning-Laptop" failures="0" tests="1" name="testCases.DragAndDropTest" time="2.697" errors="0" timestamp="2023-05-14T07:39:04 EDT" skipped="0">
  <testcase classname="testCases.DragAndDropTest" name="dragAndDrop" time="2.697"/>
  <system-out/>
</testsuite> <!-- testCases.DragAndDropTest -->
