<?xml version="1.0" encoding="UTF-8"?>
<!-- Generated by org.testng.reporters.JUnitReportReporter -->
<testsuite skipped="0" hostname="TABLET-94I7MRL4" name="testCases.Checkboxes" tests="1" failures="0" timestamp="25 Sep 2022 19:49:56 GMT" time="1.669" errors="0">
  <testcase name="validateCheckboxes" time="1.669" classname="testCases.Checkboxes"/>
</testsuite> <!-- testCases.Checkboxes -->
