<?xml version="1.0" encoding="UTF-8"?>
<!-- Generated by org.testng.reporters.JUnitReportReporter -->
<testsuite skipped="0" hostname="Lenovo-Y510P" name="testcases.FloatingMenuTest" tests="1" failures="0" timestamp="12 Sep 2022 03:14:03 GMT" time="2.351" errors="0">
  <testcase name="floatingMenuCheck" time="2.351" classname="testcases.FloatingMenuTest"/>
</testsuite> <!-- testcases.FloatingMenuTest -->
