<?xml version="1.0" encoding="UTF-8"?>
<!-- Generated by org.testng.reporters.JUnitReportReporter -->
<testsuite skipped="0" hostname="LAPTOP-9O6E1R3M" name="tests.DynamicLoadingTest" tests="1" failures="0" timestamp="2022-09-08T14:34:56 EDT" time="9.830" errors="0">
  <testcase name="testClicksTheStartButtonAndUsesExplicitWaitAndValidatesTextIsDisplayed" time="9.830" classname="tests.DynamicLoadingTest"/>
  <system-out/>
</testsuite> <!-- tests.DynamicLoadingTest -->
