<?xml version="1.0" encoding="UTF-8"?>
<!-- Generated by org.testng.reporters.JUnitReportReporter -->
<testsuite skipped="0" hostname="LAPTOP-9O6E1R3M" name="tests.LoginTest" tests="3" failures="0" timestamp="2022-09-08T12:26:51 EDT" time="23.334" errors="0">
  <testcase name="testIsAbleToLoginSuccessfullyAndValidatingTheLoginIsSuccessful" time="7.574" classname="tests.LoginTest"/>
  <system-out/>
  <testcase name="testIsNotAbleToLoginWithInvalidUsername" time="7.664" classname="tests.LoginTest"/>
  <system-out/>
  <testcase name="testIsNotAbleToLoginWithInvalidPassword" time="8.096" classname="tests.LoginTest"/>
  <system-out/>
</testsuite> <!-- tests.LoginTest -->
