<?xml version="1.0" encoding="UTF-8"?>
<!-- Generated by org.testng.reporters.JUnitReportReporter -->
<testsuite skipped="0" hostname="Satinders-MacBook-Pro.local" name="WebTesting.SeleniumWebTesting.DynamicContentTest" tests="1" failures="0" timestamp="2020-10-07T14:24:07 EDT" time="0.672" errors="0">
  <testcase name="DynamicContentTest" time="0.672" classname="WebTesting.SeleniumWebTesting.DynamicContentTest"/>
  <system-out/>
</testsuite> <!-- WebTesting.SeleniumWebTesting.DynamicContentTest -->
