<?xml version="1.0" encoding="UTF-8"?>
<!-- Generated by org.testng.reporters.JUnitReportReporter -->
<testsuite skipped="0" hostname="Jagseer" name="TheInternet.DotDash.dynamicControls" tests="1" failures="0" timestamp="06 Oct 2020 04:06:54 GMT" time="10.101" errors="0">
  <testcase name="dynamicControlTest" time="10.101" classname="TheInternet.DotDash.dynamicControls"/>
</testsuite> <!-- TheInternet.DotDash.dynamicControls -->
