<?xml version="1.0" encoding="UTF-8"?>
<!-- Generated by org.testng.reporters.JUnitReportReporter -->
<testsuite skipped="0" hostname="samsung-PC" name="dotdashcom_testcases.TC17_Open_In_New_Tab" tests="1" failures="0" timestamp="2020-10-06T23:18:45 EDT" time="3.198" errors="0">
  <testcase name="new_tab" time="3.198" classname="dotdashcom_testcases.TC17_Open_In_New_Tab"/>
</testsuite> <!-- dotdashcom_testcases.TC17_Open_In_New_Tab -->
