<?xml version="1.0" encoding="UTF-8"?>
<!-- Generated by org.testng.reporters.JUnitReportReporter -->
<testsuite hostname="Arunkumars-MacBook-Pro.local" failures="0" tests="1" name="com.takehome.testcases.DynamicContent" time="0.631" errors="0" timestamp="2022-12-29T08:33:12 EST" skipped="0">
  <testcase classname="com.takehome.testcases.DynamicContent" name="dynamiccontent" time="0.631"/>
  <system-out/>
</testsuite> <!-- com.takehome.testcases.DynamicContent -->
