<?xml version="1.0" encoding="UTF-8"?>
<!-- Generated by org.testng.reporters.JUnitReportReporter -->
<testsuite hostname="Yash-Laptop" failures="0" tests="3" name="com.qa.selenium.tests.JavascriptAlertPageTest" time="7.805" errors="0" timestamp="24 Jan. 2023 23:06:42 GMT" skipped="0">
  <testcase classname="com.qa.selenium.tests.JavascriptAlertPageTest" name="JSAlert" time="2.565"/>
  <testcase classname="com.qa.selenium.tests.JavascriptAlertPageTest" name="JSConfirm" time="2.681"/>
  <testcase classname="com.qa.selenium.tests.JavascriptAlertPageTest" name="JSPrompt" time="2.559"/>
</testsuite> <!-- com.qa.selenium.tests.JavascriptAlertPageTest -->
