<?xml version="1.0" encoding="UTF-8"?>
<!-- Generated by org.testng.reporters.JUnitReportReporter -->
<testsuite skipped="0" hostname="samsung-PC" name="dotdashcom_testcases.TC02_Login_failure" tests="1" failures="0" timestamp="2020-10-06T22:45:38 EDT" time="2.738" errors="0">
  <testcase name="login_failed" time="2.738" classname="dotdashcom_testcases.TC02_Login_failure"/>
</testsuite> <!-- dotdashcom_testcases.TC02_Login_failure -->
