<?xml version="1.0" encoding="UTF-8"?>
<!-- Generated by org.testng.reporters.JUnitReportReporter -->
<testsuite hostname="DESKTOP-GDMII1S" failures="0" tests="1" name="com.automation.test.DragandDrop" time="2.909" errors="0" timestamp="28 Apr 2021 13:31:20 GMT" skipped="0">
  <testcase classname="com.automation.test.DragandDrop" name="DragDrop" time="2.909"/>
</testsuite> <!-- com.automation.test.DragandDrop -->
