<?xml version="1.0" encoding="UTF-8"?>
<!-- Generated by org.testng.reporters.JUnitReportReporter -->
<testsuite hostname="Arunkumars-MacBook-Pro.local" failures="0" tests="1" name="com.takehome.testcases.JavaScriptAlertTest" time="0.941" errors="0" timestamp="2022-12-29T23:05:49 EST" skipped="0">
  <testcase classname="com.takehome.testcases.JavaScriptAlertTest" name="alternativesoluitonjavascriptalert" time="0.941"/>
  <system-out/>
</testsuite> <!-- com.takehome.testcases.JavaScriptAlertTest -->
