<?xml version="1.0" encoding="UTF-8"?>
<!-- Generated by org.testng.reporters.JUnitReportReporter -->
<testsuite skipped="0" hostname="samsung-PC" name="dotdashcom_testcases.TC09_DynamicLoading" tests="1" failures="0" timestamp="2020-10-06T23:00:03 EDT" time="6.275" errors="0">
  <testcase name="dynamic_loading" time="6.275" classname="dotdashcom_testcases.TC09_DynamicLoading"/>
</testsuite> <!-- dotdashcom_testcases.TC09_DynamicLoading -->
