<?xml version="1.0" encoding="UTF-8"?>
<!-- Generated by org.testng.reporters.JUnitReportReporter -->
<testsuite hostname="DESKTOP-9E06R4C" failures="0" tests="2" name="webtests.Testlayers.WT_05_Dropdown_Test" time="7.685" errors="0" timestamp="2022-10-18T09:22:04 AST" skipped="0">
  <testcase classname="webtests.Testlayers.WT_05_Dropdown_Test" name="DropDownTest1" time="5.868"/>
  <system-out/>
  <testcase classname="webtests.Testlayers.WT_05_Dropdown_Test" name="DropDownTest2" time="1.817"/>
  <system-out/>
</testsuite> <!-- webtests.Testlayers.WT_05_Dropdown_Test -->
