<?xml version="1.0" encoding="UTF-8"?>
<!-- Generated by org.testng.reporters.JUnitReportReporter -->
<testsuite hostname="Yash-Laptop" failures="0" tests="2" name="com.qa.selenium.tests.LoginPageTest" time="6.759" errors="0" timestamp="24 Jan. 2023 23:06:42 GMT" skipped="0">
  <testcase classname="com.qa.selenium.tests.LoginPageTest" name="loginTestSucess" time="3.506"/>
  <testcase classname="com.qa.selenium.tests.LoginPageTest" name="loginTestFailure" time="3.253"/>
</testsuite> <!-- com.qa.selenium.tests.LoginPageTest -->
