<?xml version="1.0" encoding="UTF-8"?>
<!-- Generated by org.testng.reporters.JUnitReportReporter -->
<testsuite hostname="DESKTOP-4MPQCR3" failures="0" tests="1" name="tests.DragDropTest" time="0.189" errors="0" timestamp="2022-09-05T19:20:09 MDT" skipped="0">
  <testcase classname="tests.DragDropTest" name="dragDropTest" time="0.189"/>
  <system-out/>
</testsuite> <!-- tests.DragDropTest -->
