<?xml version="1.0" encoding="UTF-8"?>
<!-- Generated by org.testng.reporters.JUnitReportReporter -->
<testsuite skipped="0" hostname="LAPTOP-9O6E1R3M" name="tests.JavaScriptAlertsTest" tests="3" failures="0" timestamp="2022-09-08T15:21:34 EDT" time="22.649" errors="0">
  <testcase name="testClicksOnJSAlertButton" time="6.818" classname="tests.JavaScriptAlertsTest"/>
  <system-out/>
  <testcase name="testClicksOnJSConfirmButtonAndClicksOKOnAlert" time="6.770" classname="tests.JavaScriptAlertsTest"/>
  <system-out/>
  <testcase name="testClicksOnJSPromptButtonAndTypesAMessageOnPrompt" time="9.061" classname="tests.JavaScriptAlertsTest"/>
  <system-out/>
</testsuite> <!-- tests.JavaScriptAlertsTest -->
