<?xml version="1.0" encoding="UTF-8"?>
<!-- Generated by org.testng.reporters.JUnitReportReporter -->
<testsuite hostname="DESKTOP-9E06R4C" failures="0" tests="2" name="webtests.Testlayers.WT_09_FileDownload_Test" time="8.164" errors="0" timestamp="2022-10-18T09:41:18 AST" skipped="0">
  <testcase classname="webtests.Testlayers.WT_09_FileDownload_Test" name="VerifyFile" time="3.214"/>
  <system-out/>
  <testcase classname="webtests.Testlayers.WT_09_FileDownload_Test" name="FileDownloadTest" time="4.950"/>
  <system-out/>
</testsuite> <!-- webtests.Testlayers.WT_09_FileDownload_Test -->
