<?xml version="1.0" encoding="UTF-8"?>
<!-- Generated by org.testng.reporters.JUnitReportReporter -->
<testsuite hostname="LAPTOP-4I6B2UVN" failures="0" tests="2" name="LoginCases" time="4.566" errors="0" timestamp="2022-11-05T20:39:12 BOT" skipped="0">
  <testcase classname="LoginCases" name="Login" time="1.883"/>
  <system-out>
    <![CDATA[Validating next element is present Form Authentication
Clicking Form Authentication
Validating next element is present Username
Writing ** [Ljava.lang.CharSequence;@35e26d05 ** into Username
Validating next element is present Password
Writing ** [Ljava.lang.CharSequence;@4eb166a1 ** into Password
Validating next element is present  Login
Clicking  Login
Validating next element is present ]]>
  </system-out>
  <testcase classname="LoginCases" name="Login" time="2.683"/>
  <system-out>
    <![CDATA[Validating next element is present Form Authentication
Clicking Form Authentication
Validating next element is present Username
Writing ** [Ljava.lang.CharSequence;@72eb6200 ** into Username
Validating next element is present Password
Writing ** [Ljava.lang.CharSequence;@431e86b1 ** into Password
Validating next element is present  Login
Clicking  Login
Validating next element is present ]]>
  </system-out>
</testsuite> <!-- LoginCases -->
