<?xml version="1.0" encoding="UTF-8"?>
<!-- Generated by org.testng.reporters.JUnitReportReporter -->
<testsuite skipped="0" hostname="Jagseer" name="TheInternet.DotDash.dropDown" tests="1" failures="0" timestamp="06 Oct 2020 04:06:54 GMT" time="0.235" errors="0">
  <testcase name="DropDownTest" time="0.235" classname="TheInternet.DotDash.dropDown"/>
</testsuite> <!-- TheInternet.DotDash.dropDown -->
