<?xml version="1.0" encoding="UTF-8"?>
<!-- Generated by org.testng.reporters.JUnitReportReporter -->
<testsuite hostname="LAPTOP-MVNUQ4K1" failures="0" tests="2" name="testpackage.Dropdowntest" time="7.222" errors="0" timestamp="2022-10-18T14:03:08 GMT-04:00" skipped="0">
  <testcase classname="testpackage.Dropdowntest" name="option2test" time="3.661"/>
  <system-out/>
  <testcase classname="testpackage.Dropdowntest" name="option1test" time="3.561"/>
  <system-out/>
</testsuite> <!-- testpackage.Dropdowntest -->
