<?xml version="1.0" encoding="UTF-8"?>
<!-- Generated by org.testng.reporters.JUnitReportReporter -->
<testsuite hostname="Ning-Laptop" failures="0" tests="2" name="testCases.DynamicControlsTest" time="17.151" errors="0" timestamp="2023-05-14T11:49:32 EDT" skipped="0">
  <testcase classname="testCases.DynamicControlsTest" name="enableThenDisable" time="9.526"/>
  <system-out/>
  <testcase classname="testCases.DynamicControlsTest" name="removeAddButtons" time="7.625"/>
  <system-out/>
</testsuite> <!-- testCases.DynamicControlsTest -->
