<?xml version="1.0" encoding="UTF-8"?>
<!-- Generated by org.testng.reporters.JUnitReportReporter -->
<testsuite hostname="andriy-Aspire-XC-866" failures="0" tests="1" name="tests.Test13_MouseHover" time="0.732" errors="0" timestamp="2023-01-29T13:06:25 EST" skipped="0">
  <testcase classname="tests.Test13_MouseHover" name="mouseHover_" time="0.732"/>
  <system-out/>
</testsuite> <!-- tests.Test13_MouseHover -->
