<?xml version="1.0" encoding="UTF-8"?>
<!-- Generated by org.testng.reporters.JUnitReportReporter -->
<testsuite hostname="DESKTOP-GDMII1S" failures="0" tests="1" name="com.automation.test.DropDown" time="4.781" errors="0" timestamp="28 Apr 2021 13:53:04 GMT" skipped="0">
  <testcase classname="com.automation.test.DropDown" name="DropDownTest" time="4.781"/>
</testsuite> <!-- com.automation.test.DropDown -->
