<?xml version="1.0" encoding="UTF-8"?>
<!-- Generated by org.testng.reporters.JUnitReportReporter -->
<testsuite skipped="0" hostname="DESKTOP-B2T9MUN" name="Test_Cases.DropDownPageTest" tests="1" failures="0" timestamp="28 Nov 2022 19:04:48 GMT" time="1.137" errors="0">
  <testcase name="dropDownTest" time="1.137" classname="Test_Cases.DropDownPageTest"/>
</testsuite> <!-- Test_Cases.DropDownPageTest -->
