<?xml version="1.0" encoding="UTF-8"?>
<!-- Generated by org.testng.reporters.JUnitReportReporter -->
<testsuite hostname="DESKTOP-IIG9330" failures="0" tests="1" name="TestLayer.FloatingMenu_Test" time="23.835" errors="0" timestamp="2022-12-31T19:33:07 EST" skipped="0">
  <testcase classname="TestLayer.FloatingMenu_Test" name="FloatingMenu_TC" time="23.835"/>
  <system-out/>
</testsuite> <!-- TestLayer.FloatingMenu_Test -->
