<?xml version="1.0" encoding="UTF-8"?>
<!-- Generated by org.testng.reporters.JUnitReportReporter -->
<testsuite hostname="DESKTOP-IIG9330" failures="0" tests="1" name="TestLayer.WindowsPage_Test" time="3.853" errors="0" timestamp="2023-01-01T01:27:43 EST" skipped="0">
  <testcase classname="TestLayer.WindowsPage_Test" name="tcWindowLink" time="3.853"/>
  <system-out/>
</testsuite> <!-- TestLayer.WindowsPage_Test -->
