<?xml version="1.0" encoding="UTF-8"?>
<!-- Generated by org.testng.reporters.JUnitReportReporter -->
<testsuite skipped="0" hostname="Jagseer" name="TheInternet.DotDash.WindowSwitch" tests="1" failures="0" timestamp="2020-10-07T13:03:47 EDT" time="5.524" errors="0">
  <testcase name="WindowSwitchTest" time="5.524" classname="TheInternet.DotDash.WindowSwitch"/>
  <system-out/>
</testsuite> <!-- TheInternet.DotDash.WindowSwitch -->
