<?xml version="1.0" encoding="UTF-8"?>
<!-- Generated by org.testng.reporters.JUnitReportReporter -->
<testsuite hostname="Ning-Laptop" failures="0" tests="2" name="testCases.LoginTest" time="4.542" errors="0" timestamp="2023-05-14T07:28:00 EDT" skipped="0">
  <testcase classname="testCases.LoginTest" name="sucessLogin" time="1.555"/>
  <system-out/>
  <testcase classname="testCases.LoginTest" name="failedLogin" time="2.987"/>
  <system-out/>
</testsuite> <!-- testCases.LoginTest -->
