<?xml version="1.0" encoding="UTF-8"?>
<!-- Generated by org.testng.reporters.JUnitReportReporter -->
<testsuite hostname="SHAKIL-XPS15A" failures="0" tests="1" name="shakilTest.DragAndDropTest_5" time="0.527" errors="0" timestamp="2023-03-22T21:40:15 EDT" skipped="0">
  <testcase classname="shakilTest.DragAndDropTest_5" name="dragAndDropTest" time="0.527"/>
  <system-out/>
</testsuite> <!-- shakilTest.DragAndDropTest_5 -->
