<?xml version="1.0" encoding="UTF-8"?>
<!-- Generated by org.testng.reporters.JUnitReportReporter -->
<testsuite hostname="SUDHAKAR" failures="0" tests="1" name="com.dotDash.tests.FileUploadTest" time="0.285" errors="0" timestamp="2023-06-06T07:45:33 CDT" skipped="0">
  <testcase classname="com.dotDash.tests.FileUploadTest" name="checkfileUpload" time="0.285"/>
  <system-out/>
</testsuite> <!-- com.dotDash.tests.FileUploadTest -->
