<?xml version="1.0" encoding="UTF-8"?>
<!-- Generated by org.testng.reporters.JUnitReportReporter -->
<testsuite skipped="0" hostname="Lenovo-Y510P" name="testcases.ContextMenuTest" tests="1" failures="0" timestamp="12 Sep 2022 03:14:03 GMT" time="2.447" errors="0">
  <testcase name="contextMenu" time="2.447" classname="testcases.ContextMenuTest"/>
</testsuite> <!-- testcases.ContextMenuTest -->
