<?xml version="1.0" encoding="UTF-8"?>
<!-- Generated by org.testng.reporters.JUnitReportReporter -->
<testsuite hostname="DESKTOP-GDMII1S" failures="0" tests="1" name="com.automation.test.DynamicContent" time="17.797" errors="0" timestamp="28 Apr 2021 15:59:40 GMT" skipped="0">
  <testcase classname="com.automation.test.DynamicContent" name="DropDownTest" time="17.797"/>
</testsuite> <!-- com.automation.test.DynamicContent -->
