<?xml version="1.0" encoding="UTF-8"?>
<!-- Generated by org.testng.reporters.JUnitReportReporter -->
<testsuite hostname="MihrunPC" failures="0" tests="2" name="dockers.DynamicControl" time="14.297" errors="0" timestamp="7 Sep 2020 18:56:20 GMT">
  <testcase classname="dockers.DynamicControl" name="DynamicControl" time="7.468"/>
  <testcase classname="dockers.DynamicControl" name="DynamicControlEnabled" time="6.829"/>
</testsuite> <!-- dockers.DynamicControl -->
