<?xml version="1.0" encoding="UTF-8"?>
<!-- Generated by org.testng.reporters.JUnitReportReporter -->
<testsuite hostname="DESKTOP-IIG9330" failures="0" tests="1" name="TestLayer.JsAlert_Test" time="7.952" errors="0" timestamp="2023-01-01T01:18:18 EST" skipped="0">
  <testcase classname="TestLayer.JsAlert_Test" name="tcJSAlert" time="7.952"/>
  <system-out/>
</testsuite> <!-- TestLayer.JsAlert_Test -->
