<?xml version="1.0" encoding="UTF-8"?>
<!-- Generated by org.testng.reporters.JUnitReportReporter -->
<testsuite skipped="0" hostname="TABLET-94I7MRL4" name="testCases.MouseHover" tests="1" failures="0" timestamp="24 Sep 2022 15:52:37 GMT" time="6.607" errors="0">
  <testcase name="validateMouseHover" time="6.607" classname="testCases.MouseHover"/>
</testsuite> <!-- testCases.MouseHover -->
