<?xml version="1.0" encoding="UTF-8"?>
<!-- Generated by org.testng.reporters.JUnitReportReporter -->
<testsuite hostname="LAPTOP-MVNUQ4K1" failures="0" tests="1" name="testpackage.Floatingmenutest" time="3.612" errors="0" timestamp="2022-10-18T14:03:08 GMT-04:00" skipped="0">
  <testcase classname="testpackage.Floatingmenutest" name="floatinmenutest" time="3.612"/>
  <system-out/>
</testsuite> <!-- testpackage.Floatingmenutest -->
