<?xml version="1.0" encoding="UTF-8"?>
<!-- Generated by org.testng.reporters.JUnitReportReporter -->
<testsuite skipped="0" hostname="Jagseer" name="TheInternet.DotDash.dynamicLoading" tests="1" failures="0" timestamp="2020-10-07T13:03:47 EDT" time="6.332" errors="0">
  <testcase name="dynamicLoadingTest" time="6.332" classname="TheInternet.DotDash.dynamicLoading"/>
  <system-out/>
</testsuite> <!-- TheInternet.DotDash.dynamicLoading -->
