<?xml version="1.0" encoding="UTF-8"?>
<!-- Generated by org.testng.reporters.JUnitReportReporter -->
<testsuite hostname="ChiruR" failures="0" tests="1" name="tests.DynamicControlsTest" time="16.230" errors="0" timestamp="2022-11-06T19:14:41 CST" skipped="0">
  <testcase classname="tests.DynamicControlsTest" name="testDynamicControls" time="16.230"/>
  <system-out/>
</testsuite> <!-- tests.DynamicControlsTest -->
