<?xml version="1.0" encoding="UTF-8"?>
<!-- Generated by org.testng.reporters.JUnitReportReporter -->
<testsuite hostname="jemsnroy" failures="0" tests="1" name="com.qa.INTest.Tests.FileDownloadTest" time="5.937" errors="0" timestamp="30 Dec. 2022 05:22:46 GMT" skipped="0">
  <testcase classname="com.qa.INTest.Tests.FileDownloadTest" name="vldFileDownloadTest" time="5.937"/>
</testsuite> <!-- com.qa.INTest.Tests.FileDownloadTest -->
