<?xml version="1.0" encoding="UTF-8"?>
<!-- Generated by org.testng.reporters.JUnitReportReporter -->
<testsuite hostname="DESKTOP-9E06R4C" failures="0" tests="1" name="webtests.Testlayers.WT_12_Iframe_Test" time="44.197" errors="0" timestamp="2022-10-18T09:54:21 AST" skipped="0">
  <testcase classname="webtests.Testlayers.WT_12_Iframe_Test" name="IFrameTest" time="44.197"/>
  <system-out/>
</testsuite> <!-- webtests.Testlayers.WT_12_Iframe_Test -->
