<?xml version="1.0" encoding="UTF-8"?>
<!-- Generated by org.testng.reporters.JUnitReportReporter -->
<testsuite hostname="DESKTOP-IIG9330" failures="0" tests="1" name="TestLayer.DragandDrop_Test" time="30.637" errors="0" timestamp="2022-12-31T16:44:08 EST" skipped="0">
  <testcase classname="TestLayer.DragandDrop_Test" name="tcDragDrop" time="30.637"/>
  <system-out/>
</testsuite> <!-- TestLayer.DragandDrop_Test -->
