<?xml version="1.0" encoding="UTF-8"?>
<!-- Generated by org.testng.reporters.JUnitReportReporter -->
<testsuite hostname="andriy-Aspire-XC-866" failures="0" tests="1" name="tests.Test4_DragAndDrop" time="0.568" errors="0" timestamp="2023-01-29T05:14:33 EST" skipped="0">
  <testcase classname="tests.Test4_DragAndDrop" name="dragAndDropAction" time="0.568"/>
  <system-out/>
</testsuite> <!-- tests.Test4_DragAndDrop -->
