<?xml version="1.0" encoding="UTF-8"?>
<!-- Generated by org.testng.reporters.JUnitReportReporter -->
<testsuite hostname="Prakhars-MacBook-Air.local" failures="0" tests="1" name="DotDash.E2E.tc01_loginSuccess" time="9.070" errors="0" timestamp="2021-07-11T16:37:15 EDT" skipped="0">
  <testcase classname="DotDash.E2E.tc01_loginSuccess" name="loginSuccess" time="9.070"/>
  <system-out/>
</testsuite> <!-- DotDash.E2E.tc01_loginSuccess -->
