<?xml version="1.0" encoding="UTF-8"?>
<!-- Generated by org.testng.reporters.JUnitReportReporter -->
<testsuite hostname="andriy-Aspire-XC-866" failures="0" tests="1" name="tests.Test3_CheckBoxes" time="0.185" errors="0" timestamp="2023-01-29T18:28:14 EST" skipped="0">
  <testcase classname="tests.Test3_CheckBoxes" name="checkUncheckCheckboxes" time="0.185"/>
  <system-out/>
</testsuite> <!-- tests.Test3_CheckBoxes -->
