<?xml version="1.0" encoding="UTF-8"?>
<!-- Generated by org.testng.reporters.JUnitReportReporter -->
<testsuite skipped="0" hostname="TABLET-94I7MRL4" name="testCases.FileUpload" tests="1" failures="0" timestamp="25 Sep 2022 16:15:10 GMT" time="2.654" errors="0">
  <testcase name="validateFileUpload" time="2.654" classname="testCases.FileUpload"/>
</testsuite> <!-- testCases.FileUpload -->
