<?xml version="1.0" encoding="UTF-8"?>
<!-- Generated by org.testng.reporters.JUnitReportReporter -->
<testsuite hostname="LAPTOP-MVNUQ4K1" failures="0" tests="1" name="testpackage.MousHoverTest" time="21.907" errors="0" timestamp="2022-11-27T20:24:44 GMT-05:00" skipped="0">
  <testcase classname="testpackage.MousHoverTest" name="img1test" time="21.907"/>
  <system-out/>
</testsuite> <!-- testpackage.MousHoverTest -->
