<?xml version="1.0" encoding="UTF-8"?>
<!-- Generated by org.testng.reporters.JUnitReportReporter -->
<testsuite hostname="Ning-Laptop" failures="0" tests="2" name="testCases.DropdownTest" time="4.414" errors="0" timestamp="2023-05-14T07:39:17 EDT" skipped="0">
  <testcase classname="testCases.DropdownTest" name="selectFirst" time="1.406"/>
  <system-out/>
  <testcase classname="testCases.DropdownTest" name="selectSecond" time="3.008"/>
  <system-out/>
</testsuite> <!-- testCases.DropdownTest -->
