<?xml version="1.0" encoding="UTF-8"?>
<!-- Generated by org.testng.reporters.JUnitReportReporter -->
<testsuite hostname="LAPTOP-MVNUQ4K1" failures="0" tests="1" name="testpackage.Floatingmenutest" time="3.202" errors="0" timestamp="2022-09-22T16:26:47 GMT-04:00" skipped="0">
  <testcase classname="testpackage.Floatingmenutest" name="floatinmenutest" time="3.202"/>
  <system-out/>
</testsuite> <!-- testpackage.Floatingmenutest -->
