<?xml version="1.0" encoding="UTF-8"?>
<!-- Generated by org.testng.reporters.JUnitReportReporter -->
<testsuite skipped="0" hostname="Jagseer" name="TheInternet.DotDash.Upload" tests="1" failures="0" timestamp="2020-10-07T13:03:47 EDT" time="1.180" errors="0">
  <testcase name="UploadTest" time="1.180" classname="TheInternet.DotDash.Upload"/>
  <system-out/>
</testsuite> <!-- TheInternet.DotDash.Upload -->
