<?xml version="1.0" encoding="UTF-8"?>
<!-- Generated by org.testng.reporters.JUnitReportReporter -->
<testsuite skipped="0" hostname="Jagseer" name="TheInternet.DotDash.iFrame" tests="1" failures="0" timestamp="06 Oct 2020 04:06:54 GMT" time="1.459" errors="0">
  <testcase name="iFrameTest" time="1.459" classname="TheInternet.DotDash.iFrame"/>
</testsuite> <!-- TheInternet.DotDash.iFrame -->
