<?xml version="1.0" encoding="UTF-8"?>
<!-- Generated by org.testng.reporters.JUnitReportReporter -->
<testsuite hostname="Rohans-PC" failures="0" tests="18" name="tests.WebDriverTesting" time="109.786" errors="0" timestamp="2023-03-06T00:19:06 EST" skipped="0">
  <testcase classname="tests.WebDriverTesting" name="testLogin" time="4.945"/>
  <system-out>
    <![CDATA[Test:1 Testing login with correct credentials started
Test:1 Login with correct credentials tested successfully!]]>
  </system-out>
  <testcase classname="tests.WebDriverTesting" name="testLoginfailure" time="5.489"/>
  <system-out>
    <![CDATA[Test:2 Testing login with wrong credentials started
Test:2 Login with wrong credentials tested successfully!]]>
  </system-out>
  <testcase classname="tests.WebDriverTesting" name="testCheckBoxes" time="4.910"/>
  <system-out>
    <![CDATA[Test:3 Testing actions on checkboxes started
Test:3 Checkboxes tested successfully!]]>
  </system-out>
  <testcase classname="tests.WebDriverTesting" name="testContextMenu" time="4.686"/>
  <system-out>
    <![CDATA[Test:4 Testing actions on context menu started
Test:4 Testing context menu successful]]>
  </system-out>
  <testcase classname="tests.WebDriverTesting" name="testDragAndDrop" time="4.248"/>
  <system-out>
    <![CDATA[Test:5 Testing drag and drop action started
Test:5 Tested drag and drop successfully]]>
  </system-out>
  <testcase classname="tests.WebDriverTesting" name="testDropdown" time="4.213"/>
  <system-out>
    <![CDATA[Test:6 Testing dropdown started
Test:6 Tested dropdown successfully]]>
  </system-out>
  <testcase classname="tests.WebDriverTesting" name="testDynamicContent" time="4.015"/>
  <system-out>
    <![CDATA[Test:7 Testing Dynamic content started
Test:7 Tested dynamic content successfully]]>
  </system-out>
  <testcase classname="tests.WebDriverTesting" name="testDynamicControls" time="17.254"/>
  <system-out>
    <![CDATA[Test:8 Testing Dynamic controls started
Test:8 Tested dynamic controls successfully]]>
  </system-out>
  <testcase classname="tests.WebDriverTesting" name="testDynamicLoading" time="9.390"/>
  <system-out>
    <![CDATA[Test:9 Testing dynamic loading started
Test:9 Tested dynamic loading successfully]]>
  </system-out>
  <testcase classname="tests.WebDriverTesting" name="testFileDownload" time="4.759"/>
  <system-out>
    <![CDATA[Test:10 Testing file download started
Test:10 Tested file download successfully]]>
  </system-out>
  <testcase classname="tests.WebDriverTesting" name="testFileUpload" time="5.222"/>
  <system-out>
    <![CDATA[Test:11 Testing file upload started
Test:11 Tested file upload successfully]]>
  </system-out>
  <testcase classname="tests.WebDriverTesting" name="testFloatingMenu" time="4.361"/>
  <system-out>
    <![CDATA[Test:12 Testing floating header started
Test:12 Tested floating header successfully]]>
  </system-out>
  <testcase classname="tests.WebDriverTesting" name="testiFrame" time="5.204"/>
  <system-out>
    <![CDATA[Test:13 Testing iframe input started
Test:13 Tested iframe input successfully]]>
  </system-out>
  <testcase classname="tests.WebDriverTesting" name="testMouseHover" time="7.926"/>
  <system-out>
    <![CDATA[Test:14 Testing mouse hover action started
Test:14 Tested mouse hover action successfully]]>
  </system-out>
  <testcase classname="tests.WebDriverTesting" name="testjsAlerts" time="4.941"/>
  <system-out>
    <![CDATA[Test:15 Testing js alerts started
Test:15 Tested js alerts successfully]]>
  </system-out>
  <testcase classname="tests.WebDriverTesting" name="testjsError" time="3.907"/>
  <system-out>
    <![CDATA[Test:16 Testing js errors started
Test:16 Tested js errors successfully]]>
  </system-out>
  <testcase classname="tests.WebDriverTesting" name="testNewTab" time="6.472"/>
  <system-out>
    <![CDATA[Test:17 Testing new tab open function started
Test:17 Tested new tab function successfully]]>
  </system-out>
  <testcase classname="tests.WebDriverTesting" name="testNotification" time="7.844"/>
  <system-out>
    <![CDATA[Test:18 Testing notification started
Test:18 Tested notification page successfully]]>
  </system-out>
</testsuite> <!-- tests.WebDriverTesting -->
