<?xml version="1.0" encoding="UTF-8"?>
<!-- Generated by org.testng.reporters.JUnitReportReporter -->
<testsuite skipped="0" hostname="LAPTOP-MKHIA1KQ" name="testcases.DynamicContentTest" tests="1" failures="0" timestamp="2020-10-06T22:22:43 EDT" time="19.102" errors="0">
  <testcase name="verifyDynamicContent" time="19.102" classname="testcases.DynamicContentTest"/>
</testsuite> <!-- testcases.DynamicContentTest -->
