<?xml version="1.0" encoding="UTF-8"?>
<!-- Generated by org.testng.reporters.JUnitReportReporter -->
<testsuite skipped="0" hostname="TABLET-94I7MRL4" name="testCases.ContextClick" tests="1" failures="0" timestamp="25 Sep 2022 19:47:32 GMT" time="3.856" errors="0">
  <testcase name="validateContextClick" time="3.856" classname="testCases.ContextClick"/>
</testsuite> <!-- testCases.ContextClick -->
