<?xml version="1.0" encoding="UTF-8"?>
<!-- Generated by org.testng.reporters.JUnitReportReporter -->
<testsuite hostname="SHAKIL-XPS15A" failures="0" tests="1" name="shakilTest.CheckboxesTest_3" time="0.758" errors="0" timestamp="2023-03-22T21:39:49 EDT" skipped="0">
  <testcase classname="shakilTest.CheckboxesTest_3" name="checkboxesTest" time="0.758"/>
  <system-out/>
</testsuite> <!-- shakilTest.CheckboxesTest_3 -->
