<?xml version="1.0" encoding="UTF-8"?>
<!-- Generated by org.testng.reporters.JUnitReportReporter -->
<testsuite hostname="ChiruR" failures="0" tests="2" name="tests.CheckBoxTest" time="6.428" errors="0" timestamp="2022-11-06T19:14:41 CST" skipped="0">
  <testcase classname="tests.CheckBoxTest" name="testCheckBox1Selected" time="3.186"/>
  <system-out/>
  <testcase classname="tests.CheckBoxTest" name="testCheckBox2UnSelected" time="3.242"/>
  <system-out/>
</testsuite> <!-- tests.CheckBoxTest -->
