<?xml version="1.0" encoding="UTF-8"?>
<!-- Generated by org.testng.reporters.JUnitReportReporter -->
<testsuite hostname="MihrunPC" failures="0" tests="1" name="dockers.FileDownload" time="4.237" errors="0" timestamp="7 Sep 2020 18:57:13 GMT">
  <testcase classname="dockers.FileDownload" name="Download" time="4.237"/>
</testsuite> <!-- dockers.FileDownload -->
