<?xml version="1.0" encoding="UTF-8"?>
<!-- Generated by org.testng.reporters.JUnitReportReporter -->
<testsuite skipped="0" hostname="TABLET-94I7MRL4" name="testCases.NewWindow" tests="1" failures="0" timestamp="24 Sep 2022 17:10:07 GMT" time="1.149" errors="0">
  <testcase name="validateNewWindow" time="1.149" classname="testCases.NewWindow"/>
</testsuite> <!-- testCases.NewWindow -->
