<?xml version="1.0" encoding="UTF-8"?>
<!-- Generated by org.testng.reporters.JUnitReportReporter -->
<testsuite skipped="0" hostname="LAPTOP-9O6E1R3M" name="tests.CheckBoxesTest" tests="4" failures="0" timestamp="2022-09-08T12:39:27 EDT" time="22.697" errors="0">
  <testcase name="testChecksCheckBox1" time="5.946" classname="tests.CheckBoxesTest"/>
  <system-out/>
  <testcase name="testUnchecksCheckBox1" time="5.257" classname="tests.CheckBoxesTest"/>
  <system-out/>
  <testcase name="testUnchecksCheckBox2" time="3.768" classname="tests.CheckBoxesTest"/>
  <system-out/>
  <testcase name="testChecksCheckBox2" time="7.726" classname="tests.CheckBoxesTest"/>
  <system-out/>
</testsuite> <!-- tests.CheckBoxesTest -->
