<?xml version="1.0" encoding="UTF-8"?>
<!-- Generated by org.testng.reporters.JUnitReportReporter -->
<testsuite hostname="andriy-Aspire-XC-866" failures="0" tests="1" name="tests.Test2_CheckBoxes" time="0.452" errors="0" timestamp="2023-01-29T07:07:13 EST" skipped="0">
  <testcase classname="tests.Test2_CheckBoxes" name="checkUncheckCheckboxes" time="0.452"/>
  <system-out/>
</testsuite> <!-- tests.Test2_CheckBoxes -->
