<?xml version="1.0" encoding="UTF-8"?>
<!-- Generated by org.testng.reporters.JUnitReportReporter -->
<testsuite hostname="Rakeshs-MacBook-Pro-2.local" failures="0" tests="2" name="dotdash.tests.LoginTest" time="6.170" errors="0" timestamp="2022-10-03T18:20:27 EDT" skipped="0">
  <testcase classname="dotdash.tests.LoginTest" name="validateIncorrectlogin" time="4.272"/>
  <system-out/>
  <testcase classname="dotdash.tests.LoginTest" name="validatelogin" time="1.898"/>
  <system-out/>
</testsuite> <!-- dotdash.tests.LoginTest -->
