<?xml version="1.0" encoding="UTF-8"?>
<!-- Generated by org.testng.reporters.JUnitReportReporter -->
<testsuite skipped="0" hostname="LAPTOP-MKHIA1KQ" name="testcases.FileDownloadTest" tests="1" failures="0" timestamp="2020-10-06T22:34:30 EDT" time="18.305" errors="0">
  <testcase name="verifyFileDownload" time="18.305" classname="testcases.FileDownloadTest"/>
</testsuite> <!-- testcases.FileDownloadTest -->
