<?xml version="1.0" encoding="UTF-8"?>
<!-- Generated by org.testng.reporters.JUnitReportReporter -->
<testsuite hostname="ChiruR" failures="0" tests="1" name="tests.IFrameTest" time="1.724" errors="0" timestamp="2022-11-06T19:14:41 CST" skipped="0">
  <testcase classname="tests.IFrameTest" name="testIFrame" time="1.724"/>
  <system-out/>
</testsuite> <!-- tests.IFrameTest -->
