<?xml version="1.0" encoding="UTF-8"?>
<!-- Generated by org.testng.reporters.JUnitReportReporter -->
<testsuite skipped="0" hostname="LAPTOP-MKHIA1KQ" name="testcases.JavaScriptAlertsTest" tests="1" failures="0" timestamp="2020-10-06T22:40:29 EDT" time="19.650" errors="0">
  <testcase name="verifyJavaScriptAlert" time="19.650" classname="testcases.JavaScriptAlertsTest"/>
</testsuite> <!-- testcases.JavaScriptAlertsTest -->
