<?xml version="1.0" encoding="UTF-8"?>
<!-- Generated by org.testng.reporters.JUnitReportReporter -->
<testsuite hostname="SUDHAKAR" failures="0" tests="1" name="com.dotDash.tests.LogInPageTest" time="10.557" errors="0" timestamp="2023-06-05T18:19:04 CDT" skipped="0">
  <testcase classname="com.dotDash.tests.LogInPageTest" name="Login" time="10.557"/>
  <system-out/>
</testsuite> <!-- com.dotDash.tests.LogInPageTest -->
