<?xml version="1.0" encoding="UTF-8"?>
<!-- Generated by org.testng.reporters.JUnitReportReporter -->
<testsuite hostname="Arunkumars-MacBook-Pro.local" failures="0" tests="1" name="com.takehome.testcases.DynamicControl" time="13.103" errors="0" timestamp="2022-12-29T13:23:42 EST" skipped="0">
  <testcase classname="com.takehome.testcases.DynamicControl" name="dynamiccontrol" time="13.103"/>
  <system-out/>
</testsuite> <!-- com.takehome.testcases.DynamicControl -->
