<?xml version="1.0" encoding="UTF-8"?>
<!-- Generated by org.testng.reporters.JUnitReportReporter -->
<testsuite hostname="Arunkumars-MacBook-Pro.local" failures="0" tests="1" name="com.takehome.testcases.LoginFailure" time="0.815" errors="0" timestamp="2022-12-29T07:20:30 EST" skipped="0">
  <testcase classname="com.takehome.testcases.LoginFailure" name="loginFailure" time="0.815"/>
  <system-out/>
</testsuite> <!-- com.takehome.testcases.LoginFailure -->
