<?xml version="1.0" encoding="UTF-8"?>
<!-- Generated by org.testng.reporters.JUnitReportReporter -->
<testsuite hostname="DESKTOP-4MPQCR3" failures="0" tests="1" name="tests.JavaScriptErrorTest" time="0.102" errors="0" timestamp="2022-09-05T15:55:44 MDT" skipped="0">
  <testcase classname="tests.JavaScriptErrorTest" name="jsErrorTest" time="0.102"/>
  <system-out/>
</testsuite> <!-- tests.JavaScriptErrorTest -->
