<?xml version="1.0" encoding="UTF-8"?>
<!-- Generated by org.testng.reporters.JUnitReportReporter -->
<testsuite skipped="0" hostname="Jagseer" name="TheInternet.DotDash.Context" tests="1" failures="0" timestamp="06 Oct 2020 04:06:54 GMT" time="0.511" errors="0">
  <testcase name="ContextTest" time="0.511" classname="TheInternet.DotDash.Context"/>
</testsuite> <!-- TheInternet.DotDash.Context -->
