<?xml version="1.0" encoding="UTF-8"?>
<!-- Generated by org.testng.reporters.JUnitReportReporter -->
<testsuite hostname="MusS" failures="0" tests="16" name="com.DemoPackage.Tests" time="88.783" errors="0" timestamp="2023-03-16T22:58:12 GMT-04:00" skipped="0">
  <testcase classname="com.DemoPackage.Tests" name="IFrame" time="21.317"/>
  <system-out/>
  <testcase classname="com.DemoPackage.Tests" name="NotificationMessage" time="0.733"/>
  <system-out/>
  <testcase classname="com.DemoPackage.Tests" name="DynamicContent" time="0.494"/>
  <system-out/>
  <testcase classname="com.DemoPackage.Tests" name="MouseHover" time="0.841"/>
  <system-out/>
  <testcase classname="com.DemoPackage.Tests" name="DynamicControls" time="53.411"/>
  <system-out/>
  <testcase classname="com.DemoPackage.Tests" name="JavaScriptError" time="0.238"/>
  <system-out/>
  <testcase classname="com.DemoPackage.Tests" name="OpenInNewTab" time="0.438"/>
  <system-out/>
  <testcase classname="com.DemoPackage.Tests" name="DragAndDrop" time="0.569"/>
  <system-out/>
  <testcase classname="com.DemoPackage.Tests" name="JavaScriptsAlerts" time="0.669"/>
  <system-out/>
  <testcase classname="com.DemoPackage.Tests" name="FloatingMenu" time="0.444"/>
  <system-out/>
  <testcase classname="com.DemoPackage.Tests" name="DropDown" time="0.523"/>
  <system-out/>
  <testcase classname="com.DemoPackage.Tests" name="FileDownload" time="0.210"/>
  <system-out/>
  <testcase classname="com.DemoPackage.Tests" name="FileUpload" time="1.667"/>
  <system-out/>
  <testcase classname="com.DemoPackage.Tests" name="ContextMenu" time="1.329"/>
  <system-out/>
  <testcase classname="com.DemoPackage.Tests" name="DynamicLoading" time="5.459"/>
  <system-out/>
  <testcase classname="com.DemoPackage.Tests" name="checkboxes" time="0.441"/>
  <system-out/>
</testsuite> <!-- com.DemoPackage.Tests -->
