<?xml version="1.0" encoding="UTF-8"?>
<!-- Generated by org.testng.reporters.JUnitReportReporter -->
<testsuite hostname="LAPTOP-MVNUQ4K1" failures="0" tests="2" name="testpackage.DragandDropTest" time="11.017" errors="0" timestamp="2022-09-22T02:47:14 GMT-04:00" skipped="0">
  <testcase classname="testpackage.DragandDropTest" name="DragtestforA" time="5.919"/>
  <system-out/>
  <testcase classname="testpackage.DragandDropTest" name="DragtestforB" time="5.098"/>
  <system-out/>
</testsuite> <!-- testpackage.DragandDropTest -->
