<?xml version="1.0" encoding="UTF-8"?>
<!-- Generated by org.testng.reporters.JUnitReportReporter -->
<testsuite hostname="MihrunPC" failures="0" tests="1" name="dockers.Windows" time="5.082" errors="0" timestamp="7 Sep 2020 19:39:32 GMT">
  <testcase classname="dockers.Windows" name="Windows" time="5.082"/>
</testsuite> <!-- dockers.Windows -->
