<?xml version="1.0" encoding="UTF-8"?>
<!-- Generated by org.testng.reporters.JUnitReportReporter -->
<testsuite hostname="SHAKIL-XPS15A" failures="0" tests="1" name="shakilTest.OpenInNewTabTest_17" time="0.434" errors="0" timestamp="2023-03-22T21:45:57 EDT" skipped="0">
  <testcase classname="shakilTest.OpenInNewTabTest_17" name="testLinkOpensInNewTab" time="0.434"/>
  <system-out/>
</testsuite> <!-- shakilTest.OpenInNewTabTest_17 -->
