<?xml version="1.0" encoding="UTF-8"?>
<!-- Generated by org.testng.reporters.JUnitReportReporter -->
<testsuite hostname="DESKTOP-9E06R4C" failures="0" tests="4" name="webtests.Testlayers.WT_17_NotificationMsg_Test" time="8.130" errors="0" timestamp="2022-10-18T11:12:29 AST" skipped="0">
  <testcase classname="webtests.Testlayers.WT_17_NotificationMsg_Test" name="NotificationMessageTest" time="2.102"/>
  <system-out/>
  <testcase classname="webtests.Testlayers.WT_17_NotificationMsg_Test" name="NotificationMessageTest" time="2.086"/>
  <system-out/>
  <testcase classname="webtests.Testlayers.WT_17_NotificationMsg_Test" name="NotificationMessageTest" time="1.949"/>
  <system-out/>
  <testcase classname="webtests.Testlayers.WT_17_NotificationMsg_Test" name="NotificationMessageTest" time="1.993"/>
  <system-out/>
</testsuite> <!-- webtests.Testlayers.WT_17_NotificationMsg_Test -->
