<?xml version="1.0" encoding="UTF-8"?>
<!-- Generated by org.testng.reporters.JUnitReportReporter -->
<testsuite hostname="andriy-Aspire-XC-866" failures="0" tests="1" name="tests.Test7_DynamicControl" time="10.509" errors="0" timestamp="2023-01-29T04:28:38 EST" skipped="0">
  <testcase classname="tests.Test7_DynamicControl" name="dynamic_controls_" time="10.509"/>
  <system-out/>
</testsuite> <!-- tests.Test7_DynamicControl -->
