<?xml version="1.0" encoding="UTF-8"?>
<!-- Generated by org.testng.reporters.JUnitReportReporter -->
<testsuite skipped="0" hostname="DESKTOP-B2T9MUN" name="Test_Cases.dragAndDropPageTest" tests="1" failures="0" timestamp="28 Nov 2022 19:10:10 GMT" time="4.805" errors="0">
  <testcase name="dragAndDropTest" time="4.805" classname="Test_Cases.dragAndDropPageTest"/>
</testsuite> <!-- Test_Cases.dragAndDropPageTest -->
