<?xml version="1.0" encoding="UTF-8"?>
<!-- Generated by org.testng.reporters.JUnitReportReporter -->
<testsuite skipped="0" hostname="samsung-PC" name="dotdashcom_testcases.TC02_Login_failure" tests="1" failures="0" timestamp="2020-10-02T12:06:12 EDT" time="11.486" errors="0">
  <testcase name="login_failed" time="11.486" classname="dotdashcom_testcases.TC02_Login_failure"/>
</testsuite> <!-- dotdashcom_testcases.TC02_Login_failure -->
