<?xml version="1.0" encoding="UTF-8"?>
<!-- Generated by org.testng.reporters.JUnitReportReporter -->
<testsuite skipped="0" hostname="Jagseer" name="TheInternet.DotDash.DynamicContent" tests="1" failures="0" timestamp="2020-10-07T13:03:47 EDT" time="5.206" errors="0">
  <testcase name="dynamicContentTest" time="5.206" classname="TheInternet.DotDash.DynamicContent"/>
  <system-out/>
</testsuite> <!-- TheInternet.DotDash.DynamicContent -->
