<?xml version="1.0" encoding="UTF-8"?>
<!-- Generated by org.testng.reporters.JUnitReportReporter -->
<testsuite skipped="0" hostname="DESKTOP-B2T9MUN" name="Test_Cases.NotificationMessagePageTest" tests="1" failures="0" timestamp="28 Nov 2022 19:04:48 GMT" time="7.445" errors="0">
  <testcase name="verifyNotificationMessage" time="7.445" classname="Test_Cases.NotificationMessagePageTest"/>
</testsuite> <!-- Test_Cases.NotificationMessagePageTest -->
