<?xml version="1.0" encoding="UTF-8"?>
<!-- Generated by org.testng.reporters.JUnitReportReporter -->
<testsuite hostname="LAPTOP-MVNUQ4K1" failures="0" tests="1" name="testpackage.Downloadtest" time="3.087" errors="0" timestamp="2022-09-22T16:00:27 GMT-04:00" skipped="0">
  <testcase classname="testpackage.Downloadtest" name="testdownload" time="3.087"/>
  <system-out/>
</testsuite> <!-- testpackage.Downloadtest -->
