<?xml version="1.0" encoding="UTF-8"?>
<!-- Generated by org.testng.reporters.JUnitReportReporter -->
<testsuite skipped="0" hostname="samsung-PC" name="dotdashcom_testcases.TC18_Notification_Message" tests="1" failures="0" timestamp="2020-10-06T23:20:02 EDT" time="1.517" errors="0">
  <testcase name="multiple_click" time="1.517" classname="dotdashcom_testcases.TC18_Notification_Message"/>
</testsuite> <!-- dotdashcom_testcases.TC18_Notification_Message -->
