<?xml version="1.0" encoding="UTF-8"?>
<!-- Generated by org.testng.reporters.JUnitReportReporter -->
<testsuite hostname="jemsnroy" failures="0" tests="2" name="com.qa.INTest.Tests.DynamicContolsTest" time="11.492" errors="0" timestamp="30 Dec. 2022 05:22:46 GMT" skipped="0">
  <testcase classname="com.qa.INTest.Tests.DynamicContolsTest" name="vldClickRemoveTest" time="4.193"/>
  <testcase classname="com.qa.INTest.Tests.DynamicContolsTest" name="vldClickEnableTest" time="7.299"/>
</testsuite> <!-- com.qa.INTest.Tests.DynamicContolsTest -->
