<?xml version="1.0" encoding="UTF-8"?>
<!-- Generated by org.testng.reporters.JUnitReportReporter -->
<testsuite hostname="MusS" failures="0" tests="2" name="com.DemoPackage.LoginPOM" time="5.722" errors="0" timestamp="2023-03-16T23:13:12 GMT-04:00" skipped="0">
  <testcase classname="com.DemoPackage.LoginPOM" name="testLoginWithIncorrectCredentials" time="1.377"/>
  <system-out/>
  <testcase classname="com.DemoPackage.LoginPOM" name="testLoginWithCorrectCredentials" time="4.345"/>
  <system-out/>
</testsuite> <!-- com.DemoPackage.LoginPOM -->
