<?xml version="1.0" encoding="UTF-8"?>
<!-- Generated by org.testng.reporters.JUnitReportReporter -->
<testsuite hostname="LAPTOP-MVNUQ4K1" failures="0" tests="1" name="testpackage.NewTabTest" time="3.650" errors="0" timestamp="2022-09-22T15:17:31 GMT-04:00" skipped="0">
  <testcase classname="testpackage.NewTabTest" name="tabtest" time="3.650"/>
  <system-out/>
</testsuite> <!-- testpackage.NewTabTest -->
