<?xml version="1.0" encoding="UTF-8"?>
<!-- Generated by org.testng.reporters.JUnitReportReporter -->
<testsuite hostname="ChiruR" failures="0" tests="1" name="tests.DragandDrpoTest" time="26.560" errors="0" timestamp="2022-11-06T19:14:41 CST" skipped="0">
  <testcase classname="tests.DragandDrpoTest" name="testdraganddrop" time="26.560"/>
  <system-out/>
</testsuite> <!-- tests.DragandDrpoTest -->
