<?xml version="1.0" encoding="UTF-8"?>
<!-- Generated by org.testng.reporters.JUnitReportReporter -->
<testsuite skipped="0" hostname="DESKTOP-MV6L4GQ" name="com.testing.regression.RegressionTests" tests="18" failures="0" timestamp="2022-10-19T18:47:42 IST" time="140.746" errors="0">
  <testcase name="verifyDownload" time="7.041" classname="com.testing.regression.RegressionTests"/>
  <system-out/>
  <testcase name="verifyJSAlerts" time="3.206" classname="com.testing.regression.RegressionTests"/>
  <system-out/>
  <testcase name="verifyContextMenu" time="5.195" classname="com.testing.regression.RegressionTests"/>
  <system-out/>
  <testcase name="verifyCheckboxes" time="3.188" classname="com.testing.regression.RegressionTests"/>
  <system-out/>
  <testcase name="verifyDropDown" time="3.448" classname="com.testing.regression.RegressionTests"/>
  <system-out/>
  <testcase name="verifyDynamicControls" time="16.898" classname="com.testing.regression.RegressionTests"/>
  <system-out/>
  <testcase name="VerifyLoginFailure" time="8.370" classname="com.testing.regression.RegressionTests"/>
  <system-out/>
  <testcase name="verifyDynamicload" time="7.978" classname="com.testing.regression.RegressionTests"/>
  <system-out/>
  <testcase name="verifyFrames" time="17.108" classname="com.testing.regression.RegressionTests"/>
  <system-out/>
  <testcase name="VerifyLoginSuccess" time="6.470" classname="com.testing.regression.RegressionTests"/>
  <system-out/>
  <testcase name="verifyMouseHover" time="10.578" classname="com.testing.regression.RegressionTests"/>
  <system-out/>
  <testcase name="verifyNotifications" time="5.159" classname="com.testing.regression.RegressionTests"/>
  <system-out/>
  <testcase name="verifyJSError" time="3.713" classname="com.testing.regression.RegressionTests"/>
  <system-out/>
  <testcase name="verifyDynamicContent" time="5.611" classname="com.testing.regression.RegressionTests"/>
  <system-out/>
  <testcase name="verifyFloatingMenu" time="6.071" classname="com.testing.regression.RegressionTests"/>
  <system-out/>
  <testcase name="verifyDragnDrop" time="12.137" classname="com.testing.regression.RegressionTests"/>
  <system-out/>
  <testcase name="verifyUpload" time="13.482" classname="com.testing.regression.RegressionTests"/>
  <system-out/>
  <testcase name="verifyNewWindow" time="5.093" classname="com.testing.regression.RegressionTests"/>
  <system-out/>
</testsuite> <!-- com.testing.regression.RegressionTests -->
