<?xml version="1.0" encoding="UTF-8"?>
<!-- Generated by org.testng.reporters.JUnitReportReporter -->
<testsuite hostname="MihrunPC" failures="0" tests="2" name="dockers.Frame" time="9.933" errors="0" timestamp="7 Sep 2020 18:59:21 GMT">
  <testcase classname="dockers.Frame" name="IFrameBoldAlignCenter" time="5.446"/>
  <testcase classname="dockers.Frame" name="IFrameDelete" time="4.487"/>
</testsuite> <!-- dockers.Frame -->
