<?xml version="1.0" encoding="UTF-8"?>
<!-- Generated by org.testng.reporters.JUnitReportReporter -->
<testsuite hostname="DESKTOP-KABL7D7" failures="0" tests="1" name="com.testcases.DragAndDropTest" time="4.685" errors="0" timestamp="2023-04-08T00:30:50 EDT" skipped="0">
  <testcase classname="com.testcases.DragAndDropTest" name="verifyDragAndDropOfElementAtoElementB" time="4.685"/>
  <system-out/>
</testsuite> <!-- com.testcases.DragAndDropTest -->
