<?xml version="1.0" encoding="UTF-8"?>
<!-- Generated by org.testng.reporters.JUnitReportReporter -->
<testsuite hostname="Satinders-MacBook-Pro.local" name="WebTesting.SeleniumWebTesting.MouseHoverTest" tests="1" failures="0" timestamp="2 Oct 2020 17:19:15 GMT" time="0.706" errors="0">
  <testcase name="MouseHoverTest" time="0.706" classname="WebTesting.SeleniumWebTesting.MouseHoverTest"/>
</testsuite> <!-- WebTesting.SeleniumWebTesting.MouseHoverTest -->
