<?xml version="1.0" encoding="UTF-8"?>
<!-- Generated by org.testng.reporters.JUnitReportReporter -->
<testsuite hostname="LAPTOP-1FGTJC1G" failures="0" tests="22" name="com.webdriver.assignment.Assignment" time="43.806" errors="0" timestamp="2022-12-31T01:41:06 GMT-08:00" skipped="0">
  <testcase classname="com.webdriver.assignment.Assignment" name="loginFailureWithInvalidUserName" time="0.465"/>
  <system-out/>
  <testcase classname="com.webdriver.assignment.Assignment" name="loginFailureWithInvalidPassword" time="0.343"/>
  <system-out/>
  <testcase classname="com.webdriver.assignment.Assignment" name="loginSuceess" time="0.437"/>
  <system-out/>
  <testcase classname="com.webdriver.assignment.Assignment" name="checkCheckBoxes" time="0.237"/>
  <system-out/>
  <testcase classname="com.webdriver.assignment.Assignment" name="unCheckCheckBoxes" time="0.137"/>
  <system-out/>
  <testcase classname="com.webdriver.assignment.Assignment" name="contextMenuClick" time="0.268"/>
  <system-out/>
  <testcase classname="com.webdriver.assignment.Assignment" name="contextMenuValidation" time="0.270"/>
  <system-out/>
  <testcase classname="com.webdriver.assignment.Assignment" name="dragDrop" time="11.882"/>
  <system-out/>
  <testcase classname="com.webdriver.assignment.Assignment" name="selectFirstOptionFromDropdown" time="0.390"/>
  <system-out/>
  <testcase classname="com.webdriver.assignment.Assignment" name="selectSecondOptionFromDropdown" time="0.315"/>
  <system-out/>
  <testcase classname="com.webdriver.assignment.Assignment" name="refreshPage" time="2.274"/>
  <system-out/>
  <testcase classname="com.webdriver.assignment.Assignment" name="contentChangesOnPagerefresh" time="20.272"/>
  <system-out/>
  <testcase classname="com.webdriver.assignment.Assignment" name="wordDisplayed" time="0.143"/>
  <system-out/>
  <testcase classname="com.webdriver.assignment.Assignment" name="floatingMenuPageScroll" time="0.128"/>
  <system-out/>
  <testcase classname="com.webdriver.assignment.Assignment" name="floatingMenuVisibility" time="0.083"/>
  <system-out/>
  <testcase classname="com.webdriver.assignment.Assignment" name="mouseHoverOnEachImage" time="2.558"/>
  <system-out/>
  <testcase classname="com.webdriver.assignment.Assignment" name="validateMouseHoverOnEachImageWithAdditionalInfo" time="2.681"/>
  <system-out/>
  <testcase classname="com.webdriver.assignment.Assignment" name="validateJsAlertButtonClick" time="0.281"/>
  <system-out/>
  <testcase classname="com.webdriver.assignment.Assignment" name="validateJsConfirmButtonClick" time="0.220"/>
  <system-out/>
  <testcase classname="com.webdriver.assignment.Assignment" name="validateJsPromptButtonClick" time="0.235"/>
  <system-out/>
  <testcase classname="com.webdriver.assignment.Assignment" name="findJavaScriptError" time="0.134"/>
  <system-out/>
  <testcase classname="com.webdriver.assignment.Assignment" name="validatePageContainsError" time="0.053"/>
  <system-out/>
</testsuite> <!-- com.webdriver.assignment.Assignment -->
