<?xml version="1.0" encoding="UTF-8"?>
<!-- Generated by org.testng.reporters.JUnitReportReporter -->
<testsuite hostname="DESKTOP-9E06R4C" failures="0" tests="5" name="webtests.Testlayers.WT_01_Loginpage_Test" time="10.931" errors="0" timestamp="2022-10-18T11:12:29 AST" skipped="0">
  <testcase classname="webtests.Testlayers.WT_01_Loginpage_Test" name="LoginSucess" time="2.448"/>
  <system-out/>
  <testcase classname="webtests.Testlayers.WT_01_Loginpage_Test" name="LoginFailure" time="2.071"/>
  <system-out/>
  <testcase classname="webtests.Testlayers.WT_01_Loginpage_Test" name="LoginFailure" time="2.167"/>
  <system-out/>
  <testcase classname="webtests.Testlayers.WT_01_Loginpage_Test" name="LoginFailure" time="2.061"/>
  <system-out/>
  <testcase classname="webtests.Testlayers.WT_01_Loginpage_Test" name="LoginFailure" time="2.184"/>
  <system-out/>
</testsuite> <!-- webtests.Testlayers.WT_01_Loginpage_Test -->
