<?xml version="1.0" encoding="UTF-8"?>
<!-- Generated by org.testng.reporters.JUnitReportReporter -->
<testsuite hostname="Swathi" name="Doctest.LoginTest" tests="6" failures="0" timestamp="14 Sep 2020 17:50:54 GMT" time="3.361" errors="0">
  <testcase name="dropDown" time="0.249" classname="Doctest.LoginTest"/>
  <testcase name="dragAndDrop" time="1.615" classname="Doctest.LoginTest"/>
  <testcase name="loginFailTest" time="0.300" classname="Doctest.LoginTest"/>
  <testcase name="loginPassTest" time="0.695" classname="Doctest.LoginTest"/>
  <testcase name="checkboxTest" time="0.260" classname="Doctest.LoginTest"/>
  <testcase name="contextCheck" time="0.242" classname="Doctest.LoginTest"/>
</testsuite> <!-- Doctest.LoginTest -->
