<?xml version="1.0" encoding="UTF-8"?>
<!-- Generated by org.testng.reporters.JUnitReportReporter -->
<testsuite hostname="LAPTOP-E06RK7S2" failures="0" tests="1" name="com.TakeHomeTest.testCases.JavaScriptErrorsTest" time="0.122" errors="0" timestamp="2022-10-26T16:10:48 EDT" skipped="0">
  <testcase classname="com.TakeHomeTest.testCases.JavaScriptErrorsTest" name="OnloadError" time="0.122"/>
  <system-out/>
</testsuite> <!-- com.TakeHomeTest.testCases.JavaScriptErrorsTest -->
