<?xml version="1.0" encoding="UTF-8"?>
<!-- Generated by org.testng.reporters.JUnitReportReporter -->
<testsuite skipped="0" hostname="BobITs-Mac-mini.fios-router.home" name="com.webdrivertest.utils.FileDownloadPageTest" tests="1" failures="0" timestamp="2021-03-25T21:08:03 EDT" time="6.971" errors="0">
  <testcase name="testDownloadFile" time="6.971" classname="com.webdrivertest.utils.FileDownloadPageTest"/>
  <system-out/>
</testsuite> <!-- com.webdrivertest.utils.FileDownloadPageTest -->
