<?xml version="1.0" encoding="UTF-8"?>
<!-- Generated by org.testng.reporters.JUnitReportReporter -->
<testsuite hostname="DESKTOP-9E06R4C" failures="0" tests="3" name="webtests.Testlayers.WT_13_MouseHover_Test" time="6.888" errors="0" timestamp="2022-10-18T10:12:05 AST" skipped="0">
  <testcase classname="webtests.Testlayers.WT_13_MouseHover_Test" name="hoverOnUser1" time="3.404"/>
  <system-out/>
  <testcase classname="webtests.Testlayers.WT_13_MouseHover_Test" name="hoverOnUser2" time="1.668"/>
  <system-out/>
  <testcase classname="webtests.Testlayers.WT_13_MouseHover_Test" name="hoverOnUser3" time="1.816"/>
  <system-out/>
</testsuite> <!-- webtests.Testlayers.WT_13_MouseHover_Test -->
