<?xml version="1.0" encoding="UTF-8"?>
<!-- Generated by org.testng.reporters.JUnitReportReporter -->
<testsuite hostname="DESKTOP-KABL7D7" failures="0" tests="1" name="com.testcases.IframeTest" time="4.610" errors="0" timestamp="2023-04-08T00:30:50 EDT" skipped="0">
  <testcase classname="com.testcases.IframeTest" name="validateTheTypedtextInIframeIsAsExpected" time="4.610"/>
  <system-out/>
</testsuite> <!-- com.testcases.IframeTest -->
