<?xml version="1.0" encoding="UTF-8"?>
<!-- Generated by org.testng.reporters.JUnitReportReporter -->
<testsuite hostname="DESKTOP-IIG9330" failures="0" tests="1" name="TestLayer.Login_pass_Test" time="12.744" errors="0" timestamp="2022-12-31T15:09:07 EST" skipped="0">
  <testcase classname="TestLayer.Login_pass_Test" name="Login" time="12.744"/>
  <system-out/>
</testsuite> <!-- TestLayer.Login_pass_Test -->
