<?xml version="1.0" encoding="UTF-8"?>
<!-- Generated by org.testng.reporters.JUnitReportReporter -->
<testsuite hostname="DESKTOP-IIG9330" failures="0" tests="1" name="TestLayer.DynamicControls_Test" time="30.650" errors="0" timestamp="2022-12-31T18:36:19 EST" skipped="0">
  <testcase classname="TestLayer.DynamicControls_Test" name="DynamicControls_TC" time="30.650"/>
  <system-out/>
</testsuite> <!-- TestLayer.DynamicControls_Test -->
