<?xml version="1.0" encoding="UTF-8"?>
<!-- Generated by org.testng.reporters.JUnitReportReporter -->
<testsuite skipped="0" hostname="Satinders-MacBook-Pro.local" name="WebTesting.SeleniumWebTesting.LoginFailureTest" tests="1" failures="0" timestamp="2020-10-07T00:44:47 EDT" time="0.628" errors="0">
  <testcase name="LoginFailureTest" time="0.628" classname="WebTesting.SeleniumWebTesting.LoginFailureTest"/>
  <system-out/>
</testsuite> <!-- WebTesting.SeleniumWebTesting.LoginFailureTest -->
