<?xml version="1.0" encoding="UTF-8"?>
<!-- Generated by org.testng.reporters.JUnitReportReporter -->
<testsuite hostname="Ning-Laptop" failures="0" tests="1" name="testCases.FileDownloadTest" time="6.275" errors="0" timestamp="2023-05-14T11:48:35 EDT" skipped="0">
  <testcase classname="testCases.FileDownloadTest" name="fileDownload" time="6.275"/>
  <system-out/>
</testsuite> <!-- testCases.FileDownloadTest -->
