<?xml version="1.0" encoding="UTF-8"?>
<!-- Generated by org.testng.reporters.JUnitReportReporter -->
<testsuite hostname="LAPTOP-MVNUQ4K1" failures="0" tests="1" name="testpackage.iframetest" time="6.262" errors="0" timestamp="2022-09-22T13:15:17 GMT-04:00" skipped="0">
  <testcase classname="testpackage.iframetest" name="Frametest" time="6.262"/>
  <system-out/>
</testsuite> <!-- testpackage.iframetest -->
