<?xml version="1.0" encoding="UTF-8"?>
<!-- Generated by org.testng.reporters.JUnitReportReporter -->
<testsuite hostname="Yash-Laptop" failures="0" tests="3" name="com.qa.selenium.tests.MouseHoverPageTest" time="13.101" errors="0" timestamp="24 Jan. 2023 23:06:42 GMT" skipped="0">
  <testcase classname="com.qa.selenium.tests.MouseHoverPageTest" name="firstImgTest" time="3.759"/>
  <testcase classname="com.qa.selenium.tests.MouseHoverPageTest" name="secondImgTest" time="4.597"/>
  <testcase classname="com.qa.selenium.tests.MouseHoverPageTest" name="thirdtImgTest" time="4.745"/>
</testsuite> <!-- com.qa.selenium.tests.MouseHoverPageTest -->
