<?xml version="1.0" encoding="UTF-8"?>
<!-- Generated by org.testng.reporters.JUnitReportReporter -->
<testsuite skipped="0" hostname="TABLET-94I7MRL4" name="testCases.JSError" tests="1" failures="0" timestamp="24 Sep 2022 16:39:52 GMT" time="0.877" errors="0">
  <testcase name="validateJsError" time="0.877" classname="testCases.JSError"/>
</testsuite> <!-- testCases.JSError -->
