<?xml version="1.0" encoding="UTF-8"?>
<!-- Generated by org.testng.reporters.JUnitReportReporter -->
<testsuite hostname="andriy-Aspire-XC-866" failures="0" tests="1" name="tests.Test15_JavaScriptError" time="0.128" errors="0" timestamp="2023-01-29T14:35:55 EST" skipped="0">
  <testcase classname="tests.Test15_JavaScriptError" name="javaScriptErrorVerification" time="0.128"/>
  <system-out/>
</testsuite> <!-- tests.Test15_JavaScriptError -->
