<?xml version="1.0" encoding="UTF-8"?>
<!-- Generated by org.testng.reporters.JUnitReportReporter -->
<testsuite hostname="ChiruR" failures="0" tests="1" name="tests.FileUploaderTest" time="1.120" errors="0" timestamp="2022-11-06T19:14:41 CST" skipped="0">
  <testcase classname="tests.FileUploaderTest" name="testFileUploader" time="1.120"/>
  <system-out/>
</testsuite> <!-- tests.FileUploaderTest -->
