<?xml version="1.0" encoding="UTF-8"?>
<!-- Generated by org.testng.reporters.JUnitReportReporter -->
<testsuite hostname="Ning-Laptop" failures="0" tests="3" name="testCases.JavaScriptAlertsTest" time="5.229" errors="0" timestamp="2023-05-14T07:42:15 EDT" skipped="0">
  <testcase classname="testCases.JavaScriptAlertsTest" name="JsAlerts" time="2.651"/>
  <system-out/>
  <testcase classname="testCases.JavaScriptAlertsTest" name="confirmAlerts" time="1.261"/>
  <system-out/>
  <testcase classname="testCases.JavaScriptAlertsTest" name="promptAlerts" time="1.317"/>
  <system-out/>
</testsuite> <!-- testCases.JavaScriptAlertsTest -->
