<?xml version="1.0" encoding="UTF-8"?>
<!-- Generated by org.testng.reporters.JUnitReportReporter -->
<testsuite skipped="0" hostname="Jagseer" name="TheInternet.DotDash.JavaScriptError" tests="1" failures="0" timestamp="2020-10-07T13:03:47 EDT" time="0.245" errors="0">
  <testcase name="JavaScriptErrorTest" time="0.245" classname="TheInternet.DotDash.JavaScriptError"/>
  <system-out/>
</testsuite> <!-- TheInternet.DotDash.JavaScriptError -->
