<?xml version="1.0" encoding="UTF-8"?>
<!-- Generated by org.testng.reporters.JUnitReportReporter -->
<testsuite skipped="0" hostname="samsung-PC" name="dotdashcom_testcases.TC08_DynamicControls" tests="2" failures="0" timestamp="2020-10-02T17:00:29 EDT" time="29.866" errors="0">
  <testcase name="a_remove_and_add_button" time="15.558" classname="dotdashcom_testcases.TC08_DynamicControls"/>
  <testcase name="enable_and_disable" time="14.308" classname="dotdashcom_testcases.TC08_DynamicControls"/>
</testsuite> <!-- dotdashcom_testcases.TC08_DynamicControls -->
