<?xml version="1.0" encoding="UTF-8"?>
<!-- Generated by org.testng.reporters.JUnitReportReporter -->
<testsuite hostname="samsung-PC" name="dotdashcom_testcases.TC05_DragAndAdrop" tests="1" failures="0" timestamp="1 Oct 2020 04:06:33 GMT" time="29.524" errors="0">
  <testcase name="drag_and_drop" time="29.524" classname="dotdashcom_testcases.TC05_DragAndAdrop"/>
</testsuite> <!-- dotdashcom_testcases.TC05_DragAndAdrop -->
