<?xml version="1.0" encoding="UTF-8"?>
<!-- Generated by org.testng.reporters.JUnitReportReporter -->
<testsuite skipped="0" hostname="samsung-PC" name="dotdashcom_testcases.TC15_JavaScript_Alerts" tests="3" failures="0" timestamp="2020-10-02T14:24:17 EDT" time="26.366" errors="0">
  <testcase name="a_js_alert" time="8.170" classname="dotdashcom_testcases.TC15_JavaScript_Alerts"/>
  <testcase name="c_js_prompt_alert" time="7.587" classname="dotdashcom_testcases.TC15_JavaScript_Alerts"/>
  <testcase name="b_js_confirm_alert" time="10.609" classname="dotdashcom_testcases.TC15_JavaScript_Alerts"/>
</testsuite> <!-- dotdashcom_testcases.TC15_JavaScript_Alerts -->
