<?xml version="1.0" encoding="UTF-8"?>
<!-- Generated by org.testng.reporters.JUnitReportReporter -->
<testsuite skipped="0" hostname="LAPTOP-9O6E1R3M" name="tests.MouseHoverTest" tests="1" failures="0" timestamp="2022-09-08T15:19:07 EDT" time="13.077" errors="0">
  <testcase name="testDoesAMouseHoverOnEachIMGAndValidatesAdditionalInformationIsDisplayedForEachIMG" time="13.077" classname="tests.MouseHoverTest"/>
  <system-out/>
</testsuite> <!-- tests.MouseHoverTest -->
