<?xml version="1.0" encoding="UTF-8"?>
<!-- Generated by org.testng.reporters.JUnitReportReporter -->
<testsuite hostname="Arunkumars-MacBook-Pro.local" failures="0" tests="1" name="com.takehome.testcases.Dynamicloading" time="5.378" errors="0" timestamp="2022-12-29T14:53:19 EST" skipped="0">
  <testcase classname="com.takehome.testcases.Dynamicloading" name="dynamicloading" time="5.378"/>
  <system-out/>
</testsuite> <!-- com.takehome.testcases.Dynamicloading -->
