<?xml version="1.0" encoding="UTF-8"?>
<!-- Generated by org.testng.reporters.JUnitReportReporter -->
<testsuite hostname="LAPTOP-MVNUQ4K1" failures="0" tests="1" name="testpackage.LoginPageTest" time="2.935" errors="0" timestamp="2022-09-22T00:44:00 GMT-04:00" skipped="0">
  <testcase classname="testpackage.LoginPageTest" name="CheckedCheckBoxtest" time="2.935"/>
  <system-out/>
</testsuite> <!-- testpackage.LoginPageTest -->
