<?xml version="1.0" encoding="UTF-8"?>
<!-- Generated by org.testng.reporters.JUnitReportReporter -->
<testsuite hostname="LAPTOP-E06RK7S2" failures="0" tests="2" name="com.TakeHomeTest.testCases.NotificationMessageTest" time="0.599" errors="0" timestamp="2022-10-26T16:10:48 EDT" skipped="0">
  <testcase classname="com.TakeHomeTest.testCases.NotificationMessageTest" name="successnotificationmsg" time="0.286"/>
  <system-out/>
  <testcase classname="com.TakeHomeTest.testCases.NotificationMessageTest" name="unsuccessnotificationmsg" time="0.313"/>
  <system-out/>
</testsuite> <!-- com.TakeHomeTest.testCases.NotificationMessageTest -->
