<?xml version="1.0" encoding="UTF-8"?>
<!-- Generated by org.testng.reporters.JUnitReportReporter -->
<testsuite skipped="0" hostname="samsung-PC" name="dotdashcom_testcases.TC10_FileDownload" tests="1" failures="0" timestamp="2020-10-06T23:24:18 EDT" time="9.769" errors="0">
  <testcase name="download" time="9.769" classname="dotdashcom_testcases.TC10_FileDownload"/>
</testsuite> <!-- dotdashcom_testcases.TC10_FileDownload -->
