<?xml version="1.0" encoding="UTF-8"?>
<!-- Generated by org.testng.reporters.JUnitReportReporter -->
<testsuite skipped="0" hostname="BobITs-Mac-mini.fios-router.home" name="com.webdrivertest.utils.DynamicLoadingPageTest" tests="1" failures="0" timestamp="2021-03-25T20:05:20 EDT" time="7.224" errors="0">
  <testcase name="testLoadNewText" time="7.224" classname="com.webdrivertest.utils.DynamicLoadingPageTest"/>
  <system-out/>
</testsuite> <!-- com.webdrivertest.utils.DynamicLoadingPageTest -->
