<?xml version="1.0" encoding="UTF-8"?>
<!-- Generated by org.testng.reporters.JUnitReportReporter -->
<testsuite hostname="SUDHAKAR" failures="0" tests="1" name="com.dotDash.tests.Floatingmenu" time="0.072" errors="0" timestamp="2023-06-06T03:09:42 CDT" skipped="0">
  <testcase classname="com.dotDash.tests.Floatingmenu" name="flotingMenu" time="0.072"/>
  <system-out/>
</testsuite> <!-- com.dotDash.tests.Floatingmenu -->
