<?xml version="1.0" encoding="UTF-8"?>
<!-- Generated by org.testng.reporters.JUnitReportReporter -->
<testsuite hostname="DESKTOP-KABL7D7" failures="0" tests="1" name="com.testcases.DynamicContentTest" time="3.159" errors="0" timestamp="2023-04-08T00:30:50 EDT" skipped="0">
  <testcase classname="com.testcases.DynamicContentTest" name="verifyThatContentChangesOnEachRefresh" time="3.159"/>
  <system-out/>
</testsuite> <!-- com.testcases.DynamicContentTest -->
