<?xml version="1.0" encoding="UTF-8"?>
<!-- Generated by org.testng.reporters.JUnitReportReporter -->
<testsuite skipped="0" hostname="Jagseer" name="TheInternet.DotDash.dynamicLoading" tests="1" failures="0" timestamp="06 Oct 2020 04:06:54 GMT" time="5.549" errors="0">
  <testcase name="dynamicLoadingTest" time="5.549" classname="TheInternet.DotDash.dynamicLoading"/>
</testsuite> <!-- TheInternet.DotDash.dynamicLoading -->
