<?xml version="1.0" encoding="UTF-8"?>
<!-- Generated by org.testng.reporters.JUnitReportReporter -->
<testsuite hostname="LAPTOP-MVNUQ4K1" failures="0" tests="3" name="testpackage.JSAlertTest" time="10.867" errors="0" timestamp="2022-10-18T14:03:08 GMT-04:00" skipped="0">
  <testcase classname="testpackage.JSAlertTest" name="jsprompttest" time="3.743"/>
  <system-out/>
  <testcase classname="testpackage.JSAlertTest" name="jsalerttest" time="3.432"/>
  <system-out/>
  <testcase classname="testpackage.JSAlertTest" name="jsconfirmtest" time="3.692"/>
  <system-out/>
</testsuite> <!-- testpackage.JSAlertTest -->
