<?xml version="1.0" encoding="UTF-8"?>
<!-- Generated by org.testng.reporters.JUnitReportReporter -->
<testsuite hostname="LAPTOP-9FISPP1M" failures="0" tests="1" name="qa.testcases.FloatingMenuTest" time="12.854" errors="0" timestamp="2022-11-30T22:13:22 EST" skipped="0">
  <testcase classname="qa.testcases.FloatingMenuTest" name="floatingMenuTest" time="12.854"/>
</testsuite> <!-- qa.testcases.FloatingMenuTest -->
