<?xml version="1.0" encoding="UTF-8"?>
<!-- Generated by org.testng.reporters.JUnitReportReporter -->
<testsuite hostname="SHAKIL-XPS15A" failures="0" tests="1" name="shakilTest.LoginFailureTest_2" time="0.535" errors="0" timestamp="2023-03-22T21:39:37 EDT" skipped="0">
  <testcase classname="shakilTest.LoginFailureTest_2" name="loginFailureTest" time="0.535"/>
  <system-out/>
</testsuite> <!-- shakilTest.LoginFailureTest_2 -->
