<?xml version="1.0" encoding="UTF-8"?>
<!-- Generated by org.testng.reporters.JUnitReportReporter -->
<testsuite hostname="SHAKIL-XPS15A" failures="0" tests="1" name="shakilTest.NewTest" time="0.321" errors="0" timestamp="2023-03-21T18:17:59 EDT" skipped="0">
  <testcase classname="shakilTest.NewTest" name="Img" time="0.321"/>
  <system-out/>
</testsuite> <!-- shakilTest.NewTest -->
