<?xml version="1.0" encoding="UTF-8"?>
<!-- Generated by org.testng.reporters.JUnitReportReporter -->
<testsuite skipped="0" hostname="BobITs-Mac-mini.fios-router.home" name="com.webdrivertest.tests.MouseHoverPageTest" tests="1" failures="0" timestamp="2021-03-29T21:46:31 EDT" time="1.373" errors="0">
  <testcase name="testHoverToSeeUserInfo" time="1.373" classname="com.webdrivertest.tests.MouseHoverPageTest"/>
  <system-out/>
</testsuite> <!-- com.webdrivertest.tests.MouseHoverPageTest -->
