<?xml version="1.0" encoding="UTF-8"?>
<!-- Generated by org.testng.reporters.JUnitReportReporter -->
<testsuite hostname="SHAKIL-XPS15A" failures="0" tests="1" name="shakilTest.FloatingMenuTest_12" time="0.341" errors="0" timestamp="2023-03-22T21:43:33 EDT" skipped="0">
  <testcase classname="shakilTest.FloatingMenuTest_12" name="testFloatingMenu" time="0.341"/>
  <system-out/>
</testsuite> <!-- shakilTest.FloatingMenuTest_12 -->
