<?xml version="1.0" encoding="UTF-8"?>
<!-- Generated by org.testng.reporters.JUnitReportReporter -->
<testsuite hostname="ChiruR" failures="0" tests="2" name="tests.DropDownTest" time="6.549" errors="0" timestamp="2022-11-06T19:14:41 CST" skipped="0">
  <testcase classname="tests.DropDownTest" name="testdropdownoption1" time="3.279"/>
  <system-out/>
  <testcase classname="tests.DropDownTest" name="testdropdownoption2" time="3.270"/>
  <system-out/>
</testsuite> <!-- tests.DropDownTest -->
