<?xml version="1.0" encoding="UTF-8"?>
<!-- Generated by org.testng.reporters.JUnitReportReporter -->
<testsuite hostname="ChiruR" failures="0" tests="3" name="tests.JavascriptAlertsTest" time="6.286" errors="0" timestamp="2022-11-06T19:14:41 CST" skipped="0">
  <testcase classname="tests.JavascriptAlertsTest" name="testClickForJSPrompt" time="3.375"/>
  <system-out/>
  <testcase classname="tests.JavascriptAlertsTest" name="testClickForJSAlert" time="1.432"/>
  <system-out/>
  <testcase classname="tests.JavascriptAlertsTest" name="testClickForJSConfirm" time="1.479"/>
  <system-out/>
</testsuite> <!-- tests.JavascriptAlertsTest -->
