<?xml version="1.0" encoding="UTF-8"?>
<!-- Generated by org.testng.reporters.JUnitReportReporter -->
<testsuite hostname="ChiruR" failures="0" tests="1" name="tests.FloatingMenuTest" time="1.251" errors="0" timestamp="2022-11-06T19:14:41 CST" skipped="0">
  <testcase classname="tests.FloatingMenuTest" name="testFloatingMenu" time="1.251"/>
  <system-out/>
</testsuite> <!-- tests.FloatingMenuTest -->
