<?xml version="1.0" encoding="UTF-8"?>
<!-- Generated by org.testng.reporters.JUnitReportReporter -->
<testsuite hostname="DESKTOP-IIG9330" failures="0" tests="1" name="TestLayer.Iframe_Test" time="5.300" errors="0" timestamp="2022-12-31T20:24:14 EST" skipped="0">
  <testcase classname="TestLayer.Iframe_Test" name="Iframe_TC" time="5.300"/>
  <system-out/>
</testsuite> <!-- TestLayer.Iframe_Test -->
