<?xml version="1.0" encoding="UTF-8"?>
<!-- Generated by org.testng.reporters.JUnitReportReporter -->
<testsuite hostname="DESKTOP-9E06R4C" failures="0" tests="2" name="webtests.Testlayers.WT_07_DynamicControls_Test" time="63.070" errors="0" timestamp="2022-10-18T11:01:02 AST" skipped="0">
  <testcase classname="webtests.Testlayers.WT_07_DynamicControls_Test" name="RemoveandAddValidation" time="48.895"/>
  <system-out/>
  <testcase classname="webtests.Testlayers.WT_07_DynamicControls_Test" name="EnableAndDisableValidation" time="14.175"/>
  <system-out/>
</testsuite> <!-- webtests.Testlayers.WT_07_DynamicControls_Test -->
