<?xml version="1.0" encoding="UTF-8"?>
<!-- Generated by org.testng.reporters.JUnitReportReporter -->
<testsuite hostname="ChiruR" failures="0" tests="1" name="tests.JavaScriptErrorTest" time="0.974" errors="0" timestamp="2022-11-06T19:14:41 CST" skipped="0">
  <testcase classname="tests.JavaScriptErrorTest" name="testJavaScriptError" time="0.974"/>
  <system-out/>
</testsuite> <!-- tests.JavaScriptErrorTest -->
