<?xml version="1.0" encoding="UTF-8"?>
<!-- Generated by org.testng.reporters.JUnitReportReporter -->
<testsuite hostname="Arunkumars-MacBook-Pro.local" failures="0" tests="1" name="com.takehome.testcases.FileUploadTest" time="0.671" errors="0" timestamp="2022-12-29T16:17:49 EST" skipped="0">
  <testcase classname="com.takehome.testcases.FileUploadTest" name="fileupload" time="0.671"/>
  <system-out/>
</testsuite> <!-- com.takehome.testcases.FileUploadTest -->
