<?xml version="1.0" encoding="UTF-8"?>
<!-- Generated by org.testng.reporters.JUnitReportReporter -->
<testsuite skipped="0" hostname="LAPTOP-9O6E1R3M" name="tests.iFrameTest" tests="1" failures="0" timestamp="2022-09-08T15:15:49 EDT" time="13.320" errors="0">
  <testcase name="testSwitchesToiframeToTypeTextAndValidatesTheTypedTextIsAsExpected" time="13.320" classname="tests.iFrameTest"/>
  <system-out/>
</testsuite> <!-- tests.iFrameTest -->
