<?xml version="1.0" encoding="UTF-8"?>
<!-- Generated by org.testng.reporters.JUnitReportReporter -->
<testsuite hostname="DESKTOP-4MPQCR3" failures="0" tests="1" name="tests.DynamicLoadingTest" time="5.373" errors="0" timestamp="2022-09-05T19:20:09 MDT" skipped="0">
  <testcase classname="tests.DynamicLoadingTest" name="dynamicLoadingTest" time="5.373"/>
  <system-out/>
</testsuite> <!-- tests.DynamicLoadingTest -->
