<?xml version="1.0" encoding="UTF-8"?>
<!-- Generated by org.testng.reporters.JUnitReportReporter -->
<testsuite hostname="SHAKIL-XPS15A" failures="0" tests="1" name="shakilTest.DynamicControlsTest_9" time="5.269" errors="0" timestamp="2023-03-22T21:42:33 EDT" skipped="0">
  <testcase classname="shakilTest.DynamicControlsTest_9" name="DynamicControlsTest" time="5.269"/>
  <system-out/>
</testsuite> <!-- shakilTest.DynamicControlsTest_9 -->
