<?xml version="1.0" encoding="UTF-8"?>
<!-- Generated by org.testng.reporters.JUnitReportReporter -->
<testsuite hostname="DESKTOP-4MPQCR3" failures="0" tests="1" name="tests.FileDownloadTest" time="3.824" errors="0" timestamp="2022-09-05T19:20:09 MDT" skipped="0">
  <testcase classname="tests.FileDownloadTest" name="fileDownloadTest" time="3.824"/>
  <system-out/>
</testsuite> <!-- tests.FileDownloadTest -->
