<?xml version="1.0" encoding="UTF-8"?>
<!-- Generated by org.testng.reporters.JUnitReportReporter -->
<testsuite skipped="0" hostname="LAPTOP-MKHIA1KQ" name="testcases.LoginSuccessTest" tests="1" failures="0" timestamp="2020-10-06T22:43:09 EDT" time="17.737" errors="0">
  <testcase name="verifyLoginWithSuccessfull" time="17.737" classname="testcases.LoginSuccessTest"/>
</testsuite> <!-- testcases.LoginSuccessTest -->
