<?xml version="1.0" encoding="UTF-8"?>
<!-- Generated by org.testng.reporters.JUnitReportReporter -->
<testsuite hostname="Satinders-MacBook-Pro.local" name="WebTesting.SeleniumWebTesting.FileDownloadTest" tests="1" failures="0" timestamp="2 Oct 2020 15:06:16 GMT" time="2.272" errors="0">
  <testcase name="FileDownloadTest" time="2.272" classname="WebTesting.SeleniumWebTesting.FileDownloadTest"/>
</testsuite> <!-- WebTesting.SeleniumWebTesting.FileDownloadTest -->
