<?xml version="1.0" encoding="UTF-8"?>
<!-- Generated by org.testng.reporters.JUnitReportReporter -->
<testsuite hostname="andriy-Aspire-XC-866" failures="0" tests="2" name="tests.Test1_2_Login" time="0.758" errors="0" timestamp="2023-01-29T18:28:14 EST" skipped="0">
  <testcase classname="tests.Test1_2_Login" name="invalidCredentialsLogin" time="0.301"/>
  <system-out/>
  <testcase classname="tests.Test1_2_Login" name="validCredentialsLogin" time="0.457"/>
  <system-out/>
</testsuite> <!-- tests.Test1_2_Login -->
