<?xml version="1.0" encoding="UTF-8"?>
<!-- Generated by org.testng.reporters.JUnitReportReporter -->
<testsuite hostname="Satinders-MacBook-Pro.local" name="WebTesting.SeleniumWebTesting.iframeTest" tests="1" failures="0" timestamp="2 Oct 2020 15:06:16 GMT" time="0.876" errors="0">
  <testcase name="iframeTest" time="0.876" classname="WebTesting.SeleniumWebTesting.iframeTest"/>
</testsuite> <!-- WebTesting.SeleniumWebTesting.iframeTest -->
