<?xml version="1.0" encoding="UTF-8"?>
<!-- Generated by org.testng.reporters.JUnitReportReporter -->
<testsuite hostname="LAPTOP-MVNUQ4K1" failures="0" tests="1" name="testpackage.DynamicLoadingTest" time="8.418" errors="0" timestamp="2022-09-22T08:43:27 GMT-04:00" skipped="0">
  <testcase classname="testpackage.DynamicLoadingTest" name="startbuttontest" time="8.418"/>
  <system-out/>
</testsuite> <!-- testpackage.DynamicLoadingTest -->
