<?xml version="1.0" encoding="UTF-8"?>
<!-- Generated by org.testng.reporters.JUnitReportReporter -->
<testsuite skipped="0" hostname="samsung-PC" name="dotdashcom_testcases.TC16_JavaScript_Error" tests="1" failures="0" timestamp="2020-10-06T23:16:22 EDT" time="0.366" errors="0">
  <testcase name="ExtractJSLogs" time="0.366" classname="dotdashcom_testcases.TC16_JavaScript_Error"/>
</testsuite> <!-- dotdashcom_testcases.TC16_JavaScript_Error -->
