<?xml version="1.0" encoding="UTF-8"?>
<!-- Generated by org.testng.reporters.JUnitReportReporter -->
<testsuite ignored="0" hostname="Marks-MacBook.lan" failures="0" tests="1" name="FileDownload" time="11.470" errors="0" timestamp="24 Sep 2020 19:34:59 GMT" skipped="0">
  <testcase classname="FileDownload" name="fileDownload" time="11.470"/>
</testsuite> <!-- FileDownload -->
