<?xml version="1.0" encoding="UTF-8"?>
<!-- Generated by org.testng.reporters.JUnitReportReporter -->
<testsuite hostname="SHAKIL-XPS15A" failures="0" tests="1" name="shakilTest.ContextMenuTest_4" time="0.639" errors="0" timestamp="2023-03-22T21:40:02 EDT" skipped="0">
  <testcase classname="shakilTest.ContextMenuTest_4" name="contextMenuTest" time="0.639"/>
  <system-out/>
</testsuite> <!-- shakilTest.ContextMenuTest_4 -->
