<?xml version="1.0" encoding="UTF-8"?>
<!-- Generated by org.testng.reporters.JUnitReportReporter -->
<testsuite hostname="ChiruR" failures="0" tests="2" name="tests.LoginTest" time="6.883" errors="0" timestamp="2022-11-06T19:14:41 CST" skipped="0">
  <testcase classname="tests.LoginTest" name="testLoginPageInvalidData" time="3.451"/>
  <system-out/>
  <testcase classname="tests.LoginTest" name="testLoginPageValidData" time="3.432"/>
  <system-out/>
</testsuite> <!-- tests.LoginTest -->
