<?xml version="1.0" encoding="UTF-8"?>
<!-- Generated by org.testng.reporters.JUnitReportReporter -->
<testsuite skipped="0" hostname="samsung-PC" name="dotdashcom_testcases.TC13_IFrame" tests="1" failures="0" timestamp="2020-10-06T23:10:39 EDT" time="7.203" errors="0">
  <testcase name="iframe" time="7.203" classname="dotdashcom_testcases.TC13_IFrame"/>
</testsuite> <!-- dotdashcom_testcases.TC13_IFrame -->
