<?xml version="1.0" encoding="UTF-8"?>
<!-- Generated by org.testng.reporters.JUnitReportReporter -->
<testsuite hostname="SUDHAKAR" failures="0" tests="1" name="com.dotDash.tests.FileDownloadTest" time="5.190" errors="0" timestamp="2023-06-06T10:48:38 CDT" skipped="0">
  <testcase classname="com.dotDash.tests.FileDownloadTest" name="checkFileDownLoad" time="5.190"/>
  <system-out/>
</testsuite> <!-- com.dotDash.tests.FileDownloadTest -->
