<?xml version="1.0" encoding="UTF-8"?>
<!-- Generated by org.testng.reporters.JUnitReportReporter -->
<testsuite hostname="SHAKIL-XPS15A" failures="0" tests="1" name="shakilTest.MouseHoverTest_14" time="0.727" errors="0" timestamp="2023-03-22T21:44:31 EDT" skipped="0">
  <testcase classname="shakilTest.MouseHoverTest_14" name="testMouseHover" time="0.727"/>
  <system-out/>
</testsuite> <!-- shakilTest.MouseHoverTest_14 -->
