<?xml version="1.0" encoding="UTF-8"?>
<!-- Generated by org.testng.reporters.JUnitReportReporter -->
<testsuite skipped="0" hostname="samsung-PC" name="dotdashcom_testcases.TC13_IFrame" tests="1" failures="0" timestamp="2020-10-02T14:08:06 EDT" time="22.929" errors="0">
  <testcase name="iframe" time="22.929" classname="dotdashcom_testcases.TC13_IFrame"/>
</testsuite> <!-- dotdashcom_testcases.TC13_IFrame -->
