<?xml version="1.0" encoding="UTF-8"?>
<!-- Generated by org.testng.reporters.JUnitReportReporter -->
<testsuite hostname="LAPTOP-9FISPP1M" failures="0" tests="2" name="qa.testcases.FunctionalitiesTest" time="9.783" errors="0" timestamp="2022-11-30T13:11:55 EST" skipped="0">
  <testcase classname="qa.testcases.FunctionalitiesTest" name="contextMenu_rightClickTest" time="3.888"/>
  <testcase classname="qa.testcases.FunctionalitiesTest" name="checkboxSelectionTest" time="5.895"/>
</testsuite> <!-- qa.testcases.FunctionalitiesTest -->
