<?xml version="1.0" encoding="UTF-8"?>
<!-- Generated by org.testng.reporters.JUnitReportReporter -->
<testsuite hostname="LAPTOP-9FISPP1M" failures="0" tests="1" name="qa.testcases.CheckboxTest" time="4.571" errors="0" timestamp="2022-11-30T22:12:27 EST" skipped="0">
  <testcase classname="qa.testcases.CheckboxTest" name="checkboxSelectionTest" time="4.571"/>
</testsuite> <!-- qa.testcases.CheckboxTest -->
