<?xml version="1.0" encoding="UTF-8"?>
<!-- Generated by org.testng.reporters.JUnitReportReporter -->
<testsuite skipped="0" hostname="LAPTOP-MKHIA1KQ" name="testcases.IframeTest" tests="1" failures="0" timestamp="2020-10-06T22:39:40 EDT" time="15.605" errors="0">
  <testcase name="verifyIframe" time="15.605" classname="testcases.IframeTest"/>
</testsuite> <!-- testcases.IframeTest -->
