<?xml version="1.0" encoding="UTF-8"?>
<!-- Generated by org.testng.reporters.JUnitReportReporter -->
<testsuite hostname="DESKTOP-KABL7D7" failures="0" tests="1" name="com.testcases.DropdownTest" time="4.304" errors="0" timestamp="2023-04-08T00:30:50 EDT" skipped="0">
  <testcase classname="com.testcases.DropdownTest" name="verifyOption1AndOption2AreSelected" time="4.304"/>
  <system-out/>
</testsuite> <!-- com.testcases.DropdownTest -->
