<?xml version="1.0" encoding="UTF-8"?>
<!-- Generated by org.testng.reporters.JUnitReportReporter -->
<testsuite hostname="Arunkumars-MacBook-Pro.local" failures="0" tests="1" name="com.takehome.testcases.CheckBoxes" time="0.379" errors="0" timestamp="2022-12-29T07:30:41 EST" skipped="0">
  <testcase classname="com.takehome.testcases.CheckBoxes" name="checkboxes" time="0.379"/>
  <system-out/>
</testsuite> <!-- com.takehome.testcases.CheckBoxes -->
