<?xml version="1.0" encoding="UTF-8"?>
<!-- Generated by org.testng.reporters.JUnitReportReporter -->
<testsuite skipped="0" hostname="Jagseer" name="TheInternet.DotDash.FloatingMenu" tests="1" failures="0" timestamp="06 Oct 2020 04:06:54 GMT" time="2.078" errors="0">
  <testcase name="FloatingMenuTest" time="2.078" classname="TheInternet.DotDash.FloatingMenu"/>
</testsuite> <!-- TheInternet.DotDash.FloatingMenu -->
