<?xml version="1.0" encoding="UTF-8"?>
<!-- Generated by org.testng.reporters.JUnitReportReporter -->
<testsuite hostname="LAPTOP-MVNUQ4K1" failures="0" tests="5" name="testpackage.Dynamiccontroltest" time="139.500" errors="0" timestamp="2022-11-27T20:24:44 GMT-05:00" skipped="0">
  <testcase classname="testpackage.Dynamiccontroltest" name="Removebuttontest" time="26.517"/>
  <system-out/>
  <testcase classname="testpackage.Dynamiccontroltest" name="emptyelementdisabletest" time="24.221"/>
  <system-out/>
  <testcase classname="testpackage.Dynamiccontroltest" name="ACheckboxtest" time="28.423"/>
  <system-out/>
  <testcase classname="testpackage.Dynamiccontroltest" name="emptyelementtest" time="31.147"/>
  <system-out/>
  <testcase classname="testpackage.Dynamiccontroltest" name="Enablebuttontest" time="29.192"/>
  <system-out/>
</testsuite> <!-- testpackage.Dynamiccontroltest -->
