<?xml version="1.0" encoding="UTF-8"?>
<!-- Generated by org.testng.reporters.JUnitReportReporter -->
<testsuite hostname="SUDHAKAR" failures="0" tests="1" name="com.dotDash.tests.DynamicLoadingTest" time="5.186" errors="0" timestamp="2023-06-06T10:44:56 CDT" skipped="0">
  <testcase classname="com.dotDash.tests.DynamicLoadingTest" name="dynamicLoadig" time="5.186"/>
  <system-out/>
</testsuite> <!-- com.dotDash.tests.DynamicLoadingTest -->
