<?xml version="1.0" encoding="UTF-8"?>
<!-- Generated by org.testng.reporters.JUnitReportReporter -->
<testsuite hostname="DESKTOP-IIG9330" failures="0" tests="1" name="TestLayer.DynamicLoading_Test" time="9.655" errors="0" timestamp="2022-12-31T18:53:47 EST" skipped="0">
  <testcase classname="TestLayer.DynamicLoading_Test" name="tcDynamicLoading" time="9.655"/>
  <system-out/>
</testsuite> <!-- TestLayer.DynamicLoading_Test -->
