<?xml version="1.0" encoding="UTF-8"?>
<!-- Generated by org.testng.reporters.JUnitReportReporter -->
<testsuite skipped="0" hostname="samsung-PC" name="dotdashcom_testcases.TC01_Login_Successful" tests="1" failures="0" timestamp="2020-10-02T12:11:42 EDT" time="10.570" errors="0">
  <testcase name="login_success" time="10.570" classname="dotdashcom_testcases.TC01_Login_Successful"/>
</testsuite> <!-- dotdashcom_testcases.TC01_Login_Successful -->
