<?xml version="1.0" encoding="UTF-8"?>
<!-- Generated by org.testng.reporters.JUnitReportReporter -->
<testsuite skipped="0" hostname="TABLET-94I7MRL4" name="testCases.SuccessfulLogin" tests="1" failures="0" timestamp="25 Sep 2022 18:18:22 GMT" time="3.480" errors="0">
  <testcase name="verifySuccessfulLogin" time="3.480" classname="testCases.SuccessfulLogin"/>
</testsuite> <!-- testCases.SuccessfulLogin -->
