<?xml version="1.0" encoding="UTF-8"?>
<!-- Generated by org.testng.reporters.JUnitReportReporter -->
<testsuite hostname="MihrunPC" failures="0" tests="1" name="dockers.JsError" time="4.053" errors="0" timestamp="7 Sep 2020 19:01:14 GMT">
  <testcase classname="dockers.JsError" name="JsError" time="4.053"/>
</testsuite> <!-- dockers.JsError -->
