<?xml version="1.0" encoding="UTF-8"?>
<!-- Generated by org.testng.reporters.JUnitReportReporter -->
<testsuite hostname="andriy-Aspire-XC-866" failures="0" tests="1" name="tests.Test6_Dropdown" time="0.188" errors="0" timestamp="2023-01-29T18:28:14 EST" skipped="0">
  <testcase classname="tests.Test6_Dropdown" name="dropdownAction" time="0.188"/>
  <system-out/>
</testsuite> <!-- tests.Test6_Dropdown -->
