<?xml version="1.0" encoding="UTF-8"?>
<!-- Generated by org.testng.reporters.JUnitReportReporter -->
<testsuite hostname="DESKTOP-IIG9330" failures="0" tests="1" name="TestLayer.DropDown_Test" time="6.911" errors="0" timestamp="2022-12-31T17:52:16 EST" skipped="0">
  <testcase classname="TestLayer.DropDown_Test" name="tcDropDown" time="6.911"/>
  <system-out/>
</testsuite> <!-- TestLayer.DropDown_Test -->
