<?xml version="1.0" encoding="UTF-8"?>
<!-- Generated by org.testng.reporters.JUnitReportReporter -->
<testsuite hostname="jemsnroy" failures="0" tests="3" name="com.qa.INTest.Tests.MouseHoverTest" time="3.812" errors="0" timestamp="30 Dec. 2022 05:22:46 GMT" skipped="0">
  <testcase classname="com.qa.INTest.Tests.MouseHoverTest" name="vldFirstImageTest" time="1.249"/>
  <testcase classname="com.qa.INTest.Tests.MouseHoverTest" name="vldSecondImageTest" time="1.281"/>
  <testcase classname="com.qa.INTest.Tests.MouseHoverTest" name="vldThirdImageTest" time="1.282"/>
</testsuite> <!-- com.qa.INTest.Tests.MouseHoverTest -->
