<?xml version="1.0" encoding="UTF-8"?>
<!-- Generated by org.testng.reporters.JUnitReportReporter -->
<testsuite hostname="Ning-Laptop" failures="0" tests="5" name="testCases.DynamicContentTest" time="9.104" errors="0" timestamp="2023-05-14T07:39:35 EDT" skipped="0">
  <testcase classname="testCases.DynamicContentTest" name="dynamicContent" time="1.506"/>
  <system-out/>
  <testcase classname="testCases.DynamicContentTest" name="dynamicContent" time="1.521"/>
  <system-out/>
  <testcase classname="testCases.DynamicContentTest" name="dynamicContent" time="1.521"/>
  <system-out/>
  <testcase classname="testCases.DynamicContentTest" name="dynamicContent" time="1.584"/>
  <system-out/>
  <testcase classname="testCases.DynamicContentTest" name="dynamicContent" time="2.972"/>
  <system-out/>
</testsuite> <!-- testCases.DynamicContentTest -->
