<?xml version="1.0" encoding="UTF-8"?>
<!-- Generated by org.testng.reporters.JUnitReportReporter -->
<testsuite hostname="andriy-Aspire-XC-866" failures="0" tests="2" name="tests.Test1_Login" time="0.657" errors="0" timestamp="2023-01-29T01:12:53 EST" skipped="0">
  <testcase classname="tests.Test1_Login" name="invalidCredentialsLogin" time="0.273"/>
  <system-out/>
  <testcase classname="tests.Test1_Login" name="validCredentialsLogin" time="0.384"/>
  <system-out/>
</testsuite> <!-- tests.Test1_Login -->
