<?xml version="1.0" encoding="UTF-8"?>
<!-- Generated by org.testng.reporters.JUnitReportReporter -->
<testsuite hostname="SUDHAKAR" failures="0" tests="1" name="com.dotDash.tests.JsErrorsonWebPageTest" time="0.035" errors="0" timestamp="2023-06-06T10:00:57 CDT" skipped="0">
  <testcase classname="com.dotDash.tests.JsErrorsonWebPageTest" name="checkJserrors" time="0.035"/>
  <system-out/>
</testsuite> <!-- com.dotDash.tests.JsErrorsonWebPageTest -->
