<?xml version="1.0" encoding="UTF-8"?>
<!-- Generated by org.testng.reporters.JUnitReportReporter -->
<testsuite hostname="PROGRESS" failures="0" tests="1" name="testCases.ContextMenuTest" time="0.145" errors="0" timestamp="2023-03-28T20:57:03 EDT" skipped="0">
  <testcase classname="testCases.ContextMenuTest" name="alertMenuTest" time="0.145"/>
  <system-out/>
</testsuite> <!-- testCases.ContextMenuTest -->
