<?xml version="1.0" encoding="UTF-8"?>
<!-- Generated by org.testng.reporters.JUnitReportReporter -->
<testsuite hostname="DESKTOP-KABL7D7" failures="0" tests="5" name="com.testcases.LoginSuccessTest" time="17.681" errors="0" timestamp="2023-04-08T00:30:50 EDT" skipped="0">
  <testcase classname="com.testcases.LoginSuccessTest" name="verifyWelcomeMessagePresent" time="4.710"/>
  <system-out/>
  <testcase classname="com.testcases.LoginSuccessTest" name="verifyLoginSuccessPageURLTest" time="3.174"/>
  <system-out/>
  <testcase classname="com.testcases.LoginSuccessTest" name="verifyTheUserLoggedInSuccessfully" time="3.020"/>
  <system-out/>
  <testcase classname="com.testcases.LoginSuccessTest" name="clickonLogoutButton" time="3.626"/>
  <system-out/>
  <testcase classname="com.testcases.LoginSuccessTest" name="verifyLogoutButtonIsDisplayed" time="3.151"/>
  <system-out/>
</testsuite> <!-- com.testcases.LoginSuccessTest -->
