<?xml version="1.0" encoding="UTF-8"?>
<!-- Generated by org.testng.reporters.JUnitReportReporter -->
<testsuite hostname="LAPTOP-9FISPP1M" failures="0" tests="1" name="qa.testcases.DynamicControlsTest" time="14.820" errors="0" timestamp="2022-11-30T22:12:27 EST" skipped="0">
  <testcase classname="qa.testcases.DynamicControlsTest" name="dynamicControlTest" time="14.820"/>
</testsuite> <!-- qa.testcases.DynamicControlsTest -->
