<?xml version="1.0" encoding="UTF-8"?>
<!-- Generated by org.testng.reporters.JUnitReportReporter -->
<testsuite skipped="0" hostname="LAPTOP-MKHIA1KQ" name="testcases.FloatingMenuTest" tests="1" failures="0" timestamp="2020-10-03T03:40:13 EDT" time="15.688" errors="0">
  <testcase name="verifyFloatingMenu" time="15.688" classname="testcases.FloatingMenuTest"/>
  <system-out/>
</testsuite> <!-- testcases.FloatingMenuTest -->
