<?xml version="1.0" encoding="UTF-8"?>
<!-- Generated by org.testng.reporters.JUnitReportReporter -->
<testsuite skipped="0" hostname="Jagseer" name="TheInternet.DotDash.JavaScriptError" tests="1" failures="0" timestamp="06 Oct 2020 04:06:54 GMT" time="0.041" errors="0">
  <testcase name="JavaScriptErrorTest" time="0.041" classname="TheInternet.DotDash.JavaScriptError"/>
</testsuite> <!-- TheInternet.DotDash.JavaScriptError -->
