<?xml version="1.0" encoding="UTF-8"?>
<!-- Generated by org.testng.reporters.JUnitReportReporter -->
<testsuite skipped="0" hostname="Satinders-MacBook-Pro.local" name="WebTesting.SeleniumWebTesting.jsErrorTest" tests="1" failures="0" timestamp="2020-10-07T15:41:16 EDT" time="0.173" errors="0">
  <testcase name="jsErrorTest" time="0.173" classname="WebTesting.SeleniumWebTesting.jsErrorTest"/>
  <system-out/>
</testsuite> <!-- WebTesting.SeleniumWebTesting.jsErrorTest -->
