<?xml version="1.0" encoding="UTF-8"?>
<!-- Generated by org.testng.reporters.JUnitReportReporter -->
<testsuite hostname="DESKTOP-RM6BNPB" failures="0" tests="3" name="Login" time="16.415" errors="0" timestamp="2023-06-10T08:15:08 PKT" skipped="0">
  <testcase classname="Login" name="invalidUserName" time="4.291"/>
  <testcase classname="Login" name="invalidPassword" time="5.580"/>
  <testcase classname="Login" name="successLogin" time="6.544"/>
</testsuite> <!-- Login -->
