<?xml version="1.0" encoding="UTF-8"?>
<!-- Generated by org.testng.reporters.JUnitReportReporter -->
<testsuite hostname="SUDHAKAR" failures="0" tests="1" name="com.dotDash.tests.JavaScriptAlert" time="0.265" errors="0" timestamp="2023-06-06T09:37:29 CDT" skipped="0">
  <testcase classname="com.dotDash.tests.JavaScriptAlert" name="jsAlert" time="0.265"/>
  <system-out/>
</testsuite> <!-- com.dotDash.tests.JavaScriptAlert -->
