<?xml version="1.0" encoding="UTF-8"?>
<!-- Generated by org.testng.reporters.JUnitReportReporter -->
<testsuite hostname="andriy-Aspire-XC-866" failures="0" tests="1" name="tests.Test6_DynamicContent" time="0.628" errors="0" timestamp="2023-01-29T05:56:37 EST" skipped="0">
  <testcase classname="tests.Test6_DynamicContent" name="dynamic_content_scraping" time="0.628"/>
  <system-out/>
</testsuite> <!-- tests.Test6_DynamicContent -->
