<?xml version="1.0" encoding="UTF-8"?>
<!-- Generated by org.testng.reporters.JUnitReportReporter -->
<testsuite skipped="0" hostname="TABLET-94I7MRL4" name="testCases.UnsuccessfulLogin" tests="1" failures="0" timestamp="25 Sep 2022 19:13:17 GMT" time="3.832" errors="0">
  <testcase name="verifyUnsuccessfulLogin" time="3.832" classname="testCases.UnsuccessfulLogin"/>
</testsuite> <!-- testCases.UnsuccessfulLogin -->
