<?xml version="1.0" encoding="UTF-8"?>
<!-- Generated by org.testng.reporters.JUnitReportReporter -->
<testsuite hostname="andriy-Aspire-XC-866" failures="0" tests="1" name="tests.Test8_DynamicLoading" time="5.300" errors="0" timestamp="2023-01-29T06:08:58 EST" skipped="0">
  <testcase classname="tests.Test8_DynamicLoading" name="dynamic_loading_" time="5.300"/>
  <system-out/>
</testsuite> <!-- tests.Test8_DynamicLoading -->
