<?xml version="1.0" encoding="UTF-8"?>
<!-- Generated by org.testng.reporters.JUnitReportReporter -->
<testsuite skipped="0" hostname="BobITs-Mac-mini.fios-router.home" name="com.webdrivertest.tests.CheckBoxTest" tests="2" failures="0" timestamp="2021-03-29T21:46:31 EDT" time="2.011" errors="0">
  <testcase name="testUnCheckedBox" time="1.010" classname="com.webdrivertest.tests.CheckBoxTest"/>
  <system-out/>
  <testcase name="testCheckedBox" time="1.001" classname="com.webdrivertest.tests.CheckBoxTest"/>
  <system-out/>
</testsuite> <!-- com.webdrivertest.tests.CheckBoxTest -->
