<?xml version="1.0" encoding="UTF-8"?>
<!-- Generated by org.testng.reporters.JUnitReportReporter -->
<testsuite skipped="0" hostname="LAPTOP-9O6E1R3M" name="tests.ContextMenuTest" tests="1" failures="0" timestamp="2022-09-08T12:45:31 EDT" time="7.271" errors="0">
  <testcase name="testRightClicksOnTheContextMenuAndValidatesTheAlertMenuText" time="7.271" classname="tests.ContextMenuTest"/>
  <system-out/>
</testsuite> <!-- tests.ContextMenuTest -->
