<?xml version="1.0" encoding="UTF-8"?>
<!-- Generated by org.testng.reporters.JUnitReportReporter -->
<testsuite hostname="Ning-Laptop" failures="0" tests="1" name="testCases.IframeTest" time="3.217" errors="0" timestamp="2023-05-14T07:42:01 EDT" skipped="0">
  <testcase classname="testCases.IframeTest" name="iFrame" time="3.217"/>
  <system-out/>
</testsuite> <!-- testCases.IframeTest -->
