<?xml version="1.0" encoding="UTF-8"?>
<!-- Generated by org.testng.reporters.JUnitReportReporter -->
<testsuite hostname="SHAKIL-XPS15A" failures="0" tests="1" name="shakilTest.JavaScriptAlertsTest_15" time="0.612" errors="0" timestamp="2023-03-22T21:44:50 EDT" skipped="0">
  <testcase classname="shakilTest.JavaScriptAlertsTest_15" name="testJavaScriptAlerts" time="0.612"/>
  <system-out/>
</testsuite> <!-- shakilTest.JavaScriptAlertsTest_15 -->
