<?xml version="1.0" encoding="UTF-8"?>
<!-- Generated by org.testng.reporters.JUnitReportReporter -->
<testsuite hostname="andriy-Aspire-XC-866" failures="0" tests="1" name="tests.Test17_NewTabPage" time="0.154" errors="0" timestamp="2023-01-29T18:28:14 EST" skipped="0">
  <testcase classname="tests.Test17_NewTabPage" name="newTabVerification" time="0.154"/>
  <system-out/>
</testsuite> <!-- tests.Test17_NewTabPage -->
