<?xml version="1.0" encoding="UTF-8"?>
<!-- Generated by org.testng.reporters.JUnitReportReporter -->
<testsuite hostname="Ning-Laptop" failures="0" tests="1" name="testCases.FileUploadTest" time="3.557" errors="0" timestamp="2023-05-14T11:48:48 EDT" skipped="0">
  <testcase classname="testCases.FileUploadTest" name="fileUpload" time="3.557"/>
  <system-out/>
</testsuite> <!-- testCases.FileUploadTest -->
