<?xml version="1.0" encoding="UTF-8"?>
<!-- Generated by org.testng.reporters.JUnitReportReporter -->
<testsuite hostname="LAPTOP-E06RK7S2" failures="0" tests="2" name="com.TakeHomeTest.testCases.CheckBoxesTest" time="0.635" errors="0" timestamp="2022-10-26T16:10:48 EDT" skipped="0">
  <testcase classname="com.TakeHomeTest.testCases.CheckBoxesTest" name="checks_test" time="0.411"/>
  <system-out/>
  <testcase classname="com.TakeHomeTest.testCases.CheckBoxesTest" name="unchecks_test" time="0.224"/>
  <system-out/>
</testsuite> <!-- com.TakeHomeTest.testCases.CheckBoxesTest -->
