<?xml version="1.0" encoding="UTF-8"?>
<!-- Generated by org.testng.reporters.JUnitReportReporter -->
<testsuite hostname="Arunkumars-MacBook-Pro.local" failures="0" tests="1" name="com.takehome.testcases.Dropdown" time="0.537" errors="0" timestamp="2022-12-29T08:04:03 EST" skipped="0">
  <testcase classname="com.takehome.testcases.Dropdown" name="dropdown" time="0.537"/>
  <system-out/>
</testsuite> <!-- com.takehome.testcases.Dropdown -->
