<?xml version="1.0" encoding="UTF-8"?>
<!-- Generated by org.testng.reporters.JUnitReportReporter -->
<testsuite hostname="MihrunPC" failures="0" tests="1" name="dockers.CheckBox" time="4.269" errors="0" timestamp="7 Sep 2020 18:34:30 GMT">
  <testcase classname="dockers.CheckBox" name="CheckBoxesSelected" time="4.269"/>
</testsuite> <!-- dockers.CheckBox -->
