<?xml version="1.0" encoding="UTF-8"?>
<!-- Generated by org.testng.reporters.JUnitReportReporter -->
<testsuite hostname="LAPTOP-9FISPP1M" failures="0" tests="2" name="qa.testcases.LoginPageTest" time="11.878" errors="0" timestamp="2022-11-30T22:12:27 EST" skipped="0">
  <testcase classname="qa.testcases.LoginPageTest" name="loginTest_sucess" time="7.792"/>
  <testcase classname="qa.testcases.LoginPageTest" name="loginTest_failure" time="4.086"/>
</testsuite> <!-- qa.testcases.LoginPageTest -->
