<?xml version="1.0" encoding="UTF-8"?>
<!-- Generated by org.testng.reporters.JUnitReportReporter -->
<testsuite hostname="MihrunPC" failures="0" tests="2" name="dockers.DynamicContent" time="14.127" errors="0" timestamp="7 Sep 2020 18:42:48 GMT">
  <testcase classname="dockers.DynamicContent" name="DynamicContentRemove" time="6.795"/>
  <testcase classname="dockers.DynamicContent" name="DynamicContentEnabled" time="7.332"/>
</testsuite> <!-- dockers.DynamicContent -->
