<?xml version="1.0" encoding="UTF-8"?>
<!-- Generated by org.testng.reporters.JUnitReportReporter -->
<testsuite hostname="DESKTOP-IIG9330" failures="0" tests="1" name="TestLayer.DownloadFile_Test" time="23.640" errors="0" timestamp="2022-12-31T19:18:38 EST" skipped="0">
  <testcase classname="TestLayer.DownloadFile_Test" name="Download_TC" time="23.640"/>
  <system-out/>
</testsuite> <!-- TestLayer.DownloadFile_Test -->
