<?xml version="1.0" encoding="UTF-8"?>
<!-- Generated by org.testng.reporters.JUnitReportReporter -->
<testsuite skipped="0" hostname="samsung-PC" name="dotdashcom_testcases.TC12_FloatingMenu" tests="1" failures="0" timestamp="2020-10-02T14:01:11 EDT" time="27.472" errors="0">
  <testcase name="floating_menu" time="27.472" classname="dotdashcom_testcases.TC12_FloatingMenu"/>
</testsuite> <!-- dotdashcom_testcases.TC12_FloatingMenu -->
