<?xml version="1.0" encoding="UTF-8"?>
<!-- Generated by org.testng.reporters.JUnitReportReporter -->
<testsuite hostname="PROGRESS" failures="0" tests="3" name="testCases.LoginTest" time="0.410" errors="0" timestamp="2023-03-28T18:57:08 EDT" skipped="0">
  <testcase classname="testCases.LoginTest" name="wrongPassword" time="0.119"/>
  <system-out/>
  <testcase classname="testCases.LoginTest" name="validLogin" time="0.204"/>
  <system-out/>
  <testcase classname="testCases.LoginTest" name="wrongUsername" time="0.087"/>
  <system-out/>
</testsuite> <!-- testCases.LoginTest -->
