<?xml version="1.0" encoding="UTF-8"?>
<!-- Generated by org.testng.reporters.JUnitReportReporter -->
<testsuite hostname="C02DQ1GSP3Y0.fios-router.home" failures="0" tests="1" name="com.automation.test.CheckBox" time="24.931" errors="0" timestamp="28 Apr 2021 02:02:11 GMT" skipped="0">
  <testcase classname="com.automation.test.CheckBox" name="Checkboxes" time="24.931"/>
</testsuite> <!-- com.automation.test.CheckBox -->
