<?xml version="1.0" encoding="UTF-8"?>
<!-- Generated by org.testng.reporters.JUnitReportReporter -->
<testsuite skipped="0" hostname="Lenovo-Y510P" name="testcases.DropdownTest" tests="1" failures="0" timestamp="12 Sep 2022 03:14:03 GMT" time="3.551" errors="0">
  <testcase name="dropdown" time="3.551" classname="testcases.DropdownTest"/>
</testsuite> <!-- testcases.DropdownTest -->
