<?xml version="1.0" encoding="UTF-8"?>
<!-- Generated by org.testng.reporters.JUnitReportReporter -->
<testsuite skipped="0" hostname="samsung-PC" name="dotdashcom_testcases.TC12_FloatingMenu" tests="1" failures="0" timestamp="2020-10-06T23:09:15 EDT" time="1.819" errors="0">
  <testcase name="floating_menu" time="1.819" classname="dotdashcom_testcases.TC12_FloatingMenu"/>
</testsuite> <!-- dotdashcom_testcases.TC12_FloatingMenu -->
