<?xml version="1.0" encoding="UTF-8"?>
<!-- Generated by org.testng.reporters.JUnitReportReporter -->
<testsuite hostname="Ning-Laptop" failures="0" tests="1" name="testCases.DynamicLoadingTest" time="8.234" errors="0" timestamp="2023-05-14T07:48:34 EDT" skipped="0">
  <testcase classname="testCases.DynamicLoadingTest" name="dynamicLoading" time="8.234"/>
  <system-out/>
</testsuite> <!-- testCases.DynamicLoadingTest -->
