<?xml version="1.0" encoding="UTF-8"?>
<!-- Generated by org.testng.reporters.JUnitReportReporter -->
<testsuite hostname="SUDHAKAR" failures="0" tests="1" name="com.dotDash.tests.DragAndDropTest" time="12.560" errors="0" timestamp="2023-06-06T10:41:32 CDT" skipped="0">
  <testcase classname="com.dotDash.tests.DragAndDropTest" name="dragAndDropTest" time="12.560"/>
  <system-out/>
</testsuite> <!-- com.dotDash.tests.DragAndDropTest -->
