<?xml version="1.0" encoding="UTF-8"?>
<!-- Generated by org.testng.reporters.JUnitReportReporter -->
<testsuite hostname="SHAKIL-XPS15A" failures="0" tests="1" name="shakilTest.FileDownloadTest_10" time="5.479" errors="0" timestamp="2023-03-22T21:42:51 EDT" skipped="0">
  <testcase classname="shakilTest.FileDownloadTest_10" name="testFileDownload" time="5.479"/>
  <system-out/>
</testsuite> <!-- shakilTest.FileDownloadTest_10 -->
