<?xml version="1.0" encoding="UTF-8"?>
<!-- Generated by org.testng.reporters.JUnitReportReporter -->
<testsuite hostname="DESKTOP-KABL7D7" failures="0" tests="3" name="com.testcases.JavaScriptAlertTest" time="12.723" errors="0" timestamp="2023-04-08T00:30:50 EDT" skipped="0">
  <testcase classname="com.testcases.JavaScriptAlertTest" name="validateUserTypedPromptTextDisplayedUnderTheResultSection" time="3.871"/>
  <system-out/>
  <testcase classname="com.testcases.JavaScriptAlertTest" name="validateTheJsConfirmMessage" time="5.078"/>
  <system-out/>
  <testcase classname="com.testcases.JavaScriptAlertTest" name="validateTheJsAlertMessage" time="3.774"/>
  <system-out/>
</testsuite> <!-- com.testcases.JavaScriptAlertTest -->
