<?xml version="1.0" encoding="UTF-8"?>
<!-- Generated by org.testng.reporters.JUnitReportReporter -->
<testsuite skipped="0" hostname="samsung-PC" name="dotdashcom_testcases.TC04_ContextMenu" tests="1" failures="0" timestamp="2020-10-06T22:50:27 EDT" time="1.304" errors="0">
  <testcase name="context_right_click" time="1.304" classname="dotdashcom_testcases.TC04_ContextMenu"/>
</testsuite> <!-- dotdashcom_testcases.TC04_ContextMenu -->
