<?xml version="1.0" encoding="UTF-8"?>
<!-- Generated by org.testng.reporters.JUnitReportReporter -->
<testsuite hostname="Swaminarayan" name="com.testing.AppTest" tests="1" failures="0" timestamp="30 Sep 2020 16:23:11 GMT" time="10.811" errors="0">
  <testcase name="shouldAnswerWithTrue" time="10.811" classname="com.testing.AppTest"/>
</testsuite> <!-- com.testing.AppTest -->
