<?xml version="1.0" encoding="UTF-8"?>
<!-- Generated by org.testng.reporters.JUnitReportReporter -->
<testsuite hostname="Ning-Laptop" failures="0" tests="3" name="testCases.MouseHoverTest" time="5.617" errors="0" timestamp="2023-05-14T07:42:38 EDT" skipped="0">
  <testcase classname="testCases.MouseHoverTest" name="mouseHover1" time="1.422"/>
  <system-out/>
  <testcase classname="testCases.MouseHoverTest" name="mouseHover2" time="2.804"/>
  <system-out/>
  <testcase classname="testCases.MouseHoverTest" name="mouseHover3" time="1.391"/>
  <system-out/>
</testsuite> <!-- testCases.MouseHoverTest -->
