<?xml version="1.0" encoding="UTF-8"?>
<!-- Generated by org.testng.reporters.JUnitReportReporter -->
<testsuite hostname="LAPTOP-MVNUQ4K1" failures="0" tests="2" name="testpackage.DragandDropTest" time="41.090" errors="0" timestamp="2022-11-27T20:24:44 GMT-05:00" skipped="0">
  <testcase classname="testpackage.DragandDropTest" name="DragtestforA" time="20.483"/>
  <system-out/>
  <testcase classname="testpackage.DragandDropTest" name="DragtestforB" time="20.607"/>
  <system-out/>
</testsuite> <!-- testpackage.DragandDropTest -->
