<?xml version="1.0" encoding="UTF-8"?>
<!-- Generated by org.testng.reporters.JUnitReportReporter -->
<testsuite skipped="0" hostname="LAPTOP-9O6E1R3M" name="tests.FileUploadTest" tests="1" failures="0" timestamp="2022-09-08T15:10:46 EDT" time="7.698" errors="0">
  <testcase name="testUsesUploadButtonToUploadAFileAndValidatesFileIsUploaded" time="7.698" classname="tests.FileUploadTest"/>
  <system-out/>
</testsuite> <!-- tests.FileUploadTest -->
