<?xml version="1.0" encoding="UTF-8"?>
<!-- Generated by org.testng.reporters.JUnitReportReporter -->
<testsuite hostname="PROGRESS" failures="0" tests="1" name="testCases.DynamicContentTest" time="0.087" errors="0" timestamp="2023-03-29T14:59:42 EDT" skipped="0">
  <testcase classname="testCases.DynamicContentTest" name="testDynamicContentChange" time="0.087"/>
  <system-out/>
</testsuite> <!-- testCases.DynamicContentTest -->
