<?xml version="1.0" encoding="UTF-8"?>
<!-- Generated by org.testng.reporters.JUnitReportReporter -->
<testsuite skipped="0" hostname="samsung-PC" name="dotdashcom_testcases.TC05_DragAndAdrop" tests="1" failures="0" timestamp="2020-10-06T22:52:56 EDT" time="9.275" errors="0">
  <testcase name="drag_and_drop" time="9.275" classname="dotdashcom_testcases.TC05_DragAndAdrop"/>
</testsuite> <!-- dotdashcom_testcases.TC05_DragAndAdrop -->
