<?xml version="1.0" encoding="UTF-8"?>
<!-- Generated by org.testng.reporters.JUnitReportReporter -->
<testsuite skipped="0" hostname="Jagseer" name="TheInternet.DotDash.DynamicContent" tests="1" failures="0" timestamp="06 Oct 2020 04:06:54 GMT" time="54.565" errors="0">
  <testcase name="dynamicContentTest" time="54.565" classname="TheInternet.DotDash.DynamicContent"/>
</testsuite> <!-- TheInternet.DotDash.DynamicContent -->
