<?xml version="1.0" encoding="UTF-8"?>
<!-- Generated by org.testng.reporters.JUnitReportReporter -->
<testsuite skipped="0" hostname="Jagseer" name="TheInternet.DotDash.JavaScripts" tests="1" failures="0" timestamp="06 Oct 2020 04:06:54 GMT" time="3.387" errors="0">
  <testcase name="JavaScriptsTest" time="3.387" classname="TheInternet.DotDash.JavaScripts"/>
</testsuite> <!-- TheInternet.DotDash.JavaScripts -->
