<?xml version="1.0" encoding="UTF-8"?>
<!-- Generated by org.testng.reporters.JUnitReportReporter -->
<testsuite hostname="DESKTOP-RM6BNPB" failures="0" tests="1" name="DragAndDop" time="2.146" errors="0" timestamp="2023-06-10T08:15:08 PKT" skipped="0">
  <testcase classname="DragAndDop" name="DragDropTest" time="2.146"/>
</testsuite> <!-- DragAndDop -->
