<?xml version="1.0" encoding="UTF-8"?>
<!-- Generated by org.testng.reporters.JUnitReportReporter -->
<testsuite hostname="MihrunPC" failures="0" tests="1" name="dockers.FloatingMenu" time="4.506" errors="0" timestamp="7 Sep 2020 18:58:11 GMT">
  <testcase classname="dockers.FloatingMenu" name="FloatMenu" time="4.506"/>
</testsuite> <!-- dockers.FloatingMenu -->
