<?xml version="1.0" encoding="UTF-8"?>
<!-- Generated by org.testng.reporters.JUnitReportReporter -->
<testsuite skipped="0" hostname="samsung-PC" name="dotdashcom_testcases.TC03_Checkboxes" tests="1" failures="0" timestamp="2020-10-02T12:14:53 EDT" time="9.572" errors="0">
  <testcase name="checkboxes" time="9.572" classname="dotdashcom_testcases.TC03_Checkboxes"/>
</testsuite> <!-- dotdashcom_testcases.TC03_Checkboxes -->
