<?xml version="1.0" encoding="UTF-8"?>
<!-- Generated by org.testng.reporters.JUnitReportReporter -->
<testsuite skipped="0" hostname="DESKTOP-B2T9MUN" name="Test_Cases.FloatingMenuPageTest" tests="1" failures="0" timestamp="28 Nov 2022 19:04:48 GMT" time="0.473" errors="0">
  <testcase name="floatingMenuTest" time="0.473" classname="Test_Cases.FloatingMenuPageTest"/>
</testsuite> <!-- Test_Cases.FloatingMenuPageTest -->
