<?xml version="1.0" encoding="UTF-8"?>
<!-- Generated by org.testng.reporters.JUnitReportReporter -->
<testsuite skipped="0" hostname="LAPTOP-9O6E1R3M" name="tests.DynamicControlsTest" tests="4" failures="0" timestamp="2022-09-08T14:23:53 EDT" time="46.089" errors="0">
  <testcase name="removeButtonFunctionalitlyAndValidation" time="13.751" classname="tests.DynamicControlsTest"/>
  <system-out/>
  <testcase name="addButtonFunctionalitlyAndValidation" time="12.317" classname="tests.DynamicControlsTest"/>
  <system-out/>
  <testcase name="enableButtonFunctionalitlyAndValidation" time="9.433" classname="tests.DynamicControlsTest"/>
  <system-out/>
  <testcase name="disableButtonFunctionalitlyAndValidation" time="10.588" classname="tests.DynamicControlsTest"/>
  <system-out/>
</testsuite> <!-- tests.DynamicControlsTest -->
