<?xml version="1.0" encoding="UTF-8"?>
<!-- Generated by org.testng.reporters.JUnitReportReporter -->
<testsuite skipped="0" hostname="Lenovo-Y510P" name="testcases.DynamicControlsTest" tests="4" failures="0" timestamp="11 Sep 2022 14:47:58 GMT" time="15.328" errors="0">
  <testcase name="VerifyDisableBtn" time="3.170" classname="testcases.DynamicControlsTest"/>
  <testcase name="VerifyCheckboxisGone" time="5.730" classname="testcases.DynamicControlsTest"/>
  <testcase name="VerifyCheckboxisPresent" time="3.235" classname="testcases.DynamicControlsTest"/>
  <testcase name="VerifyEnableBtn" time="3.193" classname="testcases.DynamicControlsTest"/>
</testsuite> <!-- testcases.DynamicControlsTest -->
