<?xml version="1.0" encoding="UTF-8"?>
<!-- Generated by org.testng.reporters.JUnitReportReporter -->
<testsuite hostname="DESKTOP-KABL7D7" failures="0" tests="2" name="com.testcases.FloatingMenuTest" time="6.759" errors="0" timestamp="2023-04-08T00:30:50 EDT" skipped="0">
  <testcase classname="com.testcases.FloatingMenuTest" name="validateTheFloatingMenuIsDisplayedWhenScrollToBottom" time="3.128"/>
  <system-out/>
  <testcase classname="com.testcases.FloatingMenuTest" name="validateTheFloatingMenuIsDisplayedWhenScrollToMiddle" time="3.631"/>
  <system-out/>
</testsuite> <!-- com.testcases.FloatingMenuTest -->
