<?xml version="1.0" encoding="UTF-8"?>
<!-- Generated by org.testng.reporters.JUnitReportReporter -->
<testsuite skipped="0" hostname="TABLET-94I7MRL4" name="testCases.JSAlerts" tests="1" failures="0" timestamp="24 Sep 2022 16:29:23 GMT" time="3.264" errors="0">
  <testcase name="validateJsAlerts" time="3.264" classname="testCases.JSAlerts"/>
</testsuite> <!-- testCases.JSAlerts -->
