<?xml version="1.0" encoding="UTF-8"?>
<!-- Generated by org.testng.reporters.JUnitReportReporter -->
<testsuite hostname="MihrunPC" failures="0" tests="1" name="dockers.Context" time="4.579" errors="0" timestamp="7 Sep 2020 18:37:19 GMT">
  <testcase classname="dockers.Context" name="ContextMenu" time="4.579"/>
</testsuite> <!-- dockers.Context -->
