<?xml version="1.0" encoding="UTF-8"?>
<!-- Generated by org.testng.reporters.JUnitReportReporter -->
<testsuite hostname="sefas-MBP" failures="0" tests="1" name="testcases.TestCases" time="7.424" errors="0" timestamp="2022-10-17T11:25:46 EDT" skipped="0">
  <testcase classname="testcases.TestCases" name="fileDownload" time="7.424"/>
  <system-out/>
</testsuite> <!-- testcases.TestCases -->
