<?xml version="1.0" encoding="UTF-8"?>
<!-- Generated by org.testng.reporters.JUnitReportReporter -->
<testsuite hostname="SHAKIL-XPS15A" failures="0" tests="1" name="shakilTest.DropdownTest_6" time="0.815" errors="0" timestamp="2023-03-22T21:40:49 EDT" skipped="0">
  <testcase classname="shakilTest.DropdownTest_6" name="testSelectDropdownOption" time="0.815"/>
  <system-out/>
</testsuite> <!-- shakilTest.DropdownTest_6 -->
