<?xml version="1.0" encoding="UTF-8"?>
<!-- Generated by org.testng.reporters.JUnitReportReporter -->
<testsuite skipped="0" hostname="Jagseer" name="TheInternet.DotDash.CheckBox" tests="1" failures="0" timestamp="06 Oct 2020 04:06:54 GMT" time="2.324" errors="0">
  <testcase name="CheckBoxTest" time="2.324" classname="TheInternet.DotDash.CheckBox"/>
</testsuite> <!-- TheInternet.DotDash.CheckBox -->
