<?xml version="1.0" encoding="UTF-8"?>
<!-- Generated by org.testng.reporters.JUnitReportReporter -->
<testsuite hostname="DESKTOP-KABL7D7" failures="0" tests="1" name="com.testcases.CheckAndUncheckboxesTest" time="2.984" errors="0" timestamp="2023-04-08T00:30:50 EDT" skipped="0">
  <testcase classname="com.testcases.CheckAndUncheckboxesTest" name="verifyTheCheckandUncheckBoxes" time="2.984"/>
  <system-out/>
</testsuite> <!-- com.testcases.CheckAndUncheckboxesTest -->
