<?xml version="1.0" encoding="UTF-8"?>
<!-- Generated by org.testng.reporters.JUnitReportReporter -->
<testsuite skipped="0" hostname="samsung-PC" name="dotdashcom_testcases.TC11_FileUpload" tests="1" failures="0" timestamp="2020-10-06T23:07:17 EDT" time="2.870" errors="0">
  <testcase name="file_upload" time="2.870" classname="dotdashcom_testcases.TC11_FileUpload"/>
</testsuite> <!-- dotdashcom_testcases.TC11_FileUpload -->
