<?xml version="1.0" encoding="UTF-8"?>
<!-- Generated by org.testng.reporters.JUnitReportReporter -->
<testsuite hostname="DESKTOP-KABL7D7" failures="0" tests="1" name="com.testcases.MouseHoverTest" time="6.080" errors="0" timestamp="2023-04-08T00:31:21 EDT" skipped="0">
  <testcase classname="com.testcases.MouseHoverTest" name="validateAdditionalInformationIsDisplayedForEachImage" time="6.080"/>
  <system-out/>
</testsuite> <!-- com.testcases.MouseHoverTest -->
