<?xml version="1.0" encoding="UTF-8"?>
<!-- Generated by org.testng.reporters.JUnitReportReporter -->
<testsuite hostname="DESKTOP-KABL7D7" failures="0" tests="2" name="com.testcases.NotificationMessageTest" time="13.058" errors="0" timestamp="2023-04-08T00:30:50 EDT" skipped="0">
  <testcase classname="com.testcases.NotificationMessageTest" name="validateTheActionSuccessfullMsgIsDisplayed" time="7.124"/>
  <system-out/>
  <testcase classname="com.testcases.NotificationMessageTest" name="validateTheActionUnsuccessfullMsgIsDisplayed" time="5.934"/>
  <system-out/>
</testsuite> <!-- com.testcases.NotificationMessageTest -->
