<?xml version="1.0" encoding="UTF-8"?>
<!-- Generated by org.testng.reporters.JUnitReportReporter -->
<testsuite hostname="andriy-Aspire-XC-866" failures="0" tests="1" name="tests.Test3_ContextMenu" time="0.375" errors="0" timestamp="2023-01-29T02:01:10 EST" skipped="0">
  <testcase classname="tests.Test3_ContextMenu" name="contextMenuVerification" time="0.375"/>
  <system-out/>
</testsuite> <!-- tests.Test3_ContextMenu -->
