<?xml version="1.0" encoding="UTF-8"?>
<!-- Generated by org.testng.reporters.JUnitReportReporter -->
<testsuite skipped="0" hostname="Satinders-MacBook-Pro.local" name="WebTesting.SeleniumWebTesting.DynamicControlsTest" tests="1" failures="0" timestamp="2020-10-07T00:57:38 EDT" time="23.767" errors="0">
  <testcase name="DynamicControlsTest" time="23.767" classname="WebTesting.SeleniumWebTesting.DynamicControlsTest"/>
  <system-out/>
</testsuite> <!-- WebTesting.SeleniumWebTesting.DynamicControlsTest -->
