<?xml version="1.0" encoding="UTF-8"?>
<!-- Generated by org.testng.reporters.JUnitReportReporter -->
<testsuite skipped="0" hostname="DESKTOP-B2T9MUN" name="Test_Cases.DynamicControlsPageTest" tests="2" failures="0" timestamp="28 Nov 2022 19:04:48 GMT" time="14.146" errors="0">
  <testcase name="enableDisableTextBox" time="7.274" classname="Test_Cases.DynamicControlsPageTest"/>
  <testcase name="removingAddingCheckBox" time="6.872" classname="Test_Cases.DynamicControlsPageTest"/>
</testsuite> <!-- Test_Cases.DynamicControlsPageTest -->
