<?xml version="1.0" encoding="UTF-8"?>
<!-- Generated by org.testng.reporters.JUnitReportReporter -->
<testsuite hostname="Yash-Laptop" failures="0" tests="1" name="com.qa.selenium.tests.DynamicLoadingPageTest" time="6.842" errors="0" timestamp="24 Jan. 2023 23:06:42 GMT" skipped="0">
  <testcase classname="com.qa.selenium.tests.DynamicLoadingPageTest" name="DynamicTest" time="6.842"/>
</testsuite> <!-- com.qa.selenium.tests.DynamicLoadingPageTest -->
