<?xml version="1.0" encoding="UTF-8"?>
<!-- Generated by org.testng.reporters.JUnitReportReporter -->
<testsuite skipped="0" hostname="Satinders-MacBook-Pro.local" name="WebTesting.SeleniumWebTesting.LoginSuccessTest" tests="1" failures="0" timestamp="2020-10-07T00:44:55 EDT" time="0.742" errors="0">
  <testcase name="LoginSuccessTest" time="0.742" classname="WebTesting.SeleniumWebTesting.LoginSuccessTest"/>
  <system-out/>
</testsuite> <!-- WebTesting.SeleniumWebTesting.LoginSuccessTest -->
