<?xml version="1.0" encoding="UTF-8"?>
<!-- Generated by org.testng.reporters.JUnitReportReporter -->
<testsuite skipped="0" hostname="LAPTOP-MKHIA1KQ" name="testcases.CheckboxesTest" tests="1" failures="0" timestamp="2020-10-07T13:11:06 EDT" time="15.322" errors="0">
  <testcase name="verifyCheckBoxes" time="15.322" classname="testcases.CheckboxesTest"/>
</testsuite> <!-- testcases.CheckboxesTest -->
