<?xml version="1.0" encoding="UTF-8"?>
<!-- Generated by org.testng.reporters.JUnitReportReporter -->
<testsuite hostname="LAPTOP-MVNUQ4K1" failures="0" tests="2" name="testpackage.DragandDropTest" time="9.393" errors="0" timestamp="2022-10-18T14:03:08 GMT-04:00" skipped="0">
  <testcase classname="testpackage.DragandDropTest" name="DragtestforB" time="5.517"/>
  <system-out/>
  <testcase classname="testpackage.DragandDropTest" name="DragtestforA" time="3.876"/>
  <system-out/>
</testsuite> <!-- testpackage.DragandDropTest -->
