<?xml version="1.0" encoding="UTF-8"?>
<!-- Generated by org.testng.reporters.JUnitReportReporter -->
<testsuite hostname="Ning-Laptop" failures="0" tests="1" name="testCases.FloatingMenuTest" time="2.709" errors="0" timestamp="2023-05-14T07:41:52 EDT" skipped="0">
  <testcase classname="testCases.FloatingMenuTest" name="floatingMenu" time="2.709"/>
  <system-out/>
</testsuite> <!-- testCases.FloatingMenuTest -->
