<?xml version="1.0" encoding="UTF-8"?>
<!-- Generated by org.testng.reporters.JUnitReportReporter -->
<testsuite skipped="0" hostname="BobITs-Mac-mini.fios-router.home" name="com.webdrivertest.tests.IFramePageTest" tests="1" failures="0" timestamp="2021-03-29T21:46:31 EDT" time="1.535" errors="0">
  <testcase name="testInputTextToIframe" time="1.535" classname="com.webdrivertest.tests.IFramePageTest"/>
  <system-out/>
</testsuite> <!-- com.webdrivertest.tests.IFramePageTest -->
