<?xml version="1.0" encoding="UTF-8"?>
<!-- Generated by org.testng.reporters.JUnitReportReporter -->
<testsuite skipped="0" hostname="Jagseer" name="TheInternet.DotDash.CheckBox" tests="1" failures="0" timestamp="2020-10-07T13:03:47 EDT" time="2.787" errors="0">
  <testcase name="CheckBoxTest" time="2.787" classname="TheInternet.DotDash.CheckBox"/>
  <system-out/>
</testsuite> <!-- TheInternet.DotDash.CheckBox -->
