<?xml version="1.0" encoding="UTF-8"?>
<!-- Generated by org.testng.reporters.JUnitReportReporter -->
<testsuite skipped="0" hostname="samsung-PC" name="dotdashcom_testcases.TC15_JavaScript_Alerts" tests="3" failures="0" timestamp="2020-10-06T23:14:46 EDT" time="2.422" errors="0">
  <testcase name="b_js_confirm_alert" time="1.185" classname="dotdashcom_testcases.TC15_JavaScript_Alerts"/>
  <testcase name="a_js_alert" time="0.576" classname="dotdashcom_testcases.TC15_JavaScript_Alerts"/>
  <testcase name="c_js_prompt_alert" time="0.661" classname="dotdashcom_testcases.TC15_JavaScript_Alerts"/>
</testsuite> <!-- dotdashcom_testcases.TC15_JavaScript_Alerts -->
