<?xml version="1.0" encoding="UTF-8"?>
<!-- Generated by org.testng.reporters.JUnitReportReporter -->
<testsuite hostname="Arunkumars-MacBook-Pro.local" failures="0" tests="1" name="com.takehome.testcases.ContextMenu" time="0.649" errors="0" timestamp="2022-12-29T07:41:40 EST" skipped="0">
  <testcase classname="com.takehome.testcases.ContextMenu" name="contextmenu" time="0.649"/>
  <system-out/>
</testsuite> <!-- com.takehome.testcases.ContextMenu -->
