<?xml version="1.0" encoding="UTF-8"?>
<!-- Generated by org.testng.reporters.JUnitReportReporter -->
<testsuite hostname="andriy-Aspire-XC-866" failures="0" tests="1" name="tests.Test14_JavaScriptAlert" time="0.384" errors="0" timestamp="2023-01-29T14:00:57 EST" skipped="0">
  <testcase classname="tests.Test14_JavaScriptAlert" name="javaScriptsAlertsVerification" time="0.384"/>
  <system-out/>
</testsuite> <!-- tests.Test14_JavaScriptAlert -->
