<?xml version="1.0" encoding="UTF-8"?>
<!-- Generated by org.testng.reporters.JUnitReportReporter -->
<testsuite hostname="LAPTOP-MVNUQ4K1" failures="0" tests="2" name="testpackage.CheckBoxTest" time="9.252" errors="0" timestamp="2022-10-18T14:03:08 GMT-04:00" skipped="0">
  <testcase classname="testpackage.CheckBoxTest" name="CheckedCheckBoxtest" time="4.044"/>
  <system-out/>
  <testcase classname="testpackage.CheckBoxTest" name="UncheckedCheckBoxtest" time="5.208"/>
  <system-out/>
</testsuite> <!-- testpackage.CheckBoxTest -->
