<?xml version="1.0" encoding="UTF-8"?>
<!-- Generated by org.testng.reporters.JUnitReportReporter -->
<testsuite hostname="MihrunPC" failures="0" tests="1" name="dockers.Dropdown" time="7.349" errors="0" timestamp="7 Sep 2020 18:41:57 GMT">
  <testcase classname="dockers.Dropdown" name="Dropdown" time="7.349"/>
</testsuite> <!-- dockers.Dropdown -->
