<?xml version="1.0" encoding="UTF-8"?>
<!-- Generated by org.testng.reporters.JUnitReportReporter -->
<testsuite skipped="0" hostname="samsung-PC" name="dotdashcom_testcases.TC18_Notification_Message" tests="1" failures="0" timestamp="2020-10-02T14:55:49 EDT" time="10.088" errors="0">
  <testcase name="multiple_click" time="10.088" classname="dotdashcom_testcases.TC18_Notification_Message"/>
</testsuite> <!-- dotdashcom_testcases.TC18_Notification_Message -->
