<?xml version="1.0" encoding="UTF-8"?>
<!-- Generated by org.testng.reporters.JUnitReportReporter -->
<testsuite hostname="DESKTOP-RM6BNPB" failures="0" tests="2" name="DropDown" time="6.723" errors="0" timestamp="2023-06-10T08:15:08 PKT" skipped="0">
  <testcase classname="DropDown" name="dropDown2" time="3.459"/>
  <testcase classname="DropDown" name="dropDown1" time="3.264"/>
</testsuite> <!-- DropDown -->
