<?xml version="1.0" encoding="UTF-8"?>
<!-- Generated by org.testng.reporters.JUnitReportReporter -->
<testsuite skipped="0" hostname="Satinders-MacBook-Pro.local" name="WebTesting.SeleniumWebTesting.CheckBoxesTest" tests="1" failures="0" timestamp="2020-10-06T23:16:12 EDT" time="0.487" errors="0">
  <testcase name="CheckBoxesTest" time="0.487" classname="WebTesting.SeleniumWebTesting.CheckBoxesTest"/>
  <system-out/>
</testsuite> <!-- WebTesting.SeleniumWebTesting.CheckBoxesTest -->
