<?xml version="1.0" encoding="UTF-8"?>
<!-- Generated by org.testng.reporters.JUnitReportReporter -->
<testsuite skipped="0" hostname="samsung-PC" name="dotdashcom_testcases.TC04_ContextMenu" tests="1" failures="0" timestamp="2020-10-02T12:29:01 EDT" time="9.487" errors="0">
  <testcase name="context_right_click" time="9.487" classname="dotdashcom_testcases.TC04_ContextMenu"/>
</testsuite> <!-- dotdashcom_testcases.TC04_ContextMenu -->
