<?xml version="1.0" encoding="UTF-8"?>
<!-- Generated by org.testng.reporters.JUnitReportReporter -->
<testsuite hostname="SUDHAKAR" failures="0" tests="1" name="com.dotDash.tests.MouseHoverTest" time="0.200" errors="0" timestamp="2023-06-06T08:44:51 CDT" skipped="0">
  <testcase classname="com.dotDash.tests.MouseHoverTest" name="mouseHover" time="0.200"/>
  <system-out/>
</testsuite> <!-- com.dotDash.tests.MouseHoverTest -->
