<?xml version="1.0" encoding="UTF-8"?>
<!-- Generated by org.testng.reporters.JUnitReportReporter -->
<testsuite hostname="LAPTOP-MVNUQ4K1" failures="0" tests="3" name="testpackage.JSAlertTest" time="68.488" errors="0" timestamp="2022-11-27T20:24:44 GMT-05:00" skipped="0">
  <testcase classname="testpackage.JSAlertTest" name="jsconfirmtest" time="24.100"/>
  <system-out/>
  <testcase classname="testpackage.JSAlertTest" name="jsprompttest" time="20.800"/>
  <system-out/>
  <testcase classname="testpackage.JSAlertTest" name="jsalerttest" time="23.588"/>
  <system-out/>
</testsuite> <!-- testpackage.JSAlertTest -->
