<?xml version="1.0" encoding="UTF-8"?>
<!-- Generated by org.testng.reporters.JUnitReportReporter -->
<testsuite hostname="MihrunPC" failures="0" tests="1" name="dockers.MouseHover" time="10.727" errors="0" timestamp="7 Sep 2020 19:38:27 GMT">
  <testcase classname="dockers.MouseHover" name="IFrameBoldAlignCenter" time="10.727"/>
</testsuite> <!-- dockers.MouseHover -->
