<?xml version="1.0" encoding="UTF-8"?>
<!-- Generated by org.testng.reporters.JUnitReportReporter -->
<testsuite skipped="0" hostname="LAPTOP-MKHIA1KQ" name="testcases.OpenInNewTabTest" tests="1" failures="0" timestamp="2020-10-06T22:46:39 EDT" time="17.480" errors="0">
  <testcase name="verifyNewTab" time="17.480" classname="testcases.OpenInNewTabTest"/>
</testsuite> <!-- testcases.OpenInNewTabTest -->
