<?xml version="1.0" encoding="UTF-8"?>
<!-- Generated by org.testng.reporters.JUnitReportReporter -->
<testsuite hostname="LAPTOP-MVNUQ4K1" failures="0" tests="1" name="testpackage.JSErrortest" time="4.594" errors="0" timestamp="2022-09-22T14:30:23 GMT-04:00" skipped="0">
  <testcase classname="testpackage.JSErrortest" name="test" time="4.594"/>
  <system-out/>
</testsuite> <!-- testpackage.JSErrortest -->
