<?xml version="1.0" encoding="UTF-8"?>
<!-- Generated by org.testng.reporters.JUnitReportReporter -->
<testsuite hostname="Rakeshs-MacBook-Pro-2.local" failures="0" tests="1" name="dotdash.tests.JavaScriptTest" time="1.265" errors="0" timestamp="2022-10-03T18:20:27 EDT" skipped="0">
  <testcase classname="dotdash.tests.JavaScriptTest" name="validateJsErrors" time="1.265"/>
  <system-out/>
</testsuite> <!-- dotdash.tests.JavaScriptTest -->
