<?xml version="1.0" encoding="UTF-8"?>
<!-- Generated by org.testng.reporters.JUnitReportReporter -->
<testsuite skipped="0" hostname="BobITs-Mac-mini.fios-router.home" name="com.webdrivertest.tests.FloatingMenuPageTest" tests="1" failures="0" timestamp="2021-03-29T21:46:31 EDT" time="0.989" errors="0">
  <testcase name="testScrollAndCheckMenuFloating" time="0.989" classname="com.webdrivertest.tests.FloatingMenuPageTest"/>
  <system-out/>
</testsuite> <!-- com.webdrivertest.tests.FloatingMenuPageTest -->
