<?xml version="1.0" encoding="UTF-8"?>
<!-- Generated by org.testng.reporters.JUnitReportReporter -->
<testsuite skipped="0" hostname="Jagseer" name="TheInternet.DotDash.Download" tests="1" failures="0" timestamp="06 Oct 2020 04:06:54 GMT" time="22.243" errors="0">
  <testcase name="DownloadTest" time="22.243" classname="TheInternet.DotDash.Download"/>
</testsuite> <!-- TheInternet.DotDash.Download -->
