<?xml version="1.0" encoding="UTF-8"?>
<!-- Generated by org.testng.reporters.JUnitReportReporter -->
<testsuite hostname="DESKTOP-4MPQCR3" failures="0" tests="1" name="tests.ContextMenuTest" time="0.235" errors="0" timestamp="2022-09-05T19:20:09 MDT" skipped="0">
  <testcase classname="tests.ContextMenuTest" name="contextMenuTest" time="0.235"/>
  <system-out/>
</testsuite> <!-- tests.ContextMenuTest -->
