<?xml version="1.0" encoding="UTF-8"?>
<!-- Generated by org.testng.reporters.JUnitReportReporter -->
<testsuite skipped="0" hostname="Lenovo-Y510P" name="testcases.JavaScriptAlertsTest" tests="3" failures="0" timestamp="12 Sep 2022 03:14:03 GMT" time="2.870" errors="0">
  <testcase name="checkJSConfirm" time="0.091" classname="testcases.JavaScriptAlertsTest"/>
  <testcase name="checkJSAlert" time="2.001" classname="testcases.JavaScriptAlertsTest"/>
  <testcase name="checkJSPrompt" time="0.778" classname="testcases.JavaScriptAlertsTest"/>
</testsuite> <!-- testcases.JavaScriptAlertsTest -->
