<?xml version="1.0" encoding="UTF-8"?>
<!-- Generated by org.testng.reporters.JUnitReportReporter -->
<testsuite hostname="LAPTOP-6KN3HGT8" failures="0" tests="1" name="Tests" time="4.675" errors="0" timestamp="2022-09-22T18:03:10 EDT" skipped="0">
  <testcase classname="Tests" name="notificationMessage" time="4.675"/>
  <system-out/>
</testsuite> <!-- Tests -->
