<?xml version="1.0" encoding="UTF-8"?>
<!-- Generated by org.testng.reporters.JUnitReportReporter -->
<testsuite hostname="samsung-PC" name="dotdashcom_testcases.TC16_JavaScript_Error" tests="1" failures="0" timestamp="2 Oct 2020 03:41:41 GMT" time="8.682" errors="0">
  <testcase name="ExtractJSLogs" time="8.682" classname="dotdashcom_testcases.TC16_JavaScript_Error"/>
</testsuite> <!-- dotdashcom_testcases.TC16_JavaScript_Error -->
