<?xml version="1.0" encoding="UTF-8"?>
<!-- Generated by org.testng.reporters.JUnitReportReporter -->
<testsuite skipped="0" hostname="Satinders-MacBook-Pro.local" name="WebTesting.SeleniumWebTesting.OpenNewTabTest" tests="1" failures="0" timestamp="2020-10-07T15:28:44 EDT" time="0.449" errors="0">
  <testcase name="OpenNewTabTest" time="0.449" classname="WebTesting.SeleniumWebTesting.OpenNewTabTest"/>
  <system-out/>
</testsuite> <!-- WebTesting.SeleniumWebTesting.OpenNewTabTest -->
