<?xml version="1.0" encoding="UTF-8"?>
<!-- Generated by org.testng.reporters.JUnitReportReporter -->
<testsuite skipped="0" hostname="samsung-PC" name="dotdashcom_testcases.TC07_DynamicContent" tests="1" failures="0" timestamp="2020-10-02T15:42:59 EDT" time="12.705" errors="0">
  <testcase name="refresh" time="12.705" classname="dotdashcom_testcases.TC07_DynamicContent"/>
</testsuite> <!-- dotdashcom_testcases.TC07_DynamicContent -->
