<?xml version="1.0" encoding="UTF-8"?>
<!-- Generated by org.testng.reporters.JUnitReportReporter -->
<testsuite skipped="0" hostname="samsung-PC" name="dotdashcom_testcases.TC11_FileUpload" tests="1" failures="0" timestamp="2020-10-02T13:45:47 EDT" time="13.700" errors="0">
  <testcase name="file_upload" time="13.700" classname="dotdashcom_testcases.TC11_FileUpload"/>
</testsuite> <!-- dotdashcom_testcases.TC11_FileUpload -->
