<?xml version="1.0" encoding="UTF-8"?>
<!-- Generated by org.testng.reporters.JUnitReportReporter -->
<testsuite hostname="LAPTOP-E06RK7S2" failures="0" tests="2" name="com.TakeHomeTest.testCases.DynamicControlsTest" time="12.878" errors="0" timestamp="2022-10-26T16:10:48 EDT" skipped="0">
  <testcase classname="com.TakeHomeTest.testCases.DynamicControlsTest" name="dynamic_textbox" time="6.393"/>
  <system-out/>
  <testcase classname="com.TakeHomeTest.testCases.DynamicControlsTest" name="dynamic_checkbox" time="6.485"/>
  <system-out/>
</testsuite> <!-- com.TakeHomeTest.testCases.DynamicControlsTest -->
