<?xml version="1.0" encoding="UTF-8"?>
<!-- Generated by org.testng.reporters.JUnitReportReporter -->
<testsuite hostname="DESKTOP-IIG9330" failures="0" tests="1" name="TestLayer.Notification_Test" time="3.830" errors="0" timestamp="2023-01-01T01:34:33 EST" skipped="0">
  <testcase classname="TestLayer.Notification_Test" name="tcNotificationMsg" time="3.830"/>
  <system-out/>
</testsuite> <!-- TestLayer.Notification_Test -->
