<?xml version="1.0" encoding="UTF-8"?>
<!-- Generated by org.testng.reporters.JUnitReportReporter -->
<testsuite hostname="SHAKIL-XPS15A" failures="0" tests="1" name="shakilTest.FileUploadTest_11" time="0.650" errors="0" timestamp="2023-03-22T21:43:19 EDT" skipped="0">
  <testcase classname="shakilTest.FileUploadTest_11" name="testFileUpload" time="0.650"/>
  <system-out/>
</testsuite> <!-- shakilTest.FileUploadTest_11 -->
