<?xml version="1.0" encoding="UTF-8"?>
<!-- Generated by org.testng.reporters.JUnitReportReporter -->
<testsuite skipped="0" hostname="LAPTOP-9O6E1R3M" name="tests.DynamicContentTest" tests="1" failures="0" timestamp="2022-09-08T13:22:36 EDT" time="12.088" errors="0">
  <testcase name="testRefreshesThePage3TimesAndValidatesContentChangesAfterEachRefresh" time="12.088" classname="tests.DynamicContentTest"/>
  <system-out/>
</testsuite> <!-- tests.DynamicContentTest -->
