<?xml version="1.0" encoding="UTF-8"?>
<!-- Generated by org.testng.reporters.JUnitReportReporter -->
<testsuite skipped="0" hostname="Lenovo-Y510P" name="testcases.JavaScriptErrorTest" tests="1" failures="0" timestamp="12 Sep 2022 03:14:03 GMT" time="2.023" errors="0">
  <testcase name="JSError" time="2.023" classname="testcases.JavaScriptErrorTest"/>
</testsuite> <!-- testcases.JavaScriptErrorTest -->
