<?xml version="1.0" encoding="UTF-8"?>
<!-- Generated by org.testng.reporters.JUnitReportReporter -->
<testsuite hostname="DESKTOP-IIG9330" failures="0" tests="1" name="TestLayer.Checkbox_Test" time="28.427" errors="0" timestamp="2022-12-31T15:50:44 EST" skipped="0">
  <testcase classname="TestLayer.Checkbox_Test" name="Checkbox" time="28.427"/>
  <system-out/>
</testsuite> <!-- TestLayer.Checkbox_Test -->
