<?xml version="1.0" encoding="UTF-8"?>
<!-- Generated by org.testng.reporters.JUnitReportReporter -->
<testsuite hostname="LAPTOP-MVNUQ4K1" failures="0" tests="1" name="testpackage.CheckBoxTest" time="4.085" errors="0" timestamp="2022-09-22T01:05:14 GMT-04:00" skipped="0">
  <testcase classname="testpackage.CheckBoxTest" name="UncheckedCheckBoxtest" time="4.085"/>
  <system-out/>
</testsuite> <!-- testpackage.CheckBoxTest -->
