<?xml version="1.0" encoding="UTF-8"?>
<!-- Generated by org.testng.reporters.JUnitReportReporter -->
<testsuite skipped="0" hostname="TABLET-94I7MRL4" name="testCases.FileDownload" tests="1" failures="0" timestamp="25 Sep 2022 15:54:27 GMT" time="2.403" errors="0">
  <testcase name="isFileDownloaded" time="2.403" classname="testCases.FileDownload"/>
</testsuite> <!-- testCases.FileDownload -->
