<?xml version="1.0" encoding="UTF-8"?>
<!-- Generated by org.testng.reporters.JUnitReportReporter -->
<testsuite skipped="0" hostname="Jagseer" name="TheInternet.DotDash.LoginFailed" tests="1" failures="0" timestamp="2020-10-07T13:03:47 EDT" time="1.946" errors="0">
  <testcase name="LoginFailedTest" time="1.946" classname="TheInternet.DotDash.LoginFailed"/>
  <system-out/>
</testsuite> <!-- TheInternet.DotDash.LoginFailed -->
