<?xml version="1.0" encoding="UTF-8"?>
<!-- Generated by org.testng.reporters.JUnitReportReporter -->
<testsuite hostname="jemsnroy" failures="0" tests="3" name="com.qa.INTest.Tests.JSAlertTest" time="3.481" errors="0" timestamp="30 Dec. 2022 05:22:46 GMT" skipped="0">
  <testcase classname="com.qa.INTest.Tests.JSAlertTest" name="vldJSAlertBtnTest" time="1.151"/>
  <testcase classname="com.qa.INTest.Tests.JSAlertTest" name="vldJSconfirmBtnTest" time="1.162"/>
  <testcase classname="com.qa.INTest.Tests.JSAlertTest" name="vldJSPromptBtnTest" time="1.168"/>
</testsuite> <!-- com.qa.INTest.Tests.JSAlertTest -->
