<?xml version="1.0" encoding="UTF-8"?>
<!-- Generated by org.testng.reporters.JUnitReportReporter -->
<testsuite skipped="0" hostname="samsung-PC" name="dotdashcom_testcases.TC08_DynamicControls" tests="2" failures="0" timestamp="2020-10-06T22:58:30 EDT" time="14.875" errors="0">
  <testcase name="enable_and_disable" time="7.734" classname="dotdashcom_testcases.TC08_DynamicControls"/>
  <testcase name="a_remove_and_add_button" time="7.141" classname="dotdashcom_testcases.TC08_DynamicControls"/>
</testsuite> <!-- dotdashcom_testcases.TC08_DynamicControls -->
