<?xml version="1.0" encoding="UTF-8"?>
<!-- Generated by org.testng.reporters.JUnitReportReporter -->
<testsuite hostname="LAPTOP-MVNUQ4K1" failures="0" tests="1" name="testpackage.Dynamiccontroltest" time="4.718" errors="0" timestamp="2022-09-22T06:49:48 GMT-04:00" skipped="0">
  <testcase classname="testpackage.Dynamiccontroltest" name="emptyelementdisabletest" time="4.718"/>
  <system-out/>
</testsuite> <!-- testpackage.Dynamiccontroltest -->
