<?xml version="1.0" encoding="UTF-8"?>
<!-- Generated by org.testng.reporters.JUnitReportReporter -->
<testsuite skipped="0" hostname="Jagseer" name="TheInternet.DotDash.FloatingMenu" tests="1" failures="0" timestamp="2020-10-07T13:03:47 EDT" time="4.177" errors="0">
  <testcase name="FloatingMenuTest" time="4.177" classname="TheInternet.DotDash.FloatingMenu"/>
  <system-out/>
</testsuite> <!-- TheInternet.DotDash.FloatingMenu -->
