<?xml version="1.0" encoding="UTF-8"?>
<!-- Generated by org.testng.reporters.JUnitReportReporter -->
<testsuite hostname="Ning-Laptop" failures="0" tests="1" name="testCases.NotificationMessageTest" time="7.813" errors="0" timestamp="2023-05-14T07:42:53 EDT" skipped="0">
  <testcase classname="testCases.NotificationMessageTest" name="notificationMsg" time="7.813"/>
  <system-out/>
</testsuite> <!-- testCases.NotificationMessageTest -->
