<?xml version="1.0" encoding="UTF-8"?>
<!-- Generated by org.testng.reporters.JUnitReportReporter -->
<testsuite hostname="Arunkumars-MacBook-Pro.local" failures="0" tests="1" name="com.takehome.testcases.LoginSuccess" time="0.695" errors="0" timestamp="2022-12-29T10:26:43 EST" skipped="0">
  <testcase classname="com.takehome.testcases.LoginSuccess" name="loginSuccess" time="0.695"/>
  <system-out/>
</testsuite> <!-- com.takehome.testcases.LoginSuccess -->
