<?xml version="1.0" encoding="UTF-8"?>
<!-- Generated by org.testng.reporters.JUnitReportReporter -->
<testsuite hostname="MihrunPC" failures="0" tests="3" name="dockers.JsAlert" time="25.713" errors="0" timestamp="7 Sep 2020 19:00:45 GMT">
  <testcase classname="dockers.JsAlert" name="JsConfirm" time="9.750"/>
  <testcase classname="dockers.JsAlert" name="JsPrompt" time="5.874"/>
  <testcase classname="dockers.JsAlert" name="JsAlert" time="10.089"/>
</testsuite> <!-- dockers.JsAlert -->
