<?xml version="1.0" encoding="UTF-8"?>
<!-- Generated by org.testng.reporters.JUnitReportReporter -->
<testsuite skipped="0" hostname="Jagseer" name="TheInternet.DotDash.Upload" tests="1" failures="0" timestamp="06 Oct 2020 04:06:54 GMT" time="20.353" errors="0">
  <testcase name="UploadTest" time="20.353" classname="TheInternet.DotDash.Upload"/>
</testsuite> <!-- TheInternet.DotDash.Upload -->
