<?xml version="1.0" encoding="UTF-8"?>
<!-- Generated by org.testng.reporters.JUnitReportReporter -->
<testsuite hostname="DESKTOP-9E06R4C" failures="0" tests="1" name="webtests.Testlayers.WT_16_NewTab_Test" time="2.618" errors="0" timestamp="2022-10-18T11:12:29 AST" skipped="0">
  <testcase classname="webtests.Testlayers.WT_16_NewTab_Test" name="NewTabTest" time="2.618"/>
  <system-out/>
</testsuite> <!-- webtests.Testlayers.WT_16_NewTab_Test -->
