<?xml version="1.0" encoding="UTF-8"?>
<!-- Generated by org.testng.reporters.JUnitReportReporter -->
<testsuite skipped="0" hostname="LAPTOP-MKHIA1KQ" name="testcases.JavaScriptErrorTest" tests="1" failures="0" timestamp="2020-10-06T22:41:24 EDT" time="11.994" errors="0">
  <testcase name="verifyJavaScriptError" time="11.994" classname="testcases.JavaScriptErrorTest"/>
</testsuite> <!-- testcases.JavaScriptErrorTest -->
