<?xml version="1.0" encoding="UTF-8"?>
<!-- Generated by org.testng.reporters.JUnitReportReporter -->
<testsuite hostname="Ning-Laptop" failures="0" tests="1" name="testCases.ContextMenuTest" time="2.769" errors="0" timestamp="2023-05-14T07:38:53 EDT" skipped="0">
  <testcase classname="testCases.ContextMenuTest" name="contextClick" time="2.769"/>
  <system-out/>
</testsuite> <!-- testCases.ContextMenuTest -->
