<?xml version="1.0" encoding="UTF-8"?>
<!-- Generated by org.testng.reporters.JUnitReportReporter -->
<testsuite hostname="Arunkumars-MacBook-Pro.local" failures="0" tests="1" name="com.takehome.pages.Loginpage" time="0.324" errors="0" timestamp="2022-12-27T18:26:53 EST" skipped="0">
  <testcase classname="com.takehome.pages.Loginpage" name="login" time="0.324"/>
  <system-out/>
</testsuite> <!-- com.takehome.pages.Loginpage -->
