<?xml version="1.0" encoding="UTF-8"?>
<!-- Generated by org.testng.reporters.JUnitReportReporter -->
<testsuite skipped="0" hostname="Jagseer" name="TheInternet.DotDash.NotificationMessage" tests="1" failures="0" timestamp="06 Oct 2020 04:06:54 GMT" time="318.765" errors="0">
  <testcase name="NotificationMessageTest" time="318.765" classname="TheInternet.DotDash.NotificationMessage"/>
</testsuite> <!-- TheInternet.DotDash.NotificationMessage -->
