<?xml version="1.0" encoding="UTF-8"?>
<!-- Generated by org.testng.reporters.JUnitReportReporter -->
<testsuite hostname="Arunkumars-MacBook-Pro.local" failures="0" tests="1" name="com.takehome.testcases.JavaScriptErrorTest" time="5.122" errors="0" timestamp="2022-12-30T08:44:50 EST" skipped="0">
  <testcase classname="com.takehome.testcases.JavaScriptErrorTest" name="javascripterror" time="5.122"/>
  <system-out/>
</testsuite> <!-- com.takehome.testcases.JavaScriptErrorTest -->
