<?xml version="1.0" encoding="UTF-8"?>
<!-- Generated by org.testng.reporters.JUnitReportReporter -->
<testsuite skipped="0" hostname="samsung-PC" name="dotdashcom_testcases.TC14_MouseHover" tests="1" failures="0" timestamp="2020-10-02T14:13:05 EDT" time="16.543" errors="0">
  <testcase name="mouse_hover" time="16.543" classname="dotdashcom_testcases.TC14_MouseHover"/>
</testsuite> <!-- dotdashcom_testcases.TC14_MouseHover -->
