<?xml version="1.0" encoding="UTF-8"?>
<!-- Generated by org.testng.reporters.JUnitReportReporter -->
<testsuite hostname="jemsnroy" failures="0" tests="1" name="com.qa.INTest.Tests.DynamicLoadTest" time="6.116" errors="0" timestamp="30 Dec. 2022 05:22:46 GMT" skipped="0">
  <testcase classname="com.qa.INTest.Tests.DynamicLoadTest" name="vldHelloWorldTest" time="6.116"/>
</testsuite> <!-- com.qa.INTest.Tests.DynamicLoadTest -->
