<?xml version="1.0" encoding="UTF-8"?>
<!-- Generated by org.testng.reporters.JUnitReportReporter -->
<testsuite hostname="DESKTOP-IIG9330" failures="0" tests="1" name="TestLayer.DynamicContent_Test" time="9.938" errors="0" timestamp="2022-12-31T18:10:09 EST" skipped="0">
  <testcase classname="TestLayer.DynamicContent_Test" name="tcDynamicText" time="9.938"/>
  <system-out/>
</testsuite> <!-- TestLayer.DynamicContent_Test -->
