<?xml version="1.0" encoding="UTF-8"?>
<!-- Generated by org.testng.reporters.JUnitReportReporter -->
<testsuite skipped="0" hostname="Satinders-MacBook-Pro.local" name="WebTesting.SeleniumWebTesting.ContextMenuTest" tests="1" failures="0" timestamp="2020-10-07T13:51:23 EDT" time="0.442" errors="0">
  <testcase name="ContextMenuTest" time="0.442" classname="WebTesting.SeleniumWebTesting.ContextMenuTest"/>
  <system-out/>
</testsuite> <!-- WebTesting.SeleniumWebTesting.ContextMenuTest -->
