<?xml version="1.0" encoding="UTF-8"?>
<!-- Generated by org.testng.reporters.JUnitReportReporter -->
<testsuite hostname="SUDHAKAR" failures="0" tests="1" name="com.dotDash.tests.ContextMenuTest" time="0.348" errors="0" timestamp="2023-06-05T21:39:23 CDT" skipped="0">
  <testcase classname="com.dotDash.tests.ContextMenuTest" name="contextMenu" time="0.348"/>
  <system-out/>
</testsuite> <!-- com.dotDash.tests.ContextMenuTest -->
