<?xml version="1.0" encoding="UTF-8"?>
<!-- Generated by org.testng.reporters.JUnitReportReporter -->
<testsuite hostname="DESKTOP-RM6BNPB" failures="0" tests="2" name="Checkboxes" time="12.371" errors="0" timestamp="2023-06-10T08:15:08 PKT" skipped="0">
  <testcase classname="Checkboxes" name="checkAllBoxes" time="3.149"/>
  <testcase classname="Checkboxes" name="uncheckAllBoxes" time="9.222"/>
</testsuite> <!-- Checkboxes -->
