<?xml version="1.0" encoding="UTF-8"?>
<!-- Generated by org.testng.reporters.JUnitReportReporter -->
<testsuite skipped="0" hostname="samsung-PC" name="dotdashcom_testcases.TC07_DynamicContent" tests="1" failures="0" timestamp="2020-10-06T22:56:04 EDT" time="3.080" errors="0">
  <testcase name="refresh" time="3.080" classname="dotdashcom_testcases.TC07_DynamicContent"/>
</testsuite> <!-- dotdashcom_testcases.TC07_DynamicContent -->
