<?xml version="1.0" encoding="UTF-8"?>
<!-- Generated by org.testng.reporters.JUnitReportReporter -->
<testsuite hostname="LAPTOP-9FISPP1M" failures="0" tests="1" name="qa.testcases.GitTest" time="4.565" errors="0" timestamp="2022-11-29T20:16:31 EST" skipped="0">
  <testcase classname="qa.testcases.GitTest" name="loginTest" time="4.565"/>
</testsuite> <!-- qa.testcases.GitTest -->
