<?xml version="1.0" encoding="UTF-8"?>
<!-- Generated by org.testng.reporters.JUnitReportReporter -->
<testsuite skipped="0" hostname="DESKTOP-B2T9MUN" name="Test_Cases.DynamicLoadingPageTest" tests="1" failures="0" timestamp="28 Nov 2022 19:04:48 GMT" time="5.760" errors="0">
  <testcase name="dynamicLoadingTest" time="5.760" classname="Test_Cases.DynamicLoadingPageTest"/>
</testsuite> <!-- Test_Cases.DynamicLoadingPageTest -->
