<?xml version="1.0" encoding="UTF-8"?>
<!-- Generated by org.testng.reporters.JUnitReportReporter -->
<testsuite skipped="0" hostname="LAPTOP-MKHIA1KQ" name="testcases.DynamicLoadingTest" tests="1" failures="0" timestamp="2020-10-06T22:33:30 EDT" time="20.857" errors="0">
  <testcase name="verifyDynamicLoading" time="20.857" classname="testcases.DynamicLoadingTest"/>
</testsuite> <!-- testcases.DynamicLoadingTest -->
