<?xml version="1.0" encoding="UTF-8"?>
<!-- Generated by org.testng.reporters.JUnitReportReporter -->
<testsuite skipped="0" hostname="TABLET-94I7MRL4" name="testCases.NotificationMessage" tests="1" failures="0" timestamp="24 Sep 2022 17:31:17 GMT" time="12.395" errors="0">
  <testcase name="validateNotificationMessages" time="12.395" classname="testCases.NotificationMessage"/>
</testsuite> <!-- testCases.NotificationMessage -->
