<?xml version="1.0" encoding="UTF-8"?>
<!-- Generated by org.testng.reporters.JUnitReportReporter -->
<testsuite skipped="0" hostname="LAPTOP-MKHIA1KQ" name="testcases.MouseHoverTest" tests="1" failures="0" timestamp="2020-10-06T22:44:05 EDT" time="22.381" errors="0">
  <testcase name="verifyMouseHover" time="22.381" classname="testcases.MouseHoverTest"/>
</testsuite> <!-- testcases.MouseHoverTest -->
