<?xml version="1.0" encoding="UTF-8"?>
<!-- Generated by org.testng.reporters.JUnitReportReporter -->
<testsuite skipped="0" hostname="Jagseer" name="TheInternet.DotDash.MouseHover" tests="1" failures="0" timestamp="2020-10-07T13:03:47 EDT" time="2.107" errors="0">
  <testcase name="MouseHoverTest" time="2.107" classname="TheInternet.DotDash.MouseHover"/>
  <system-out/>
</testsuite> <!-- TheInternet.DotDash.MouseHover -->
