<?xml version="1.0" encoding="UTF-8"?>
<!-- Generated by org.testng.reporters.JUnitReportReporter -->
<testsuite hostname="ChiruR" failures="0" tests="1" name="tests.NotificationMessageTest" time="1.261" errors="0" timestamp="2022-11-06T19:14:41 CST" skipped="0">
  <testcase classname="tests.NotificationMessageTest" name="testNotificationMessageTest" time="1.261"/>
  <system-out/>
</testsuite> <!-- tests.NotificationMessageTest -->
