<?xml version="1.0" encoding="UTF-8"?>
<!-- Generated by org.testng.reporters.JUnitReportReporter -->
<testsuite hostname="DESKTOP-IIG9330" failures="0" tests="1" name="TestLayer.MouseHover_Test" time="24.355" errors="0" timestamp="2023-01-01T01:08:04 EST" skipped="0">
  <testcase classname="TestLayer.MouseHover_Test" name="tcHovers" time="24.355"/>
  <system-out/>
</testsuite> <!-- TestLayer.MouseHover_Test -->
