<?xml version="1.0" encoding="UTF-8"?>
<!-- Generated by org.testng.reporters.JUnitReportReporter -->
<testsuite hostname="DESKTOP-4MPQCR3" failures="0" tests="1" name="tests.DynamicContentTest" time="1.322" errors="0" timestamp="2022-09-05T19:20:09 MDT" skipped="0">
  <testcase classname="tests.DynamicContentTest" name="dynamicContentTest" time="1.322"/>
  <system-out/>
</testsuite> <!-- tests.DynamicContentTest -->
