<?xml version="1.0" encoding="UTF-8"?>
<!-- Generated by org.testng.reporters.JUnitReportReporter -->
<testsuite skipped="0" hostname="TABLET-94I7MRL4" name="testCases.Iframes" tests="1" failures="0" timestamp="24 Sep 2022 14:56:17 GMT" time="6.185" errors="0">
  <testcase name="validateIframe" time="6.185" classname="testCases.Iframes"/>
</testsuite> <!-- testCases.Iframes -->
