<?xml version="1.0" encoding="UTF-8"?>
<!-- Generated by org.testng.reporters.JUnitReportReporter -->
<testsuite hostname="Swathi" name="Doctest.LoginTest" tests="15" failures="0" timestamp="17 Sep 2020 04:33:14 GMT" time="29.641" errors="0">
  <testcase name="newTabClick" time="0.487" classname="Doctest.LoginTest"/>
  <testcase name="JsAlertClick" time="0.740" classname="Doctest.LoginTest"/>
  <testcase name="explicitWt" time="7.611" classname="Doctest.LoginTest"/>
  <testcase name="mouseHover" time="0.845" classname="Doctest.LoginTest"/>
  <testcase name="checkboxTest" time="0.629" classname="Doctest.LoginTest"/>
  <testcase name="explicitwts" time="5.521" classname="Doctest.LoginTest"/>
  <testcase name="contextCheck" time="5.427" classname="Doctest.LoginTest"/>
  <testcase name="loginPassTest" time="2.100" classname="Doctest.LoginTest"/>
  <testcase name="uploadFile" time="0.655" classname="Doctest.LoginTest"/>
  <testcase name="iFrametest" time="0.686" classname="Doctest.LoginTest"/>
  <testcase name="dragAndDrop" time="2.726" classname="Doctest.LoginTest"/>
  <testcase name="refreshClick" time="0.589" classname="Doctest.LoginTest"/>
  <testcase name="loginFailTest" time="0.677" classname="Doctest.LoginTest"/>
  <testcase name="downloadFile" time="0.450" classname="Doctest.LoginTest"/>
  <testcase name="dropDown" time="0.498" classname="Doctest.LoginTest"/>
</testsuite> <!-- Doctest.LoginTest -->
