<?xml version="1.0" encoding="UTF-8"?>
<!-- Generated by org.testng.reporters.JUnitReportReporter -->
<testsuite hostname="Yash-Laptop" failures="0" tests="3" name="com.qa.selenium.tests.DynamicContentPageTest" time="5.963" errors="0" timestamp="24 Jan. 2023 23:06:42 GMT" skipped="0">
  <testcase classname="com.qa.selenium.tests.DynamicContentPageTest" name="firstBoxTest" time="2.000"/>
  <testcase classname="com.qa.selenium.tests.DynamicContentPageTest" name="secondBoxTest" time="1.948"/>
  <testcase classname="com.qa.selenium.tests.DynamicContentPageTest" name="thirdBoxTest" time="2.015"/>
</testsuite> <!-- com.qa.selenium.tests.DynamicContentPageTest -->
