<?xml version="1.0" encoding="UTF-8"?>
<!-- Generated by org.testng.reporters.JUnitReportReporter -->
<testsuite hostname="Arunkumars-MacBook-Pro.local" failures="0" tests="1" name="com.takehome.testcases.TestCases" time="0.674" errors="0" timestamp="2022-12-30T09:18:24 EST" skipped="0">
  <testcase classname="com.takehome.testcases.TestCases" name="openNewTab" time="0.674"/>
  <system-out/>
</testsuite> <!-- com.takehome.testcases.TestCases -->
