<?xml version="1.0" encoding="UTF-8"?>
<!-- Generated by org.testng.reporters.JUnitReportReporter -->
<testsuite hostname="MusS" failures="0" tests="16" name="com.DemoPackage.NewTest" time="91.671" errors="0" timestamp="2023-03-16T22:19:24 GMT-04:00" skipped="0">
  <testcase classname="com.DemoPackage.NewTest" name="MouseHover" time="0.689"/>
  <system-out/>
  <testcase classname="com.DemoPackage.NewTest" name="NotificationMessage" time="0.613"/>
  <system-out/>
  <testcase classname="com.DemoPackage.NewTest" name="checkboxes" time="0.386"/>
  <system-out/>
  <testcase classname="com.DemoPackage.NewTest" name="DynamicLoading" time="5.255"/>
  <system-out/>
  <testcase classname="com.DemoPackage.NewTest" name="FileUpload" time="1.569"/>
  <system-out/>
  <testcase classname="com.DemoPackage.NewTest" name="IFrame" time="21.718"/>
  <system-out/>
  <testcase classname="com.DemoPackage.NewTest" name="FloatingMenu" time="0.727"/>
  <system-out/>
  <testcase classname="com.DemoPackage.NewTest" name="JavaScriptError" time="0.104"/>
  <system-out/>
  <testcase classname="com.DemoPackage.NewTest" name="JavaScriptsAlerts" time="0.474"/>
  <system-out/>
  <testcase classname="com.DemoPackage.NewTest" name="FileDownload" time="0.361"/>
  <system-out/>
  <testcase classname="com.DemoPackage.NewTest" name="OpenInNewTab" time="0.894"/>
  <system-out/>
  <testcase classname="com.DemoPackage.NewTest" name="ContextMenu" time="2.007"/>
  <system-out/>
  <testcase classname="com.DemoPackage.NewTest" name="DragAndDrop" time="1.526"/>
  <system-out/>
  <testcase classname="com.DemoPackage.NewTest" name="DynamicContent" time="0.703"/>
  <system-out/>
  <testcase classname="com.DemoPackage.NewTest" name="DropDown" time="1.092"/>
  <system-out/>
  <testcase classname="com.DemoPackage.NewTest" name="DynamicControls" time="53.553"/>
  <system-out/>
</testsuite> <!-- com.DemoPackage.NewTest -->
