<?xml version="1.0" encoding="UTF-8"?>
<!-- Generated by org.testng.reporters.JUnitReportReporter -->
<testsuite skipped="0" hostname="Jagseer" name="TheInternet.DotDash.NotificationMessage" tests="1" failures="0" timestamp="2020-10-07T13:03:47 EDT" time="18.191" errors="0">
  <testcase name="NotificationMessageTest" time="18.191" classname="TheInternet.DotDash.NotificationMessage"/>
  <system-out/>
</testsuite> <!-- TheInternet.DotDash.NotificationMessage -->
