<?xml version="1.0" encoding="UTF-8"?>
<!-- Generated by org.testng.reporters.JUnitReportReporter -->
<testsuite skipped="0" hostname="LAPTOP-MKHIA1KQ" name="testcases.NotificationMessageTest" tests="1" failures="0" timestamp="2020-10-06T22:45:24 EDT" time="29.690" errors="0">
  <testcase name="verifyNotificationError" time="29.690" classname="testcases.NotificationMessageTest"/>
</testsuite> <!-- testcases.NotificationMessageTest -->
