<?xml version="1.0" encoding="UTF-8"?>
<!-- Generated by org.testng.reporters.JUnitReportReporter -->
<testsuite skipped="0" hostname="LAPTOP-MKHIA1KQ" name="testcases.DragAndDropTest" tests="1" failures="0" timestamp="2020-10-03T03:39:08 EDT" time="71.259" errors="0">
  <testcase name="verifyDragAndDrop" time="71.259" classname="testcases.DragAndDropTest"/>
  <system-out/>
</testsuite> <!-- testcases.DragAndDropTest -->
