<?xml version="1.0" encoding="UTF-8"?>
<!-- Generated by org.testng.reporters.JUnitReportReporter -->
<testsuite hostname="MihrunPC" failures="0" tests="1" name="dockers.NotificationMessage" time="8.985" errors="0" timestamp="7 Sep 2020 19:39:01 GMT">
  <testcase classname="dockers.NotificationMessage" name="Notification" time="8.985"/>
</testsuite> <!-- dockers.NotificationMessage -->
