<?xml version="1.0" encoding="UTF-8"?>
<!-- Generated by org.testng.reporters.JUnitReportReporter -->
<testsuite skipped="0" hostname="Jagseer" name="TheInternet.DotDash.dragAndDrop" tests="1" failures="0" timestamp="06 Oct 2020 04:06:54 GMT" time="86.861" errors="0">
  <testcase name="DragAndDropTest" time="86.861" classname="TheInternet.DotDash.dragAndDrop"/>
</testsuite> <!-- TheInternet.DotDash.dragAndDrop -->
