<?xml version="1.0" encoding="UTF-8"?>
<!-- Generated by org.testng.reporters.JUnitReportReporter -->
<testsuite skipped="0" hostname="LAPTOP-MKHIA1KQ" name="testcases.FloatingMenuTest" tests="1" failures="0" timestamp="2020-10-06T22:38:11 EDT" time="15.630" errors="0">
  <testcase name="verifyFloatingMenu" time="15.630" classname="testcases.FloatingMenuTest"/>
</testsuite> <!-- testcases.FloatingMenuTest -->
