<?xml version="1.0" encoding="UTF-8"?>
<!-- Generated by org.testng.reporters.JUnitReportReporter -->
<testsuite skipped="0" hostname="Jagseer" name="TheInternet.DotDash.dynamicControls" tests="1" failures="0" timestamp="2020-10-07T13:03:47 EDT" time="10.704" errors="0">
  <testcase name="dynamicControlTest" time="10.704" classname="TheInternet.DotDash.dynamicControls"/>
  <system-out/>
</testsuite> <!-- TheInternet.DotDash.dynamicControls -->
