<?xml version="1.0" encoding="UTF-8"?>
<!-- Generated by org.testng.reporters.JUnitReportReporter -->
<testsuite skipped="0" hostname="DESKTOP-B2T9MUN" name="Test_Cases.MouseHoverPageTest" tests="3" failures="0" timestamp="28 Nov 2022 19:04:48 GMT" time="1.610" errors="0">
  <testcase name="mouseHoverImage2" time="0.375" classname="Test_Cases.MouseHoverPageTest"/>
  <testcase name="mouseHoverImage1" time="0.925" classname="Test_Cases.MouseHoverPageTest"/>
  <testcase name="mouseHoverImage3" time="0.310" classname="Test_Cases.MouseHoverPageTest"/>
</testsuite> <!-- Test_Cases.MouseHoverPageTest -->
