<?xml version="1.0" encoding="UTF-8"?>
<!-- Generated by org.testng.reporters.JUnitReportReporter -->
<testsuite skipped="0" hostname="samsung-PC" name="dotdashcom_testcases.DynamicControls" tests="1" failures="0" timestamp="2020-10-02T16:51:13 EDT" time="15.491" errors="0">
  <testcase name="enable_and_disable" time="15.491" classname="dotdashcom_testcases.DynamicControls"/>
</testsuite> <!-- dotdashcom_testcases.DynamicControls -->
