<?xml version="1.0" encoding="UTF-8"?>
<!-- Generated by org.testng.reporters.JUnitReportReporter -->
<testsuite hostname="DESKTOP-4MPQCR3" failures="0" tests="1" name="tests.CheckBoxTest" time="0.231" errors="0" timestamp="2022-09-05T19:20:09 MDT" skipped="0">
  <testcase classname="tests.CheckBoxTest" name="checkBoxTest" time="0.231"/>
  <system-out/>
</testsuite> <!-- tests.CheckBoxTest -->
