<?xml version="1.0" encoding="UTF-8"?>
<!-- Generated by org.testng.reporters.JUnitReportReporter -->
<testsuite hostname="DESKTOP-KABL7D7" failures="0" tests="4" name="com.testcases.DynamicControlsTest" time="30.576" errors="0" timestamp="2023-04-08T00:30:50 EDT" skipped="0">
  <testcase classname="com.testcases.DynamicControlsTest" name="verifyCheckboxIsBackOnClickingAddBtn" time="9.191"/>
  <system-out/>
  <testcase classname="com.testcases.DynamicControlsTest" name="verifyCheckboxGoneOnClickingRemoveBtn" time="6.131"/>
  <system-out/>
  <testcase classname="com.testcases.DynamicControlsTest" name="verifyTextFieldIsEnabledOnClickingEnableBtn" time="6.119"/>
  <system-out/>
  <testcase classname="com.testcases.DynamicControlsTest" name="verifyTextFieldIsDisabledOnClickingDisableBtn" time="9.135"/>
  <system-out/>
</testsuite> <!-- com.testcases.DynamicControlsTest -->
