<?xml version="1.0" encoding="UTF-8"?>
<!-- Generated by org.testng.reporters.JUnitReportReporter -->
<testsuite skipped="0" hostname="DESKTOP-B2T9MUN" name="Test_Cases.DynamicContentPageTest" tests="1" failures="0" timestamp="28 Nov 2022 19:04:48 GMT" time="2.720" errors="0">
  <testcase name="dynamicContentTest" time="2.720" classname="Test_Cases.DynamicContentPageTest"/>
</testsuite> <!-- Test_Cases.DynamicContentPageTest -->
