<?xml version="1.0" encoding="UTF-8"?>
<!-- Generated by org.testng.reporters.JUnitReportReporter -->
<testsuite hostname="andriy-Aspire-XC-866" failures="0" tests="1" name="tests.Test9_Download" time="0.304" errors="0" timestamp="2023-01-29T06:51:39 EST" skipped="0">
  <testcase classname="tests.Test9_Download" name="fileDownload_" time="0.304"/>
  <system-out/>
</testsuite> <!-- tests.Test9_Download -->
