<?xml version="1.0" encoding="UTF-8"?>
<!-- Generated by org.testng.reporters.JUnitReportReporter -->
<testsuite ignored="0" hostname="Marks-MacBook.lan" failures="0" tests="17" name="Tests" time="51.877" errors="0" timestamp="24 Sep 2020 19:37:48 GMT" skipped="0">
  <testcase classname="Tests" name="Verify_Dynamic_Loading" time="6.725"/>
  <testcase classname="Tests" name="Verify_JavaScript_Alerts" time="4.832"/>
  <testcase classname="Tests" name="Verify_Notification_Message" time="1.389"/>
  <testcase classname="Tests" name="Verify_Login_With_Invalid_Credentials" time="2.468"/>
  <testcase classname="Tests" name="Verify_NewTab" time="1.413"/>
  <testcase classname="Tests" name="Verify_Check_Boxes" time="1.358"/>
  <testcase classname="Tests" name="Verify_Context_Menu" time="1.610"/>
  <testcase classname="Tests" name="Verify_Login_With_Valid_Credentials" time="1.532"/>
  <testcase classname="Tests" name="Verify_Hovers" time="1.730"/>
  <testcase classname="Tests" name="Verify_Dynamic_Content" time="1.637"/>
  <testcase classname="Tests" name="Verify_JavaScript_Error" time="1.227"/>
  <testcase classname="Tests" name="Verify_Dynamic_Controls" time="14.400"/>
  <testcase classname="Tests" name="Verify_Dropdown" time="1.479"/>
  <testcase classname="Tests" name="Verify_Floating_Menu" time="1.247"/>
  <testcase classname="Tests" name="Verify_iFrame" time="1.655"/>
  <testcase classname="Tests" name="Verify_File_Upload" time="5.580"/>
  <testcase classname="Tests" name="Verify_Drag_And_Drop" time="1.595"/>
</testsuite> <!-- Tests -->
