<?xml version="1.0" encoding="UTF-8"?>
<!-- Generated by org.testng.reporters.JUnitReportReporter -->
<testsuite skipped="0" hostname="LAPTOP-MKHIA1KQ" name="testcases.FileUploadTest" tests="1" failures="0" timestamp="2020-10-06T22:37:25 EDT" time="16.922" errors="0">
  <testcase name="verifyFileUpload" time="16.922" classname="testcases.FileUploadTest"/>
</testsuite> <!-- testcases.FileUploadTest -->
