<?xml version="1.0" encoding="UTF-8"?>
<!-- Generated by org.testng.reporters.JUnitReportReporter -->
<testsuite skipped="0" hostname="BobITs-Mac-mini.fios-router.home" name="com.webdrivertest.tests.LoginPageTest" tests="5" failures="0" timestamp="2021-03-29T21:46:31 EDT" time="6.621" errors="0">
  <testcase name="testPageTitleTest" time="1.129" classname="com.webdrivertest.tests.LoginPageTest"/>
  <system-out/>
  <testcase name="testLoginValidCreds" time="1.395" classname="com.webdrivertest.tests.LoginPageTest"/>
  <system-out/>
  <testcase name="testLoginInvalidCreds" time="1.323" classname="com.webdrivertest.tests.LoginPageTest"/>
  <system-out/>
  <testcase name="testLoginInvalidCreds" time="1.309" classname="com.webdrivertest.tests.LoginPageTest"/>
  <system-out/>
  <testcase name="testLoginInvalidCreds" time="1.465" classname="com.webdrivertest.tests.LoginPageTest"/>
  <system-out/>
</testsuite> <!-- com.webdrivertest.tests.LoginPageTest -->
