<?xml version="1.0" encoding="UTF-8"?>
<!-- Generated by org.testng.reporters.JUnitReportReporter -->
<testsuite skipped="0" hostname="BobITs-Mac-mini.fios-router.home" name="com.webdrivertest.tests.ActionRevisitedTest" tests="1" failures="0" timestamp="2021-03-27T17:55:24 EDT" time="0.463" errors="0">
  <testcase name="verifyDropDownList" time="0.463" classname="com.webdrivertest.tests.ActionRevisitedTest"/>
  <system-out/>
</testsuite> <!-- com.webdrivertest.tests.ActionRevisitedTest -->
