<?xml version="1.0" encoding="UTF-8"?>
<!-- Generated by org.testng.reporters.JUnitReportReporter -->
<testsuite skipped="0" hostname="TABLET-94I7MRL4" name="testCases.DynamicLoading" tests="1" failures="0" timestamp="24 Sep 2022 22:04:20 GMT" time="6.272" errors="0">
  <testcase name="validateCheckboxes" time="6.272" classname="testCases.DynamicLoading"/>
</testsuite> <!-- testCases.DynamicLoading -->
