<?xml version="1.0" encoding="UTF-8"?>
<!-- Generated by org.testng.reporters.JUnitReportReporter -->
<testsuite hostname="Arunkumars-MacBook-Pro.local" failures="0" tests="1" name="com.takehome.testcases.IFramesTest" time="1.305" errors="0" timestamp="2022-12-29T21:42:10 EST" skipped="0">
  <testcase classname="com.takehome.testcases.IFramesTest" name="iframes" time="1.305"/>
  <system-out/>
</testsuite> <!-- com.takehome.testcases.IFramesTest -->
