<?xml version="1.0" encoding="UTF-8"?>
<!-- Generated by org.testng.reporters.JUnitReportReporter -->
<testsuite skipped="0" hostname="BobITs-Mac-mini.fios-router.home" name="com.webdrivertest.tests.DropDownPageTest" tests="2" failures="0" timestamp="2021-03-29T21:46:31 EDT" time="2.115" errors="0">
  <testcase name="secondFirstOption" time="1.022" classname="com.webdrivertest.tests.DropDownPageTest"/>
  <system-out/>
  <testcase name="testFirstOption" time="1.093" classname="com.webdrivertest.tests.DropDownPageTest"/>
  <system-out/>
</testsuite> <!-- com.webdrivertest.tests.DropDownPageTest -->
