<?xml version="1.0" encoding="UTF-8"?>
<!-- Generated by org.testng.reporters.JUnitReportReporter -->
<testsuite hostname="LAPTOP-E06RK7S2" failures="0" tests="1" name="com.TakeHomeTest.testCases.JavaScriptAlertTest" time="0.415" errors="0" timestamp="2022-10-26T16:10:48 EDT" skipped="0">
  <testcase classname="com.TakeHomeTest.testCases.JavaScriptAlertTest" name="alerts" time="0.415"/>
  <system-out/>
</testsuite> <!-- com.TakeHomeTest.testCases.JavaScriptAlertTest -->
