<?xml version="1.0" encoding="UTF-8"?>
<!-- Generated by org.testng.reporters.JUnitReportReporter -->
<testsuite skipped="0" hostname="LAPTOP-9O6E1R3M" name="tests.DragAndDropTest" tests="1" failures="0" timestamp="2022-09-08T12:54:27 EDT" time="7.181" errors="0">
  <testcase name="testDragsElementAToElementBAndValidatesTextOnElementAAndBAreSwitched" time="7.181" classname="tests.DragAndDropTest"/>
  <system-out/>
</testsuite> <!-- tests.DragAndDropTest -->
