<?xml version="1.0" encoding="UTF-8"?>
<!-- Generated by org.testng.reporters.JUnitReportReporter -->
<testsuite hostname="LAPTOP-MVNUQ4K1" failures="0" tests="1" name="testpackage.NotificationTest" time="3.105" errors="0" timestamp="2022-09-22T15:42:25 GMT-04:00" skipped="0">
  <testcase classname="testpackage.NotificationTest" name="notificationtest" time="3.105"/>
  <system-out/>
</testsuite> <!-- testpackage.NotificationTest -->
