<?xml version="1.0" encoding="UTF-8"?>
<!-- Generated by org.testng.reporters.JUnitReportReporter -->
<testsuite hostname="SUDHAKAR" failures="0" tests="1" name="com.dotDash.tests.DynamicControlsTest" time="6.379" errors="0" timestamp="2023-06-06T10:43:44 CDT" skipped="0">
  <testcase classname="com.dotDash.tests.DynamicControlsTest" name="dynamicControls" time="6.379"/>
  <system-out/>
</testsuite> <!-- com.dotDash.tests.DynamicControlsTest -->
