<?xml version="1.0" encoding="UTF-8"?>
<!-- Generated by org.testng.reporters.JUnitReportReporter -->
<testsuite skipped="0" hostname="samsung-PC" name="dotdashcom_testcases.TC06_Dropdown" tests="1" failures="0" timestamp="2020-10-06T22:54:22 EDT" time="1.809" errors="0">
  <testcase name="dropdown_option2" time="1.809" classname="dotdashcom_testcases.TC06_Dropdown"/>
</testsuite> <!-- dotdashcom_testcases.TC06_Dropdown -->
