<?xml version="1.0" encoding="UTF-8"?>
<!-- Generated by org.testng.reporters.JUnitReportReporter -->
<testsuite hostname="DESKTOP-GDMII1S" failures="0" tests="2" name="com.automation.test.LoginTest" time="5.303" errors="0" timestamp="28 Apr 2021 12:37:45 GMT" skipped="0">
  <testcase classname="com.automation.test.LoginTest" name="loginSuccess" time="2.424"/>
  <testcase classname="com.automation.test.LoginTest" name="LoginFailure" time="2.879"/>
</testsuite> <!-- com.automation.test.LoginTest -->
