<?xml version="1.0" encoding="UTF-8"?>
<!-- Generated by org.testng.reporters.JUnitReportReporter -->
<testsuite hostname="LAPTOP-4I6B2UVN" failures="0" tests="1" name="ContextMenuCases" time="1.253" errors="0" timestamp="2022-11-05T20:39:12 BOT" skipped="0">
  <testcase classname="ContextMenuCases" name="Checkbox" time="1.253"/>
  <system-out>
    <![CDATA[Validating next element is present 
Scroll to element ]]>
  </system-out>
</testsuite> <!-- ContextMenuCases -->
