<?xml version="1.0" encoding="UTF-8"?>
<!-- Generated by org.testng.reporters.JUnitReportReporter -->
<testsuite hostname="PROGRESS" failures="0" tests="1" name="testCases.DynamicLoadingTest" time="5.322" errors="0" timestamp="2023-03-29T16:58:55 EDT" skipped="0">
  <testcase classname="testCases.DynamicLoadingTest" name="dynamicMessageTest" time="5.322"/>
  <system-out/>
</testsuite> <!-- testCases.DynamicLoadingTest -->
