<?xml version="1.0" encoding="UTF-8"?>
<!-- Generated by org.testng.reporters.JUnitReportReporter -->
<testsuite skipped="0" hostname="DESKTOP-B2T9MUN" name="Test_Cases.LoginPageTest" tests="3" failures="0" timestamp="28 Nov 2022 19:04:48 GMT" time="6.579" errors="0">
  <testcase name="validUserName_inValidPassword" time="1.974" classname="Test_Cases.LoginPageTest"/>
  <testcase name="invalidUserName_ValidPassword" time="2.622" classname="Test_Cases.LoginPageTest"/>
  <testcase name="validLoginTest" time="1.983" classname="Test_Cases.LoginPageTest"/>
</testsuite> <!-- Test_Cases.LoginPageTest -->
