<?xml version="1.0" encoding="UTF-8"?>
<!-- Generated by org.testng.reporters.JUnitReportReporter -->
<testsuite hostname="DESKTOP-KABL7D7" failures="0" tests="1" name="com.testcases.JavaScriptErrorTest" time="14.473" errors="0" timestamp="2023-04-08T00:30:50 EDT" skipped="0">
  <testcase classname="com.testcases.JavaScriptErrorTest" name="JavascriptErrorTest" time="14.473"/>
  <system-out/>
</testsuite> <!-- com.testcases.JavaScriptErrorTest -->
