<?xml version="1.0" encoding="UTF-8"?>
<!-- Generated by org.testng.reporters.JUnitReportReporter -->
<testsuite hostname="Prakhars-MacBook-Air.local" failures="0" tests="1" name="DotDash.E2E.TC015_jsAlertTest" time="1.168" errors="0" timestamp="2021-07-14T13:29:32 EDT" skipped="0">
  <testcase classname="DotDash.E2E.TC015_jsAlertTest" name="testDynamicContent" time="1.168"/>
  <system-out/>
</testsuite> <!-- DotDash.E2E.TC015_jsAlertTest -->
