<?xml version="1.0" encoding="UTF-8"?>
<!-- Generated by org.testng.reporters.JUnitReportReporter -->
<testsuite hostname="MihrunPC" failures="0" tests="1" name="dockers.FileUpload" time="4.355" errors="0" timestamp="7 Sep 2020 18:57:40 GMT">
  <testcase classname="dockers.FileUpload" name="Upload" time="4.355"/>
</testsuite> <!-- dockers.FileUpload -->
