<?xml version="1.0" encoding="UTF-8"?>
<!-- Generated by org.testng.reporters.JUnitReportReporter -->
<testsuite skipped="0" hostname="Jagseer" name="TheInternet.DotDash.LogIn" tests="1" failures="0" timestamp="06 Oct 2020 05:12:12 GMT" time="41.119" errors="0">
  <testcase name="LogInTest" time="41.119" classname="TheInternet.DotDash.LogIn"/>
</testsuite> <!-- TheInternet.DotDash.LogIn -->
