<?xml version="1.0" encoding="UTF-8"?>
<!-- Generated by org.testng.reporters.JUnitReportReporter -->
<testsuite hostname="LAPTOP-4I6B2UVN" failures="0" tests="2" name="CheckboxCases" time="2.114" errors="0" timestamp="2022-11-05T20:39:12 BOT" skipped="0">
  <testcase classname="CheckboxCases" name="Checkbox" time="1.067"/>
  <system-out/>
  <testcase classname="CheckboxCases" name="Checkbox" time="1.047"/>
  <system-out/>
</testsuite> <!-- CheckboxCases -->
