<?xml version="1.0" encoding="UTF-8"?>
<!-- Generated by org.testng.reporters.JUnitReportReporter -->
<testsuite hostname="DESKTOP-KABL7D7" failures="0" tests="3" name="com.testcases.LoginFailureTest" time="18.695" errors="0" timestamp="2023-04-08T00:30:50 EDT" skipped="0">
  <testcase classname="com.testcases.LoginFailureTest" name="verifyLoginWithInvalidCredentialTest" time="5.809"/>
  <system-out/>
  <testcase classname="com.testcases.LoginFailureTest" name="verifyLoginWithInvalidCredentialTest" time="6.909"/>
  <system-out/>
  <testcase classname="com.testcases.LoginFailureTest" name="verifyLoginWithInvalidCredentialTest" time="5.977"/>
  <system-out/>
</testsuite> <!-- com.testcases.LoginFailureTest -->
