<?xml version="1.0" encoding="UTF-8"?>
<!-- Generated by org.testng.reporters.JUnitReportReporter -->
<testsuite hostname="DESKTOP-9E06R4C" failures="0" tests="4" name="webtests.Testlayers.WT_Loginpage_Test" time="22.444" errors="0" timestamp="2022-10-15T14:59:47 AST" skipped="0">
  <testcase classname="webtests.Testlayers.WT_Loginpage_Test" name="LoginFailure" time="5.200"/>
  <system-out/>
  <testcase classname="webtests.Testlayers.WT_Loginpage_Test" name="LoginFailure" time="5.106"/>
  <system-out/>
  <testcase classname="webtests.Testlayers.WT_Loginpage_Test" name="LoginFailure" time="5.673"/>
  <system-out/>
  <testcase classname="webtests.Testlayers.WT_Loginpage_Test" name="LoginFailure" time="6.465"/>
  <system-out/>
</testsuite> <!-- webtests.Testlayers.WT_Loginpage_Test -->
