<?xml version="1.0" encoding="UTF-8"?>
<!-- Generated by org.testng.reporters.JUnitReportReporter -->
<testsuite hostname="SHAKIL-XPS15A" failures="0" tests="1" name="shakilTest.LoginSuccessTest_1" time="2.918" errors="0" timestamp="2023-03-22T22:28:57 EDT" skipped="0">
  <testcase classname="shakilTest.LoginSuccessTest_1" name="loginSuccessTest" time="2.918"/>
  <system-out/>
</testsuite> <!-- shakilTest.LoginSuccessTest_1 -->
