<?xml version="1.0" encoding="UTF-8"?>
<!-- Generated by org.testng.reporters.JUnitReportReporter -->
<testsuite skipped="0" hostname="DESKTOP-B2T9MUN" name="Test_Cases.JavaScriptAlertsPageTest" tests="3" failures="0" timestamp="28 Nov 2022 19:04:48 GMT" time="1.558" errors="0">
  <testcase name="clickJSPrompt" time="0.358" classname="Test_Cases.JavaScriptAlertsPageTest"/>
  <testcase name="confirmJSAlert" time="0.248" classname="Test_Cases.JavaScriptAlertsPageTest"/>
  <testcase name="clickJSAlert" time="0.952" classname="Test_Cases.JavaScriptAlertsPageTest"/>
</testsuite> <!-- Test_Cases.JavaScriptAlertsPageTest -->
