<?xml version="1.0" encoding="UTF-8"?>
<!-- Generated by org.testng.reporters.JUnitReportReporter -->
<testsuite hostname="Arunkumars-MacBook-Pro.local" failures="0" tests="1" name="com.takehome.testcases.FileDownloads" time="0.508" errors="0" timestamp="2022-12-29T15:38:30 EST" skipped="0">
  <testcase classname="com.takehome.testcases.FileDownloads" name="filedownload" time="0.508"/>
  <system-out/>
</testsuite> <!-- com.takehome.testcases.FileDownloads -->
