<?xml version="1.0" encoding="UTF-8"?>
<!-- Generated by org.testng.reporters.JUnitReportReporter -->
<testsuite hostname="DESKTOP-9E06R4C" failures="0" tests="1" name="webtests.Testlayers.WT_10_FileUpload_Test" time="4.643" errors="0" timestamp="2022-10-18T09:44:54 AST" skipped="0">
  <testcase classname="webtests.Testlayers.WT_10_FileUpload_Test" name="UploadFileTest" time="4.643"/>
  <system-out/>
</testsuite> <!-- webtests.Testlayers.WT_10_FileUpload_Test -->
