<?xml version="1.0" encoding="UTF-8"?>
<!-- Generated by org.testng.reporters.JUnitReportReporter -->
<testsuite hostname="PROGRESS" failures="0" tests="2" name="testCases.DropDownTest" time="0.150" errors="0" timestamp="2023-03-29T11:06:32 EDT" skipped="0">
  <testcase classname="testCases.DropDownTest" name="selectOption2Test" time="0.066"/>
  <system-out/>
  <testcase classname="testCases.DropDownTest" name="selectOption1Test" time="0.084"/>
  <system-out/>
</testsuite> <!-- testCases.DropDownTest -->
