<?xml version="1.0" encoding="UTF-8"?>
<!-- Generated by org.testng.reporters.JUnitReportReporter -->
<testsuite hostname="LAPTOP-MVNUQ4K1" failures="0" tests="1" name="testpackage.JSAlertTest" time="5.030" errors="0" timestamp="2022-09-22T14:02:11 GMT-04:00" skipped="0">
  <testcase classname="testpackage.JSAlertTest" name="jsprompttest" time="5.030"/>
  <system-out/>
</testsuite> <!-- testpackage.JSAlertTest -->
