<?xml version="1.0" encoding="UTF-8"?>
<!-- Generated by org.testng.reporters.JUnitReportReporter -->
<testsuite hostname="LAPTOP-MVNUQ4K1" failures="0" tests="5" name="testpackage.Dynamiccontroltest" time="26.768" errors="0" timestamp="2022-10-18T14:03:08 GMT-04:00" skipped="0">
  <testcase classname="testpackage.Dynamiccontroltest" name="emptyelementdisabletest" time="2.970"/>
  <system-out/>
  <testcase classname="testpackage.Dynamiccontroltest" name="emptyelementtest" time="6.446"/>
  <system-out/>
  <testcase classname="testpackage.Dynamiccontroltest" name="Removebuttontest" time="3.356"/>
  <system-out/>
  <testcase classname="testpackage.Dynamiccontroltest" name="Enablebuttontest" time="6.923"/>
  <system-out/>
  <testcase classname="testpackage.Dynamiccontroltest" name="ACheckboxtest" time="7.073"/>
  <system-out/>
</testsuite> <!-- testpackage.Dynamiccontroltest -->
