<?xml version="1.0" encoding="UTF-8"?>
<!-- Generated by org.testng.reporters.JUnitReportReporter -->
<testsuite hostname="andriy-Aspire-XC-866" failures="0" tests="1" name="tests.Test12_IframeTyping" time="1.360" errors="0" timestamp="2023-01-29T07:28:28 EST" skipped="0">
  <testcase classname="tests.Test12_IframeTyping" name="iframeTyping_" time="1.360"/>
  <system-out/>
</testsuite> <!-- tests.Test12_IframeTyping -->
