<?xml version="1.0" encoding="UTF-8"?>
<!-- Generated by org.testng.reporters.JUnitReportReporter -->
<testsuite hostname="LAPTOP-9FISPP1M" failures="0" tests="1" name="qa.testcases.ContextMenu" time="9.508" errors="0" timestamp="2022-11-30T11:02:50 EST" skipped="0">
  <testcase classname="qa.testcases.ContextMenu" name="contextMenu_rightClickTest" time="9.508"/>
</testsuite> <!-- qa.testcases.ContextMenu -->
