<?xml version="1.0" encoding="UTF-8"?>
<!-- Generated by org.testng.reporters.JUnitReportReporter -->
<testsuite skipped="0" hostname="LAPTOP-MKHIA1KQ" name="testcases.OpenInNewTabTest" tests="1" failures="0" timestamp="2020-10-03T03:39:08 EDT" time="18.950" errors="0">
  <testcase name="verifyNewTab" time="18.950" classname="testcases.OpenInNewTabTest"/>
  <system-out/>
</testsuite> <!-- testcases.OpenInNewTabTest -->
