<?xml version="1.0" encoding="UTF-8"?>
<!-- Generated by org.testng.reporters.JUnitReportReporter -->
<testsuite hostname="MihrunPC" failures="0" tests="1" name="dockers.DragDrop" time="4.606" errors="0" timestamp="7 Sep 2020 18:38:28 GMT">
  <testcase classname="dockers.DragDrop" name="DragDrop" time="4.606"/>
</testsuite> <!-- dockers.DragDrop -->
