<?xml version="1.0" encoding="UTF-8"?>
<!-- Generated by org.testng.reporters.JUnitReportReporter -->
<testsuite hostname="andriy-Aspire-XC-866" failures="0" tests="1" name="tests.Test11_FloatingMenu" time="0.333" errors="0" timestamp="2023-01-29T07:10:16 EST" skipped="0">
  <testcase classname="tests.Test11_FloatingMenu" name="floatingMenu_" time="0.333"/>
  <system-out/>
</testsuite> <!-- tests.Test11_FloatingMenu -->
