<?xml version="1.0" encoding="UTF-8"?>
<!-- Generated by org.testng.reporters.JUnitReportReporter -->
<testsuite skipped="0" hostname="LAPTOP-9O6E1R3M" name="tests.FloatingMenuTest" tests="1" failures="0" timestamp="2022-09-08T15:13:21 EDT" time="6.924" errors="0">
  <testcase name="testScrollsThePageAndValidatesFloatingMenuIsStillDisplayed" time="6.924" classname="tests.FloatingMenuTest"/>
  <system-out/>
</testsuite> <!-- tests.FloatingMenuTest -->
