<?xml version="1.0" encoding="UTF-8"?>
<!-- Generated by org.testng.reporters.JUnitReportReporter -->
<testsuite skipped="0" hostname="LAPTOP-MKHIA1KQ" name="testcases.ContextMenuTest" tests="1" failures="0" timestamp="2020-10-06T22:17:32 EDT" time="15.765" errors="0">
  <testcase name="verifyContextMenu" time="15.765" classname="testcases.ContextMenuTest"/>
</testsuite> <!-- testcases.ContextMenuTest -->
