<?xml version="1.0" encoding="UTF-8"?>
<!-- Generated by org.testng.reporters.JUnitReportReporter -->
<testsuite hostname="LAPTOP-MVNUQ4K1" failures="0" tests="1" name="testpackage.Uploadtest" time="3.318" errors="0" timestamp="2022-09-22T16:16:00 GMT-04:00" skipped="0">
  <testcase classname="testpackage.Uploadtest" name="testupload" time="3.318"/>
  <system-out/>
</testsuite> <!-- testpackage.Uploadtest -->
