<?xml version="1.0" encoding="UTF-8"?>
<!-- Generated by org.testng.reporters.JUnitReportReporter -->
<testsuite skipped="0" hostname="Jot-MacBook-Air.ht.home" name="com.testcases.CheckboxTest" tests="2" failures="0" timestamp="2022-11-28T17:09:18 EST" time="5.083" errors="0">
  <testcase name="launchApp" time="0.804" classname="com.testcases.CheckboxTest"/>
  <testcase name="checkboxTest" time="4.279" classname="com.testcases.CheckboxTest"/>
</testsuite> <!-- com.testcases.CheckboxTest -->
