<?xml version="1.0" encoding="UTF-8"?>
<!-- Generated by org.testng.reporters.JUnitReportReporter -->
<testsuite hostname="LAPTOP-7O0J2R51" failures="0" tests="18" name="com.test.qa.testcases.LoginPageTest" time="64.147" errors="0" timestamp="2022-10-10T15:24:14 EDT" skipped="0">
  <testcase classname="com.test.qa.testcases.LoginPageTest" name="loginTest" time="1.505"/>
  <system-out/>
  <testcase classname="com.test.qa.testcases.LoginPageTest" name="loginTestWithWrongInputs" time="1.400"/>
  <system-out/>
  <testcase classname="com.test.qa.testcases.LoginPageTest" name="checkBoxValidation" time="1.188"/>
  <system-out/>
  <testcase classname="com.test.qa.testcases.LoginPageTest" name="checkBoxValidationWithInput" time="1.262"/>
  <system-out/>
  <testcase classname="com.test.qa.testcases.LoginPageTest" name="alertValidationTest" time="1.244"/>
  <system-out/>
  <testcase classname="com.test.qa.testcases.LoginPageTest" name="dragAndDropTest" time="3.779"/>
  <system-out/>
  <testcase classname="com.test.qa.testcases.LoginPageTest" name="dropDownTest" time="3.376"/>
  <system-out/>
  <testcase classname="com.test.qa.testcases.LoginPageTest" name="dynamicContentTest" time="1.256"/>
  <system-out/>
  <testcase classname="com.test.qa.testcases.LoginPageTest" name="dynamicLoadingClickValidationTest" time="6.211"/>
  <system-out/>
  <testcase classname="com.test.qa.testcases.LoginPageTest" name="fileDownloadValidationTest" time="3.189"/>
  <system-out/>
  <testcase classname="com.test.qa.testcases.LoginPageTest" name="frameValidationTest" time="6.907"/>
  <system-out/>
  <testcase classname="com.test.qa.testcases.LoginPageTest" name="floatingMenuValidationTest" time="1.177"/>
  <system-out/>
  <testcase classname="com.test.qa.testcases.LoginPageTest" name="mouseHoverValidationTest" time="5.706"/>
  <system-out/>
  <testcase classname="com.test.qa.testcases.LoginPageTest" name="javaScriptAlertsValidation" time="4.269"/>
  <system-out/>
  <testcase classname="com.test.qa.testcases.LoginPageTest" name="childWindowValidationTest" time="1.225"/>
  <system-out/>
  <testcase classname="com.test.qa.testcases.LoginPageTest" name="notificationMessageValidationTest" time="1.239"/>
  <system-out/>
  <testcase classname="com.test.qa.testcases.LoginPageTest" name="dynamicControlsValidationTest" time="13.945"/>
  <system-out/>
  <testcase classname="com.test.qa.testcases.LoginPageTest" name="fileUploadValidationTest" time="5.269"/>
  <system-out/>
</testsuite> <!-- com.test.qa.testcases.LoginPageTest -->
