<?xml version="1.0" encoding="UTF-8"?>
<!-- Generated by org.testng.reporters.JUnitReportReporter -->
<testsuite hostname="MihrunPC" failures="0" tests="3" name="dockers.Login" time="13.548" errors="0" timestamp="7 Sep 2020 19:37:53 GMT">
  <testcase classname="dockers.Login" name="LoginSuccess" time="4.436"/>
  <testcase classname="dockers.Login" name="LoginFailUserName" time="4.348"/>
  <testcase classname="dockers.Login" name="LoginFailPassword" time="4.764"/>
</testsuite> <!-- dockers.Login -->
