<?xml version="1.0" encoding="UTF-8"?>
<!-- Generated by org.testng.reporters.JUnitReportReporter -->
<testsuite skipped="0" hostname="Jagseer" name="TheInternet.DotDash.JavaScripts" tests="1" failures="0" timestamp="2020-10-07T13:03:47 EDT" time="4.440" errors="0">
  <testcase name="JavaScriptsTest" time="4.440" classname="TheInternet.DotDash.JavaScripts"/>
  <system-out/>
</testsuite> <!-- TheInternet.DotDash.JavaScripts -->
