<?xml version="1.0" encoding="UTF-8"?>
<!-- Generated by org.testng.reporters.JUnitReportReporter -->
<testsuite hostname="Yash-Laptop" failures="0" tests="2" name="com.qa.selenium.tests.CheckBoxPageTest" time="3.232" errors="0" timestamp="24 Jan. 2023 23:06:42 GMT" skipped="0">
  <testcase classname="com.qa.selenium.tests.CheckBoxPageTest" name="CheckBox1Test" time="1.624"/>
  <testcase classname="com.qa.selenium.tests.CheckBoxPageTest" name="CheckBox2Test" time="1.608"/>
</testsuite> <!-- com.qa.selenium.tests.CheckBoxPageTest -->
