<?xml version="1.0" encoding="UTF-8"?>
<!-- Generated by org.testng.reporters.JUnitReportReporter -->
<testsuite hostname="DESKTOP-9E06R4C" failures="0" tests="1" name="webtests.Testlayers.WT_11_FloatingMenu_Test" time="5.604" errors="0" timestamp="2022-10-18T09:47:29 AST" skipped="0">
  <testcase classname="webtests.Testlayers.WT_11_FloatingMenu_Test" name="FloatingMenuTest" time="5.604"/>
  <system-out/>
</testsuite> <!-- webtests.Testlayers.WT_11_FloatingMenu_Test -->
