<?xml version="1.0" encoding="UTF-8"?>
<!-- Generated by org.testng.reporters.JUnitReportReporter -->
<testsuite skipped="0" hostname="Lenovo-Y510P" name="testcases.FileDownloadTest" tests="1" failures="0" timestamp="12 Sep 2022 03:14:03 GMT" time="2.323" errors="0">
  <testcase name="checkFileDownload" time="2.323" classname="testcases.FileDownloadTest"/>
</testsuite> <!-- testcases.FileDownloadTest -->
