<?xml version="1.0" encoding="UTF-8"?>
<!-- Generated by org.testng.reporters.JUnitReportReporter -->
<testsuite hostname="andriy-Aspire-XC-866" failures="0" tests="1" name="tests.Test5_Dropdown" time="0.355" errors="0" timestamp="2023-01-29T05:44:04 EST" skipped="0">
  <testcase classname="tests.Test5_Dropdown" name="dropdownAction" time="0.355"/>
  <system-out/>
</testsuite> <!-- tests.Test5_Dropdown -->
