<?xml version="1.0" encoding="UTF-8"?>
<!-- Generated by org.testng.reporters.JUnitReportReporter -->
<testsuite skipped="0" hostname="LAPTOP-MKHIA1KQ" name="testcases.JavaScriptAlertsTest" tests="1" failures="0" timestamp="2020-10-03T03:39:08 EDT" time="20.312" errors="0">
  <testcase name="verifyJavaScriptAlert" time="20.312" classname="testcases.JavaScriptAlertsTest"/>
  <system-out/>
</testsuite> <!-- testcases.JavaScriptAlertsTest -->
