<?xml version="1.0" encoding="UTF-8"?>
<!-- Generated by org.testng.reporters.JUnitReportReporter -->
<testsuite skipped="0" hostname="LAPTOP-MKHIA1KQ" name="testcases.DynamicControlsTest" tests="1" failures="0" timestamp="2020-10-06T22:24:39 EDT" time="28.437" errors="0">
  <testcase name="verifyDynamicControls" time="28.437" classname="testcases.DynamicControlsTest"/>
</testsuite> <!-- testcases.DynamicControlsTest -->
