<?xml version="1.0" encoding="UTF-8"?>
<!-- Generated by org.testng.reporters.JUnitReportReporter -->
<testsuite hostname="Swathi" name="Doctest.LoginTest" tests="17" failures="0" timestamp="24 Sep 2020 21:37:49 GMT" time="24.095" errors="0">
  <testcase name="contextCheck" time="5.018" classname="Doctest.LoginTest"/>
  <testcase name="dropDown" time="0.267" classname="Doctest.LoginTest"/>
  <testcase name="notificationClick" time="0.243" classname="Doctest.LoginTest"/>
  <testcase name="refreshClick" time="0.233" classname="Doctest.LoginTest"/>
  <testcase name="checkboxTest" time="0.314" classname="Doctest.LoginTest"/>
  <testcase name="explicitwts" time="5.416" classname="Doctest.LoginTest"/>
  <testcase name="newTabClick" time="0.166" classname="Doctest.LoginTest"/>
  <testcase name="iFrametest" time="0.425" classname="Doctest.LoginTest"/>
  <testcase name="loginPassTest" time="0.687" classname="Doctest.LoginTest"/>
  <testcase name="uploadFile" time="0.379" classname="Doctest.LoginTest"/>
  <testcase name="dragAndDrop" time="2.127" classname="Doctest.LoginTest"/>
  <testcase name="jsErrorCheck" time="0.109" classname="Doctest.LoginTest"/>
  <testcase name="explicitWt" time="7.136" classname="Doctest.LoginTest"/>
  <testcase name="downloadFile" time="0.345" classname="Doctest.LoginTest"/>
  <testcase name="mouseHover" time="0.557" classname="Doctest.LoginTest"/>
  <testcase name="loginFailTest" time="0.384" classname="Doctest.LoginTest"/>
  <testcase name="JsAlertClick" time="0.289" classname="Doctest.LoginTest"/>
</testsuite> <!-- Doctest.LoginTest -->
