<?xml version="1.0" encoding="UTF-8"?>
<!-- Generated by org.testng.reporters.JUnitReportReporter -->
<testsuite hostname="SUDHAKAR" failures="0" tests="1" name="com.dotDash.tests.ContentBeforeAndAfterReload" time="0.353" errors="0" timestamp="2023-06-06T10:42:28 CDT" skipped="0">
  <testcase classname="com.dotDash.tests.ContentBeforeAndAfterReload" name="contentChangeBeforeAndAfrerReload" time="0.353"/>
  <system-out/>
</testsuite> <!-- com.dotDash.tests.ContentBeforeAndAfterReload -->
