<?xml version="1.0" encoding="UTF-8"?>
<!-- Generated by org.testng.reporters.JUnitReportReporter -->
<testsuite hostname="DESKTOP-GDMII1S" failures="0" tests="1" name="com.automation.test.ContextMenu" time="2.658" errors="0" timestamp="28 Apr 2021 12:53:09 GMT" skipped="0">
  <testcase classname="com.automation.test.ContextMenu" name="Checkboxes" time="2.658"/>
</testsuite> <!-- com.automation.test.ContextMenu -->
