<?xml version="1.0" encoding="UTF-8"?>
<!-- Generated by org.testng.reporters.JUnitReportReporter -->
<testsuite skipped="0" hostname="samsung-PC" name="dotdashcom_testcases.TC14_MouseHover" tests="1" failures="0" timestamp="2020-10-06T23:13:15 EDT" time="2.448" errors="0">
  <testcase name="mouse_hover" time="2.448" classname="dotdashcom_testcases.TC14_MouseHover"/>
</testsuite> <!-- dotdashcom_testcases.TC14_MouseHover -->
