<?xml version="1.0" encoding="UTF-8"?>
<!-- Generated by org.testng.reporters.JUnitReportReporter -->
<testsuite skipped="0" hostname="Lenovo-Y510P" name="testcases.IframeTest" tests="1" failures="0" timestamp="12 Sep 2022 03:14:03 GMT" time="8.988" errors="0">
  <testcase name="Iframe" time="8.988" classname="testcases.IframeTest"/>
</testsuite> <!-- testcases.IframeTest -->
