<?xml version="1.0" encoding="UTF-8"?>
<!-- Generated by org.testng.reporters.JUnitReportReporter -->
<testsuite hostname="ChiruR" failures="0" tests="2" name="tests.CkeckBoxTest" time="7.635" errors="0" timestamp="2022-11-05T14:52:56 CDT" skipped="0">
  <testcase classname="tests.CkeckBoxTest" name="testCheckBox2UnSelected" time="4.332"/>
  <system-out/>
  <testcase classname="tests.CkeckBoxTest" name="testCheckBox1Selected" time="3.303"/>
  <system-out/>
</testsuite> <!-- tests.CkeckBoxTest -->
