<?xml version="1.0" encoding="UTF-8"?>
<!-- Generated by org.testng.reporters.JUnitReportReporter -->
<testsuite skipped="0" hostname="BobITs-Mac-mini.fios-router.home" name="com.webdrivertest.tests.JavaScriptAlertPageTest" tests="3" failures="0" timestamp="2021-03-29T21:46:31 EDT" time="3.085" errors="0">
  <testcase name="testJSalert" time="1.018" classname="com.webdrivertest.tests.JavaScriptAlertPageTest"/>
  <system-out/>
  <testcase name="testJSConfirm" time="1.045" classname="com.webdrivertest.tests.JavaScriptAlertPageTest"/>
  <system-out/>
  <testcase name="testJSPrompt" time="1.022" classname="com.webdrivertest.tests.JavaScriptAlertPageTest"/>
  <system-out/>
</testsuite> <!-- com.webdrivertest.tests.JavaScriptAlertPageTest -->
