<?xml version="1.0" encoding="UTF-8"?>
<!-- Generated by org.testng.reporters.JUnitReportReporter -->
<testsuite skipped="0" hostname="TABLET-94I7MRL4" name="testCases.DynamicContent" tests="1" failures="0" timestamp="24 Sep 2022 19:30:55 GMT" time="6.963" errors="0">
  <testcase name="validateDynamicContent" time="6.963" classname="testCases.DynamicContent"/>
</testsuite> <!-- testCases.DynamicContent -->
