<?xml version="1.0" encoding="UTF-8"?>
<!-- Generated by org.testng.reporters.JUnitReportReporter -->
<testsuite skipped="0" hostname="LAPTOP-MKHIA1KQ" name="testcases.LoginFailureTest" tests="1" failures="0" timestamp="2020-10-06T22:42:21 EDT" time="17.851" errors="0">
  <testcase name="verifyLoginWithFailure" time="17.851" classname="testcases.LoginFailureTest"/>
</testsuite> <!-- testcases.LoginFailureTest -->
