<?xml version="1.0" encoding="UTF-8"?>
<!-- Generated by org.testng.reporters.JUnitReportReporter -->
<testsuite hostname="Arunkumars-MacBook-Pro.local" failures="0" tests="1" name="com.takehome.base.DriverScript" time="2.545" errors="0" timestamp="2022-12-27T18:03:45 EST" skipped="0">
  <testcase classname="com.takehome.base.DriverScript" name="initialization" time="2.545"/>
  <system-out/>
</testsuite> <!-- com.takehome.base.DriverScript -->
