<?xml version="1.0" encoding="UTF-8"?>
<!-- Generated by org.testng.reporters.JUnitReportReporter -->
<testsuite skipped="0" hostname="DESKTOP-B2T9MUN" name="Test_Cases.FileUploadPageTest" tests="1" failures="0" timestamp="28 Nov 2022 19:09:41 GMT" time="6.936" errors="0">
  <testcase name="fileUploadTest" time="6.936" classname="Test_Cases.FileUploadPageTest"/>
</testsuite> <!-- Test_Cases.FileUploadPageTest -->
