<?xml version="1.0" encoding="UTF-8"?>
<!-- Generated by org.testng.reporters.JUnitReportReporter -->
<testsuite hostname="SUDHAKAR" failures="0" tests="1" name="com.dotDash.tests.LisnksOpenInNewWindowTest" time="0.241" errors="0" timestamp="2023-06-06T10:21:21 CDT" skipped="0">
  <testcase classname="com.dotDash.tests.LisnksOpenInNewWindowTest" name="openLinks" time="0.241"/>
  <system-out/>
</testsuite> <!-- com.dotDash.tests.LisnksOpenInNewWindowTest -->
