<?xml version="1.0" encoding="UTF-8"?>
<!-- Generated by org.testng.reporters.JUnitReportReporter -->
<testsuite skipped="0" hostname="LAPTOP-MKHIA1KQ" name="testcases.DropdownTest" tests="1" failures="0" timestamp="2020-10-06T22:19:54 EDT" time="22.193" errors="0">
  <testcase name="verifyDropDown" time="22.193" classname="testcases.DropdownTest"/>
</testsuite> <!-- testcases.DropdownTest -->
