<?xml version="1.0" encoding="UTF-8"?>
<!-- Generated by org.testng.reporters.JUnitReportReporter -->
<testsuite hostname="DESKTOP-9E06R4C" failures="0" tests="1" name="webtests.Testlayers.WT_06_DynamicContent_Test" time="8.193" errors="0" timestamp="2022-10-18T09:22:43 AST" skipped="0">
  <testcase classname="webtests.Testlayers.WT_06_DynamicContent_Test" name="DynamicContentTest1" time="8.193"/>
  <system-out/>
</testsuite> <!-- webtests.Testlayers.WT_06_DynamicContent_Test -->
