<?xml version="1.0" encoding="UTF-8"?>
<!-- Generated by org.testng.reporters.JUnitReportReporter -->
<testsuite hostname="MitChinnu" failures="0" tests="2" name="TestCase.NewTest" time="6.290" errors="0" timestamp="2023-04-08T14:45:35 EDT" skipped="0">
  <testcase classname="TestCase.NewTest" name="loginSuccess" time="2.461"/>
  <system-out/>
  <testcase classname="TestCase.NewTest" name="loginFailure" time="3.829"/>
  <system-out/>
</testsuite> <!-- TestCase.NewTest -->
