<?xml version="1.0" encoding="UTF-8"?>
<!-- Generated by org.testng.reporters.JUnitReportReporter -->
<testsuite hostname="MitChinnu" failures="0" tests="16" name="TestCase.OtherTests" time="83.831" errors="0" timestamp="2023-04-10T00:22:30 EDT" skipped="0">
  <testcase classname="TestCase.OtherTests" name="contextMenu" time="4.238"/>
  <system-out/>
  <testcase classname="TestCase.OtherTests" name="dynamicLoading" time="9.433"/>
  <system-out/>
  <testcase classname="TestCase.OtherTests" name="floatingMenu" time="4.207"/>
  <system-out/>
  <testcase classname="TestCase.OtherTests" name="jsError" time="3.301"/>
  <system-out/>
  <testcase classname="TestCase.OtherTests" name="mouseHover" time="4.657"/>
  <system-out/>
  <testcase classname="TestCase.OtherTests" name="newTab" time="4.106"/>
  <system-out/>
  <testcase classname="TestCase.OtherTests" name="dropDown" time="4.592"/>
  <system-out/>
  <testcase classname="TestCase.OtherTests" name="notificationMessage" time="5.230"/>
  <system-out/>
  <testcase classname="TestCase.OtherTests" name="iFrame" time="4.820"/>
  <system-out/>
  <testcase classname="TestCase.OtherTests" name="fileDownload" time="5.381"/>
  <system-out/>
  <testcase classname="TestCase.OtherTests" name="fileUpload" time="4.422"/>
  <system-out/>
  <testcase classname="TestCase.OtherTests" name="dynamicControl" time="11.221"/>
  <system-out/>
  <testcase classname="TestCase.OtherTests" name="dragAndDrop" time="5.902"/>
  <system-out/>
  <testcase classname="TestCase.OtherTests" name="dynamicContent" time="3.802"/>
  <system-out/>
  <testcase classname="TestCase.OtherTests" name="checkBoxes" time="4.284"/>
  <system-out/>
  <testcase classname="TestCase.OtherTests" name="JSAlerts" time="4.235"/>
  <system-out/>
</testsuite> <!-- TestCase.OtherTests -->
