<?xml version="1.0" encoding="UTF-8"?>
<!-- Generated by org.testng.reporters.JUnitReportReporter -->
<testsuite hostname="MitChinnu" failures="0" tests="2" name="TestCase.LoginTest" time="11.541" errors="0" timestamp="2023-04-10T00:23:32 EDT" skipped="0">
  <testcase classname="TestCase.LoginTest" name="loginSuccess" time="4.672"/>
  <system-out/>
  <testcase classname="TestCase.LoginTest" name="loginFailure" time="6.869"/>
  <system-out/>
</testsuite> <!-- TestCase.LoginTest -->
