<?xml version="1.0" encoding="UTF-8"?>
<!-- Generated by org.testng.reporters.JUnitReportReporter -->
<testsuite skipped="0" hostname="LAMU02F91AWMD6R.uhc.com." name="webdriver.test.TestCases.ContextMenuTest" tests="1" failures="0" timestamp="2021-07-01T11:15:45 EDT" time="0.150" errors="0">
  <testcase name="ContextMenuAlert" time="0.150" classname="webdriver.test.TestCases.ContextMenuTest"/>
</testsuite> <!-- webdriver.test.TestCases.ContextMenuTest -->
