<?xml version="1.0" encoding="UTF-8"?>
<!-- Generated by org.testng.reporters.JUnitReportReporter -->
<testsuite hostname="LAPTOP-4I6B2UVN" failures="0" tests="1" name="FileDownloadCases" time="3.425" errors="0" timestamp="2022-11-07T01:00:21 BOT" skipped="0">
  <testcase classname="FileDownloadCases" name="FileDownload" time="3.425"/>
  <system-out>
    <![CDATA[Validating next element is present File Download
Clicking File Download
Validating next element is present some-file.txt
Clicking some-file.txt]]>
  </system-out>
</testsuite> <!-- FileDownloadCases -->
