<?xml version="1.0" encoding="UTF-8"?>
<!-- Generated by org.testng.reporters.JUnitReportReporter -->
<testsuite hostname="Satinders-MacBook-Pro.local" name="WebTesting.SeleniumWebTesting.DynamicLoadingTest" tests="1" failures="0" timestamp="7 Oct 2020 20:08:17 GMT" time="5.373" errors="0">
  <testcase name="DynamicLoadingTest" time="5.373" classname="WebTesting.SeleniumWebTesting.DynamicLoadingTest"/>
</testsuite> <!-- WebTesting.SeleniumWebTesting.DynamicLoadingTest -->
