<?xml version="1.0" encoding="UTF-8"?>
<!-- Generated by org.testng.reporters.JUnitReportReporter -->
<testsuite hostname="LAPTOP-ILJ183PE" failures="0" tests="2" name="com.cybertek.tests.d11_file_upload_actions_class.FileUploadTest" time="0.000" errors="0" timestamp="2021-03-30T22:53:45 EDT" skipped="2">
  <testcase classname="com.cybertek.tests.d11_file_upload_actions_class.FileUploadTest" name="test" time="0.000">
    <skipped/>
  </testcase> <!-- test -->
  <testcase classname="com.cybertek.tests.d11_file_upload_actions_class.FileUploadTest" name="test2" time="0.000">
    <skipped/>
  </testcase> <!-- test2 -->
</testsuite> <!-- com.cybertek.tests.d11_file_upload_actions_class.FileUploadTest -->
