<?xml version="1.0" encoding="UTF-8"?>
<!-- Generated by org.testng.reporters.JUnitReportReporter -->
<testsuite skipped="0" hostname="DESKTOP-28EP1B3" name="tests.DownloadPageTest" tests="1" failures="0" timestamp="2023-03-24T21:51:58 EDT" time="3.446" errors="0">
  <testcase name="file_Download_Test" time="3.446" classname="tests.DownloadPageTest"/>
  <system-out/>
</testsuite> <!-- tests.DownloadPageTest -->
