<?xml version="1.0" encoding="UTF-8"?>
<!-- Generated by org.testng.reporters.JUnitReportReporter -->
<testsuite hostname="LAPTOP-4I6B2UVN" failures="0" tests="2" name="LoginCases" time="4.467" errors="0" timestamp="2022-11-07T01:00:21 BOT" skipped="0">
  <testcase classname="LoginCases" name="Login" time="1.702"/>
  <system-out>
    <![CDATA[Validating next element is present Form Authentication
Clicking Form Authentication
Validating next element is present Username
Writing ** [Ljava.lang.CharSequence;@18a19e ** into Username
Validating next element is present Password
Writing ** [Ljava.lang.CharSequence;@343e225a ** into Password
Validating next element is present  Login
Clicking  Login
Validating next element is present ]]>
  </system-out>
  <testcase classname="LoginCases" name="Login" time="2.765"/>
  <system-out>
    <![CDATA[Validating next element is present Form Authentication
Clicking Form Authentication
Validating next element is present Username
Writing ** [Ljava.lang.CharSequence;@45f756e6 ** into Username
Validating next element is present Password
Writing ** [Ljava.lang.CharSequence;@2a53f215 ** into Password
Validating next element is present  Login
Clicking  Login
Validating next element is present ]]>
  </system-out>
</testsuite> <!-- LoginCases -->
