<?xml version="1.0" encoding="UTF-8"?>
<!-- Generated by org.testng.reporters.JUnitReportReporter -->
<testsuite hostname="administrators-MacBook-Pro.local" failures="0" tests="1" name="com.assesment.tests.ui.tests.DragAndDropTestIT" time="2.671" errors="0" timestamp="2023-01-02T09:30:10 EST" skipped="0">
  <testcase classname="com.assesment.tests.ui.tests.DragAndDropTestIT" name="verifyColumnACanBeDragedAndDropped" time="2.671"/>
  <system-out/>
</testsuite> <!-- com.assesment.tests.ui.tests.DragAndDropTestIT -->
