<?xml version="1.0" encoding="UTF-8"?>
<!-- Generated by org.testng.reporters.JUnitReportReporter -->
<testsuite skipped="0" hostname="DESKTOP-28EP1B3" name="tests.CheckBoxesPageTest" tests="2" failures="0" timestamp="2023-03-24T21:51:58 EDT" time="7.775" errors="0">
  <testcase name="checkBoxes_Test1" time="2.893" classname="tests.CheckBoxesPageTest"/>
  <system-out/>
  <testcase name="checkBoxes_Test2" time="4.882" classname="tests.CheckBoxesPageTest"/>
  <system-out/>
</testsuite> <!-- tests.CheckBoxesPageTest -->
