<?xml version="1.0" encoding="UTF-8"?>
<!-- Generated by org.testng.reporters.JUnitReportReporter -->
<testsuite hostname="Satinders-MacBook-Pro.local" name="WebTesting.SeleniumWebTesting.DynamicLoadingTest" tests="1" failures="0" timestamp="2 Oct 2020 17:23:47 GMT" time="5.280" errors="0">
  <testcase name="DynamicLoadingTest" time="5.280" classname="WebTesting.SeleniumWebTesting.DynamicLoadingTest"/>
</testsuite> <!-- WebTesting.SeleniumWebTesting.DynamicLoadingTest -->
