<?xml version="1.0" encoding="UTF-8"?>
<!-- Generated by org.testng.reporters.JUnitReportReporter -->
<testsuite hostname="Satinders-MacBook-Pro.local" name="WebTesting.SeleniumWebTesting.CheckBoxesTest" tests="1" failures="0" timestamp="2 Oct 2020 17:23:47 GMT" time="0.323" errors="0">
  <testcase name="CheckBoxesTest" time="0.323" classname="WebTesting.SeleniumWebTesting.CheckBoxesTest"/>
</testsuite> <!-- WebTesting.SeleniumWebTesting.CheckBoxesTest -->
