<?xml version="1.0" encoding="UTF-8"?>
<!-- Generated by org.testng.reporters.JUnitReportReporter -->
<testsuite skipped="0" hostname="LAPTOP-4IP1TJ6E" name="JavaScriptAlertsTest" tests="1" failures="0" timestamp="2022-11-09T20:29:20 IST" time="4.729" errors="0">
  <testcase name="JavaScriptAlertsVerifyTest" time="4.729" classname="JavaScriptAlertsTest"/>
  <system-out/>
</testsuite> <!-- JavaScriptAlertsTest -->
