<?xml version="1.0" encoding="UTF-8"?>
<!-- Generated by org.testng.reporters.JUnitReportReporter -->
<testsuite skipped="0" hostname="LAMU02F91AWMD6R.uhc.com." name="webdriver.test.TestCases.FloatingMenuTest" tests="1" failures="0" timestamp="2021-07-01T11:15:45 EDT" time="0.073" errors="0">
  <testcase name="FloatingMenuValidation" time="0.073" classname="webdriver.test.TestCases.FloatingMenuTest"/>
</testsuite> <!-- webdriver.test.TestCases.FloatingMenuTest -->
