<?xml version="1.0" encoding="UTF-8"?>
<!-- Generated by org.testng.reporters.JUnitReportReporter -->
<testsuite hostname="LAPTOP-4I6B2UVN" failures="0" tests="2" name="CheckboxCases" time="2.576" errors="0" timestamp="2022-11-07T01:00:21 BOT" skipped="0">
  <testcase classname="CheckboxCases" name="Checkbox" time="1.257"/>
  <system-out>
    <![CDATA[Validating next element is present Checkboxes
Clicking Checkboxes]]>
  </system-out>
  <testcase classname="CheckboxCases" name="Checkbox" time="1.319"/>
  <system-out>
    <![CDATA[Validating next element is present Checkboxes
Clicking Checkboxes]]>
  </system-out>
</testsuite> <!-- CheckboxCases -->
