<?xml version="1.0" encoding="UTF-8"?>
<!-- Generated by org.testng.reporters.JUnitReportReporter -->
<testsuite hostname="DESKTOP-9E06R4C" failures="0" tests="2" name="webtests.Testlayers.WT_07_DynamicControls_Test" time="77.723" errors="0" timestamp="2022-10-18T11:20:10 AST" skipped="0">
  <testcase classname="webtests.Testlayers.WT_07_DynamicControls_Test" name="RemoveandAddValidation" time="48.270"/>
  <system-out/>
  <testcase classname="webtests.Testlayers.WT_07_DynamicControls_Test" name="EnableAndDisableValidation" time="29.453"/>
  <system-out/>
</testsuite> <!-- webtests.Testlayers.WT_07_DynamicControls_Test -->
