<?xml version="1.0" encoding="UTF-8"?>
<!-- Generated by org.testng.reporters.JUnitReportReporter -->
<testsuite hostname="LAPTOP-4I6B2UVN" failures="0" tests="2" name="DropDownCases" time="2.721" errors="0" timestamp="2022-11-07T01:00:21 BOT" skipped="0">
  <testcase classname="DropDownCases" name="Dropdown" time="1.399"/>
  <system-out>
    <![CDATA[Validating next element is present Dropdown
Clicking Dropdown
Clicking Option 1]]>
  </system-out>
  <testcase classname="DropDownCases" name="Dropdown" time="1.322"/>
  <system-out>
    <![CDATA[Validating next element is present Dropdown
Clicking Dropdown
Clicking Option 2]]>
  </system-out>
</testsuite> <!-- DropDownCases -->
