<?xml version="1.0" encoding="UTF-8"?>
<!-- Generated by org.testng.reporters.JUnitReportReporter -->
<testsuite skipped="0" hostname="LAPTOP-4IP1TJ6E" name="LoginTest" tests="2" failures="0" timestamp="2022-11-09T20:29:20 IST" time="7.332" errors="0">
  <testcase name="UserLoginFailedTest" time="3.496" classname="LoginTest"/>
  <system-out/>
  <testcase name="UserLoginTest" time="3.836" classname="LoginTest"/>
  <system-out/>
</testsuite> <!-- LoginTest -->
