<?xml version="1.0" encoding="UTF-8"?>
<!-- Generated by org.testng.reporters.JUnitReportReporter -->
<testsuite hostname="LAPTOP-4I6B2UVN" failures="0" tests="4" name="JSAlertsCases" time="5.794" errors="0" timestamp="2022-11-07T01:00:21 BOT" skipped="0">
  <testcase classname="JSAlertsCases" name="JSAlert" time="1.409"/>
  <system-out>
    <![CDATA[Validating next element is present JavaScript Alerts
Clicking JavaScript Alerts
Validating next element is present Click for JS Confirm
Clicking Click for JS Confirm]]>
  </system-out>
  <testcase classname="JSAlertsCases" name="JSAlert" time="1.362"/>
  <system-out>
    <![CDATA[Validating next element is present JavaScript Alerts
Clicking JavaScript Alerts
Validating next element is present Click for JS Alert
Clicking Click for JS Alert]]>
  </system-out>
  <testcase classname="JSAlertsCases" name="JSAlert" time="1.424"/>
  <system-out>
    <![CDATA[Validating next element is present JavaScript Alerts
Clicking JavaScript Alerts
Validating next element is present Click for JS Confirm
Clicking Click for JS Confirm]]>
  </system-out>
  <testcase classname="JSAlertsCases" name="JSAlert" time="1.599"/>
  <system-out>
    <![CDATA[Validating next element is present JavaScript Alerts
Clicking JavaScript Alerts
Validating next element is present Click for JS Prompt
Clicking Click for JS Prompt]]>
  </system-out>
</testsuite> <!-- JSAlertsCases -->
