<?xml version="1.0" encoding="UTF-8"?>
<!-- Generated by org.testng.reporters.JUnitReportReporter -->
<testsuite hostname="LAPTOP-4I6B2UVN" failures="0" tests="1" name="FloatingMenuCases" time="1.425" errors="0" timestamp="2022-11-07T01:00:21 BOT" skipped="0">
  <testcase classname="FloatingMenuCases" name="FloatingMenu" time="1.425"/>
  <system-out>
    <![CDATA[Validating next element is present Floating Menu
Clicking Floating Menu
Validating next element is present ]]>
  </system-out>
</testsuite> <!-- FloatingMenuCases -->
