<?xml version="1.0" encoding="UTF-8"?>
<!-- Generated by org.testng.reporters.JUnitReportReporter -->
<testsuite skipped="0" hostname="LAMU02F91AWMD6R.uhc.com." name="webdriver.test.TestCases.DynamicControlTest" tests="1" failures="0" timestamp="2021-07-01T11:15:45 EDT" time="26.454" errors="0">
  <testcase name="ClickDynamicControlButton" time="26.454" classname="webdriver.test.TestCases.DynamicControlTest"/>
</testsuite> <!-- webdriver.test.TestCases.DynamicControlTest -->
