<?xml version="1.0" encoding="UTF-8"?>
<!-- Generated by org.testng.reporters.JUnitReportReporter -->
<testsuite hostname="LAPTOP-ILJ183PE" failures="0" tests="2" name="com.cybertek.tests.d16_pom_2.RepeatOptionsTest" time="0.000" errors="0" timestamp="2021-03-30T22:53:45 EDT" skipped="2">
  <testcase classname="com.cybertek.tests.d16_pom_2.RepeatOptionsTest" name="repeatOptionsTest" time="0.000">
    <skipped/>
  </testcase> <!-- repeatOptionsTest -->
  <testcase classname="com.cybertek.tests.d16_pom_2.RepeatOptionsTest" name="radioRepeatEveryReadioButtonsTest" time="0.000">
    <skipped/>
  </testcase> <!-- radioRepeatEveryReadioButtonsTest -->
</testsuite> <!-- com.cybertek.tests.d16_pom_2.RepeatOptionsTest -->
