<?xml version="1.0" encoding="UTF-8"?>
<!-- Generated by org.testng.reporters.JUnitReportReporter -->
<testsuite skipped="0" hostname="DESKTOP-28EP1B3" name="tests.IframePageTest" tests="1" failures="0" timestamp="2023-03-24T21:51:58 EDT" time="2.629" errors="0">
  <testcase name="iframe_Test" time="2.629" classname="tests.IframePageTest"/>
  <system-out/>
</testsuite> <!-- tests.IframePageTest -->
