<?xml version="1.0" encoding="UTF-8"?>
<!-- Generated by org.testng.reporters.JUnitReportReporter -->
<testsuite hostname="LAPTOP-ILJ183PE" failures="0" tests="3" name="com.cybertek.tests.d11_file_upload_actions_class.JavaScriptExecutorTest" time="0.000" errors="0" timestamp="2021-03-30T22:53:45 EDT" skipped="3">
  <testcase classname="com.cybertek.tests.d11_file_upload_actions_class.JavaScriptExecutorTest" name="type" time="0.000">
    <skipped/>
  </testcase> <!-- type -->
  <testcase classname="com.cybertek.tests.d11_file_upload_actions_class.JavaScriptExecutorTest" name="scroll" time="0.000">
    <skipped/>
  </testcase> <!-- scroll -->
  <testcase classname="com.cybertek.tests.d11_file_upload_actions_class.JavaScriptExecutorTest" name="click" time="0.000">
    <skipped/>
  </testcase> <!-- click -->
</testsuite> <!-- com.cybertek.tests.d11_file_upload_actions_class.JavaScriptExecutorTest -->
