<?xml version="1.0" encoding="UTF-8"?>
<!-- Generated by org.testng.reporters.JUnitReportReporter -->
<testsuite hostname="DESKTOP-9E06R4C" failures="0" tests="5" name="webtests.Testlayers.WT_01_Loginpage_Test" time="11.616" errors="0" timestamp="2022-10-18T11:20:10 AST" skipped="0">
  <testcase classname="webtests.Testlayers.WT_01_Loginpage_Test" name="LoginSucess" time="3.808"/>
  <system-out/>
  <testcase classname="webtests.Testlayers.WT_01_Loginpage_Test" name="LoginFailure" time="1.952"/>
  <system-out/>
  <testcase classname="webtests.Testlayers.WT_01_Loginpage_Test" name="LoginFailure" time="1.875"/>
  <system-out/>
  <testcase classname="webtests.Testlayers.WT_01_Loginpage_Test" name="LoginFailure" time="1.913"/>
  <system-out/>
  <testcase classname="webtests.Testlayers.WT_01_Loginpage_Test" name="LoginFailure" time="2.068"/>
  <system-out/>
</testsuite> <!-- webtests.Testlayers.WT_01_Loginpage_Test -->
