<?xml version="1.0" encoding="UTF-8"?>
<!-- Generated by org.testng.reporters.JUnitReportReporter -->
<testsuite hostname="LAPTOP-ILJ183PE" failures="0" tests="1" name="com.cybertek.tests.d8_select_list.DropdownListNoSelectTagTest" time="0.000" errors="0" timestamp="2021-03-30T22:53:45 EDT" skipped="1">
  <testcase classname="com.cybertek.tests.d8_select_list.DropdownListNoSelectTagTest" name="test" time="0.000">
    <skipped/>
  </testcase> <!-- test -->
</testsuite> <!-- com.cybertek.tests.d8_select_list.DropdownListNoSelectTagTest -->
