<?xml version="1.0" encoding="UTF-8"?>
<!-- Generated by org.testng.reporters.JUnitReportReporter -->
<testsuite hostname="LAPTOP-4I6B2UVN" failures="0" tests="2" name="NotificationCases" time="14.576" errors="0" timestamp="2022-11-07T01:00:21 BOT" skipped="0">
  <testcase classname="NotificationCases" name="NewNotification" time="8.797"/>
  <system-out>
    <![CDATA[Validating next element is present Notification Messages
Clicking Notification Messages
Validating next element is present 
Clicking 
Validating next element is present 
Clicking 
Validating next element is present ]]>
  </system-out>
  <testcase classname="NotificationCases" name="NewNotification" time="5.779"/>
  <system-out>
    <![CDATA[Validating next element is present Notification Messages
Clicking Notification Messages
Validating next element is present 
Clicking 
Validating next element is present 
Clicking 
Validating next element is present 
Clicking 
Validating next element is present ]]>
  </system-out>
</testsuite> <!-- NotificationCases -->
