<?xml version="1.0" encoding="UTF-8"?>
<!-- Generated by org.testng.reporters.JUnitReportReporter -->
<testsuite hostname="Satinders-MacBook-Pro.local" name="WebTesting.SeleniumWebTesting.ContextMenuTest" tests="1" failures="0" timestamp="2 Oct 2020 17:23:47 GMT" time="5.448" errors="0">
  <testcase name="ContextMenuTest" time="5.448" classname="WebTesting.SeleniumWebTesting.ContextMenuTest"/>
</testsuite> <!-- WebTesting.SeleniumWebTesting.ContextMenuTest -->
