<?xml version="1.0" encoding="UTF-8"?>
<!-- Generated by org.testng.reporters.JUnitReportReporter -->
<testsuite skipped="0" hostname="DESKTOP-28EP1B3" name="tests.DynamicContentPageTest" tests="1" failures="0" timestamp="2023-03-24T21:51:58 EDT" time="2.427" errors="0">
  <testcase name="dynamic_Content_Test" time="2.427" classname="tests.DynamicContentPageTest"/>
  <system-out/>
</testsuite> <!-- tests.DynamicContentPageTest -->
