<?xml version="1.0" encoding="UTF-8"?>
<!-- Generated by org.testng.reporters.JUnitReportReporter -->
<testsuite skipped="0" hostname="DESKTOP-28EP1B3" name="tests.JavaScriptAlertsPageTest" tests="1" failures="0" timestamp="2023-03-24T21:51:58 EDT" time="2.391" errors="0">
  <testcase name="javaScript_Alerts_Test" time="2.391" classname="tests.JavaScriptAlertsPageTest"/>
  <system-out/>
</testsuite> <!-- tests.JavaScriptAlertsPageTest -->
