<?xml version="1.0" encoding="UTF-8"?>
<!-- Generated by org.testng.reporters.JUnitReportReporter -->
<testsuite hostname="Satinders-MacBook-Pro.local" name="WebTesting.SeleniumWebTesting.DynamicControlsTest" tests="1" failures="0" timestamp="2 Oct 2020 17:23:47 GMT" time="23.091" errors="0">
  <testcase name="HomePageTest" time="23.091" classname="WebTesting.SeleniumWebTesting.DynamicControlsTest"/>
</testsuite> <!-- WebTesting.SeleniumWebTesting.DynamicControlsTest -->
