<?xml version="1.0" encoding="UTF-8"?>
<!-- Generated by org.testng.reporters.JUnitReportReporter -->
<testsuite skipped="0" hostname="LAMU02F91AWMD6R.uhc.com." name="webdriver.test.TestCases.MouseHoverTest" tests="1" failures="0" timestamp="2021-07-01T11:15:45 EDT" time="0.412" errors="0">
  <testcase name="MouseHoverTextValidation" time="0.412" classname="webdriver.test.TestCases.MouseHoverTest"/>
</testsuite> <!-- webdriver.test.TestCases.MouseHoverTest -->
