<?xml version="1.0" encoding="UTF-8"?>
<!-- Generated by org.testng.reporters.JUnitReportReporter -->
<testsuite hostname="LAPTOP-4I6B2UVN" failures="0" tests="1" name="IFrameCases" time="2.146" errors="0" timestamp="2022-11-07T01:00:21 BOT" skipped="0">
  <testcase classname="IFrameCases" name="Iframe" time="2.146"/>
  <system-out>
    <![CDATA[Validating next element is present Frames
Clicking Frames
Validating next element is present iFrame
Clicking iFrame
Validating next element is present Rich Text Area
Validating next element is present Rich Text Area. Press ALT-0 for help.
Writing ** [Ljava.lang.CharSequence;@a2fb8a5 ** into Rich Text Area. Press ALT-0 for help.]]>
  </system-out>
</testsuite> <!-- IFrameCases -->
