<?xml version="1.0" encoding="UTF-8"?>
<!-- Generated by org.testng.reporters.JUnitReportReporter -->
<testsuite skipped="0" hostname="BobITs-Mac-mini.fios-router.home" name="com.webdrivertest.tests.LoginPageTest" tests="1" failures="0" timestamp="30 Mar 2021 02:01:11 GMT" time="2.369" errors="0">
  <testcase name="testPageTitleTest" time="2.369" classname="com.webdrivertest.tests.LoginPageTest"/>
</testsuite> <!-- com.webdrivertest.tests.LoginPageTest -->
