<?xml version="1.0" encoding="UTF-8"?>
<!-- Generated by org.testng.reporters.JUnitReportReporter -->
<testsuite hostname="Satinders-MacBook-Pro.local" name="WebTesting.SeleniumWebTesting.DynamicContentTest" tests="1" failures="0" timestamp="2 Oct 2020 17:23:47 GMT" time="0.589" errors="0">
  <testcase name="HomePageTest" time="0.589" classname="WebTesting.SeleniumWebTesting.DynamicContentTest"/>
</testsuite> <!-- WebTesting.SeleniumWebTesting.DynamicContentTest -->
