<?xml version="1.0" encoding="UTF-8"?>
<!-- Generated by org.testng.reporters.JUnitReportReporter -->
<testsuite hostname="Arunkumars-MacBook-Pro.local" failures="0" tests="1" name="com.takehome.testcases.LoginSuccessTest" time="1.647" errors="0" timestamp="2022-12-30T17:38:53 EST" skipped="0">
  <testcase classname="com.takehome.testcases.LoginSuccessTest" name="loginSuccess" time="1.647"/>
  <system-out/>
</testsuite> <!-- com.takehome.testcases.LoginSuccessTest -->
