<?xml version="1.0" encoding="UTF-8"?>
<!-- Generated by org.testng.reporters.JUnitReportReporter -->
<testsuite hostname="DESKTOP-9E06R4C" failures="0" tests="1" name="webtests.Testlayers.WT_11_FloatingMenu_Test" time="3.623" errors="0" timestamp="2022-10-18T11:20:10 AST" skipped="0">
  <testcase classname="webtests.Testlayers.WT_11_FloatingMenu_Test" name="FloatingMenuTest" time="3.623"/>
  <system-out/>
</testsuite> <!-- webtests.Testlayers.WT_11_FloatingMenu_Test -->
