<?xml version="1.0" encoding="UTF-8"?>
<!-- Generated by org.testng.reporters.JUnitReportReporter -->
<testsuite hostname="LAPTOP-4I6B2UVN" failures="0" tests="1" name="DynamicControlCases" time="17.905" errors="0" timestamp="2022-11-07T01:00:21 BOT" skipped="0">
  <testcase classname="DynamicControlCases" name="DynamicControl" time="17.905"/>
  <system-out>
    <![CDATA[Validating next element is present Dynamic Controls
Clicking Dynamic Controls
Validating next element is present Remove
Clicking Remove
Validating next element is present Add
Clicking Add
Validating next element is present 
Validating next element is present Enable
Clicking Enable
Validating next element is present Disable
Clicking Disable]]>
  </system-out>
</testsuite> <!-- DynamicControlCases -->
