<?xml version="1.0" encoding="UTF-8"?>
<!-- Generated by org.testng.reporters.JUnitReportReporter -->
<testsuite hostname="DESKTOP-9E06R4C" failures="0" tests="2" name="webtests.Testlayers.WT_02_Checkbox_Test" time="5.456" errors="0" timestamp="2022-10-18T11:20:10 AST" skipped="0">
  <testcase classname="webtests.Testlayers.WT_02_Checkbox_Test" name="Checkbox1validation" time="2.610"/>
  <system-out/>
  <testcase classname="webtests.Testlayers.WT_02_Checkbox_Test" name="Checkbox2validation" time="2.846"/>
  <system-out/>
</testsuite> <!-- webtests.Testlayers.WT_02_Checkbox_Test -->
