<?xml version="1.0" encoding="UTF-8"?>
<!-- Generated by org.testng.reporters.JUnitReportReporter -->
<testsuite hostname="admins-MacBook-Air.local" failures="0" tests="1" name="faridun.assignment.allScenariosTests" time="3.255" errors="0" timestamp="2022-09-15T16:35:05 PDT" skipped="0">
  <testcase classname="faridun.assignment.allScenariosTests" name="LoginTestPassed" time="3.255"/>
  <system-out/>
</testsuite> <!-- faridun.assignment.allScenariosTests -->
