<?xml version="1.0" encoding="UTF-8"?>
<!-- Generated by org.testng.reporters.JUnitReportReporter -->
<testsuite hostname="DESKTOP-9E06R4C" failures="0" tests="2" name="webtests.Testlayers.WT_05_Dropdown_Test" time="5.565" errors="0" timestamp="2022-10-18T11:20:10 AST" skipped="0">
  <testcase classname="webtests.Testlayers.WT_05_Dropdown_Test" name="DropDownTest1" time="3.844"/>
  <system-out/>
  <testcase classname="webtests.Testlayers.WT_05_Dropdown_Test" name="DropDownTest2" time="1.721"/>
  <system-out/>
</testsuite> <!-- webtests.Testlayers.WT_05_Dropdown_Test -->
