<?xml version="1.0" encoding="UTF-8"?>
<!-- Generated by org.testng.reporters.JUnitReportReporter -->
<testsuite hostname="Arunkumars-MacBook-Pro.local" failures="0" tests="1" name="com.takehome.testcases.OpenNewWindowTest" time="1.099" errors="0" timestamp="2022-12-30T16:37:39 EST" skipped="0">
  <testcase classname="com.takehome.testcases.OpenNewWindowTest" name="opennewwindow" time="1.099"/>
  <system-out/>
</testsuite> <!-- com.takehome.testcases.OpenNewWindowTest -->
