<?xml version="1.0" encoding="UTF-8"?>
<!-- Generated by org.testng.reporters.JUnitReportReporter -->
<testsuite hostname="LAPTOP-4I6B2UVN" failures="0" tests="1" name="JSLoadCases" time="1.436" errors="0" timestamp="2022-11-07T01:00:21 BOT" skipped="0">
  <testcase classname="JSLoadCases" name="JSLoad" time="1.436"/>
  <system-out>
    <![CDATA[Validating next element is present JavaScript onload event error
Clicking JavaScript onload event error]]>
  </system-out>
</testsuite> <!-- JSLoadCases -->
