<?xml version="1.0" encoding="UTF-8"?>
<!-- Generated by org.testng.reporters.JUnitReportReporter -->
<testsuite hostname="administrators-MacBook-Pro.local" failures="0" tests="8" name="com.assesment.tests.ui.tests.LoginTestIT" time="17.284" errors="0" timestamp="2023-01-02T09:30:10 EST" skipped="0">
  <testcase classname="com.assesment.tests.ui.tests.LoginTestIT" name="invalidCredentialCanNotLoginToSecurePage" time="2.343"/>
  <system-out/>
  <testcase classname="com.assesment.tests.ui.tests.LoginTestIT" name="invalidCredentialCanNotLoginToSecurePage" time="0.610"/>
  <system-out/>
  <testcase classname="com.assesment.tests.ui.tests.LoginTestIT" name="invalidCredentialCanNotLoginToSecurePage" time="2.418"/>
  <system-out/>
  <testcase classname="com.assesment.tests.ui.tests.LoginTestIT" name="invalidCredentialCanNotLoginToSecurePage" time="2.398"/>
  <system-out/>
  <testcase classname="com.assesment.tests.ui.tests.LoginTestIT" name="invalidCredentialCanNotLoginToSecurePage" time="2.356"/>
  <system-out/>
  <testcase classname="com.assesment.tests.ui.tests.LoginTestIT" name="invalidCredentialCanNotLoginToSecurePage" time="2.389"/>
  <system-out/>
  <testcase classname="com.assesment.tests.ui.tests.LoginTestIT" name="invalidCredentialCanNotLoginToSecurePage" time="2.401"/>
  <system-out/>
  <testcase classname="com.assesment.tests.ui.tests.LoginTestIT" name="loginToSecurePageWithValidCredential" time="2.369"/>
  <system-out/>
</testsuite> <!-- com.assesment.tests.ui.tests.LoginTestIT -->
