<?xml version="1.0" encoding="UTF-8"?>
<!-- Generated by org.testng.reporters.JUnitReportReporter -->
<testsuite hostname="DESKTOP-9E06R4C" failures="0" tests="2" name="webtests.Testlayers.WT_09_FileDownload_Test" time="21.418" errors="0" timestamp="2022-10-18T11:20:10 AST" skipped="0">
  <testcase classname="webtests.Testlayers.WT_09_FileDownload_Test" name="VerifyFile" time="1.562"/>
  <system-out/>
  <testcase classname="webtests.Testlayers.WT_09_FileDownload_Test" name="FileDownloadTest" time="19.856"/>
  <system-out/>
</testsuite> <!-- webtests.Testlayers.WT_09_FileDownload_Test -->
