<?xml version="1.0" encoding="UTF-8"?>
<!-- Generated by org.testng.reporters.JUnitReportReporter -->
<testsuite hostname="LAPTOP-4I6B2UVN" failures="0" tests="1" name="DynamicContentCases" time="6.633" errors="0" timestamp="2022-11-07T01:00:21 BOT" skipped="0">
  <testcase classname="DynamicContentCases" name="DynamicContent" time="6.633"/>
  <system-out>
    <![CDATA[Validating next element is present Dynamic Content
Clicking Dynamic Content]]>
  </system-out>
</testsuite> <!-- DynamicContentCases -->
