<?xml version="1.0" encoding="UTF-8"?>
<!-- Generated by org.testng.reporters.JUnitReportReporter -->
<testsuite hostname="administrators-MacBook-Pro.local" failures="0" tests="2" name="com.assesment.tests.ui.tests.DropdownTestIT" time="4.751" errors="0" timestamp="2023-01-02T09:30:10 EST" skipped="0">
  <testcase classname="com.assesment.tests.ui.tests.DropdownTestIT" name="selectedOptionIsTheVisibleOnThePage" time="2.227"/>
  <system-out/>
  <testcase classname="com.assesment.tests.ui.tests.DropdownTestIT" name="defaultOptionIsSelectedWhenPageIsOpenned" time="2.524"/>
  <system-out/>
</testsuite> <!-- com.assesment.tests.ui.tests.DropdownTestIT -->
