<?xml version="1.0" encoding="UTF-8"?>
<!-- Generated by org.testng.reporters.JUnitReportReporter -->
<testsuite hostname="LAPTOP-ILJ183PE" failures="0" tests="9" name="com.cybertek.tests.d13_tables.WebTablesExamplesTest" time="0.000" errors="0" timestamp="2021-03-30T22:53:45 EDT" skipped="9">
  <testcase classname="com.cybertek.tests.d13_tables.WebTablesExamplesTest" name="printAllCellByIndex" time="0.000">
    <skipped/>
  </testcase> <!-- printAllCellByIndex -->
  <testcase classname="com.cybertek.tests.d13_tables.WebTablesExamplesTest" name="getCellInRelationToAnotherCellInSameRow" time="0.000">
    <skipped/>
  </testcase> <!-- getCellInRelationToAnotherCellInSameRow -->
  <testcase classname="com.cybertek.tests.d13_tables.WebTablesExamplesTest" name="getSpecificCellByIndex" time="0.000">
    <skipped/>
  </testcase> <!-- getSpecificCellByIndex -->
  <testcase classname="com.cybertek.tests.d13_tables.WebTablesExamplesTest" name="printTableSize" time="0.000">
    <skipped/>
  </testcase> <!-- printTableSize -->
  <testcase classname="com.cybertek.tests.d13_tables.WebTablesExamplesTest" name="getRow" time="0.000">
    <skipped/>
  </testcase> <!-- getRow -->
  <testcase classname="com.cybertek.tests.d13_tables.WebTablesExamplesTest" name="printTable" time="0.000">
    <skipped/>
  </testcase> <!-- printTable -->
  <testcase classname="com.cybertek.tests.d13_tables.WebTablesExamplesTest" name="getAllCellsInRow" time="0.000">
    <skipped/>
  </testcase> <!-- getAllCellsInRow -->
  <testcase classname="com.cybertek.tests.d13_tables.WebTablesExamplesTest" name="getAllHeaders" time="0.000">
    <skipped/>
  </testcase> <!-- getAllHeaders -->
  <testcase classname="com.cybertek.tests.d13_tables.WebTablesExamplesTest" name="getSingeCellByIndex" time="0.000">
    <skipped/>
  </testcase> <!-- getSingeCellByIndex -->
</testsuite> <!-- com.cybertek.tests.d13_tables.WebTablesExamplesTest -->
