<?xml version="1.0" encoding="UTF-8"?>
<!-- Generated by org.testng.reporters.JUnitReportReporter -->
<testsuite skipped="0" hostname="LAMU02F91AWMD6R.uhc.com." name="webdriver.test.TestCases.DynamicLoadingTest" tests="1" failures="0" timestamp="2021-07-01T11:15:45 EDT" time="5.097" errors="0">
  <testcase name="dynamicLoadingMessage" time="5.097" classname="webdriver.test.TestCases.DynamicLoadingTest"/>
</testsuite> <!-- webdriver.test.TestCases.DynamicLoadingTest -->
