<?xml version="1.0" encoding="UTF-8"?>
<!-- Generated by org.testng.reporters.JUnitReportReporter -->
<testsuite skipped="0" hostname="LAPTOP-4IP1TJ6E" name="DropdownTest" tests="1" failures="0" timestamp="2022-11-09T20:29:20 IST" time="3.577" errors="0">
  <testcase name="DropdownActionTest" time="3.577" classname="DropdownTest"/>
  <system-out/>
</testsuite> <!-- DropdownTest -->
