<?xml version="1.0" encoding="UTF-8"?>
<!-- Generated by org.testng.reporters.JUnitReportReporter -->
<testsuite hostname="LAPTOP-ILJ183PE" failures="0" tests="3" name="com.cybertek.tests.d11_file_upload_actions_class.ActionsExamplesTest" time="0.000" errors="0" timestamp="2021-03-30T22:53:45 EDT" skipped="3">
  <testcase classname="com.cybertek.tests.d11_file_upload_actions_class.ActionsExamplesTest" name="dragdroptest" time="0.000">
    <skipped/>
  </testcase> <!-- dragdroptest -->
  <testcase classname="com.cybertek.tests.d11_file_upload_actions_class.ActionsExamplesTest" name="dragdropbychainingtest" time="0.000">
    <skipped/>
  </testcase> <!-- dragdropbychainingtest -->
  <testcase classname="com.cybertek.tests.d11_file_upload_actions_class.ActionsExamplesTest" name="hoverTest" time="0.000">
    <skipped/>
  </testcase> <!-- hoverTest -->
</testsuite> <!-- com.cybertek.tests.d11_file_upload_actions_class.ActionsExamplesTest -->
