<?xml version="1.0" encoding="UTF-8"?>
<!-- Generated by org.testng.reporters.JUnitReportReporter -->
<testsuite hostname="administrators-MacBook-Pro.local" failures="0" tests="3" name="com.assesment.tests.ui.tests.CheckBoxesTestIT" time="10.197" errors="0" timestamp="2023-01-02T09:30:10 EST" skipped="0">
  <testcase classname="com.assesment.tests.ui.tests.CheckBoxesTestIT" name="verifyCheckbox1IsClickable" time="2.244"/>
  <system-out/>
  <testcase classname="com.assesment.tests.ui.tests.CheckBoxesTestIT" name="verifyCheckbox2IsClickable" time="5.314"/>
  <system-out/>
  <testcase classname="com.assesment.tests.ui.tests.CheckBoxesTestIT" name="verifyCheckboxCanBeClickedMoreThanOne" time="2.639"/>
  <system-out/>
</testsuite> <!-- com.assesment.tests.ui.tests.CheckBoxesTestIT -->
