<?xml version="1.0" encoding="UTF-8"?>
<!-- Generated by org.testng.reporters.JUnitReportReporter -->
<testsuite hostname="LAPTOP-4I6B2UVN" failures="0" tests="1" name="MultiWindowsCases" time="1.446" errors="0" timestamp="2022-11-07T01:00:21 BOT" skipped="0">
  <testcase classname="MultiWindowsCases" name="NewWindows" time="1.446"/>
  <system-out>
    <![CDATA[Validating next element is present Multiple Windows
Clicking Multiple Windows
Validating next element is present Click Here
Clicking Click Here]]>
  </system-out>
</testsuite> <!-- MultiWindowsCases -->
