<?xml version="1.0" encoding="UTF-8"?>
<!-- Generated by org.testng.reporters.JUnitReportReporter -->
<testsuite hostname="LAPTOP-4I6B2UVN" failures="0" tests="1" name="FileUploadCases" time="1.563" errors="0" timestamp="2022-11-07T01:00:21 BOT" skipped="0">
  <testcase classname="FileUploadCases" name="FileDownload" time="1.563"/>
  <system-out>
    <![CDATA[Validating next element is present File Upload
Clicking File Upload
Validating next element is present 
Writing ** [Ljava.lang.CharSequence;@69d021c1 ** into 
Validating next element is present Upload
Clicking Upload]]>
  </system-out>
</testsuite> <!-- FileUploadCases -->
