<?xml version="1.0" encoding="UTF-8"?>
<!-- Generated by org.testng.reporters.JUnitReportReporter -->
<testsuite hostname="Satinders-MacBook-Pro.local" name="WebTesting.SeleniumWebTesting.DragDropTest" tests="1" failures="0" timestamp="2 Oct 2020 17:23:47 GMT" time="4.086" errors="0">
  <testcase name="DragDropTest" time="4.086" classname="WebTesting.SeleniumWebTesting.DragDropTest"/>
</testsuite> <!-- WebTesting.SeleniumWebTesting.DragDropTest -->
