<?xml version="1.0" encoding="UTF-8"?>
<!-- Generated by org.testng.reporters.JUnitReportReporter -->
<testsuite hostname="LAPTOP-4I6B2UVN" failures="0" tests="1" name="ContextMenuCases" time="1.514" errors="0" timestamp="2022-11-07T01:00:21 BOT" skipped="0">
  <testcase classname="ContextMenuCases" name="Checkbox" time="1.514"/>
  <system-out>
    <![CDATA[Validating next element is present Context Menu
Clicking Context Menu
Validating next element is present 
Scroll to element ]]>
  </system-out>
</testsuite> <!-- ContextMenuCases -->
