<?xml version="1.0" encoding="UTF-8"?>
<!-- Generated by org.testng.reporters.JUnitReportReporter -->
<testsuite hostname="LAPTOP-4I6B2UVN" failures="0" tests="1" name="DragDropCases" time="3.705" errors="0" timestamp="2022-11-07T01:00:21 BOT" skipped="0">
  <testcase classname="DragDropCases" name="DragDrop" time="3.705"/>
  <system-out>
    <![CDATA[Validating next element is present Drag and Drop
Clicking Drag and Drop
Validating next element is present 
Validating next element is present 
Scroll to element ]]>
  </system-out>
</testsuite> <!-- DragDropCases -->
