<?xml version="1.0" encoding="UTF-8"?>
<!-- Generated by org.testng.reporters.JUnitReportReporter -->
<testsuite skipped="0" hostname="LAMU02F91AWMD6R.uhc.com." name="webdriver.test.TestCases.NotificationMessageTest" tests="4" failures="0" timestamp="2021-07-01T11:15:45 EDT" time="0.972" errors="0">
  <testcase name="checkNotificationMessageUnsuccessful" time="0.156" classname="webdriver.test.TestCases.NotificationMessageTest"/>
  <testcase name="MultipleNotificationMessageTest" time="0.504" classname="webdriver.test.TestCases.NotificationMessageTest"/>
  <testcase name="checkNotificationMessageUnsuccessfulTryAgain" time="0.158" classname="webdriver.test.TestCases.NotificationMessageTest"/>
  <testcase name="checkNotificationMessageSuccessful" time="0.154" classname="webdriver.test.TestCases.NotificationMessageTest"/>
</testsuite> <!-- webdriver.test.TestCases.NotificationMessageTest -->
