<?xml version="1.0" encoding="UTF-8"?>
<!-- Generated by org.testng.reporters.JUnitReportReporter -->
<testsuite hostname="Satinders-MacBook-Pro.local" name="WebTesting.SeleniumWebTesting.LoginFailureTest" tests="1" failures="0" timestamp="2 Oct 2020 17:23:47 GMT" time="0.274" errors="0">
  <testcase name="LoginFailureTest" time="0.274" classname="WebTesting.SeleniumWebTesting.LoginFailureTest"/>
</testsuite> <!-- WebTesting.SeleniumWebTesting.LoginFailureTest -->
