<?xml version="1.0" encoding="UTF-8"?>
<!-- Generated by org.testng.reporters.JUnitReportReporter -->
<testsuite skipped="0" hostname="DESKTOP-28EP1B3" name="tests.DragAndDropPageTest" tests="1" failures="0" timestamp="2023-03-24T21:51:58 EDT" time="2.136" errors="0">
  <testcase name="drag_and_Drop_Test" time="2.136" classname="tests.DragAndDropPageTest"/>
  <system-out/>
</testsuite> <!-- tests.DragAndDropPageTest -->
