<?xml version="1.0" encoding="UTF-8"?>
<!-- Generated by org.testng.reporters.JUnitReportReporter -->
<testsuite skipped="0" hostname="LAPTOP-4IP1TJ6E" name="CheckBoxTest" tests="1" failures="0" timestamp="2022-11-09T20:29:20 IST" time="4.663" errors="0">
  <testcase name="CheckBoxesTest" time="4.663" classname="CheckBoxTest"/>
  <system-out/>
</testsuite> <!-- CheckBoxTest -->
