<?xml version="1.0" encoding="UTF-8"?>
<!-- Generated by org.testng.reporters.JUnitReportReporter -->
<testsuite hostname="DESKTOP-9E06R4C" failures="0" tests="1" name="webtests.Testlayers.WT_10_FileUpload_Test" time="2.869" errors="0" timestamp="2022-10-18T11:20:10 AST" skipped="0">
  <testcase classname="webtests.Testlayers.WT_10_FileUpload_Test" name="UploadFileTest" time="2.869"/>
  <system-out/>
</testsuite> <!-- webtests.Testlayers.WT_10_FileUpload_Test -->
