<?xml version="1.0" encoding="UTF-8"?>
<!-- Generated by org.testng.reporters.JUnitReportReporter -->
<testsuite hostname="LAPTOP-ILJ183PE" failures="0" tests="5" name="com.cybertek.tests.d6_testng.TestNGAssertionsTest" time="0.000" errors="0" timestamp="2021-03-30T22:53:45 EDT" skipped="5">
  <testcase classname="com.cybertek.tests.d6_testng.TestNGAssertionsTest" name="test5" time="0.000">
    <skipped/>
  </testcase> <!-- test5 -->
  <testcase classname="com.cybertek.tests.d6_testng.TestNGAssertionsTest" name="test1" time="0.000">
    <skipped/>
  </testcase> <!-- test1 -->
  <testcase classname="com.cybertek.tests.d6_testng.TestNGAssertionsTest" name="test2" time="0.000">
    <skipped/>
  </testcase> <!-- test2 -->
  <testcase classname="com.cybertek.tests.d6_testng.TestNGAssertionsTest" name="test4" time="0.000">
    <skipped/>
  </testcase> <!-- test4 -->
  <testcase classname="com.cybertek.tests.d6_testng.TestNGAssertionsTest" name="test3" time="0.000">
    <skipped/>
  </testcase> <!-- test3 -->
</testsuite> <!-- com.cybertek.tests.d6_testng.TestNGAssertionsTest -->
