<?xml version="1.0" encoding="UTF-8"?>
<!-- Generated by org.testng.reporters.JUnitReportReporter -->
<testsuite skipped="0" hostname="LAMU02F91AWMD6R.uhc.com." name="webdriver.test.TestCases.OpenNewWindowTest" tests="1" failures="0" timestamp="2021-07-01T11:15:45 EDT" time="0.136" errors="0">
  <testcase name="openInNewTab" time="0.136" classname="webdriver.test.TestCases.OpenNewWindowTest"/>
</testsuite> <!-- webdriver.test.TestCases.OpenNewWindowTest -->
