<?xml version="1.0" encoding="UTF-8"?>
<!-- Generated by org.testng.reporters.JUnitReportReporter -->
<testsuite hostname="LAPTOP-ILJ183PE" failures="0" tests="3" name="com.cybertek.tests.d14_properties_driver_class_test_base_class.SingletonTest" time="0.000" errors="0" timestamp="2021-03-30T22:53:45 EDT" skipped="3">
  <testcase classname="com.cybertek.tests.d14_properties_driver_class_test_base_class.SingletonTest" name="test3" time="0.000">
    <skipped/>
  </testcase> <!-- test3 -->
  <testcase classname="com.cybertek.tests.d14_properties_driver_class_test_base_class.SingletonTest" name="test1" time="0.000">
    <skipped/>
  </testcase> <!-- test1 -->
  <testcase classname="com.cybertek.tests.d14_properties_driver_class_test_base_class.SingletonTest" name="test2" time="0.000">
    <skipped/>
  </testcase> <!-- test2 -->
</testsuite> <!-- com.cybertek.tests.d14_properties_driver_class_test_base_class.SingletonTest -->
