<?xml version="1.0" encoding="UTF-8"?>
<!-- Generated by org.testng.reporters.JUnitReportReporter -->
<testsuite skipped="0" hostname="LAMU02F91AWMD6R.uhc.com." name="webdriver.test.TestCases.JsAlretTest" tests="5" failures="0" timestamp="2021-07-01T11:15:45 EDT" time="0.965" errors="0">
  <testcase name="addTextInPromptDialog" time="0.077" classname="webdriver.test.TestCases.JsAlretTest"/>
  <testcase name="clickJsConfirmButton" time="0.113" classname="webdriver.test.TestCases.JsAlretTest"/>
  <testcase name="cancelPromptDialog" time="0.204" classname="webdriver.test.TestCases.JsAlretTest"/>
  <testcase name="clickJsAlertButton" time="0.184" classname="webdriver.test.TestCases.JsAlretTest"/>
  <testcase name="cancelDialogTest" time="0.387" classname="webdriver.test.TestCases.JsAlretTest"/>
</testsuite> <!-- webdriver.test.TestCases.JsAlretTest -->
