<?xml version="1.0" encoding="UTF-8"?>
<!-- Generated by org.testng.reporters.JUnitReportReporter -->
<testsuite hostname="Macbook-Pro" failures="0" tests="18" name="com.qa.take_home_webdriver_test.tests.TakeHomeWebDriverTest" time="82.425" errors="0" timestamp="2023-01-18T17:12:19 EST" skipped="0">
  <testcase classname="com.qa.take_home_webdriver_test.tests.TakeHomeWebDriverTest" name="loginSuccessTest" time="3.530"/>
  <system-out/>
  <testcase classname="com.qa.take_home_webdriver_test.tests.TakeHomeWebDriverTest" name="loginFailureTest" time="3.942"/>
  <system-out/>
  <testcase classname="com.qa.take_home_webdriver_test.tests.TakeHomeWebDriverTest" name="checkBoxTest" time="2.901"/>
  <system-out/>
  <testcase classname="com.qa.take_home_webdriver_test.tests.TakeHomeWebDriverTest" name="contextMenuTest" time="2.548"/>
  <system-out/>
  <testcase classname="com.qa.take_home_webdriver_test.tests.TakeHomeWebDriverTest" name="dragAndDropTest" time="2.876"/>
  <system-out/>
  <testcase classname="com.qa.take_home_webdriver_test.tests.TakeHomeWebDriverTest" name="dropDownTest" time="2.557"/>
  <system-out/>
  <testcase classname="com.qa.take_home_webdriver_test.tests.TakeHomeWebDriverTest" name="dynamicContentTest" time="2.757"/>
  <system-out/>
  <testcase classname="com.qa.take_home_webdriver_test.tests.TakeHomeWebDriverTest" name="dynamicControlsTest" time="15.844"/>
  <system-out/>
  <testcase classname="com.qa.take_home_webdriver_test.tests.TakeHomeWebDriverTest" name="dynamicLoadingTest" time="8.119"/>
  <system-out/>
  <testcase classname="com.qa.take_home_webdriver_test.tests.TakeHomeWebDriverTest" name="fileDownloadTest" time="4.538"/>
  <system-out/>
  <testcase classname="com.qa.take_home_webdriver_test.tests.TakeHomeWebDriverTest" name="fileUploadTest" time="3.008"/>
  <system-out/>
  <testcase classname="com.qa.take_home_webdriver_test.tests.TakeHomeWebDriverTest" name="floatingMenuTest" time="2.677"/>
  <system-out/>
  <testcase classname="com.qa.take_home_webdriver_test.tests.TakeHomeWebDriverTest" name="iframeTest" time="7.260"/>
  <system-out/>
  <testcase classname="com.qa.take_home_webdriver_test.tests.TakeHomeWebDriverTest" name="mouseHoverTest" time="2.885"/>
  <system-out/>
  <testcase classname="com.qa.take_home_webdriver_test.tests.TakeHomeWebDriverTest" name="javaScriptAlertsTest" time="2.889"/>
  <system-out/>
  <testcase classname="com.qa.take_home_webdriver_test.tests.TakeHomeWebDriverTest" name="javaScriptErrorTest" time="2.044"/>
  <system-out/>
  <testcase classname="com.qa.take_home_webdriver_test.tests.TakeHomeWebDriverTest" name="openNewTabTest" time="8.056"/>
  <system-out/>
  <testcase classname="com.qa.take_home_webdriver_test.tests.TakeHomeWebDriverTest" name="notificationMessageTest" time="3.994"/>
  <system-out/>
</testsuite> <!-- com.qa.take_home_webdriver_test.tests.TakeHomeWebDriverTest -->
