<?xml version="1.0" encoding="UTF-8"?>
<!-- Generated by org.testng.reporters.JUnitReportReporter -->
<testsuite skipped="0" hostname="DESKTOP-28EP1B3" name="tests.LoginPageTest" tests="2" failures="0" timestamp="2023-03-24T21:51:58 EDT" time="5.134" errors="0">
  <testcase name="login_Failure_Test" time="2.653" classname="tests.LoginPageTest"/>
  <system-out/>
  <testcase name="login_Success_Test" time="2.481" classname="tests.LoginPageTest"/>
  <system-out/>
</testsuite> <!-- tests.LoginPageTest -->
