<?xml version="1.0" encoding="UTF-8"?>
<!-- Generated by org.testng.reporters.JUnitReportReporter -->
<testsuite hostname="Satinders-MacBook-Pro.local" name="WebTesting.SeleniumWebTesting.NotificationMsgTest" tests="1" failures="0" timestamp="2 Oct 2020 17:23:47 GMT" time="0.684" errors="0">
  <testcase name="NotificationMsgTest" time="0.684" classname="WebTesting.SeleniumWebTesting.NotificationMsgTest"/>
</testsuite> <!-- WebTesting.SeleniumWebTesting.NotificationMsgTest -->
