<?xml version="1.0" encoding="UTF-8"?>
<!-- Generated by org.testng.reporters.JUnitReportReporter -->
<testsuite hostname="DESKTOP-9E06R4C" failures="0" tests="3" name="webtests.Testlayers.WT_13_MouseHover_Test" time="5.414" errors="0" timestamp="2022-10-18T11:20:10 AST" skipped="0">
  <testcase classname="webtests.Testlayers.WT_13_MouseHover_Test" name="hoverOnUser1" time="1.680"/>
  <system-out/>
  <testcase classname="webtests.Testlayers.WT_13_MouseHover_Test" name="hoverOnUser2" time="1.622"/>
  <system-out/>
  <testcase classname="webtests.Testlayers.WT_13_MouseHover_Test" name="hoverOnUser3" time="2.112"/>
  <system-out/>
</testsuite> <!-- webtests.Testlayers.WT_13_MouseHover_Test -->
