<?xml version="1.0" encoding="UTF-8"?>
<!-- Generated by org.testng.reporters.JUnitReportReporter -->
<testsuite hostname="LAPTOP-4I6B2UVN" failures="0" tests="2" name="DynamicLoadingCases" time="13.546" errors="0" timestamp="2022-11-07T01:00:21 BOT" skipped="0">
  <testcase classname="DynamicLoadingCases" name="DynamicLoadingExaple2" time="6.667"/>
  <system-out>
    <![CDATA[Validating next element is present Dynamic Loading
Clicking Dynamic Loading
Validating next element is present Example 2: Element rendered after the fact
Clicking Example 2: Element rendered after the fact
Validating next element is present Start
Clicking Start
Validating next element is present Hello World!]]>
  </system-out>
  <testcase classname="DynamicLoadingCases" name="DynamicLoadingExaple1" time="6.879"/>
  <system-out>
    <![CDATA[Validating next element is present Dynamic Loading
Clicking Dynamic Loading
Validating next element is present Example 1: Element on page that is hidden
Clicking Example 1: Element on page that is hidden
Validating next element is present Start
Clicking Start
Validating next element is present 
Validating next element is present 
Validating next element is present 
Validating next element is present 
Validating next element is present 
Validating next element is present 
Validating next element is present 
Validating next element is present 
Validating next element is present 
Validating next element is present 
Validating next element is present Hello World!]]>
  </system-out>
</testsuite> <!-- DynamicLoadingCases -->
