<?xml version="1.0" encoding="UTF-8"?>
<!-- Generated by org.testng.reporters.JUnitReportReporter -->
<testsuite hostname="Arunkumars-MacBook-Pro.local" failures="0" tests="1" name="com.takehome.testcases.FileDownloadsTest" time="0.306" errors="0" timestamp="2022-12-30T16:37:39 EST" skipped="0">
  <testcase classname="com.takehome.testcases.FileDownloadsTest" name="filedownload" time="0.306"/>
  <system-out/>
</testsuite> <!-- com.takehome.testcases.FileDownloadsTest -->
