<?xml version="1.0" encoding="UTF-8"?>
<!-- Generated by org.testng.reporters.JUnitReportReporter -->
<testsuite hostname="LAPTOP-4I6B2UVN" failures="0" tests="1" name="MouseHoverCases" time="1.898" errors="0" timestamp="2022-11-07T01:00:21 BOT" skipped="0">
  <testcase classname="MouseHoverCases" name="DynamicControl" time="1.898"/>
  <system-out>
    <![CDATA[Validating next element is present Hovers
Clicking Hovers
Scroll to element 
Validating next element is present 
Scroll to element 
Validating next element is present 
Scroll to element 
Validating next element is present ]]>
  </system-out>
</testsuite> <!-- MouseHoverCases -->
