<?xml version="1.0" encoding="UTF-8"?>
<!-- Generated by org.testng.reporters.JUnitReportReporter -->
<testsuite skipped="0" hostname="DESKTOP-28EP1B3" name="tests.DynamicControlsPageTest" tests="1" failures="0" timestamp="2023-03-24T21:51:58 EDT" time="14.744" errors="0">
  <testcase name="dynamic_Controls_Test" time="14.744" classname="tests.DynamicControlsPageTest"/>
  <system-out/>
</testsuite> <!-- tests.DynamicControlsPageTest -->
