<?xml version="1.0" encoding="UTF-8"?>
<!-- Generated by org.testng.reporters.JUnitReportReporter -->
<testsuite hostname="Satinders-MacBook-Pro.local" name="WebTesting.SeleniumWebTesting.DropdownTest" tests="1" failures="0" timestamp="2 Oct 2020 17:23:47 GMT" time="0.348" errors="0">
  <testcase name="DropdownTest" time="0.348" classname="WebTesting.SeleniumWebTesting.DropdownTest"/>
</testsuite> <!-- WebTesting.SeleniumWebTesting.DropdownTest -->
