<?xml version="1.0" encoding="UTF-8"?>
<!-- Generated by org.testng.reporters.JUnitReportReporter -->
<testsuite skipped="0" hostname="LAPTOP-MLGRIG" name="tests.NotificationMessage" tests="1" failures="0" timestamp="2021-06-23T06:56:05 EDT" time="3.221" errors="0">
  <testcase name="notificationMsgTest" time="3.221" classname="tests.NotificationMessage"/>
  <system-out/>
</testsuite> <!-- tests.NotificationMessage -->
