<?xml version="1.0" encoding="UTF-8"?>
<!-- Generated by org.testng.reporters.JUnitReportReporter -->
<testsuite skipped="0" hostname="LAPTOP-MLGRIG" name="tests.CheckBoxes" tests="2" failures="0" timestamp="2021-06-22T21:31:41 EDT" time="0.346" errors="0">
  <testcase name="checkBox1Test" time="0.246" classname="tests.CheckBoxes"/>
  <system-out/>
  <testcase name="checkBox2Test" time="0.100" classname="tests.CheckBoxes"/>
  <system-out/>
</testsuite> <!-- tests.CheckBoxes -->
