<?xml version="1.0" encoding="UTF-8"?>
<!-- Generated by org.testng.reporters.JUnitReportReporter -->
<testsuite skipped="0" hostname="LAPTOP-MLGRIG" name="testBase.TestBase" tests="1" failures="0" timestamp="2021-06-22T17:03:32 EDT" time="3.621" errors="0">
  <testcase name="setup" time="3.621" classname="testBase.TestBase"/>
  <system-out/>
</testsuite> <!-- testBase.TestBase -->
