<?xml version="1.0" encoding="UTF-8"?>
<!-- Generated by org.testng.reporters.JUnitReportReporter -->
<testsuite skipped="0" hostname="LAPTOP-MLGRIG" name="tests.DynamicContent" tests="1" failures="0" timestamp="2021-06-23T07:34:20 EDT" time="0.365" errors="0">
  <testcase name="dynamicContentTest" time="0.365" classname="tests.DynamicContent"/>
  <system-out/>
</testsuite> <!-- tests.DynamicContent -->
