<?xml version="1.0" encoding="UTF-8"?>
<!-- Generated by org.testng.reporters.JUnitReportReporter -->
<testsuite skipped="0" hostname="LAPTOP-MLGRIG" name="test.AllTests" tests="1" failures="0" timestamp="2021-06-24T16:09:33 EDT" time="0.244" errors="0">
  <testcase name="option2Test" time="0.244" classname="test.AllTests"/>
  <system-out/>
</testsuite> <!-- test.AllTests -->
