<?xml version="1.0" encoding="UTF-8"?>
<!-- Generated by org.testng.reporters.JUnitReportReporter -->
<testsuite skipped="0" hostname="LAPTOP-MLGRIG" name="tests.FileUpload" tests="1" failures="0" timestamp="2021-06-23T02:23:55 EDT" time="0.390" errors="0">
  <testcase name="fileUploadTest" time="0.390" classname="tests.FileUpload"/>
  <system-out/>
</testsuite> <!-- tests.FileUpload -->
