<?xml version="1.0" encoding="UTF-8"?>
<!-- Generated by org.testng.reporters.JUnitReportReporter -->
<testsuite skipped="0" hostname="LAPTOP-MLGRIG" name="tests.NewTab" tests="1" failures="0" timestamp="2021-06-23T05:46:24 EDT" time="0.321" errors="0">
  <testcase name="newTabTest" time="0.321" classname="tests.NewTab"/>
  <system-out/>
</testsuite> <!-- tests.NewTab -->
