<?xml version="1.0" encoding="UTF-8"?>
<!-- Generated by org.testng.reporters.JUnitReportReporter -->
<testsuite skipped="0" hostname="LAPTOP-MLGRIG" name="tests.MouseHover" tests="1" failures="0" timestamp="2021-06-23T04:31:37 EDT" time="0.656" errors="0">
  <testcase name="mouseOverTest" time="0.656" classname="tests.MouseHover"/>
  <system-out/>
</testsuite> <!-- tests.MouseHover -->
