<?xml version="1.0" encoding="UTF-8"?>
<!-- Generated by org.testng.reporters.JUnitReportReporter -->
<testsuite skipped="0" hostname="LAPTOP-MLGRIG" name="tests.DynamicLoading" tests="1" failures="0" timestamp="2021-06-23T01:43:29 EDT" time="11.138" errors="0">
  <testcase name="dynamicLoading" time="11.138" classname="tests.DynamicLoading"/>
  <system-out/>
</testsuite> <!-- tests.DynamicLoading -->
