<?xml version="1.0" encoding="UTF-8"?>
<!-- Generated by org.testng.reporters.JUnitReportReporter -->
<testsuite skipped="0" hostname="LAPTOP-MLGRIG" name="tests.DropDown" tests="2" failures="0" timestamp="2021-06-22T22:06:41 EDT" time="0.405" errors="0">
  <testcase name="option2Test" time="0.281" classname="tests.DropDown"/>
  <system-out/>
  <testcase name="option1Test" time="0.124" classname="tests.DropDown"/>
  <system-out/>
</testsuite> <!-- tests.DropDown -->
