<?xml version="1.0" encoding="UTF-8"?>
<!-- Generated by org.testng.reporters.JUnitReportReporter -->
<testsuite skipped="0" hostname="LAPTOP-MLGRIG" name="tests.LoginTests" tests="2" failures="0" timestamp="2021-06-23T06:59:07 EDT" time="0.844" errors="0">
  <testcase name="loginSuccessTest" time="0.485" classname="tests.LoginTests"/>
  <system-out/>
  <testcase name="loginFailureTest" time="0.359" classname="tests.LoginTests"/>
  <system-out/>
</testsuite> <!-- tests.LoginTests -->
