<?xml version="1.0" encoding="UTF-8"?>
<!-- Generated by org.testng.reporters.JUnitReportReporter -->
<testsuite skipped="0" hostname="LAPTOP-MLGRIG" name="test.AllTests" tests="1" failures="0" timestamp="2021-06-24T15:07:04 EDT" time="0.382" errors="0">
  <testcase name="loginFailureTest" time="0.382" classname="test.AllTests"/>
  <system-out/>
</testsuite> <!-- test.AllTests -->
