<?xml version="1.0" encoding="UTF-8"?>
<!-- Generated by org.testng.reporters.JUnitReportReporter -->
<testsuite skipped="0" hostname="LAPTOP-MLGRIG" name="tests.AllTests" tests="1" failures="0" timestamp="2021-06-23T12:36:10 EDT" time="31.025" errors="0">
  <testcase name="iframeTest" time="31.025" classname="tests.AllTests"/>
  <system-out/>
</testsuite> <!-- tests.AllTests -->
