<?xml version="1.0" encoding="UTF-8"?>
<!-- Generated by org.testng.reporters.JUnitReportReporter -->
<testsuite skipped="0" hostname="LAPTOP-MLGRIG" name="test.LoginTests" tests="1" failures="0" timestamp="2021-06-24T14:41:32 EDT" time="0.335" errors="0">
  <testcase name="loginSuccessTest" time="0.335" classname="test.LoginTests"/>
  <system-out/>
</testsuite> <!-- test.LoginTests -->
