<?xml version="1.0" encoding="UTF-8"?>
<!-- Generated by org.testng.reporters.JUnitReportReporter -->
<testsuite skipped="0" hostname="LAPTOP-MLGRIG" name="tests.DynamicControls" tests="1" failures="0" timestamp="2021-06-23T00:04:37 EDT" time="12.767" errors="0">
  <testcase name="DynamicControlsTest" time="12.767" classname="tests.DynamicControls"/>
  <system-out/>
</testsuite> <!-- tests.DynamicControls -->
