<?xml version="1.0" encoding="UTF-8"?>
<!-- Generated by org.testng.reporters.JUnitReportReporter -->
<testsuite skipped="0" hostname="LAPTOP-MLGRIG" name="tests.Iframe" tests="1" failures="0" timestamp="2021-06-23T04:12:30 EDT" time="31.152" errors="0">
  <testcase name="IframeTest" time="31.152" classname="tests.Iframe"/>
  <system-out/>
</testsuite> <!-- tests.Iframe -->
