<?xml version="1.0" encoding="UTF-8"?>
<!-- Generated by org.testng.reporters.JUnitReportReporter -->
<testsuite skipped="0" hostname="LAPTOP-MLGRIG" name="test.NewTab" tests="1" failures="0" timestamp="2021-06-24T15:00:52 EDT" time="0.201" errors="0">
  <testcase name="newTabTest" time="0.201" classname="test.NewTab"/>
  <system-out/>
</testsuite> <!-- test.NewTab -->
