<?xml version="1.0" encoding="UTF-8"?>
<!-- Generated by org.testng.reporters.JUnitReportReporter -->
<testsuite skipped="0" hostname="LAPTOP-MLGRIG" name="tests.JavaScriptError" tests="1" failures="0" timestamp="2021-06-23T05:03:41 EDT" time="0.120" errors="0">
  <testcase name="javaScriptErrorTest" time="0.120" classname="tests.JavaScriptError"/>
  <system-out/>
</testsuite> <!-- tests.JavaScriptError -->
