<?xml version="1.0" encoding="UTF-8"?>
<!-- Generated by org.testng.reporters.JUnitReportReporter -->
<testsuite skipped="0" hostname="LAPTOP-MLGRIG" name="tests.JavaScriptAlerts" tests="1" failures="0" timestamp="2021-06-23T04:55:54 EDT" time="0.413" errors="0">
  <testcase name="javaScriptAlertsTest" time="0.413" classname="tests.JavaScriptAlerts"/>
  <system-out/>
</testsuite> <!-- tests.JavaScriptAlerts -->
