<?xml version="1.0" encoding="UTF-8"?>
<!-- Generated by org.testng.reporters.JUnitReportReporter -->
<testsuite skipped="0" hostname="LAPTOP-MLGRIG" name="tests.FloatingMenu" tests="1" failures="0" timestamp="2021-06-23T02:42:44 EDT" time="0.246" errors="0">
  <testcase name="floatingMenuTest" time="0.246" classname="tests.FloatingMenu"/>
  <system-out/>
</testsuite> <!-- tests.FloatingMenu -->
