<?xml version="1.0" encoding="UTF-8"?>
<!-- Generated by org.testng.reporters.JUnitReportReporter -->
<testsuite skipped="0" hostname="DESKTOP-VQBVTFO" name="Tests" tests="1" failures="0" timestamp="2021-05-18T02:00:38 EDT" time="6.721" errors="0">
  <testcase name="DragAndDrop" time="6.721" classname="Tests"/>
  <system-out/>
</testsuite> <!-- Tests -->
