<?xml version="1.0" encoding="UTF-8"?>
<!-- Generated by org.testng.reporters.JUnitReportReporter -->
<testsuite hostname="Patrickniyibizi" failures="0" tests="1" name="test.LoginTest" time="6.088" errors="0" timestamp="2023-01-18T00:07:22 CST" skipped="0">
  <testcase classname="test.LoginTest" name="userShouldBeAbleToLogin" time="6.088"/>
  <system-out/>
</testsuite> <!-- test.LoginTest -->
