<?xml version="1.0" encoding="UTF-8"?>
<!-- Generated by org.testng.reporters.JUnitReportReporter -->
<testsuite hostname="Patrickniyibizi" failures="0" tests="1" name="filedownload.FileDownLoad" time="0.136" errors="0" timestamp="2023-01-13T10:21:43 CST" skipped="0">
  <testcase classname="filedownload.FileDownLoad" name="fileUpload" time="0.136"/>
  <system-out/>
</testsuite> <!-- filedownload.FileDownLoad -->
