<?xml version="1.0" encoding="UTF-8"?>
<!-- Generated by org.testng.reporters.JUnitReportReporter -->
<testsuite hostname="Patrickniyibizi" failures="0" tests="1" name="draganddrop.DragAndDrop" time="24.630" errors="0" timestamp="2023-01-12T20:44:40 CST" skipped="0">
  <testcase classname="draganddrop.DragAndDrop" name="dragAndDrop" time="24.630"/>
  <system-out/>
</testsuite> <!-- draganddrop.DragAndDrop -->
