<?xml version="1.0" encoding="UTF-8"?>
<!-- Generated by org.testng.reporters.JUnitReportReporter -->
<testsuite hostname="C02DQ1GSP3Y0.fios-router.home" failures="0" tests="2" name="com.automation.test.LoginTest" time="10.630" errors="0" timestamp="27 Apr 2021 15:35:35 GMT" skipped="0">
  <testcase classname="com.automation.test.LoginTest" name="loginSuccess" time="5.996"/>
  <testcase classname="com.automation.test.LoginTest" name="LoginFailure" time="4.634"/>
</testsuite> <!-- com.automation.test.LoginTest -->
