<?xml version="1.0" encoding="UTF-8"?>
<!-- Generated by org.testng.reporters.JUnitReportReporter -->
<testsuite hostname="C02DQ1GSP3Y0.fios-router.home" failures="0" tests="2" name="com.manmohan.TestNgSelenium.LoginTest" time="9.824" errors="0" timestamp="27 Apr 2021 02:38:59 GMT" skipped="0">
  <testcase classname="com.manmohan.TestNgSelenium.LoginTest" name="LoginFailure" time="4.610"/>
  <testcase classname="com.manmohan.TestNgSelenium.LoginTest" name="loginSuccess" time="5.214"/>
</testsuite> <!-- com.manmohan.TestNgSelenium.LoginTest -->
