<?xml version="1.0" encoding="UTF-8"?>
<!-- Generated by org.testng.reporters.JUnitReportReporter -->
<testsuite skipped="0" hostname="DESKTOP-3R6EUE5" name="testSet.TestCases" tests="1" failures="0" timestamp="2021-04-01T13:31:07 EDT" time="3.389" errors="0">
  <testcase name="login_secuence" time="3.389" classname="testSet.TestCases"/>
  <system-out/>
</testsuite> <!-- testSet.TestCases -->
