<?xml version="1.0" encoding="UTF-8"?>
<!-- Generated by org.testng.reporters.JUnitReportReporter -->
<testsuite hostname="Navpreet" failures="0" tests="1" name="navpreet.Tests.FileDownloadTest" time="4.400" errors="0" timestamp="2023-04-08T16:22:26 EDT" skipped="0">
  <testcase classname="navpreet.Tests.FileDownloadTest" name="File_Download_Test" time="4.400"/>
  <system-out/>
</testsuite> <!-- navpreet.Tests.FileDownloadTest -->
