<?xml version="1.0" encoding="UTF-8"?>
<!-- Generated by org.testng.reporters.JUnitReportReporter -->
<testsuite hostname="Navpreet" failures="0" tests="2" name="StandAloneTest" time="5.898" errors="0" timestamp="2023-04-04T14:56:54 EDT" skipped="0">
  <testcase classname="StandAloneTest" name="Login" time="3.681"/>
  <system-out/>
  <testcase classname="StandAloneTest" name="Login" time="2.217"/>
  <system-out/>
</testsuite> <!-- StandAloneTest -->
