<?xml version="1.0" encoding="UTF-8"?>
<!-- Generated by org.testng.reporters.JUnitReportReporter -->
<testsuite hostname="Navpreet" failures="0" tests="2" name="LoginTest" time="6.249" errors="0" timestamp="2023-04-04T16:28:39 EDT" skipped="0">
  <testcase classname="LoginTest" name="Login" time="3.948"/>
  <system-out/>
  <testcase classname="LoginTest" name="Login" time="2.301"/>
  <system-out/>
</testsuite> <!-- LoginTest -->
