<?xml version="1.0" encoding="UTF-8"?>
<!-- Generated by org.testng.reporters.JUnitReportReporter -->
<testsuite hostname="Navpreet" failures="0" tests="3" name="navpreet.Tests.JavaScriptAlertsTest" time="11.662" errors="0" timestamp="2023-04-08T16:22:26 EDT" skipped="0">
  <testcase classname="navpreet.Tests.JavaScriptAlertsTest" name="TestJsAlertButton" time="3.855"/>
  <system-out/>
  <testcase classname="navpreet.Tests.JavaScriptAlertsTest" name="TestJsConfirm" time="3.489"/>
  <system-out/>
  <testcase classname="navpreet.Tests.JavaScriptAlertsTest" name="TestJsPrompt" time="4.318"/>
  <system-out/>
</testsuite> <!-- navpreet.Tests.JavaScriptAlertsTest -->
