<?xml version="1.0" encoding="UTF-8"?>
<!-- Generated by org.testng.reporters.JUnitReportReporter -->
<testsuite hostname="Navpreet" failures="0" tests="1" name="navpreet.Tests.IFrameTest" time="9.869" errors="0" timestamp="2023-04-08T16:23:24 EDT" skipped="0">
  <testcase classname="navpreet.Tests.IFrameTest" name="switchAndCheckText" time="9.869"/>
  <system-out/>
</testsuite> <!-- navpreet.Tests.IFrameTest -->
