<?xml version="1.0" encoding="UTF-8"?>
<!-- Generated by org.testng.reporters.JUnitReportReporter -->
<testsuite hostname="Navpreet" failures="0" tests="4" name="navpreet.Tests.DynamicControlsTest" time="31.497" errors="0" timestamp="2023-04-08T22:01:05 EDT" skipped="0">
  <testcase classname="navpreet.Tests.DynamicControlsTest" name="Click_EnableButton" time="8.029"/>
  <system-out/>
  <testcase classname="navpreet.Tests.DynamicControlsTest" name="Click_DisableButton" time="8.552"/>
  <system-out/>
  <testcase classname="navpreet.Tests.DynamicControlsTest" name="Check_Checkbox_Gone" time="6.306"/>
  <system-out/>
  <testcase classname="navpreet.Tests.DynamicControlsTest" name="Check_CheckBox_Back" time="8.610"/>
  <system-out/>
</testsuite> <!-- navpreet.Tests.DynamicControlsTest -->
