<?xml version="1.0" encoding="UTF-8"?>
<!-- Generated by org.testng.reporters.JUnitReportReporter -->
<testsuite hostname="Navpreet" failures="0" tests="1" name="navpreet.Tests.NotificationMessageTest" time="8.254" errors="0" timestamp="2023-04-08T16:22:26 EDT" skipped="0">
  <testcase classname="navpreet.Tests.NotificationMessageTest" name="testNotificationMessage" time="8.254"/>
  <system-out/>
</testsuite> <!-- navpreet.Tests.NotificationMessageTest -->
