<?xml version="1.0" encoding="UTF-8"?>
<!-- Generated by org.testng.reporters.JUnitReportReporter -->
<testsuite hostname="Navpreet" failures="0" tests="1" name="navpreet.Tests.DragAndDropTest" time="4.112" errors="0" timestamp="2023-04-08T16:22:26 EDT" skipped="0">
  <testcase classname="navpreet.Tests.DragAndDropTest" name="DragAndDrop" time="4.112"/>
  <system-out/>
</testsuite> <!-- navpreet.Tests.DragAndDropTest -->
