<?xml version="1.0" encoding="UTF-8"?>
<!-- Generated by org.testng.reporters.JUnitReportReporter -->
<testsuite hostname="Navpreet" failures="0" tests="1" name="navpreet.Tests.CheckBoxTest" time="3.557" errors="0" timestamp="2023-04-09T00:50:59 EDT" skipped="0">
  <testcase classname="navpreet.Tests.CheckBoxTest" name="TestCheckboxes" time="3.557"/>
  <system-out/>
</testsuite> <!-- navpreet.Tests.CheckBoxTest -->
