<?xml version="1.0" encoding="UTF-8"?>
<!-- Generated by org.testng.reporters.JUnitReportReporter -->
<testsuite hostname="Navpreet" failures="0" tests="2" name="navpreet.Tests.LoginTest" time="10.713" errors="0" timestamp="2023-04-08T16:22:26 EDT" skipped="0">
  <testcase classname="navpreet.Tests.LoginTest" name="Login" time="5.221"/>
  <system-out/>
  <testcase classname="navpreet.Tests.LoginTest" name="Login" time="5.492"/>
  <system-out/>
</testsuite> <!-- navpreet.Tests.LoginTest -->
