<?xml version="1.0" encoding="UTF-8"?>
<!-- Generated by org.testng.reporters.JUnitReportReporter -->
<testsuite hostname="Navpreet" failures="0" tests="1" name="navpreet.Tests.DynamicLoadingTest" time="9.457" errors="0" timestamp="2023-04-08T16:22:26 EDT" skipped="0">
  <testcase classname="navpreet.Tests.DynamicLoadingTest" name="Test_Dynamic_Loading" time="9.457"/>
  <system-out/>
</testsuite> <!-- navpreet.Tests.DynamicLoadingTest -->
