<?xml version="1.0" encoding="UTF-8"?>
<!-- Generated by org.testng.reporters.JUnitReportReporter -->
<testsuite hostname="Ankurs-MacBook-Pro.local" failures="0" tests="1" name="CheckBoxes" time="8.135" errors="0" timestamp="2023-02-13T16:04:08 EST" skipped="0">
  <testcase classname="CheckBoxes" name="checkBoxTest" time="8.135"/>
  <system-out/>
</testsuite> <!-- CheckBoxes -->
