<?xml version="1.0" encoding="UTF-8"?>
<!-- Generated by org.testng.reporters.JUnitReportReporter -->
<testsuite hostname="Ankurs-MacBook-Pro.local" failures="0" tests="1" name="RightClick" time="7.844" errors="0" timestamp="2023-02-13T16:07:42 EST" skipped="0">
  <testcase classname="RightClick" name="rightClickTest" time="7.844"/>
  <system-out/>
</testsuite> <!-- RightClick -->
