<?xml version="1.0" encoding="UTF-8"?>
<!-- Generated by org.testng.reporters.JUnitReportReporter -->
<testsuite skipped="0" hostname="TubaK" name="test.ContextMenuTest" tests="1" failures="0" timestamp="24 Aug 2022 17:26:44 GMT" time="3.984" errors="0">
  <testcase name="rightClickContextMenu" time="3.984" classname="test.ContextMenuTest"/>
</testsuite> <!-- test.ContextMenuTest -->
