<?xml version="1.0" encoding="UTF-8"?>
<!-- Generated by org.testng.reporters.JUnitReportReporter -->
<testsuite skipped="0" hostname="TubaK" name="test.DragAndDropTest" tests="1" failures="0" timestamp="24 Aug 2022 17:26:44 GMT" time="3.659" errors="0">
  <testcase name="dragAndDrop" time="3.659" classname="test.DragAndDropTest"/>
</testsuite> <!-- test.DragAndDropTest -->
