<?xml version="1.0" encoding="UTF-8"?>
<!-- Generated by org.testng.reporters.JUnitReportReporter -->
<testsuite skipped="0" hostname="TubaK" name="test.UploadFileTest" tests="1" failures="0" timestamp="24 Aug 2022 17:26:44 GMT" time="2.919" errors="0">
  <testcase name="uploadFileCheck" time="2.919" classname="test.UploadFileTest"/>
</testsuite> <!-- test.UploadFileTest -->
