<?xml version="1.0" encoding="UTF-8"?>
<!-- Generated by org.testng.reporters.JUnitReportReporter -->
<testsuite skipped="0" hostname="TubaK" name="test.CheckAndUncheckBoxesTest" tests="1" failures="0" timestamp="24 Aug 2022 17:26:44 GMT" time="9.283" errors="0">
  <testcase name="checkAndUncheckBoxes" time="9.283" classname="test.CheckAndUncheckBoxesTest"/>
</testsuite> <!-- test.CheckAndUncheckBoxesTest -->
