<?xml version="1.0" encoding="UTF-8"?>
<!-- Generated by org.testng.reporters.JUnitReportReporter -->
<testsuite hostname="Ronz" failures="0" tests="1" name="testcases.FloatingMenuTest" time="0.318" errors="0" timestamp="2022-10-02T13:48:33 EDT" skipped="0">
  <testcase classname="testcases.FloatingMenuTest" name="Test" time="0.318"/>
  <system-out/>
</testsuite> <!-- testcases.FloatingMenuTest -->
