<?xml version="1.0" encoding="UTF-8"?>
<!-- Generated by org.testng.reporters.JUnitReportReporter -->
<testsuite hostname="Ronz" failures="0" tests="1" name="testcases.NewWindowTest" time="0.449" errors="0" timestamp="2022-10-02T00:01:13 EDT" skipped="0">
  <testcase classname="testcases.NewWindowTest" name="Test" time="0.449"/>
  <system-out/>
</testsuite> <!-- testcases.NewWindowTest -->
