<?xml version="1.0" encoding="UTF-8"?>
<!-- Generated by org.testng.reporters.JUnitReportReporter -->
<testsuite hostname="Ronz" failures="0" tests="1" name="testcases.FileUploadTest" time="2.459" errors="0" timestamp="2022-10-01T23:06:26 EDT" skipped="0">
  <testcase classname="testcases.FileUploadTest" name="Test" time="2.459"/>
  <system-out/>
</testsuite> <!-- testcases.FileUploadTest -->
