<?xml version="1.0" encoding="UTF-8"?>
<!-- Generated by org.testng.reporters.JUnitReportReporter -->
<testsuite hostname="Ronz" failures="0" tests="1" name="testcases.DragAndDropTest" time="2.881" errors="0" timestamp="2022-10-01T18:10:37 EDT" skipped="0">
  <testcase classname="testcases.DragAndDropTest" name="Test" time="2.881"/>
  <system-out/>
</testsuite> <!-- testcases.DragAndDropTest -->
