<?xml version="1.0" encoding="UTF-8"?>
<!-- Generated by org.testng.reporters.JUnitReportReporter -->
<testsuite hostname="Ronz" failures="0" tests="1" name="testcases.LoginPositiveTest" time="0.539" errors="0" timestamp="2022-10-01T16:29:10 EDT" skipped="0">
  <testcase classname="testcases.LoginPositiveTest" name="Test" time="0.539"/>
  <system-out/>
</testsuite> <!-- testcases.LoginPositiveTest -->
