<?xml version="1.0" encoding="UTF-8"?>
<!-- Generated by org.testng.reporters.JUnitReportReporter -->
<testsuite hostname="Ronz" failures="0" tests="1" name="testcases.IframeTest" time="1.468" errors="0" timestamp="2022-10-02T13:45:30 EDT" skipped="0">
  <testcase classname="testcases.IframeTest" name="Test" time="1.468"/>
  <system-out/>
</testsuite> <!-- testcases.IframeTest -->
