<?xml version="1.0" encoding="UTF-8"?>
<!-- Generated by org.testng.reporters.JUnitReportReporter -->
<testsuite hostname="Ronz" failures="0" tests="1" name="testcases.DynamicLoadTest" time="6.513" errors="0" timestamp="2022-10-02T13:43:54 EDT" skipped="0">
  <testcase classname="testcases.DynamicLoadTest" name="Test" time="6.513"/>
  <system-out/>
</testsuite> <!-- testcases.DynamicLoadTest -->
