<?xml version="1.0" encoding="UTF-8"?>
<!-- Generated by org.testng.reporters.JUnitReportReporter -->
<testsuite hostname="Ronz" failures="0" tests="1" name="webdriverTests.LoginPositiveTest" time="6.564" errors="0" timestamp="2022-10-01T02:42:48 EDT" skipped="0">
  <testcase classname="webdriverTests.LoginPositiveTest" name="Test" time="6.564"/>
  <system-out/>
</testsuite> <!-- webdriverTests.LoginPositiveTest -->
