<?xml version="1.0" encoding="UTF-8"?>
<!-- Generated by org.testng.reporters.JUnitReportReporter -->
<testsuite hostname="Ronz" failures="0" tests="1" name="testcases.JavaScriptErrorTest" time="0.167" errors="0" timestamp="2022-10-02T00:49:46 EDT" skipped="0">
  <testcase classname="testcases.JavaScriptErrorTest" name="JSAlertTest" time="0.167"/>
  <system-out/>
</testsuite> <!-- testcases.JavaScriptErrorTest -->
