<?xml version="1.0" encoding="UTF-8"?>
<!-- Generated by org.testng.reporters.JUnitReportReporter -->
<testsuite hostname="Ronz" failures="0" tests="1" name="testcases.NotificationMessageTest" time="5.034" errors="0" timestamp="2022-10-02T03:07:40 EDT" skipped="0">
  <testcase classname="testcases.NotificationMessageTest" name="Test" time="5.034"/>
  <system-out/>
</testsuite> <!-- testcases.NotificationMessageTest -->
