<?xml version="1.0" encoding="UTF-8"?>
<!-- Generated by org.testng.reporters.JUnitReportReporter -->
<testsuite hostname="Ronz" failures="0" tests="1" name="testcases.DynamicContentTest" time="2.398" errors="0" timestamp="2022-10-02T13:42:28 EDT" skipped="0">
  <testcase classname="testcases.DynamicContentTest" name="Test" time="2.398"/>
  <system-out/>
</testsuite> <!-- testcases.DynamicContentTest -->
