<?xml version="1.0" encoding="UTF-8"?>
<!-- Generated by org.testng.reporters.JUnitReportReporter -->
<testsuite hostname="Ronz" failures="0" tests="2" name="testDemoPackage.NewTest" time="0.005" errors="0" timestamp="2022-10-01T00:01:25 EDT" skipped="0">
  <testcase classname="testDemoPackage.NewTest" name="f" time="0.004"/>
  <system-out/>
  <testcase classname="testDemoPackage.NewTest" name="f1" time="0.001"/>
  <system-out/>
</testsuite> <!-- testDemoPackage.NewTest -->
