<?xml version="1.0" encoding="UTF-8"?>
<!-- Generated by org.testng.reporters.JUnitReportReporter -->
<testsuite hostname="Ronz" failures="0" tests="1" name="testcases.MouseHoverTest" time="3.744" errors="0" timestamp="2022-10-02T12:12:58 EDT" skipped="0">
  <testcase classname="testcases.MouseHoverTest" name="Test" time="3.744"/>
  <system-out/>
</testsuite> <!-- testcases.MouseHoverTest -->
