<?xml version="1.0" encoding="UTF-8"?>
<!-- Generated by org.testng.reporters.JUnitReportReporter -->
<testsuite hostname="Ronz" failures="0" tests="1" name="testcases.DropDownTest" time="6.470" errors="0" timestamp="2022-10-01T19:42:59 EDT" skipped="0">
  <testcase classname="testcases.DropDownTest" name="Test" time="6.470"/>
  <system-out/>
</testsuite> <!-- testcases.DropDownTest -->
