<?xml version="1.0" encoding="UTF-8"?>
<!-- Generated by org.testng.reporters.JUnitReportReporter -->
<testsuite hostname="Ronz" failures="0" tests="1" name="testcases.ContextMenuTest" time="2.440" errors="0" timestamp="2022-10-01T17:37:24 EDT" skipped="0">
  <testcase classname="testcases.ContextMenuTest" name="Test" time="2.440"/>
  <system-out/>
</testsuite> <!-- testcases.ContextMenuTest -->
