<?xml version="1.0" encoding="UTF-8"?>
<!-- Generated by org.testng.reporters.JUnitReportReporter -->
<testsuite hostname="Ronz" failures="0" tests="3" name="testcases.JavaScriptAlertTest" time="0.796" errors="0" timestamp="2022-10-02T00:23:05 EDT" skipped="0">
  <testcase classname="testcases.JavaScriptAlertTest" name="JSAlertTest" time="0.524"/>
  <system-out/>
  <testcase classname="testcases.JavaScriptAlertTest" name="JSConfirmTest" time="0.105"/>
  <system-out/>
  <testcase classname="testcases.JavaScriptAlertTest" name="JSPromptTest" time="0.167"/>
  <system-out/>
</testsuite> <!-- testcases.JavaScriptAlertTest -->
