<?xml version="1.0" encoding="UTF-8"?>
<!-- Generated by org.testng.reporters.JUnitReportReporter -->
<testsuite hostname="Ronz" failures="0" tests="1" name="testcases.DynamicControlsTest" time="12.953" errors="0" timestamp="2022-10-02T14:18:43 EDT" skipped="0">
  <testcase classname="testcases.DynamicControlsTest" name="Test" time="12.953"/>
  <system-out/>
</testsuite> <!-- testcases.DynamicControlsTest -->
