<?xml version="1.0" encoding="UTF-8"?>
<!-- Generated by org.testng.reporters.JUnitReportReporter -->
<testsuite skipped="3" hostname="DESKTOP-6GTAD26" name="take_home_webdriver_test.Webdriver_Tests.SampleTestNgTest" tests="4" failures="0" timestamp="2021-07-08T15:31:58 IST" time="29.957" errors="0">
  <testcase name="verifyContextMenu" time="29.957" classname="take_home_webdriver_test.Webdriver_Tests.SampleTestNgTest"/>
  <system-out/>
  <testcase name="verifyLoginPageHeading" classname="take_home_webdriver_test.Webdriver_Tests.SampleTestNgTest">
    <skipped/>
  </testcase> <!-- verifyLoginPageHeading -->
  <system-out/>
  <testcase name="verifyLogin" classname="take_home_webdriver_test.Webdriver_Tests.SampleTestNgTest">
    <skipped/>
  </testcase> <!-- verifyLogin -->
  <system-out/>
  <testcase name="verifyCheckBoxes" classname="take_home_webdriver_test.Webdriver_Tests.SampleTestNgTest">
    <skipped/>
  </testcase> <!-- verifyCheckBoxes -->
  <system-out/>
</testsuite> <!-- take_home_webdriver_test.Webdriver_Tests.SampleTestNgTest -->
